[2024-10-04T00:12:36.762+0000] {processor.py:186} INFO - Started process (PID=384) to work on /home/airflow/.local/lib/python3.12/site-packages/airflow/example_dags/example_external_task_marker_dag.py
[2024-10-04T00:12:36.763+0000] {processor.py:914} INFO - Processing file /home/airflow/.local/lib/python3.12/site-packages/airflow/example_dags/example_external_task_marker_dag.py for tasks to queue
[2024-10-04T00:12:36.766+0000] {logging_mixin.py:190} INFO - [2024-10-04T00:12:36.766+0000] {dagbag.py:588} INFO - Filling up the DagBag from /home/airflow/.local/lib/python3.12/site-packages/airflow/example_dags/example_external_task_marker_dag.py
[2024-10-04T00:12:36.775+0000] {processor.py:925} INFO - DAG(s) 'example_external_task_marker_child', 'example_external_task_marker_parent' retrieved from /home/airflow/.local/lib/python3.12/site-packages/airflow/example_dags/example_external_task_marker_dag.py
[2024-10-04T00:12:36.869+0000] {logging_mixin.py:190} INFO - [2024-10-04T00:12:36.868+0000] {override.py:1900} INFO - Created Permission View: can read on DAG:example_external_task_marker_child
[2024-10-04T00:12:36.876+0000] {logging_mixin.py:190} INFO - [2024-10-04T00:12:36.876+0000] {override.py:1900} INFO - Created Permission View: can delete on DAG:example_external_task_marker_child
[2024-10-04T00:12:36.881+0000] {logging_mixin.py:190} INFO - [2024-10-04T00:12:36.881+0000] {override.py:1900} INFO - Created Permission View: can edit on DAG:example_external_task_marker_child
[2024-10-04T00:12:36.886+0000] {logging_mixin.py:190} INFO - [2024-10-04T00:12:36.886+0000] {override.py:1900} INFO - Created Permission View: menu access on DAG Run:example_external_task_marker_child
[2024-10-04T00:12:36.890+0000] {logging_mixin.py:190} INFO - [2024-10-04T00:12:36.890+0000] {override.py:1900} INFO - Created Permission View: can read on DAG Run:example_external_task_marker_child
[2024-10-04T00:12:36.895+0000] {logging_mixin.py:190} INFO - [2024-10-04T00:12:36.895+0000] {override.py:1900} INFO - Created Permission View: can delete on DAG Run:example_external_task_marker_child
[2024-10-04T00:12:36.900+0000] {logging_mixin.py:190} INFO - [2024-10-04T00:12:36.900+0000] {override.py:1900} INFO - Created Permission View: can create on DAG Run:example_external_task_marker_child
[2024-10-04T00:12:36.908+0000] {logging_mixin.py:190} INFO - [2024-10-04T00:12:36.908+0000] {override.py:1900} INFO - Created Permission View: can read on DAG:example_external_task_marker_parent
[2024-10-04T00:12:36.913+0000] {logging_mixin.py:190} INFO - [2024-10-04T00:12:36.913+0000] {override.py:1900} INFO - Created Permission View: can delete on DAG:example_external_task_marker_parent
[2024-10-04T00:12:36.917+0000] {logging_mixin.py:190} INFO - [2024-10-04T00:12:36.917+0000] {override.py:1900} INFO - Created Permission View: can edit on DAG:example_external_task_marker_parent
[2024-10-04T00:12:36.921+0000] {logging_mixin.py:190} INFO - [2024-10-04T00:12:36.921+0000] {override.py:1900} INFO - Created Permission View: menu access on DAG Run:example_external_task_marker_parent
[2024-10-04T00:12:36.926+0000] {logging_mixin.py:190} INFO - [2024-10-04T00:12:36.926+0000] {override.py:1900} INFO - Created Permission View: can read on DAG Run:example_external_task_marker_parent
[2024-10-04T00:12:36.931+0000] {logging_mixin.py:190} INFO - [2024-10-04T00:12:36.931+0000] {override.py:1900} INFO - Created Permission View: can delete on DAG Run:example_external_task_marker_parent
[2024-10-04T00:12:36.936+0000] {logging_mixin.py:190} INFO - [2024-10-04T00:12:36.935+0000] {override.py:1900} INFO - Created Permission View: can create on DAG Run:example_external_task_marker_parent
[2024-10-04T00:12:36.936+0000] {logging_mixin.py:190} INFO - [2024-10-04T00:12:36.936+0000] {dag.py:3239} INFO - Sync 2 DAGs
[2024-10-04T00:12:36.949+0000] {logging_mixin.py:190} INFO - [2024-10-04T00:12:36.949+0000] {dag.py:3262} INFO - Creating ORM DAG for example_external_task_marker_parent
[2024-10-04T00:12:36.950+0000] {logging_mixin.py:190} INFO - [2024-10-04T00:12:36.950+0000] {dag.py:3262} INFO - Creating ORM DAG for example_external_task_marker_child
[2024-10-04T00:12:36.951+0000] {logging_mixin.py:190} INFO - [2024-10-04T00:12:36.951+0000] {dag.py:4180} INFO - Setting next_dagrun for example_external_task_marker_child to None, run_after=None
[2024-10-04T00:12:36.951+0000] {logging_mixin.py:190} INFO - [2024-10-04T00:12:36.951+0000] {dag.py:4180} INFO - Setting next_dagrun for example_external_task_marker_parent to None, run_after=None
[2024-10-04T00:12:36.966+0000] {processor.py:208} INFO - Processing /home/airflow/.local/lib/python3.12/site-packages/airflow/example_dags/example_external_task_marker_dag.py took 0.211 seconds
[2024-10-04T00:13:08.008+0000] {processor.py:186} INFO - Started process (PID=672) to work on /home/airflow/.local/lib/python3.12/site-packages/airflow/example_dags/example_external_task_marker_dag.py
[2024-10-04T00:13:08.009+0000] {processor.py:914} INFO - Processing file /home/airflow/.local/lib/python3.12/site-packages/airflow/example_dags/example_external_task_marker_dag.py for tasks to queue
[2024-10-04T00:13:08.014+0000] {logging_mixin.py:190} INFO - [2024-10-04T00:13:08.013+0000] {dagbag.py:588} INFO - Filling up the DagBag from /home/airflow/.local/lib/python3.12/site-packages/airflow/example_dags/example_external_task_marker_dag.py
[2024-10-04T00:13:08.023+0000] {processor.py:925} INFO - DAG(s) 'example_external_task_marker_parent', 'example_external_task_marker_child' retrieved from /home/airflow/.local/lib/python3.12/site-packages/airflow/example_dags/example_external_task_marker_dag.py
[2024-10-04T00:13:08.063+0000] {logging_mixin.py:190} INFO - [2024-10-04T00:13:08.062+0000] {dag.py:3239} INFO - Sync 2 DAGs
[2024-10-04T00:13:08.083+0000] {logging_mixin.py:190} INFO - [2024-10-04T00:13:08.082+0000] {dag.py:4180} INFO - Setting next_dagrun for example_external_task_marker_child to None, run_after=None
[2024-10-04T00:13:08.093+0000] {logging_mixin.py:190} INFO - [2024-10-04T00:13:08.092+0000] {dag.py:4180} INFO - Setting next_dagrun for example_external_task_marker_parent to None, run_after=None
[2024-10-04T00:13:08.129+0000] {processor.py:208} INFO - Processing /home/airflow/.local/lib/python3.12/site-packages/airflow/example_dags/example_external_task_marker_dag.py took 0.135 seconds
[2024-10-04T00:13:38.372+0000] {processor.py:186} INFO - Started process (PID=958) to work on /home/airflow/.local/lib/python3.12/site-packages/airflow/example_dags/example_external_task_marker_dag.py
[2024-10-04T00:13:38.374+0000] {processor.py:914} INFO - Processing file /home/airflow/.local/lib/python3.12/site-packages/airflow/example_dags/example_external_task_marker_dag.py for tasks to queue
[2024-10-04T00:13:38.376+0000] {logging_mixin.py:190} INFO - [2024-10-04T00:13:38.376+0000] {dagbag.py:588} INFO - Filling up the DagBag from /home/airflow/.local/lib/python3.12/site-packages/airflow/example_dags/example_external_task_marker_dag.py
[2024-10-04T00:13:38.383+0000] {processor.py:925} INFO - DAG(s) 'example_external_task_marker_child', 'example_external_task_marker_parent' retrieved from /home/airflow/.local/lib/python3.12/site-packages/airflow/example_dags/example_external_task_marker_dag.py
[2024-10-04T00:13:38.401+0000] {logging_mixin.py:190} INFO - [2024-10-04T00:13:38.401+0000] {dag.py:3239} INFO - Sync 2 DAGs
[2024-10-04T00:13:38.414+0000] {logging_mixin.py:190} INFO - [2024-10-04T00:13:38.413+0000] {dag.py:4180} INFO - Setting next_dagrun for example_external_task_marker_child to None, run_after=None
[2024-10-04T00:13:38.417+0000] {logging_mixin.py:190} INFO - [2024-10-04T00:13:38.416+0000] {dag.py:4180} INFO - Setting next_dagrun for example_external_task_marker_parent to None, run_after=None
[2024-10-04T00:13:38.427+0000] {processor.py:208} INFO - Processing /home/airflow/.local/lib/python3.12/site-packages/airflow/example_dags/example_external_task_marker_dag.py took 0.060 seconds
[2024-10-04T00:14:09.116+0000] {processor.py:186} INFO - Started process (PID=1244) to work on /home/airflow/.local/lib/python3.12/site-packages/airflow/example_dags/example_external_task_marker_dag.py
[2024-10-04T00:14:09.118+0000] {processor.py:914} INFO - Processing file /home/airflow/.local/lib/python3.12/site-packages/airflow/example_dags/example_external_task_marker_dag.py for tasks to queue
[2024-10-04T00:14:09.120+0000] {logging_mixin.py:190} INFO - [2024-10-04T00:14:09.120+0000] {dagbag.py:588} INFO - Filling up the DagBag from /home/airflow/.local/lib/python3.12/site-packages/airflow/example_dags/example_external_task_marker_dag.py
[2024-10-04T00:14:09.128+0000] {processor.py:925} INFO - DAG(s) 'example_external_task_marker_child', 'example_external_task_marker_parent' retrieved from /home/airflow/.local/lib/python3.12/site-packages/airflow/example_dags/example_external_task_marker_dag.py
[2024-10-04T00:14:09.158+0000] {logging_mixin.py:190} INFO - [2024-10-04T00:14:09.157+0000] {dag.py:3239} INFO - Sync 2 DAGs
[2024-10-04T00:14:09.173+0000] {logging_mixin.py:190} INFO - [2024-10-04T00:14:09.173+0000] {dag.py:4180} INFO - Setting next_dagrun for example_external_task_marker_child to None, run_after=None
[2024-10-04T00:14:09.178+0000] {logging_mixin.py:190} INFO - [2024-10-04T00:14:09.177+0000] {dag.py:4180} INFO - Setting next_dagrun for example_external_task_marker_parent to None, run_after=None
[2024-10-04T00:14:09.192+0000] {processor.py:208} INFO - Processing /home/airflow/.local/lib/python3.12/site-packages/airflow/example_dags/example_external_task_marker_dag.py took 0.082 seconds
[2024-10-04T00:14:39.547+0000] {processor.py:186} INFO - Started process (PID=1530) to work on /home/airflow/.local/lib/python3.12/site-packages/airflow/example_dags/example_external_task_marker_dag.py
[2024-10-04T00:14:39.549+0000] {processor.py:914} INFO - Processing file /home/airflow/.local/lib/python3.12/site-packages/airflow/example_dags/example_external_task_marker_dag.py for tasks to queue
[2024-10-04T00:14:39.551+0000] {logging_mixin.py:190} INFO - [2024-10-04T00:14:39.551+0000] {dagbag.py:588} INFO - Filling up the DagBag from /home/airflow/.local/lib/python3.12/site-packages/airflow/example_dags/example_external_task_marker_dag.py
[2024-10-04T00:14:39.557+0000] {processor.py:925} INFO - DAG(s) 'example_external_task_marker_child', 'example_external_task_marker_parent' retrieved from /home/airflow/.local/lib/python3.12/site-packages/airflow/example_dags/example_external_task_marker_dag.py
[2024-10-04T00:14:39.575+0000] {logging_mixin.py:190} INFO - [2024-10-04T00:14:39.575+0000] {dag.py:3239} INFO - Sync 2 DAGs
[2024-10-04T00:14:39.587+0000] {logging_mixin.py:190} INFO - [2024-10-04T00:14:39.586+0000] {dag.py:4180} INFO - Setting next_dagrun for example_external_task_marker_child to None, run_after=None
[2024-10-04T00:14:39.589+0000] {logging_mixin.py:190} INFO - [2024-10-04T00:14:39.589+0000] {dag.py:4180} INFO - Setting next_dagrun for example_external_task_marker_parent to None, run_after=None
[2024-10-04T00:14:39.600+0000] {processor.py:208} INFO - Processing /home/airflow/.local/lib/python3.12/site-packages/airflow/example_dags/example_external_task_marker_dag.py took 0.058 seconds
[2024-10-04T00:15:10.129+0000] {processor.py:186} INFO - Started process (PID=1816) to work on /home/airflow/.local/lib/python3.12/site-packages/airflow/example_dags/example_external_task_marker_dag.py
[2024-10-04T00:15:10.130+0000] {processor.py:914} INFO - Processing file /home/airflow/.local/lib/python3.12/site-packages/airflow/example_dags/example_external_task_marker_dag.py for tasks to queue
[2024-10-04T00:15:10.132+0000] {logging_mixin.py:190} INFO - [2024-10-04T00:15:10.132+0000] {dagbag.py:588} INFO - Filling up the DagBag from /home/airflow/.local/lib/python3.12/site-packages/airflow/example_dags/example_external_task_marker_dag.py
[2024-10-04T00:15:10.140+0000] {processor.py:925} INFO - DAG(s) 'example_external_task_marker_parent', 'example_external_task_marker_child' retrieved from /home/airflow/.local/lib/python3.12/site-packages/airflow/example_dags/example_external_task_marker_dag.py
[2024-10-04T00:15:10.163+0000] {logging_mixin.py:190} INFO - [2024-10-04T00:15:10.163+0000] {dag.py:3239} INFO - Sync 2 DAGs
[2024-10-04T00:15:10.179+0000] {logging_mixin.py:190} INFO - [2024-10-04T00:15:10.179+0000] {dag.py:4180} INFO - Setting next_dagrun for example_external_task_marker_child to None, run_after=None
[2024-10-04T00:15:10.182+0000] {logging_mixin.py:190} INFO - [2024-10-04T00:15:10.182+0000] {dag.py:4180} INFO - Setting next_dagrun for example_external_task_marker_parent to None, run_after=None
[2024-10-04T00:15:10.195+0000] {processor.py:208} INFO - Processing /home/airflow/.local/lib/python3.12/site-packages/airflow/example_dags/example_external_task_marker_dag.py took 0.071 seconds
[2024-10-04T00:15:41.127+0000] {processor.py:186} INFO - Started process (PID=2102) to work on /home/airflow/.local/lib/python3.12/site-packages/airflow/example_dags/example_external_task_marker_dag.py
[2024-10-04T00:15:41.129+0000] {processor.py:914} INFO - Processing file /home/airflow/.local/lib/python3.12/site-packages/airflow/example_dags/example_external_task_marker_dag.py for tasks to queue
[2024-10-04T00:15:41.131+0000] {logging_mixin.py:190} INFO - [2024-10-04T00:15:41.131+0000] {dagbag.py:588} INFO - Filling up the DagBag from /home/airflow/.local/lib/python3.12/site-packages/airflow/example_dags/example_external_task_marker_dag.py
[2024-10-04T00:15:41.138+0000] {processor.py:925} INFO - DAG(s) 'example_external_task_marker_parent', 'example_external_task_marker_child' retrieved from /home/airflow/.local/lib/python3.12/site-packages/airflow/example_dags/example_external_task_marker_dag.py
[2024-10-04T00:15:41.159+0000] {logging_mixin.py:190} INFO - [2024-10-04T00:15:41.159+0000] {dag.py:3239} INFO - Sync 2 DAGs
[2024-10-04T00:15:41.171+0000] {logging_mixin.py:190} INFO - [2024-10-04T00:15:41.171+0000] {dag.py:4180} INFO - Setting next_dagrun for example_external_task_marker_child to None, run_after=None
[2024-10-04T00:15:41.174+0000] {logging_mixin.py:190} INFO - [2024-10-04T00:15:41.174+0000] {dag.py:4180} INFO - Setting next_dagrun for example_external_task_marker_parent to None, run_after=None
[2024-10-04T00:15:41.186+0000] {processor.py:208} INFO - Processing /home/airflow/.local/lib/python3.12/site-packages/airflow/example_dags/example_external_task_marker_dag.py took 0.064 seconds
[2024-10-04T00:16:11.482+0000] {processor.py:186} INFO - Started process (PID=2388) to work on /home/airflow/.local/lib/python3.12/site-packages/airflow/example_dags/example_external_task_marker_dag.py
[2024-10-04T00:16:11.484+0000] {processor.py:914} INFO - Processing file /home/airflow/.local/lib/python3.12/site-packages/airflow/example_dags/example_external_task_marker_dag.py for tasks to queue
[2024-10-04T00:16:11.487+0000] {logging_mixin.py:190} INFO - [2024-10-04T00:16:11.487+0000] {dagbag.py:588} INFO - Filling up the DagBag from /home/airflow/.local/lib/python3.12/site-packages/airflow/example_dags/example_external_task_marker_dag.py
[2024-10-04T00:16:11.496+0000] {processor.py:925} INFO - DAG(s) 'example_external_task_marker_child', 'example_external_task_marker_parent' retrieved from /home/airflow/.local/lib/python3.12/site-packages/airflow/example_dags/example_external_task_marker_dag.py
[2024-10-04T00:16:11.522+0000] {logging_mixin.py:190} INFO - [2024-10-04T00:16:11.522+0000] {dag.py:3239} INFO - Sync 2 DAGs
[2024-10-04T00:16:11.537+0000] {logging_mixin.py:190} INFO - [2024-10-04T00:16:11.537+0000] {dag.py:4180} INFO - Setting next_dagrun for example_external_task_marker_child to None, run_after=None
[2024-10-04T00:16:11.541+0000] {logging_mixin.py:190} INFO - [2024-10-04T00:16:11.541+0000] {dag.py:4180} INFO - Setting next_dagrun for example_external_task_marker_parent to None, run_after=None
[2024-10-04T00:16:11.555+0000] {processor.py:208} INFO - Processing /home/airflow/.local/lib/python3.12/site-packages/airflow/example_dags/example_external_task_marker_dag.py took 0.085 seconds
[2024-10-04T00:16:42.128+0000] {processor.py:186} INFO - Started process (PID=2674) to work on /home/airflow/.local/lib/python3.12/site-packages/airflow/example_dags/example_external_task_marker_dag.py
[2024-10-04T00:16:42.129+0000] {processor.py:914} INFO - Processing file /home/airflow/.local/lib/python3.12/site-packages/airflow/example_dags/example_external_task_marker_dag.py for tasks to queue
[2024-10-04T00:16:42.132+0000] {logging_mixin.py:190} INFO - [2024-10-04T00:16:42.132+0000] {dagbag.py:588} INFO - Filling up the DagBag from /home/airflow/.local/lib/python3.12/site-packages/airflow/example_dags/example_external_task_marker_dag.py
[2024-10-04T00:16:42.139+0000] {processor.py:925} INFO - DAG(s) 'example_external_task_marker_child', 'example_external_task_marker_parent' retrieved from /home/airflow/.local/lib/python3.12/site-packages/airflow/example_dags/example_external_task_marker_dag.py
[2024-10-04T00:16:42.158+0000] {logging_mixin.py:190} INFO - [2024-10-04T00:16:42.158+0000] {dag.py:3239} INFO - Sync 2 DAGs
[2024-10-04T00:16:42.170+0000] {logging_mixin.py:190} INFO - [2024-10-04T00:16:42.170+0000] {dag.py:4180} INFO - Setting next_dagrun for example_external_task_marker_child to None, run_after=None
[2024-10-04T00:16:42.173+0000] {logging_mixin.py:190} INFO - [2024-10-04T00:16:42.173+0000] {dag.py:4180} INFO - Setting next_dagrun for example_external_task_marker_parent to None, run_after=None
[2024-10-04T00:16:42.185+0000] {processor.py:208} INFO - Processing /home/airflow/.local/lib/python3.12/site-packages/airflow/example_dags/example_external_task_marker_dag.py took 0.063 seconds
[2024-10-04T00:17:12.625+0000] {processor.py:186} INFO - Started process (PID=2966) to work on /home/airflow/.local/lib/python3.12/site-packages/airflow/example_dags/example_external_task_marker_dag.py
[2024-10-04T00:17:12.626+0000] {processor.py:914} INFO - Processing file /home/airflow/.local/lib/python3.12/site-packages/airflow/example_dags/example_external_task_marker_dag.py for tasks to queue
[2024-10-04T00:17:12.629+0000] {logging_mixin.py:190} INFO - [2024-10-04T00:17:12.628+0000] {dagbag.py:588} INFO - Filling up the DagBag from /home/airflow/.local/lib/python3.12/site-packages/airflow/example_dags/example_external_task_marker_dag.py
[2024-10-04T00:17:12.636+0000] {processor.py:925} INFO - DAG(s) 'example_external_task_marker_child', 'example_external_task_marker_parent' retrieved from /home/airflow/.local/lib/python3.12/site-packages/airflow/example_dags/example_external_task_marker_dag.py
[2024-10-04T00:17:12.672+0000] {logging_mixin.py:190} INFO - [2024-10-04T00:17:12.671+0000] {dag.py:3239} INFO - Sync 2 DAGs
[2024-10-04T00:17:12.701+0000] {logging_mixin.py:190} INFO - [2024-10-04T00:17:12.701+0000] {dag.py:4180} INFO - Setting next_dagrun for example_external_task_marker_child to None, run_after=None
[2024-10-04T00:17:12.707+0000] {logging_mixin.py:190} INFO - [2024-10-04T00:17:12.707+0000] {dag.py:4180} INFO - Setting next_dagrun for example_external_task_marker_parent to None, run_after=None
[2024-10-04T00:17:12.724+0000] {processor.py:208} INFO - Processing /home/airflow/.local/lib/python3.12/site-packages/airflow/example_dags/example_external_task_marker_dag.py took 0.105 seconds
[2024-10-04T00:17:43.223+0000] {processor.py:186} INFO - Started process (PID=3252) to work on /home/airflow/.local/lib/python3.12/site-packages/airflow/example_dags/example_external_task_marker_dag.py
[2024-10-04T00:17:43.225+0000] {processor.py:914} INFO - Processing file /home/airflow/.local/lib/python3.12/site-packages/airflow/example_dags/example_external_task_marker_dag.py for tasks to queue
[2024-10-04T00:17:43.230+0000] {logging_mixin.py:190} INFO - [2024-10-04T00:17:43.230+0000] {dagbag.py:588} INFO - Filling up the DagBag from /home/airflow/.local/lib/python3.12/site-packages/airflow/example_dags/example_external_task_marker_dag.py
[2024-10-04T00:17:43.244+0000] {processor.py:925} INFO - DAG(s) 'example_external_task_marker_child', 'example_external_task_marker_parent' retrieved from /home/airflow/.local/lib/python3.12/site-packages/airflow/example_dags/example_external_task_marker_dag.py
[2024-10-04T00:17:43.269+0000] {logging_mixin.py:190} INFO - [2024-10-04T00:17:43.269+0000] {dag.py:3239} INFO - Sync 2 DAGs
[2024-10-04T00:17:43.284+0000] {logging_mixin.py:190} INFO - [2024-10-04T00:17:43.284+0000] {dag.py:4180} INFO - Setting next_dagrun for example_external_task_marker_child to None, run_after=None
[2024-10-04T00:17:43.287+0000] {logging_mixin.py:190} INFO - [2024-10-04T00:17:43.287+0000] {dag.py:4180} INFO - Setting next_dagrun for example_external_task_marker_parent to None, run_after=None
[2024-10-04T00:17:43.300+0000] {processor.py:208} INFO - Processing /home/airflow/.local/lib/python3.12/site-packages/airflow/example_dags/example_external_task_marker_dag.py took 0.085 seconds
[2024-10-04T00:18:13.693+0000] {processor.py:186} INFO - Started process (PID=3536) to work on /home/airflow/.local/lib/python3.12/site-packages/airflow/example_dags/example_external_task_marker_dag.py
[2024-10-04T00:18:13.694+0000] {processor.py:914} INFO - Processing file /home/airflow/.local/lib/python3.12/site-packages/airflow/example_dags/example_external_task_marker_dag.py for tasks to queue
[2024-10-04T00:18:13.697+0000] {logging_mixin.py:190} INFO - [2024-10-04T00:18:13.697+0000] {dagbag.py:588} INFO - Filling up the DagBag from /home/airflow/.local/lib/python3.12/site-packages/airflow/example_dags/example_external_task_marker_dag.py
[2024-10-04T00:18:13.706+0000] {processor.py:925} INFO - DAG(s) 'example_external_task_marker_parent', 'example_external_task_marker_child' retrieved from /home/airflow/.local/lib/python3.12/site-packages/airflow/example_dags/example_external_task_marker_dag.py
[2024-10-04T00:18:13.725+0000] {logging_mixin.py:190} INFO - [2024-10-04T00:18:13.725+0000] {dag.py:3239} INFO - Sync 2 DAGs
[2024-10-04T00:18:13.737+0000] {logging_mixin.py:190} INFO - [2024-10-04T00:18:13.736+0000] {dag.py:4180} INFO - Setting next_dagrun for example_external_task_marker_child to None, run_after=None
[2024-10-04T00:18:13.740+0000] {logging_mixin.py:190} INFO - [2024-10-04T00:18:13.739+0000] {dag.py:4180} INFO - Setting next_dagrun for example_external_task_marker_parent to None, run_after=None
[2024-10-04T00:18:13.751+0000] {processor.py:208} INFO - Processing /home/airflow/.local/lib/python3.12/site-packages/airflow/example_dags/example_external_task_marker_dag.py took 0.066 seconds
[2024-10-04T00:18:44.498+0000] {processor.py:186} INFO - Started process (PID=3824) to work on /home/airflow/.local/lib/python3.12/site-packages/airflow/example_dags/example_external_task_marker_dag.py
[2024-10-04T00:18:44.500+0000] {processor.py:914} INFO - Processing file /home/airflow/.local/lib/python3.12/site-packages/airflow/example_dags/example_external_task_marker_dag.py for tasks to queue
[2024-10-04T00:18:44.502+0000] {logging_mixin.py:190} INFO - [2024-10-04T00:18:44.501+0000] {dagbag.py:588} INFO - Filling up the DagBag from /home/airflow/.local/lib/python3.12/site-packages/airflow/example_dags/example_external_task_marker_dag.py
[2024-10-04T00:18:44.509+0000] {processor.py:925} INFO - DAG(s) 'example_external_task_marker_child', 'example_external_task_marker_parent' retrieved from /home/airflow/.local/lib/python3.12/site-packages/airflow/example_dags/example_external_task_marker_dag.py
[2024-10-04T00:18:44.530+0000] {logging_mixin.py:190} INFO - [2024-10-04T00:18:44.530+0000] {dag.py:3239} INFO - Sync 2 DAGs
[2024-10-04T00:18:44.541+0000] {logging_mixin.py:190} INFO - [2024-10-04T00:18:44.541+0000] {dag.py:4180} INFO - Setting next_dagrun for example_external_task_marker_child to None, run_after=None
[2024-10-04T00:18:44.545+0000] {logging_mixin.py:190} INFO - [2024-10-04T00:18:44.544+0000] {dag.py:4180} INFO - Setting next_dagrun for example_external_task_marker_parent to None, run_after=None
[2024-10-04T00:18:44.558+0000] {processor.py:208} INFO - Processing /home/airflow/.local/lib/python3.12/site-packages/airflow/example_dags/example_external_task_marker_dag.py took 0.065 seconds
[2024-10-04T00:19:15.050+0000] {processor.py:186} INFO - Started process (PID=4108) to work on /home/airflow/.local/lib/python3.12/site-packages/airflow/example_dags/example_external_task_marker_dag.py
[2024-10-04T00:19:15.051+0000] {processor.py:914} INFO - Processing file /home/airflow/.local/lib/python3.12/site-packages/airflow/example_dags/example_external_task_marker_dag.py for tasks to queue
[2024-10-04T00:19:15.053+0000] {logging_mixin.py:190} INFO - [2024-10-04T00:19:15.052+0000] {dagbag.py:588} INFO - Filling up the DagBag from /home/airflow/.local/lib/python3.12/site-packages/airflow/example_dags/example_external_task_marker_dag.py
[2024-10-04T00:19:15.060+0000] {processor.py:925} INFO - DAG(s) 'example_external_task_marker_child', 'example_external_task_marker_parent' retrieved from /home/airflow/.local/lib/python3.12/site-packages/airflow/example_dags/example_external_task_marker_dag.py
[2024-10-04T00:19:15.078+0000] {logging_mixin.py:190} INFO - [2024-10-04T00:19:15.078+0000] {dag.py:3239} INFO - Sync 2 DAGs
[2024-10-04T00:19:15.090+0000] {logging_mixin.py:190} INFO - [2024-10-04T00:19:15.090+0000] {dag.py:4180} INFO - Setting next_dagrun for example_external_task_marker_child to None, run_after=None
[2024-10-04T00:19:15.093+0000] {logging_mixin.py:190} INFO - [2024-10-04T00:19:15.093+0000] {dag.py:4180} INFO - Setting next_dagrun for example_external_task_marker_parent to None, run_after=None
[2024-10-04T00:19:15.105+0000] {processor.py:208} INFO - Processing /home/airflow/.local/lib/python3.12/site-packages/airflow/example_dags/example_external_task_marker_dag.py took 0.061 seconds
[2024-10-04T00:19:45.364+0000] {processor.py:186} INFO - Started process (PID=4396) to work on /home/airflow/.local/lib/python3.12/site-packages/airflow/example_dags/example_external_task_marker_dag.py
[2024-10-04T00:19:45.365+0000] {processor.py:914} INFO - Processing file /home/airflow/.local/lib/python3.12/site-packages/airflow/example_dags/example_external_task_marker_dag.py for tasks to queue
[2024-10-04T00:19:45.367+0000] {logging_mixin.py:190} INFO - [2024-10-04T00:19:45.366+0000] {dagbag.py:588} INFO - Filling up the DagBag from /home/airflow/.local/lib/python3.12/site-packages/airflow/example_dags/example_external_task_marker_dag.py
[2024-10-04T00:19:45.374+0000] {processor.py:925} INFO - DAG(s) 'example_external_task_marker_child', 'example_external_task_marker_parent' retrieved from /home/airflow/.local/lib/python3.12/site-packages/airflow/example_dags/example_external_task_marker_dag.py
[2024-10-04T00:19:45.391+0000] {logging_mixin.py:190} INFO - [2024-10-04T00:19:45.391+0000] {dag.py:3239} INFO - Sync 2 DAGs
[2024-10-04T00:19:45.403+0000] {logging_mixin.py:190} INFO - [2024-10-04T00:19:45.403+0000] {dag.py:4180} INFO - Setting next_dagrun for example_external_task_marker_child to None, run_after=None
[2024-10-04T00:19:45.406+0000] {logging_mixin.py:190} INFO - [2024-10-04T00:19:45.406+0000] {dag.py:4180} INFO - Setting next_dagrun for example_external_task_marker_parent to None, run_after=None
[2024-10-04T00:19:45.416+0000] {processor.py:208} INFO - Processing /home/airflow/.local/lib/python3.12/site-packages/airflow/example_dags/example_external_task_marker_dag.py took 0.058 seconds
[2024-10-04T00:20:16.420+0000] {processor.py:186} INFO - Started process (PID=4680) to work on /home/airflow/.local/lib/python3.12/site-packages/airflow/example_dags/example_external_task_marker_dag.py
[2024-10-04T00:20:16.421+0000] {processor.py:914} INFO - Processing file /home/airflow/.local/lib/python3.12/site-packages/airflow/example_dags/example_external_task_marker_dag.py for tasks to queue
[2024-10-04T00:20:16.424+0000] {logging_mixin.py:190} INFO - [2024-10-04T00:20:16.423+0000] {dagbag.py:588} INFO - Filling up the DagBag from /home/airflow/.local/lib/python3.12/site-packages/airflow/example_dags/example_external_task_marker_dag.py
[2024-10-04T00:20:16.432+0000] {processor.py:925} INFO - DAG(s) 'example_external_task_marker_child', 'example_external_task_marker_parent' retrieved from /home/airflow/.local/lib/python3.12/site-packages/airflow/example_dags/example_external_task_marker_dag.py
[2024-10-04T00:20:16.453+0000] {logging_mixin.py:190} INFO - [2024-10-04T00:20:16.453+0000] {dag.py:3239} INFO - Sync 2 DAGs
[2024-10-04T00:20:16.468+0000] {logging_mixin.py:190} INFO - [2024-10-04T00:20:16.467+0000] {dag.py:4180} INFO - Setting next_dagrun for example_external_task_marker_child to None, run_after=None
[2024-10-04T00:20:16.471+0000] {logging_mixin.py:190} INFO - [2024-10-04T00:20:16.471+0000] {dag.py:4180} INFO - Setting next_dagrun for example_external_task_marker_parent to None, run_after=None
[2024-10-04T00:20:16.489+0000] {processor.py:208} INFO - Processing /home/airflow/.local/lib/python3.12/site-packages/airflow/example_dags/example_external_task_marker_dag.py took 0.076 seconds
[2024-10-04T00:20:46.641+0000] {processor.py:186} INFO - Started process (PID=4966) to work on /home/airflow/.local/lib/python3.12/site-packages/airflow/example_dags/example_external_task_marker_dag.py
[2024-10-04T00:20:46.642+0000] {processor.py:914} INFO - Processing file /home/airflow/.local/lib/python3.12/site-packages/airflow/example_dags/example_external_task_marker_dag.py for tasks to queue
[2024-10-04T00:20:46.644+0000] {logging_mixin.py:190} INFO - [2024-10-04T00:20:46.644+0000] {dagbag.py:588} INFO - Filling up the DagBag from /home/airflow/.local/lib/python3.12/site-packages/airflow/example_dags/example_external_task_marker_dag.py
[2024-10-04T00:20:46.651+0000] {processor.py:925} INFO - DAG(s) 'example_external_task_marker_parent', 'example_external_task_marker_child' retrieved from /home/airflow/.local/lib/python3.12/site-packages/airflow/example_dags/example_external_task_marker_dag.py
[2024-10-04T00:20:46.669+0000] {logging_mixin.py:190} INFO - [2024-10-04T00:20:46.669+0000] {dag.py:3239} INFO - Sync 2 DAGs
[2024-10-04T00:20:46.681+0000] {logging_mixin.py:190} INFO - [2024-10-04T00:20:46.681+0000] {dag.py:4180} INFO - Setting next_dagrun for example_external_task_marker_child to None, run_after=None
[2024-10-04T00:20:46.684+0000] {logging_mixin.py:190} INFO - [2024-10-04T00:20:46.684+0000] {dag.py:4180} INFO - Setting next_dagrun for example_external_task_marker_parent to None, run_after=None
[2024-10-04T00:20:46.696+0000] {processor.py:208} INFO - Processing /home/airflow/.local/lib/python3.12/site-packages/airflow/example_dags/example_external_task_marker_dag.py took 0.060 seconds
[2024-10-04T00:21:17.233+0000] {processor.py:186} INFO - Started process (PID=5254) to work on /home/airflow/.local/lib/python3.12/site-packages/airflow/example_dags/example_external_task_marker_dag.py
[2024-10-04T00:21:17.234+0000] {processor.py:914} INFO - Processing file /home/airflow/.local/lib/python3.12/site-packages/airflow/example_dags/example_external_task_marker_dag.py for tasks to queue
[2024-10-04T00:21:17.236+0000] {logging_mixin.py:190} INFO - [2024-10-04T00:21:17.236+0000] {dagbag.py:588} INFO - Filling up the DagBag from /home/airflow/.local/lib/python3.12/site-packages/airflow/example_dags/example_external_task_marker_dag.py
[2024-10-04T00:21:17.243+0000] {processor.py:925} INFO - DAG(s) 'example_external_task_marker_parent', 'example_external_task_marker_child' retrieved from /home/airflow/.local/lib/python3.12/site-packages/airflow/example_dags/example_external_task_marker_dag.py
[2024-10-04T00:21:17.260+0000] {logging_mixin.py:190} INFO - [2024-10-04T00:21:17.260+0000] {dag.py:3239} INFO - Sync 2 DAGs
[2024-10-04T00:21:17.272+0000] {logging_mixin.py:190} INFO - [2024-10-04T00:21:17.272+0000] {dag.py:4180} INFO - Setting next_dagrun for example_external_task_marker_child to None, run_after=None
[2024-10-04T00:21:17.275+0000] {logging_mixin.py:190} INFO - [2024-10-04T00:21:17.275+0000] {dag.py:4180} INFO - Setting next_dagrun for example_external_task_marker_parent to None, run_after=None
[2024-10-04T00:21:17.287+0000] {processor.py:208} INFO - Processing /home/airflow/.local/lib/python3.12/site-packages/airflow/example_dags/example_external_task_marker_dag.py took 0.059 seconds
[2024-10-04T00:21:47.573+0000] {processor.py:186} INFO - Started process (PID=5540) to work on /home/airflow/.local/lib/python3.12/site-packages/airflow/example_dags/example_external_task_marker_dag.py
[2024-10-04T00:21:47.574+0000] {processor.py:914} INFO - Processing file /home/airflow/.local/lib/python3.12/site-packages/airflow/example_dags/example_external_task_marker_dag.py for tasks to queue
[2024-10-04T00:21:47.576+0000] {logging_mixin.py:190} INFO - [2024-10-04T00:21:47.576+0000] {dagbag.py:588} INFO - Filling up the DagBag from /home/airflow/.local/lib/python3.12/site-packages/airflow/example_dags/example_external_task_marker_dag.py
[2024-10-04T00:21:47.583+0000] {processor.py:925} INFO - DAG(s) 'example_external_task_marker_child', 'example_external_task_marker_parent' retrieved from /home/airflow/.local/lib/python3.12/site-packages/airflow/example_dags/example_external_task_marker_dag.py
[2024-10-04T00:21:47.602+0000] {logging_mixin.py:190} INFO - [2024-10-04T00:21:47.601+0000] {dag.py:3239} INFO - Sync 2 DAGs
[2024-10-04T00:21:47.613+0000] {logging_mixin.py:190} INFO - [2024-10-04T00:21:47.612+0000] {dag.py:4180} INFO - Setting next_dagrun for example_external_task_marker_child to None, run_after=None
[2024-10-04T00:21:47.615+0000] {logging_mixin.py:190} INFO - [2024-10-04T00:21:47.615+0000] {dag.py:4180} INFO - Setting next_dagrun for example_external_task_marker_parent to None, run_after=None
[2024-10-04T00:21:47.626+0000] {processor.py:208} INFO - Processing /home/airflow/.local/lib/python3.12/site-packages/airflow/example_dags/example_external_task_marker_dag.py took 0.059 seconds
[2024-10-04T00:22:17.686+0000] {processor.py:186} INFO - Started process (PID=5824) to work on /home/airflow/.local/lib/python3.12/site-packages/airflow/example_dags/example_external_task_marker_dag.py
[2024-10-04T00:22:17.688+0000] {processor.py:914} INFO - Processing file /home/airflow/.local/lib/python3.12/site-packages/airflow/example_dags/example_external_task_marker_dag.py for tasks to queue
[2024-10-04T00:22:17.689+0000] {logging_mixin.py:190} INFO - [2024-10-04T00:22:17.689+0000] {dagbag.py:588} INFO - Filling up the DagBag from /home/airflow/.local/lib/python3.12/site-packages/airflow/example_dags/example_external_task_marker_dag.py
[2024-10-04T00:22:17.696+0000] {processor.py:925} INFO - DAG(s) 'example_external_task_marker_parent', 'example_external_task_marker_child' retrieved from /home/airflow/.local/lib/python3.12/site-packages/airflow/example_dags/example_external_task_marker_dag.py
[2024-10-04T00:22:17.714+0000] {logging_mixin.py:190} INFO - [2024-10-04T00:22:17.714+0000] {dag.py:3239} INFO - Sync 2 DAGs
[2024-10-04T00:22:17.726+0000] {logging_mixin.py:190} INFO - [2024-10-04T00:22:17.726+0000] {dag.py:4180} INFO - Setting next_dagrun for example_external_task_marker_child to None, run_after=None
[2024-10-04T00:22:17.729+0000] {logging_mixin.py:190} INFO - [2024-10-04T00:22:17.728+0000] {dag.py:4180} INFO - Setting next_dagrun for example_external_task_marker_parent to None, run_after=None
[2024-10-04T00:22:17.740+0000] {processor.py:208} INFO - Processing /home/airflow/.local/lib/python3.12/site-packages/airflow/example_dags/example_external_task_marker_dag.py took 0.059 seconds
[2024-10-04T00:22:53.374+0000] {processor.py:186} INFO - Started process (PID=6110) to work on /home/airflow/.local/lib/python3.12/site-packages/airflow/example_dags/example_external_task_marker_dag.py
[2024-10-04T00:22:53.377+0000] {processor.py:914} INFO - Processing file /home/airflow/.local/lib/python3.12/site-packages/airflow/example_dags/example_external_task_marker_dag.py for tasks to queue
[2024-10-04T00:22:53.381+0000] {logging_mixin.py:190} INFO - [2024-10-04T00:22:53.380+0000] {dagbag.py:588} INFO - Filling up the DagBag from /home/airflow/.local/lib/python3.12/site-packages/airflow/example_dags/example_external_task_marker_dag.py
[2024-10-04T00:22:53.398+0000] {processor.py:925} INFO - DAG(s) 'example_external_task_marker_parent', 'example_external_task_marker_child' retrieved from /home/airflow/.local/lib/python3.12/site-packages/airflow/example_dags/example_external_task_marker_dag.py
[2024-10-04T00:22:53.433+0000] {logging_mixin.py:190} INFO - [2024-10-04T00:22:53.433+0000] {dag.py:3239} INFO - Sync 2 DAGs
[2024-10-04T00:22:53.452+0000] {logging_mixin.py:190} INFO - [2024-10-04T00:22:53.451+0000] {dag.py:4180} INFO - Setting next_dagrun for example_external_task_marker_child to None, run_after=None
[2024-10-04T00:22:53.456+0000] {logging_mixin.py:190} INFO - [2024-10-04T00:22:53.456+0000] {dag.py:4180} INFO - Setting next_dagrun for example_external_task_marker_parent to None, run_after=None
[2024-10-04T00:22:53.474+0000] {processor.py:208} INFO - Processing /home/airflow/.local/lib/python3.12/site-packages/airflow/example_dags/example_external_task_marker_dag.py took 0.116 seconds
[2024-10-04T00:23:23.588+0000] {processor.py:186} INFO - Started process (PID=6398) to work on /home/airflow/.local/lib/python3.12/site-packages/airflow/example_dags/example_external_task_marker_dag.py
[2024-10-04T00:23:23.590+0000] {processor.py:914} INFO - Processing file /home/airflow/.local/lib/python3.12/site-packages/airflow/example_dags/example_external_task_marker_dag.py for tasks to queue
[2024-10-04T00:23:23.593+0000] {logging_mixin.py:190} INFO - [2024-10-04T00:23:23.592+0000] {dagbag.py:588} INFO - Filling up the DagBag from /home/airflow/.local/lib/python3.12/site-packages/airflow/example_dags/example_external_task_marker_dag.py
[2024-10-04T00:23:23.603+0000] {processor.py:925} INFO - DAG(s) 'example_external_task_marker_child', 'example_external_task_marker_parent' retrieved from /home/airflow/.local/lib/python3.12/site-packages/airflow/example_dags/example_external_task_marker_dag.py
[2024-10-04T00:23:23.621+0000] {logging_mixin.py:190} INFO - [2024-10-04T00:23:23.621+0000] {dag.py:3239} INFO - Sync 2 DAGs
[2024-10-04T00:23:23.632+0000] {logging_mixin.py:190} INFO - [2024-10-04T00:23:23.632+0000] {dag.py:4180} INFO - Setting next_dagrun for example_external_task_marker_child to None, run_after=None
[2024-10-04T00:23:23.635+0000] {logging_mixin.py:190} INFO - [2024-10-04T00:23:23.635+0000] {dag.py:4180} INFO - Setting next_dagrun for example_external_task_marker_parent to None, run_after=None
[2024-10-04T00:23:23.646+0000] {processor.py:208} INFO - Processing /home/airflow/.local/lib/python3.12/site-packages/airflow/example_dags/example_external_task_marker_dag.py took 0.063 seconds
[2024-10-04T00:23:53.731+0000] {processor.py:186} INFO - Started process (PID=6682) to work on /home/airflow/.local/lib/python3.12/site-packages/airflow/example_dags/example_external_task_marker_dag.py
[2024-10-04T00:23:53.732+0000] {processor.py:914} INFO - Processing file /home/airflow/.local/lib/python3.12/site-packages/airflow/example_dags/example_external_task_marker_dag.py for tasks to queue
[2024-10-04T00:23:53.734+0000] {logging_mixin.py:190} INFO - [2024-10-04T00:23:53.734+0000] {dagbag.py:588} INFO - Filling up the DagBag from /home/airflow/.local/lib/python3.12/site-packages/airflow/example_dags/example_external_task_marker_dag.py
[2024-10-04T00:23:53.742+0000] {processor.py:925} INFO - DAG(s) 'example_external_task_marker_child', 'example_external_task_marker_parent' retrieved from /home/airflow/.local/lib/python3.12/site-packages/airflow/example_dags/example_external_task_marker_dag.py
[2024-10-04T00:23:53.763+0000] {logging_mixin.py:190} INFO - [2024-10-04T00:23:53.763+0000] {dag.py:3239} INFO - Sync 2 DAGs
[2024-10-04T00:23:53.776+0000] {logging_mixin.py:190} INFO - [2024-10-04T00:23:53.775+0000] {dag.py:4180} INFO - Setting next_dagrun for example_external_task_marker_child to None, run_after=None
[2024-10-04T00:23:53.779+0000] {logging_mixin.py:190} INFO - [2024-10-04T00:23:53.779+0000] {dag.py:4180} INFO - Setting next_dagrun for example_external_task_marker_parent to None, run_after=None
[2024-10-04T00:23:53.793+0000] {processor.py:208} INFO - Processing /home/airflow/.local/lib/python3.12/site-packages/airflow/example_dags/example_external_task_marker_dag.py took 0.068 seconds
[2024-10-04T00:24:24.430+0000] {processor.py:186} INFO - Started process (PID=6968) to work on /home/airflow/.local/lib/python3.12/site-packages/airflow/example_dags/example_external_task_marker_dag.py
[2024-10-04T00:24:24.431+0000] {processor.py:914} INFO - Processing file /home/airflow/.local/lib/python3.12/site-packages/airflow/example_dags/example_external_task_marker_dag.py for tasks to queue
[2024-10-04T00:24:24.433+0000] {logging_mixin.py:190} INFO - [2024-10-04T00:24:24.433+0000] {dagbag.py:588} INFO - Filling up the DagBag from /home/airflow/.local/lib/python3.12/site-packages/airflow/example_dags/example_external_task_marker_dag.py
[2024-10-04T00:24:24.440+0000] {processor.py:925} INFO - DAG(s) 'example_external_task_marker_child', 'example_external_task_marker_parent' retrieved from /home/airflow/.local/lib/python3.12/site-packages/airflow/example_dags/example_external_task_marker_dag.py
[2024-10-04T00:24:24.459+0000] {logging_mixin.py:190} INFO - [2024-10-04T00:24:24.459+0000] {dag.py:3239} INFO - Sync 2 DAGs
[2024-10-04T00:24:24.470+0000] {logging_mixin.py:190} INFO - [2024-10-04T00:24:24.470+0000] {dag.py:4180} INFO - Setting next_dagrun for example_external_task_marker_child to None, run_after=None
[2024-10-04T00:24:24.473+0000] {logging_mixin.py:190} INFO - [2024-10-04T00:24:24.473+0000] {dag.py:4180} INFO - Setting next_dagrun for example_external_task_marker_parent to None, run_after=None
[2024-10-04T00:24:24.485+0000] {processor.py:208} INFO - Processing /home/airflow/.local/lib/python3.12/site-packages/airflow/example_dags/example_external_task_marker_dag.py took 0.062 seconds
[2024-10-04T00:24:55.052+0000] {processor.py:186} INFO - Started process (PID=7254) to work on /home/airflow/.local/lib/python3.12/site-packages/airflow/example_dags/example_external_task_marker_dag.py
[2024-10-04T00:24:55.054+0000] {processor.py:914} INFO - Processing file /home/airflow/.local/lib/python3.12/site-packages/airflow/example_dags/example_external_task_marker_dag.py for tasks to queue
[2024-10-04T00:24:55.056+0000] {logging_mixin.py:190} INFO - [2024-10-04T00:24:55.056+0000] {dagbag.py:588} INFO - Filling up the DagBag from /home/airflow/.local/lib/python3.12/site-packages/airflow/example_dags/example_external_task_marker_dag.py
[2024-10-04T00:24:55.067+0000] {processor.py:925} INFO - DAG(s) 'example_external_task_marker_child', 'example_external_task_marker_parent' retrieved from /home/airflow/.local/lib/python3.12/site-packages/airflow/example_dags/example_external_task_marker_dag.py
[2024-10-04T00:24:55.100+0000] {logging_mixin.py:190} INFO - [2024-10-04T00:24:55.100+0000] {dag.py:3239} INFO - Sync 2 DAGs
[2024-10-04T00:24:55.120+0000] {logging_mixin.py:190} INFO - [2024-10-04T00:24:55.120+0000] {dag.py:4180} INFO - Setting next_dagrun for example_external_task_marker_child to None, run_after=None
[2024-10-04T00:24:55.125+0000] {logging_mixin.py:190} INFO - [2024-10-04T00:24:55.124+0000] {dag.py:4180} INFO - Setting next_dagrun for example_external_task_marker_parent to None, run_after=None
[2024-10-04T00:24:55.140+0000] {processor.py:208} INFO - Processing /home/airflow/.local/lib/python3.12/site-packages/airflow/example_dags/example_external_task_marker_dag.py took 0.094 seconds
[2024-10-04T00:25:25.978+0000] {processor.py:186} INFO - Started process (PID=7542) to work on /home/airflow/.local/lib/python3.12/site-packages/airflow/example_dags/example_external_task_marker_dag.py
[2024-10-04T00:25:25.979+0000] {processor.py:914} INFO - Processing file /home/airflow/.local/lib/python3.12/site-packages/airflow/example_dags/example_external_task_marker_dag.py for tasks to queue
[2024-10-04T00:25:25.982+0000] {logging_mixin.py:190} INFO - [2024-10-04T00:25:25.982+0000] {dagbag.py:588} INFO - Filling up the DagBag from /home/airflow/.local/lib/python3.12/site-packages/airflow/example_dags/example_external_task_marker_dag.py
[2024-10-04T00:25:25.991+0000] {processor.py:925} INFO - DAG(s) 'example_external_task_marker_parent', 'example_external_task_marker_child' retrieved from /home/airflow/.local/lib/python3.12/site-packages/airflow/example_dags/example_external_task_marker_dag.py
[2024-10-04T00:25:26.014+0000] {logging_mixin.py:190} INFO - [2024-10-04T00:25:26.014+0000] {dag.py:3239} INFO - Sync 2 DAGs
[2024-10-04T00:25:26.027+0000] {logging_mixin.py:190} INFO - [2024-10-04T00:25:26.027+0000] {dag.py:4180} INFO - Setting next_dagrun for example_external_task_marker_child to None, run_after=None
[2024-10-04T00:25:26.031+0000] {logging_mixin.py:190} INFO - [2024-10-04T00:25:26.031+0000] {dag.py:4180} INFO - Setting next_dagrun for example_external_task_marker_parent to None, run_after=None
[2024-10-04T00:25:26.043+0000] {processor.py:208} INFO - Processing /home/airflow/.local/lib/python3.12/site-packages/airflow/example_dags/example_external_task_marker_dag.py took 0.073 seconds
[2024-10-04T00:25:56.570+0000] {processor.py:186} INFO - Started process (PID=7826) to work on /home/airflow/.local/lib/python3.12/site-packages/airflow/example_dags/example_external_task_marker_dag.py
[2024-10-04T00:25:56.571+0000] {processor.py:914} INFO - Processing file /home/airflow/.local/lib/python3.12/site-packages/airflow/example_dags/example_external_task_marker_dag.py for tasks to queue
[2024-10-04T00:25:56.574+0000] {logging_mixin.py:190} INFO - [2024-10-04T00:25:56.573+0000] {dagbag.py:588} INFO - Filling up the DagBag from /home/airflow/.local/lib/python3.12/site-packages/airflow/example_dags/example_external_task_marker_dag.py
[2024-10-04T00:25:56.582+0000] {processor.py:925} INFO - DAG(s) 'example_external_task_marker_child', 'example_external_task_marker_parent' retrieved from /home/airflow/.local/lib/python3.12/site-packages/airflow/example_dags/example_external_task_marker_dag.py
[2024-10-04T00:25:56.603+0000] {logging_mixin.py:190} INFO - [2024-10-04T00:25:56.603+0000] {dag.py:3239} INFO - Sync 2 DAGs
[2024-10-04T00:25:56.617+0000] {logging_mixin.py:190} INFO - [2024-10-04T00:25:56.617+0000] {dag.py:4180} INFO - Setting next_dagrun for example_external_task_marker_child to None, run_after=None
[2024-10-04T00:25:56.621+0000] {logging_mixin.py:190} INFO - [2024-10-04T00:25:56.620+0000] {dag.py:4180} INFO - Setting next_dagrun for example_external_task_marker_parent to None, run_after=None
[2024-10-04T00:25:56.634+0000] {processor.py:208} INFO - Processing /home/airflow/.local/lib/python3.12/site-packages/airflow/example_dags/example_external_task_marker_dag.py took 0.071 seconds
[2024-10-04T00:26:26.782+0000] {processor.py:186} INFO - Started process (PID=8112) to work on /home/airflow/.local/lib/python3.12/site-packages/airflow/example_dags/example_external_task_marker_dag.py
[2024-10-04T00:26:26.783+0000] {processor.py:914} INFO - Processing file /home/airflow/.local/lib/python3.12/site-packages/airflow/example_dags/example_external_task_marker_dag.py for tasks to queue
[2024-10-04T00:26:26.785+0000] {logging_mixin.py:190} INFO - [2024-10-04T00:26:26.785+0000] {dagbag.py:588} INFO - Filling up the DagBag from /home/airflow/.local/lib/python3.12/site-packages/airflow/example_dags/example_external_task_marker_dag.py
[2024-10-04T00:26:26.792+0000] {processor.py:925} INFO - DAG(s) 'example_external_task_marker_parent', 'example_external_task_marker_child' retrieved from /home/airflow/.local/lib/python3.12/site-packages/airflow/example_dags/example_external_task_marker_dag.py
[2024-10-04T00:26:26.810+0000] {logging_mixin.py:190} INFO - [2024-10-04T00:26:26.810+0000] {dag.py:3239} INFO - Sync 2 DAGs
[2024-10-04T00:26:26.822+0000] {logging_mixin.py:190} INFO - [2024-10-04T00:26:26.822+0000] {dag.py:4180} INFO - Setting next_dagrun for example_external_task_marker_child to None, run_after=None
[2024-10-04T00:26:26.825+0000] {logging_mixin.py:190} INFO - [2024-10-04T00:26:26.825+0000] {dag.py:4180} INFO - Setting next_dagrun for example_external_task_marker_parent to None, run_after=None
[2024-10-04T00:26:26.837+0000] {processor.py:208} INFO - Processing /home/airflow/.local/lib/python3.12/site-packages/airflow/example_dags/example_external_task_marker_dag.py took 0.061 seconds
[2024-10-04T00:26:57.054+0000] {processor.py:186} INFO - Started process (PID=8398) to work on /home/airflow/.local/lib/python3.12/site-packages/airflow/example_dags/example_external_task_marker_dag.py
[2024-10-04T00:26:57.055+0000] {processor.py:914} INFO - Processing file /home/airflow/.local/lib/python3.12/site-packages/airflow/example_dags/example_external_task_marker_dag.py for tasks to queue
[2024-10-04T00:26:57.057+0000] {logging_mixin.py:190} INFO - [2024-10-04T00:26:57.057+0000] {dagbag.py:588} INFO - Filling up the DagBag from /home/airflow/.local/lib/python3.12/site-packages/airflow/example_dags/example_external_task_marker_dag.py
[2024-10-04T00:26:57.064+0000] {processor.py:925} INFO - DAG(s) 'example_external_task_marker_parent', 'example_external_task_marker_child' retrieved from /home/airflow/.local/lib/python3.12/site-packages/airflow/example_dags/example_external_task_marker_dag.py
[2024-10-04T00:26:57.084+0000] {logging_mixin.py:190} INFO - [2024-10-04T00:26:57.084+0000] {dag.py:3239} INFO - Sync 2 DAGs
[2024-10-04T00:26:57.096+0000] {logging_mixin.py:190} INFO - [2024-10-04T00:26:57.096+0000] {dag.py:4180} INFO - Setting next_dagrun for example_external_task_marker_child to None, run_after=None
[2024-10-04T00:26:57.100+0000] {logging_mixin.py:190} INFO - [2024-10-04T00:26:57.099+0000] {dag.py:4180} INFO - Setting next_dagrun for example_external_task_marker_parent to None, run_after=None
[2024-10-04T00:26:57.112+0000] {processor.py:208} INFO - Processing /home/airflow/.local/lib/python3.12/site-packages/airflow/example_dags/example_external_task_marker_dag.py took 0.065 seconds
[2024-10-04T00:27:27.227+0000] {processor.py:186} INFO - Started process (PID=8684) to work on /home/airflow/.local/lib/python3.12/site-packages/airflow/example_dags/example_external_task_marker_dag.py
[2024-10-04T00:27:27.228+0000] {processor.py:914} INFO - Processing file /home/airflow/.local/lib/python3.12/site-packages/airflow/example_dags/example_external_task_marker_dag.py for tasks to queue
[2024-10-04T00:27:27.230+0000] {logging_mixin.py:190} INFO - [2024-10-04T00:27:27.230+0000] {dagbag.py:588} INFO - Filling up the DagBag from /home/airflow/.local/lib/python3.12/site-packages/airflow/example_dags/example_external_task_marker_dag.py
[2024-10-04T00:27:27.237+0000] {processor.py:925} INFO - DAG(s) 'example_external_task_marker_parent', 'example_external_task_marker_child' retrieved from /home/airflow/.local/lib/python3.12/site-packages/airflow/example_dags/example_external_task_marker_dag.py
[2024-10-04T00:27:27.256+0000] {logging_mixin.py:190} INFO - [2024-10-04T00:27:27.255+0000] {dag.py:3239} INFO - Sync 2 DAGs
[2024-10-04T00:27:27.268+0000] {logging_mixin.py:190} INFO - [2024-10-04T00:27:27.268+0000] {dag.py:4180} INFO - Setting next_dagrun for example_external_task_marker_child to None, run_after=None
[2024-10-04T00:27:27.272+0000] {logging_mixin.py:190} INFO - [2024-10-04T00:27:27.271+0000] {dag.py:4180} INFO - Setting next_dagrun for example_external_task_marker_parent to None, run_after=None
[2024-10-04T00:27:27.286+0000] {processor.py:208} INFO - Processing /home/airflow/.local/lib/python3.12/site-packages/airflow/example_dags/example_external_task_marker_dag.py took 0.064 seconds
[2024-10-04T00:27:57.836+0000] {processor.py:186} INFO - Started process (PID=8972) to work on /home/airflow/.local/lib/python3.12/site-packages/airflow/example_dags/example_external_task_marker_dag.py
[2024-10-04T00:27:57.838+0000] {processor.py:914} INFO - Processing file /home/airflow/.local/lib/python3.12/site-packages/airflow/example_dags/example_external_task_marker_dag.py for tasks to queue
[2024-10-04T00:27:57.840+0000] {logging_mixin.py:190} INFO - [2024-10-04T00:27:57.839+0000] {dagbag.py:588} INFO - Filling up the DagBag from /home/airflow/.local/lib/python3.12/site-packages/airflow/example_dags/example_external_task_marker_dag.py
[2024-10-04T00:27:57.847+0000] {processor.py:925} INFO - DAG(s) 'example_external_task_marker_child', 'example_external_task_marker_parent' retrieved from /home/airflow/.local/lib/python3.12/site-packages/airflow/example_dags/example_external_task_marker_dag.py
[2024-10-04T00:27:57.865+0000] {logging_mixin.py:190} INFO - [2024-10-04T00:27:57.865+0000] {dag.py:3239} INFO - Sync 2 DAGs
[2024-10-04T00:27:57.877+0000] {logging_mixin.py:190} INFO - [2024-10-04T00:27:57.876+0000] {dag.py:4180} INFO - Setting next_dagrun for example_external_task_marker_child to None, run_after=None
[2024-10-04T00:27:57.880+0000] {logging_mixin.py:190} INFO - [2024-10-04T00:27:57.879+0000] {dag.py:4180} INFO - Setting next_dagrun for example_external_task_marker_parent to None, run_after=None
[2024-10-04T00:27:57.891+0000] {processor.py:208} INFO - Processing /home/airflow/.local/lib/python3.12/site-packages/airflow/example_dags/example_external_task_marker_dag.py took 0.060 seconds
[2024-10-04T00:28:28.001+0000] {processor.py:186} INFO - Started process (PID=9256) to work on /home/airflow/.local/lib/python3.12/site-packages/airflow/example_dags/example_external_task_marker_dag.py
[2024-10-04T00:28:28.002+0000] {processor.py:914} INFO - Processing file /home/airflow/.local/lib/python3.12/site-packages/airflow/example_dags/example_external_task_marker_dag.py for tasks to queue
[2024-10-04T00:28:28.004+0000] {logging_mixin.py:190} INFO - [2024-10-04T00:28:28.004+0000] {dagbag.py:588} INFO - Filling up the DagBag from /home/airflow/.local/lib/python3.12/site-packages/airflow/example_dags/example_external_task_marker_dag.py
[2024-10-04T00:28:28.011+0000] {processor.py:925} INFO - DAG(s) 'example_external_task_marker_parent', 'example_external_task_marker_child' retrieved from /home/airflow/.local/lib/python3.12/site-packages/airflow/example_dags/example_external_task_marker_dag.py
[2024-10-04T00:28:28.029+0000] {logging_mixin.py:190} INFO - [2024-10-04T00:28:28.029+0000] {dag.py:3239} INFO - Sync 2 DAGs
[2024-10-04T00:28:28.041+0000] {logging_mixin.py:190} INFO - [2024-10-04T00:28:28.041+0000] {dag.py:4180} INFO - Setting next_dagrun for example_external_task_marker_child to None, run_after=None
[2024-10-04T00:28:28.044+0000] {logging_mixin.py:190} INFO - [2024-10-04T00:28:28.044+0000] {dag.py:4180} INFO - Setting next_dagrun for example_external_task_marker_parent to None, run_after=None
[2024-10-04T00:28:28.056+0000] {processor.py:208} INFO - Processing /home/airflow/.local/lib/python3.12/site-packages/airflow/example_dags/example_external_task_marker_dag.py took 0.060 seconds
