[2024-10-04T00:12:35.767+0000] {processor.py:186} INFO - Started process (PID=349) to work on /home/airflow/.local/lib/python3.12/site-packages/airflow/example_dags/example_workday_timetable.py
[2024-10-04T00:12:35.768+0000] {processor.py:914} INFO - Processing file /home/airflow/.local/lib/python3.12/site-packages/airflow/example_dags/example_workday_timetable.py for tasks to queue
[2024-10-04T00:12:35.770+0000] {logging_mixin.py:190} INFO - [2024-10-04T00:12:35.770+0000] {dagbag.py:588} INFO - Filling up the DagBag from /home/airflow/.local/lib/python3.12/site-packages/airflow/example_dags/example_workday_timetable.py
[2024-10-04T00:12:35.777+0000] {processor.py:925} INFO - DAG(s) 'example_workday_timetable' retrieved from /home/airflow/.local/lib/python3.12/site-packages/airflow/example_dags/example_workday_timetable.py
[2024-10-04T00:12:35.874+0000] {logging_mixin.py:190} INFO - [2024-10-04T00:12:35.873+0000] {override.py:1900} INFO - Created Permission View: can read on DAG:example_workday_timetable
[2024-10-04T00:12:35.883+0000] {logging_mixin.py:190} INFO - [2024-10-04T00:12:35.882+0000] {override.py:1900} INFO - Created Permission View: can delete on DAG:example_workday_timetable
[2024-10-04T00:12:35.888+0000] {logging_mixin.py:190} INFO - [2024-10-04T00:12:35.888+0000] {override.py:1900} INFO - Created Permission View: can edit on DAG:example_workday_timetable
[2024-10-04T00:12:35.893+0000] {logging_mixin.py:190} INFO - [2024-10-04T00:12:35.893+0000] {override.py:1900} INFO - Created Permission View: menu access on DAG Run:example_workday_timetable
[2024-10-04T00:12:35.899+0000] {logging_mixin.py:190} INFO - [2024-10-04T00:12:35.898+0000] {override.py:1900} INFO - Created Permission View: can read on DAG Run:example_workday_timetable
[2024-10-04T00:12:35.904+0000] {logging_mixin.py:190} INFO - [2024-10-04T00:12:35.904+0000] {override.py:1900} INFO - Created Permission View: can delete on DAG Run:example_workday_timetable
[2024-10-04T00:12:35.909+0000] {logging_mixin.py:190} INFO - [2024-10-04T00:12:35.909+0000] {override.py:1900} INFO - Created Permission View: can create on DAG Run:example_workday_timetable
[2024-10-04T00:12:35.910+0000] {logging_mixin.py:190} INFO - [2024-10-04T00:12:35.910+0000] {dag.py:3239} INFO - Sync 1 DAGs
[2024-10-04T00:12:35.921+0000] {logging_mixin.py:190} INFO - [2024-10-04T00:12:35.921+0000] {dag.py:3262} INFO - Creating ORM DAG for example_workday_timetable
[2024-10-04T00:12:35.975+0000] {logging_mixin.py:190} INFO - [2024-10-04T00:12:35.975+0000] {dag.py:4180} INFO - Setting next_dagrun for example_workday_timetable to 2021-01-04 00:00:00+00:00, run_after=2021-01-05 00:00:00+00:00
[2024-10-04T00:12:35.990+0000] {processor.py:208} INFO - Processing /home/airflow/.local/lib/python3.12/site-packages/airflow/example_dags/example_workday_timetable.py took 0.229 seconds
[2024-10-04T00:13:06.406+0000] {processor.py:186} INFO - Started process (PID=635) to work on /home/airflow/.local/lib/python3.12/site-packages/airflow/example_dags/example_workday_timetable.py
[2024-10-04T00:13:06.407+0000] {processor.py:914} INFO - Processing file /home/airflow/.local/lib/python3.12/site-packages/airflow/example_dags/example_workday_timetable.py for tasks to queue
[2024-10-04T00:13:06.410+0000] {logging_mixin.py:190} INFO - [2024-10-04T00:13:06.410+0000] {dagbag.py:588} INFO - Filling up the DagBag from /home/airflow/.local/lib/python3.12/site-packages/airflow/example_dags/example_workday_timetable.py
[2024-10-04T00:13:06.418+0000] {processor.py:925} INFO - DAG(s) 'example_workday_timetable' retrieved from /home/airflow/.local/lib/python3.12/site-packages/airflow/example_dags/example_workday_timetable.py
[2024-10-04T00:13:06.436+0000] {logging_mixin.py:190} INFO - [2024-10-04T00:13:06.436+0000] {dag.py:3239} INFO - Sync 1 DAGs
[2024-10-04T00:13:06.489+0000] {logging_mixin.py:190} INFO - [2024-10-04T00:13:06.489+0000] {dag.py:4180} INFO - Setting next_dagrun for example_workday_timetable to 2021-01-04 00:00:00+00:00, run_after=2021-01-05 00:00:00+00:00
[2024-10-04T00:13:06.509+0000] {processor.py:208} INFO - Processing /home/airflow/.local/lib/python3.12/site-packages/airflow/example_dags/example_workday_timetable.py took 0.110 seconds
[2024-10-04T00:13:37.004+0000] {processor.py:186} INFO - Started process (PID=921) to work on /home/airflow/.local/lib/python3.12/site-packages/airflow/example_dags/example_workday_timetable.py
[2024-10-04T00:13:37.005+0000] {processor.py:914} INFO - Processing file /home/airflow/.local/lib/python3.12/site-packages/airflow/example_dags/example_workday_timetable.py for tasks to queue
[2024-10-04T00:13:37.007+0000] {logging_mixin.py:190} INFO - [2024-10-04T00:13:37.007+0000] {dagbag.py:588} INFO - Filling up the DagBag from /home/airflow/.local/lib/python3.12/site-packages/airflow/example_dags/example_workday_timetable.py
[2024-10-04T00:13:37.012+0000] {processor.py:925} INFO - DAG(s) 'example_workday_timetable' retrieved from /home/airflow/.local/lib/python3.12/site-packages/airflow/example_dags/example_workday_timetable.py
[2024-10-04T00:13:37.027+0000] {logging_mixin.py:190} INFO - [2024-10-04T00:13:37.027+0000] {dag.py:3239} INFO - Sync 1 DAGs
[2024-10-04T00:13:37.076+0000] {logging_mixin.py:190} INFO - [2024-10-04T00:13:37.075+0000] {dag.py:4180} INFO - Setting next_dagrun for example_workday_timetable to 2021-01-04 00:00:00+00:00, run_after=2021-01-05 00:00:00+00:00
[2024-10-04T00:13:37.089+0000] {processor.py:208} INFO - Processing /home/airflow/.local/lib/python3.12/site-packages/airflow/example_dags/example_workday_timetable.py took 0.091 seconds
[2024-10-04T00:14:07.792+0000] {processor.py:186} INFO - Started process (PID=1209) to work on /home/airflow/.local/lib/python3.12/site-packages/airflow/example_dags/example_workday_timetable.py
[2024-10-04T00:14:07.793+0000] {processor.py:914} INFO - Processing file /home/airflow/.local/lib/python3.12/site-packages/airflow/example_dags/example_workday_timetable.py for tasks to queue
[2024-10-04T00:14:07.795+0000] {logging_mixin.py:190} INFO - [2024-10-04T00:14:07.795+0000] {dagbag.py:588} INFO - Filling up the DagBag from /home/airflow/.local/lib/python3.12/site-packages/airflow/example_dags/example_workday_timetable.py
[2024-10-04T00:14:07.800+0000] {processor.py:925} INFO - DAG(s) 'example_workday_timetable' retrieved from /home/airflow/.local/lib/python3.12/site-packages/airflow/example_dags/example_workday_timetable.py
[2024-10-04T00:14:07.816+0000] {logging_mixin.py:190} INFO - [2024-10-04T00:14:07.816+0000] {dag.py:3239} INFO - Sync 1 DAGs
[2024-10-04T00:14:07.866+0000] {logging_mixin.py:190} INFO - [2024-10-04T00:14:07.866+0000] {dag.py:4180} INFO - Setting next_dagrun for example_workday_timetable to 2021-01-04 00:00:00+00:00, run_after=2021-01-05 00:00:00+00:00
[2024-10-04T00:14:07.879+0000] {processor.py:208} INFO - Processing /home/airflow/.local/lib/python3.12/site-packages/airflow/example_dags/example_workday_timetable.py took 0.093 seconds
[2024-10-04T00:14:38.246+0000] {processor.py:186} INFO - Started process (PID=1495) to work on /home/airflow/.local/lib/python3.12/site-packages/airflow/example_dags/example_workday_timetable.py
[2024-10-04T00:14:38.247+0000] {processor.py:914} INFO - Processing file /home/airflow/.local/lib/python3.12/site-packages/airflow/example_dags/example_workday_timetable.py for tasks to queue
[2024-10-04T00:14:38.250+0000] {logging_mixin.py:190} INFO - [2024-10-04T00:14:38.249+0000] {dagbag.py:588} INFO - Filling up the DagBag from /home/airflow/.local/lib/python3.12/site-packages/airflow/example_dags/example_workday_timetable.py
[2024-10-04T00:14:38.255+0000] {processor.py:925} INFO - DAG(s) 'example_workday_timetable' retrieved from /home/airflow/.local/lib/python3.12/site-packages/airflow/example_dags/example_workday_timetable.py
[2024-10-04T00:14:38.270+0000] {logging_mixin.py:190} INFO - [2024-10-04T00:14:38.270+0000] {dag.py:3239} INFO - Sync 1 DAGs
[2024-10-04T00:14:38.319+0000] {logging_mixin.py:190} INFO - [2024-10-04T00:14:38.319+0000] {dag.py:4180} INFO - Setting next_dagrun for example_workday_timetable to 2021-01-04 00:00:00+00:00, run_after=2021-01-05 00:00:00+00:00
[2024-10-04T00:14:38.332+0000] {processor.py:208} INFO - Processing /home/airflow/.local/lib/python3.12/site-packages/airflow/example_dags/example_workday_timetable.py took 0.091 seconds
[2024-10-04T00:15:08.743+0000] {processor.py:186} INFO - Started process (PID=1781) to work on /home/airflow/.local/lib/python3.12/site-packages/airflow/example_dags/example_workday_timetable.py
[2024-10-04T00:15:08.744+0000] {processor.py:914} INFO - Processing file /home/airflow/.local/lib/python3.12/site-packages/airflow/example_dags/example_workday_timetable.py for tasks to queue
[2024-10-04T00:15:08.746+0000] {logging_mixin.py:190} INFO - [2024-10-04T00:15:08.746+0000] {dagbag.py:588} INFO - Filling up the DagBag from /home/airflow/.local/lib/python3.12/site-packages/airflow/example_dags/example_workday_timetable.py
[2024-10-04T00:15:08.751+0000] {processor.py:925} INFO - DAG(s) 'example_workday_timetable' retrieved from /home/airflow/.local/lib/python3.12/site-packages/airflow/example_dags/example_workday_timetable.py
[2024-10-04T00:15:08.768+0000] {logging_mixin.py:190} INFO - [2024-10-04T00:15:08.768+0000] {dag.py:3239} INFO - Sync 1 DAGs
[2024-10-04T00:15:08.818+0000] {logging_mixin.py:190} INFO - [2024-10-04T00:15:08.818+0000] {dag.py:4180} INFO - Setting next_dagrun for example_workday_timetable to 2021-01-04 00:00:00+00:00, run_after=2021-01-05 00:00:00+00:00
[2024-10-04T00:15:08.831+0000] {processor.py:208} INFO - Processing /home/airflow/.local/lib/python3.12/site-packages/airflow/example_dags/example_workday_timetable.py took 0.093 seconds
[2024-10-04T00:15:39.753+0000] {processor.py:186} INFO - Started process (PID=2067) to work on /home/airflow/.local/lib/python3.12/site-packages/airflow/example_dags/example_workday_timetable.py
[2024-10-04T00:15:39.755+0000] {processor.py:914} INFO - Processing file /home/airflow/.local/lib/python3.12/site-packages/airflow/example_dags/example_workday_timetable.py for tasks to queue
[2024-10-04T00:15:39.758+0000] {logging_mixin.py:190} INFO - [2024-10-04T00:15:39.758+0000] {dagbag.py:588} INFO - Filling up the DagBag from /home/airflow/.local/lib/python3.12/site-packages/airflow/example_dags/example_workday_timetable.py
[2024-10-04T00:15:39.766+0000] {processor.py:925} INFO - DAG(s) 'example_workday_timetable' retrieved from /home/airflow/.local/lib/python3.12/site-packages/airflow/example_dags/example_workday_timetable.py
[2024-10-04T00:15:39.794+0000] {logging_mixin.py:190} INFO - [2024-10-04T00:15:39.794+0000] {dag.py:3239} INFO - Sync 1 DAGs
[2024-10-04T00:15:39.861+0000] {logging_mixin.py:190} INFO - [2024-10-04T00:15:39.861+0000] {dag.py:4180} INFO - Setting next_dagrun for example_workday_timetable to 2021-01-04 00:00:00+00:00, run_after=2021-01-05 00:00:00+00:00
[2024-10-04T00:15:39.878+0000] {processor.py:208} INFO - Processing /home/airflow/.local/lib/python3.12/site-packages/airflow/example_dags/example_workday_timetable.py took 0.133 seconds
[2024-10-04T00:16:10.107+0000] {processor.py:186} INFO - Started process (PID=2353) to work on /home/airflow/.local/lib/python3.12/site-packages/airflow/example_dags/example_workday_timetable.py
[2024-10-04T00:16:10.108+0000] {processor.py:914} INFO - Processing file /home/airflow/.local/lib/python3.12/site-packages/airflow/example_dags/example_workday_timetable.py for tasks to queue
[2024-10-04T00:16:10.111+0000] {logging_mixin.py:190} INFO - [2024-10-04T00:16:10.111+0000] {dagbag.py:588} INFO - Filling up the DagBag from /home/airflow/.local/lib/python3.12/site-packages/airflow/example_dags/example_workday_timetable.py
[2024-10-04T00:16:10.118+0000] {processor.py:925} INFO - DAG(s) 'example_workday_timetable' retrieved from /home/airflow/.local/lib/python3.12/site-packages/airflow/example_dags/example_workday_timetable.py
[2024-10-04T00:16:10.139+0000] {logging_mixin.py:190} INFO - [2024-10-04T00:16:10.139+0000] {dag.py:3239} INFO - Sync 1 DAGs
[2024-10-04T00:16:10.197+0000] {logging_mixin.py:190} INFO - [2024-10-04T00:16:10.197+0000] {dag.py:4180} INFO - Setting next_dagrun for example_workday_timetable to 2021-01-04 00:00:00+00:00, run_after=2021-01-05 00:00:00+00:00
[2024-10-04T00:16:10.213+0000] {processor.py:208} INFO - Processing /home/airflow/.local/lib/python3.12/site-packages/airflow/example_dags/example_workday_timetable.py took 0.112 seconds
[2024-10-04T00:16:40.821+0000] {processor.py:186} INFO - Started process (PID=2639) to work on /home/airflow/.local/lib/python3.12/site-packages/airflow/example_dags/example_workday_timetable.py
[2024-10-04T00:16:40.822+0000] {processor.py:914} INFO - Processing file /home/airflow/.local/lib/python3.12/site-packages/airflow/example_dags/example_workday_timetable.py for tasks to queue
[2024-10-04T00:16:40.824+0000] {logging_mixin.py:190} INFO - [2024-10-04T00:16:40.824+0000] {dagbag.py:588} INFO - Filling up the DagBag from /home/airflow/.local/lib/python3.12/site-packages/airflow/example_dags/example_workday_timetable.py
[2024-10-04T00:16:40.830+0000] {processor.py:925} INFO - DAG(s) 'example_workday_timetable' retrieved from /home/airflow/.local/lib/python3.12/site-packages/airflow/example_dags/example_workday_timetable.py
[2024-10-04T00:16:40.846+0000] {logging_mixin.py:190} INFO - [2024-10-04T00:16:40.845+0000] {dag.py:3239} INFO - Sync 1 DAGs
[2024-10-04T00:16:40.904+0000] {logging_mixin.py:190} INFO - [2024-10-04T00:16:40.904+0000] {dag.py:4180} INFO - Setting next_dagrun for example_workday_timetable to 2021-01-04 00:00:00+00:00, run_after=2021-01-05 00:00:00+00:00
[2024-10-04T00:16:40.918+0000] {processor.py:208} INFO - Processing /home/airflow/.local/lib/python3.12/site-packages/airflow/example_dags/example_workday_timetable.py took 0.102 seconds
[2024-10-04T00:17:11.120+0000] {processor.py:186} INFO - Started process (PID=2923) to work on /home/airflow/.local/lib/python3.12/site-packages/airflow/example_dags/example_workday_timetable.py
[2024-10-04T00:17:11.121+0000] {processor.py:914} INFO - Processing file /home/airflow/.local/lib/python3.12/site-packages/airflow/example_dags/example_workday_timetable.py for tasks to queue
[2024-10-04T00:17:11.124+0000] {logging_mixin.py:190} INFO - [2024-10-04T00:17:11.123+0000] {dagbag.py:588} INFO - Filling up the DagBag from /home/airflow/.local/lib/python3.12/site-packages/airflow/example_dags/example_workday_timetable.py
[2024-10-04T00:17:11.130+0000] {processor.py:925} INFO - DAG(s) 'example_workday_timetable' retrieved from /home/airflow/.local/lib/python3.12/site-packages/airflow/example_dags/example_workday_timetable.py
[2024-10-04T00:17:11.154+0000] {logging_mixin.py:190} INFO - [2024-10-04T00:17:11.154+0000] {dag.py:3239} INFO - Sync 1 DAGs
[2024-10-04T00:17:11.234+0000] {logging_mixin.py:190} INFO - [2024-10-04T00:17:11.233+0000] {dag.py:4180} INFO - Setting next_dagrun for example_workday_timetable to 2021-01-04 00:00:00+00:00, run_after=2021-01-05 00:00:00+00:00
[2024-10-04T00:17:11.254+0000] {processor.py:208} INFO - Processing /home/airflow/.local/lib/python3.12/site-packages/airflow/example_dags/example_workday_timetable.py took 0.141 seconds
[2024-10-04T00:17:42.468+0000] {processor.py:186} INFO - Started process (PID=3211) to work on /home/airflow/.local/lib/python3.12/site-packages/airflow/example_dags/example_workday_timetable.py
[2024-10-04T00:17:42.470+0000] {processor.py:914} INFO - Processing file /home/airflow/.local/lib/python3.12/site-packages/airflow/example_dags/example_workday_timetable.py for tasks to queue
[2024-10-04T00:17:42.474+0000] {logging_mixin.py:190} INFO - [2024-10-04T00:17:42.474+0000] {dagbag.py:588} INFO - Filling up the DagBag from /home/airflow/.local/lib/python3.12/site-packages/airflow/example_dags/example_workday_timetable.py
[2024-10-04T00:17:42.484+0000] {processor.py:925} INFO - DAG(s) 'example_workday_timetable' retrieved from /home/airflow/.local/lib/python3.12/site-packages/airflow/example_dags/example_workday_timetable.py
[2024-10-04T00:17:42.516+0000] {logging_mixin.py:190} INFO - [2024-10-04T00:17:42.515+0000] {dag.py:3239} INFO - Sync 1 DAGs
[2024-10-04T00:17:42.618+0000] {logging_mixin.py:190} INFO - [2024-10-04T00:17:42.618+0000] {dag.py:4180} INFO - Setting next_dagrun for example_workday_timetable to 2021-01-04 00:00:00+00:00, run_after=2021-01-05 00:00:00+00:00
[2024-10-04T00:17:42.648+0000] {processor.py:208} INFO - Processing /home/airflow/.local/lib/python3.12/site-packages/airflow/example_dags/example_workday_timetable.py took 0.191 seconds
[2024-10-04T00:18:13.279+0000] {processor.py:186} INFO - Started process (PID=3501) to work on /home/airflow/.local/lib/python3.12/site-packages/airflow/example_dags/example_workday_timetable.py
[2024-10-04T00:18:13.280+0000] {processor.py:914} INFO - Processing file /home/airflow/.local/lib/python3.12/site-packages/airflow/example_dags/example_workday_timetable.py for tasks to queue
[2024-10-04T00:18:13.283+0000] {logging_mixin.py:190} INFO - [2024-10-04T00:18:13.283+0000] {dagbag.py:588} INFO - Filling up the DagBag from /home/airflow/.local/lib/python3.12/site-packages/airflow/example_dags/example_workday_timetable.py
[2024-10-04T00:18:13.290+0000] {processor.py:925} INFO - DAG(s) 'example_workday_timetable' retrieved from /home/airflow/.local/lib/python3.12/site-packages/airflow/example_dags/example_workday_timetable.py
[2024-10-04T00:18:13.315+0000] {logging_mixin.py:190} INFO - [2024-10-04T00:18:13.314+0000] {dag.py:3239} INFO - Sync 1 DAGs
[2024-10-04T00:18:13.377+0000] {logging_mixin.py:190} INFO - [2024-10-04T00:18:13.377+0000] {dag.py:4180} INFO - Setting next_dagrun for example_workday_timetable to 2021-01-04 00:00:00+00:00, run_after=2021-01-05 00:00:00+00:00
[2024-10-04T00:18:13.390+0000] {processor.py:208} INFO - Processing /home/airflow/.local/lib/python3.12/site-packages/airflow/example_dags/example_workday_timetable.py took 0.121 seconds
[2024-10-04T00:18:43.996+0000] {processor.py:186} INFO - Started process (PID=3787) to work on /home/airflow/.local/lib/python3.12/site-packages/airflow/example_dags/example_workday_timetable.py
[2024-10-04T00:18:43.997+0000] {processor.py:914} INFO - Processing file /home/airflow/.local/lib/python3.12/site-packages/airflow/example_dags/example_workday_timetable.py for tasks to queue
[2024-10-04T00:18:44.000+0000] {logging_mixin.py:190} INFO - [2024-10-04T00:18:43.999+0000] {dagbag.py:588} INFO - Filling up the DagBag from /home/airflow/.local/lib/python3.12/site-packages/airflow/example_dags/example_workday_timetable.py
[2024-10-04T00:18:44.006+0000] {processor.py:925} INFO - DAG(s) 'example_workday_timetable' retrieved from /home/airflow/.local/lib/python3.12/site-packages/airflow/example_dags/example_workday_timetable.py
[2024-10-04T00:18:44.030+0000] {logging_mixin.py:190} INFO - [2024-10-04T00:18:44.029+0000] {dag.py:3239} INFO - Sync 1 DAGs
[2024-10-04T00:18:44.098+0000] {logging_mixin.py:190} INFO - [2024-10-04T00:18:44.097+0000] {dag.py:4180} INFO - Setting next_dagrun for example_workday_timetable to 2021-01-04 00:00:00+00:00, run_after=2021-01-05 00:00:00+00:00
[2024-10-04T00:18:44.115+0000] {processor.py:208} INFO - Processing /home/airflow/.local/lib/python3.12/site-packages/airflow/example_dags/example_workday_timetable.py took 0.126 seconds
[2024-10-04T00:19:14.725+0000] {processor.py:186} INFO - Started process (PID=4073) to work on /home/airflow/.local/lib/python3.12/site-packages/airflow/example_dags/example_workday_timetable.py
[2024-10-04T00:19:14.727+0000] {processor.py:914} INFO - Processing file /home/airflow/.local/lib/python3.12/site-packages/airflow/example_dags/example_workday_timetable.py for tasks to queue
[2024-10-04T00:19:14.729+0000] {logging_mixin.py:190} INFO - [2024-10-04T00:19:14.728+0000] {dagbag.py:588} INFO - Filling up the DagBag from /home/airflow/.local/lib/python3.12/site-packages/airflow/example_dags/example_workday_timetable.py
[2024-10-04T00:19:14.734+0000] {processor.py:925} INFO - DAG(s) 'example_workday_timetable' retrieved from /home/airflow/.local/lib/python3.12/site-packages/airflow/example_dags/example_workday_timetable.py
[2024-10-04T00:19:14.750+0000] {logging_mixin.py:190} INFO - [2024-10-04T00:19:14.749+0000] {dag.py:3239} INFO - Sync 1 DAGs
[2024-10-04T00:19:14.802+0000] {logging_mixin.py:190} INFO - [2024-10-04T00:19:14.802+0000] {dag.py:4180} INFO - Setting next_dagrun for example_workday_timetable to 2021-01-04 00:00:00+00:00, run_after=2021-01-05 00:00:00+00:00
[2024-10-04T00:19:14.816+0000] {processor.py:208} INFO - Processing /home/airflow/.local/lib/python3.12/site-packages/airflow/example_dags/example_workday_timetable.py took 0.096 seconds
[2024-10-04T00:19:44.992+0000] {processor.py:186} INFO - Started process (PID=4359) to work on /home/airflow/.local/lib/python3.12/site-packages/airflow/example_dags/example_workday_timetable.py
[2024-10-04T00:19:44.994+0000] {processor.py:914} INFO - Processing file /home/airflow/.local/lib/python3.12/site-packages/airflow/example_dags/example_workday_timetable.py for tasks to queue
[2024-10-04T00:19:44.996+0000] {logging_mixin.py:190} INFO - [2024-10-04T00:19:44.995+0000] {dagbag.py:588} INFO - Filling up the DagBag from /home/airflow/.local/lib/python3.12/site-packages/airflow/example_dags/example_workday_timetable.py
[2024-10-04T00:19:45.001+0000] {processor.py:925} INFO - DAG(s) 'example_workday_timetable' retrieved from /home/airflow/.local/lib/python3.12/site-packages/airflow/example_dags/example_workday_timetable.py
[2024-10-04T00:19:45.016+0000] {logging_mixin.py:190} INFO - [2024-10-04T00:19:45.016+0000] {dag.py:3239} INFO - Sync 1 DAGs
[2024-10-04T00:19:45.067+0000] {logging_mixin.py:190} INFO - [2024-10-04T00:19:45.067+0000] {dag.py:4180} INFO - Setting next_dagrun for example_workday_timetable to 2021-01-04 00:00:00+00:00, run_after=2021-01-05 00:00:00+00:00
[2024-10-04T00:19:45.082+0000] {processor.py:208} INFO - Processing /home/airflow/.local/lib/python3.12/site-packages/airflow/example_dags/example_workday_timetable.py took 0.095 seconds
[2024-10-04T00:20:16.032+0000] {processor.py:186} INFO - Started process (PID=4645) to work on /home/airflow/.local/lib/python3.12/site-packages/airflow/example_dags/example_workday_timetable.py
[2024-10-04T00:20:16.033+0000] {processor.py:914} INFO - Processing file /home/airflow/.local/lib/python3.12/site-packages/airflow/example_dags/example_workday_timetable.py for tasks to queue
[2024-10-04T00:20:16.036+0000] {logging_mixin.py:190} INFO - [2024-10-04T00:20:16.036+0000] {dagbag.py:588} INFO - Filling up the DagBag from /home/airflow/.local/lib/python3.12/site-packages/airflow/example_dags/example_workday_timetable.py
[2024-10-04T00:20:16.044+0000] {processor.py:925} INFO - DAG(s) 'example_workday_timetable' retrieved from /home/airflow/.local/lib/python3.12/site-packages/airflow/example_dags/example_workday_timetable.py
[2024-10-04T00:20:16.062+0000] {logging_mixin.py:190} INFO - [2024-10-04T00:20:16.062+0000] {dag.py:3239} INFO - Sync 1 DAGs
[2024-10-04T00:20:16.116+0000] {logging_mixin.py:190} INFO - [2024-10-04T00:20:16.115+0000] {dag.py:4180} INFO - Setting next_dagrun for example_workday_timetable to 2021-01-04 00:00:00+00:00, run_after=2021-01-05 00:00:00+00:00
[2024-10-04T00:20:16.132+0000] {processor.py:208} INFO - Processing /home/airflow/.local/lib/python3.12/site-packages/airflow/example_dags/example_workday_timetable.py took 0.106 seconds
[2024-10-04T00:20:46.338+0000] {processor.py:186} INFO - Started process (PID=4931) to work on /home/airflow/.local/lib/python3.12/site-packages/airflow/example_dags/example_workday_timetable.py
[2024-10-04T00:20:46.339+0000] {processor.py:914} INFO - Processing file /home/airflow/.local/lib/python3.12/site-packages/airflow/example_dags/example_workday_timetable.py for tasks to queue
[2024-10-04T00:20:46.341+0000] {logging_mixin.py:190} INFO - [2024-10-04T00:20:46.341+0000] {dagbag.py:588} INFO - Filling up the DagBag from /home/airflow/.local/lib/python3.12/site-packages/airflow/example_dags/example_workday_timetable.py
[2024-10-04T00:20:46.346+0000] {processor.py:925} INFO - DAG(s) 'example_workday_timetable' retrieved from /home/airflow/.local/lib/python3.12/site-packages/airflow/example_dags/example_workday_timetable.py
[2024-10-04T00:20:46.362+0000] {logging_mixin.py:190} INFO - [2024-10-04T00:20:46.362+0000] {dag.py:3239} INFO - Sync 1 DAGs
[2024-10-04T00:20:46.412+0000] {logging_mixin.py:190} INFO - [2024-10-04T00:20:46.412+0000] {dag.py:4180} INFO - Setting next_dagrun for example_workday_timetable to 2021-01-04 00:00:00+00:00, run_after=2021-01-05 00:00:00+00:00
[2024-10-04T00:20:46.425+0000] {processor.py:208} INFO - Processing /home/airflow/.local/lib/python3.12/site-packages/airflow/example_dags/example_workday_timetable.py took 0.091 seconds
[2024-10-04T00:21:16.880+0000] {processor.py:186} INFO - Started process (PID=5217) to work on /home/airflow/.local/lib/python3.12/site-packages/airflow/example_dags/example_workday_timetable.py
[2024-10-04T00:21:16.881+0000] {processor.py:914} INFO - Processing file /home/airflow/.local/lib/python3.12/site-packages/airflow/example_dags/example_workday_timetable.py for tasks to queue
[2024-10-04T00:21:16.883+0000] {logging_mixin.py:190} INFO - [2024-10-04T00:21:16.882+0000] {dagbag.py:588} INFO - Filling up the DagBag from /home/airflow/.local/lib/python3.12/site-packages/airflow/example_dags/example_workday_timetable.py
[2024-10-04T00:21:16.888+0000] {processor.py:925} INFO - DAG(s) 'example_workday_timetable' retrieved from /home/airflow/.local/lib/python3.12/site-packages/airflow/example_dags/example_workday_timetable.py
[2024-10-04T00:21:16.904+0000] {logging_mixin.py:190} INFO - [2024-10-04T00:21:16.904+0000] {dag.py:3239} INFO - Sync 1 DAGs
[2024-10-04T00:21:16.948+0000] {logging_mixin.py:190} INFO - [2024-10-04T00:21:16.948+0000] {dag.py:4180} INFO - Setting next_dagrun for example_workday_timetable to 2021-01-04 00:00:00+00:00, run_after=2021-01-05 00:00:00+00:00
[2024-10-04T00:21:16.961+0000] {processor.py:208} INFO - Processing /home/airflow/.local/lib/python3.12/site-packages/airflow/example_dags/example_workday_timetable.py took 0.087 seconds
[2024-10-04T00:21:47.141+0000] {processor.py:186} INFO - Started process (PID=5503) to work on /home/airflow/.local/lib/python3.12/site-packages/airflow/example_dags/example_workday_timetable.py
[2024-10-04T00:21:47.142+0000] {processor.py:914} INFO - Processing file /home/airflow/.local/lib/python3.12/site-packages/airflow/example_dags/example_workday_timetable.py for tasks to queue
[2024-10-04T00:21:47.144+0000] {logging_mixin.py:190} INFO - [2024-10-04T00:21:47.144+0000] {dagbag.py:588} INFO - Filling up the DagBag from /home/airflow/.local/lib/python3.12/site-packages/airflow/example_dags/example_workday_timetable.py
[2024-10-04T00:21:47.149+0000] {processor.py:925} INFO - DAG(s) 'example_workday_timetable' retrieved from /home/airflow/.local/lib/python3.12/site-packages/airflow/example_dags/example_workday_timetable.py
[2024-10-04T00:21:47.165+0000] {logging_mixin.py:190} INFO - [2024-10-04T00:21:47.165+0000] {dag.py:3239} INFO - Sync 1 DAGs
[2024-10-04T00:21:47.213+0000] {logging_mixin.py:190} INFO - [2024-10-04T00:21:47.213+0000] {dag.py:4180} INFO - Setting next_dagrun for example_workday_timetable to 2021-01-04 00:00:00+00:00, run_after=2021-01-05 00:00:00+00:00
[2024-10-04T00:21:47.226+0000] {processor.py:208} INFO - Processing /home/airflow/.local/lib/python3.12/site-packages/airflow/example_dags/example_workday_timetable.py took 0.090 seconds
[2024-10-04T00:22:17.380+0000] {processor.py:186} INFO - Started process (PID=5789) to work on /home/airflow/.local/lib/python3.12/site-packages/airflow/example_dags/example_workday_timetable.py
[2024-10-04T00:22:17.382+0000] {processor.py:914} INFO - Processing file /home/airflow/.local/lib/python3.12/site-packages/airflow/example_dags/example_workday_timetable.py for tasks to queue
[2024-10-04T00:22:17.385+0000] {logging_mixin.py:190} INFO - [2024-10-04T00:22:17.384+0000] {dagbag.py:588} INFO - Filling up the DagBag from /home/airflow/.local/lib/python3.12/site-packages/airflow/example_dags/example_workday_timetable.py
[2024-10-04T00:22:17.390+0000] {processor.py:925} INFO - DAG(s) 'example_workday_timetable' retrieved from /home/airflow/.local/lib/python3.12/site-packages/airflow/example_dags/example_workday_timetable.py
[2024-10-04T00:22:17.408+0000] {logging_mixin.py:190} INFO - [2024-10-04T00:22:17.408+0000] {dag.py:3239} INFO - Sync 1 DAGs
[2024-10-04T00:22:17.459+0000] {logging_mixin.py:190} INFO - [2024-10-04T00:22:17.458+0000] {dag.py:4180} INFO - Setting next_dagrun for example_workday_timetable to 2021-01-04 00:00:00+00:00, run_after=2021-01-05 00:00:00+00:00
[2024-10-04T00:22:17.471+0000] {processor.py:208} INFO - Processing /home/airflow/.local/lib/python3.12/site-packages/airflow/example_dags/example_workday_timetable.py took 0.096 seconds
[2024-10-04T00:22:52.687+0000] {processor.py:186} INFO - Started process (PID=6075) to work on /home/airflow/.local/lib/python3.12/site-packages/airflow/example_dags/example_workday_timetable.py
[2024-10-04T00:22:52.688+0000] {processor.py:914} INFO - Processing file /home/airflow/.local/lib/python3.12/site-packages/airflow/example_dags/example_workday_timetable.py for tasks to queue
[2024-10-04T00:22:52.691+0000] {logging_mixin.py:190} INFO - [2024-10-04T00:22:52.690+0000] {dagbag.py:588} INFO - Filling up the DagBag from /home/airflow/.local/lib/python3.12/site-packages/airflow/example_dags/example_workday_timetable.py
[2024-10-04T00:22:52.697+0000] {processor.py:925} INFO - DAG(s) 'example_workday_timetable' retrieved from /home/airflow/.local/lib/python3.12/site-packages/airflow/example_dags/example_workday_timetable.py
[2024-10-04T00:22:52.718+0000] {logging_mixin.py:190} INFO - [2024-10-04T00:22:52.717+0000] {dag.py:3239} INFO - Sync 1 DAGs
[2024-10-04T00:22:52.788+0000] {logging_mixin.py:190} INFO - [2024-10-04T00:22:52.788+0000] {dag.py:4180} INFO - Setting next_dagrun for example_workday_timetable to 2021-01-04 00:00:00+00:00, run_after=2021-01-05 00:00:00+00:00
[2024-10-04T00:22:52.807+0000] {processor.py:208} INFO - Processing /home/airflow/.local/lib/python3.12/site-packages/airflow/example_dags/example_workday_timetable.py took 0.127 seconds
[2024-10-04T00:23:23.181+0000] {processor.py:186} INFO - Started process (PID=6361) to work on /home/airflow/.local/lib/python3.12/site-packages/airflow/example_dags/example_workday_timetable.py
[2024-10-04T00:23:23.183+0000] {processor.py:914} INFO - Processing file /home/airflow/.local/lib/python3.12/site-packages/airflow/example_dags/example_workday_timetable.py for tasks to queue
[2024-10-04T00:23:23.187+0000] {logging_mixin.py:190} INFO - [2024-10-04T00:23:23.186+0000] {dagbag.py:588} INFO - Filling up the DagBag from /home/airflow/.local/lib/python3.12/site-packages/airflow/example_dags/example_workday_timetable.py
[2024-10-04T00:23:23.194+0000] {processor.py:925} INFO - DAG(s) 'example_workday_timetable' retrieved from /home/airflow/.local/lib/python3.12/site-packages/airflow/example_dags/example_workday_timetable.py
[2024-10-04T00:23:23.219+0000] {logging_mixin.py:190} INFO - [2024-10-04T00:23:23.219+0000] {dag.py:3239} INFO - Sync 1 DAGs
[2024-10-04T00:23:23.277+0000] {logging_mixin.py:190} INFO - [2024-10-04T00:23:23.277+0000] {dag.py:4180} INFO - Setting next_dagrun for example_workday_timetable to 2021-01-04 00:00:00+00:00, run_after=2021-01-05 00:00:00+00:00
[2024-10-04T00:23:23.290+0000] {processor.py:208} INFO - Processing /home/airflow/.local/lib/python3.12/site-packages/airflow/example_dags/example_workday_timetable.py took 0.118 seconds
[2024-10-04T00:23:53.361+0000] {processor.py:186} INFO - Started process (PID=6647) to work on /home/airflow/.local/lib/python3.12/site-packages/airflow/example_dags/example_workday_timetable.py
[2024-10-04T00:23:53.362+0000] {processor.py:914} INFO - Processing file /home/airflow/.local/lib/python3.12/site-packages/airflow/example_dags/example_workday_timetable.py for tasks to queue
[2024-10-04T00:23:53.365+0000] {logging_mixin.py:190} INFO - [2024-10-04T00:23:53.365+0000] {dagbag.py:588} INFO - Filling up the DagBag from /home/airflow/.local/lib/python3.12/site-packages/airflow/example_dags/example_workday_timetable.py
[2024-10-04T00:23:53.372+0000] {processor.py:925} INFO - DAG(s) 'example_workday_timetable' retrieved from /home/airflow/.local/lib/python3.12/site-packages/airflow/example_dags/example_workday_timetable.py
[2024-10-04T00:23:53.391+0000] {logging_mixin.py:190} INFO - [2024-10-04T00:23:53.391+0000] {dag.py:3239} INFO - Sync 1 DAGs
[2024-10-04T00:23:53.457+0000] {logging_mixin.py:190} INFO - [2024-10-04T00:23:53.456+0000] {dag.py:4180} INFO - Setting next_dagrun for example_workday_timetable to 2021-01-04 00:00:00+00:00, run_after=2021-01-05 00:00:00+00:00
[2024-10-04T00:23:53.475+0000] {processor.py:208} INFO - Processing /home/airflow/.local/lib/python3.12/site-packages/airflow/example_dags/example_workday_timetable.py took 0.120 seconds
[2024-10-04T00:24:24.104+0000] {processor.py:186} INFO - Started process (PID=6933) to work on /home/airflow/.local/lib/python3.12/site-packages/airflow/example_dags/example_workday_timetable.py
[2024-10-04T00:24:24.105+0000] {processor.py:914} INFO - Processing file /home/airflow/.local/lib/python3.12/site-packages/airflow/example_dags/example_workday_timetable.py for tasks to queue
[2024-10-04T00:24:24.107+0000] {logging_mixin.py:190} INFO - [2024-10-04T00:24:24.107+0000] {dagbag.py:588} INFO - Filling up the DagBag from /home/airflow/.local/lib/python3.12/site-packages/airflow/example_dags/example_workday_timetable.py
[2024-10-04T00:24:24.115+0000] {processor.py:925} INFO - DAG(s) 'example_workday_timetable' retrieved from /home/airflow/.local/lib/python3.12/site-packages/airflow/example_dags/example_workday_timetable.py
[2024-10-04T00:24:24.136+0000] {logging_mixin.py:190} INFO - [2024-10-04T00:24:24.136+0000] {dag.py:3239} INFO - Sync 1 DAGs
[2024-10-04T00:24:24.200+0000] {logging_mixin.py:190} INFO - [2024-10-04T00:24:24.200+0000] {dag.py:4180} INFO - Setting next_dagrun for example_workday_timetable to 2021-01-04 00:00:00+00:00, run_after=2021-01-05 00:00:00+00:00
[2024-10-04T00:24:24.213+0000] {processor.py:208} INFO - Processing /home/airflow/.local/lib/python3.12/site-packages/airflow/example_dags/example_workday_timetable.py took 0.115 seconds
[2024-10-04T00:24:54.523+0000] {processor.py:186} INFO - Started process (PID=7219) to work on /home/airflow/.local/lib/python3.12/site-packages/airflow/example_dags/example_workday_timetable.py
[2024-10-04T00:24:54.525+0000] {processor.py:914} INFO - Processing file /home/airflow/.local/lib/python3.12/site-packages/airflow/example_dags/example_workday_timetable.py for tasks to queue
[2024-10-04T00:24:54.531+0000] {logging_mixin.py:190} INFO - [2024-10-04T00:24:54.530+0000] {dagbag.py:588} INFO - Filling up the DagBag from /home/airflow/.local/lib/python3.12/site-packages/airflow/example_dags/example_workday_timetable.py
[2024-10-04T00:24:54.542+0000] {processor.py:925} INFO - DAG(s) 'example_workday_timetable' retrieved from /home/airflow/.local/lib/python3.12/site-packages/airflow/example_dags/example_workday_timetable.py
[2024-10-04T00:24:54.573+0000] {logging_mixin.py:190} INFO - [2024-10-04T00:24:54.572+0000] {dag.py:3239} INFO - Sync 1 DAGs
[2024-10-04T00:24:54.658+0000] {logging_mixin.py:190} INFO - [2024-10-04T00:24:54.657+0000] {dag.py:4180} INFO - Setting next_dagrun for example_workday_timetable to 2021-01-04 00:00:00+00:00, run_after=2021-01-05 00:00:00+00:00
[2024-10-04T00:24:54.684+0000] {processor.py:208} INFO - Processing /home/airflow/.local/lib/python3.12/site-packages/airflow/example_dags/example_workday_timetable.py took 0.172 seconds
[2024-10-04T00:25:25.542+0000] {processor.py:186} INFO - Started process (PID=7505) to work on /home/airflow/.local/lib/python3.12/site-packages/airflow/example_dags/example_workday_timetable.py
[2024-10-04T00:25:25.544+0000] {processor.py:914} INFO - Processing file /home/airflow/.local/lib/python3.12/site-packages/airflow/example_dags/example_workday_timetable.py for tasks to queue
[2024-10-04T00:25:25.549+0000] {logging_mixin.py:190} INFO - [2024-10-04T00:25:25.548+0000] {dagbag.py:588} INFO - Filling up the DagBag from /home/airflow/.local/lib/python3.12/site-packages/airflow/example_dags/example_workday_timetable.py
[2024-10-04T00:25:25.558+0000] {processor.py:925} INFO - DAG(s) 'example_workday_timetable' retrieved from /home/airflow/.local/lib/python3.12/site-packages/airflow/example_dags/example_workday_timetable.py
[2024-10-04T00:25:25.583+0000] {logging_mixin.py:190} INFO - [2024-10-04T00:25:25.582+0000] {dag.py:3239} INFO - Sync 1 DAGs
[2024-10-04T00:25:25.642+0000] {logging_mixin.py:190} INFO - [2024-10-04T00:25:25.642+0000] {dag.py:4180} INFO - Setting next_dagrun for example_workday_timetable to 2021-01-04 00:00:00+00:00, run_after=2021-01-05 00:00:00+00:00
[2024-10-04T00:25:25.656+0000] {processor.py:208} INFO - Processing /home/airflow/.local/lib/python3.12/site-packages/airflow/example_dags/example_workday_timetable.py took 0.120 seconds
[2024-10-04T00:25:56.165+0000] {processor.py:186} INFO - Started process (PID=7791) to work on /home/airflow/.local/lib/python3.12/site-packages/airflow/example_dags/example_workday_timetable.py
[2024-10-04T00:25:56.166+0000] {processor.py:914} INFO - Processing file /home/airflow/.local/lib/python3.12/site-packages/airflow/example_dags/example_workday_timetable.py for tasks to queue
[2024-10-04T00:25:56.168+0000] {logging_mixin.py:190} INFO - [2024-10-04T00:25:56.168+0000] {dagbag.py:588} INFO - Filling up the DagBag from /home/airflow/.local/lib/python3.12/site-packages/airflow/example_dags/example_workday_timetable.py
[2024-10-04T00:25:56.173+0000] {processor.py:925} INFO - DAG(s) 'example_workday_timetable' retrieved from /home/airflow/.local/lib/python3.12/site-packages/airflow/example_dags/example_workday_timetable.py
[2024-10-04T00:25:56.189+0000] {logging_mixin.py:190} INFO - [2024-10-04T00:25:56.189+0000] {dag.py:3239} INFO - Sync 1 DAGs
[2024-10-04T00:25:56.264+0000] {logging_mixin.py:190} INFO - [2024-10-04T00:25:56.264+0000] {dag.py:4180} INFO - Setting next_dagrun for example_workday_timetable to 2021-01-04 00:00:00+00:00, run_after=2021-01-05 00:00:00+00:00
[2024-10-04T00:25:56.283+0000] {processor.py:208} INFO - Processing /home/airflow/.local/lib/python3.12/site-packages/airflow/example_dags/example_workday_timetable.py took 0.123 seconds
[2024-10-04T00:26:26.469+0000] {processor.py:186} INFO - Started process (PID=8077) to work on /home/airflow/.local/lib/python3.12/site-packages/airflow/example_dags/example_workday_timetable.py
[2024-10-04T00:26:26.470+0000] {processor.py:914} INFO - Processing file /home/airflow/.local/lib/python3.12/site-packages/airflow/example_dags/example_workday_timetable.py for tasks to queue
[2024-10-04T00:26:26.472+0000] {logging_mixin.py:190} INFO - [2024-10-04T00:26:26.471+0000] {dagbag.py:588} INFO - Filling up the DagBag from /home/airflow/.local/lib/python3.12/site-packages/airflow/example_dags/example_workday_timetable.py
[2024-10-04T00:26:26.477+0000] {processor.py:925} INFO - DAG(s) 'example_workday_timetable' retrieved from /home/airflow/.local/lib/python3.12/site-packages/airflow/example_dags/example_workday_timetable.py
[2024-10-04T00:26:26.502+0000] {logging_mixin.py:190} INFO - [2024-10-04T00:26:26.502+0000] {dag.py:3239} INFO - Sync 1 DAGs
[2024-10-04T00:26:26.557+0000] {logging_mixin.py:190} INFO - [2024-10-04T00:26:26.557+0000] {dag.py:4180} INFO - Setting next_dagrun for example_workday_timetable to 2021-01-04 00:00:00+00:00, run_after=2021-01-05 00:00:00+00:00
[2024-10-04T00:26:26.570+0000] {processor.py:208} INFO - Processing /home/airflow/.local/lib/python3.12/site-packages/airflow/example_dags/example_workday_timetable.py took 0.107 seconds
[2024-10-04T00:26:56.726+0000] {processor.py:186} INFO - Started process (PID=8363) to work on /home/airflow/.local/lib/python3.12/site-packages/airflow/example_dags/example_workday_timetable.py
[2024-10-04T00:26:56.727+0000] {processor.py:914} INFO - Processing file /home/airflow/.local/lib/python3.12/site-packages/airflow/example_dags/example_workday_timetable.py for tasks to queue
[2024-10-04T00:26:56.729+0000] {logging_mixin.py:190} INFO - [2024-10-04T00:26:56.728+0000] {dagbag.py:588} INFO - Filling up the DagBag from /home/airflow/.local/lib/python3.12/site-packages/airflow/example_dags/example_workday_timetable.py
[2024-10-04T00:26:56.734+0000] {processor.py:925} INFO - DAG(s) 'example_workday_timetable' retrieved from /home/airflow/.local/lib/python3.12/site-packages/airflow/example_dags/example_workday_timetable.py
[2024-10-04T00:26:56.751+0000] {logging_mixin.py:190} INFO - [2024-10-04T00:26:56.751+0000] {dag.py:3239} INFO - Sync 1 DAGs
[2024-10-04T00:26:56.813+0000] {logging_mixin.py:190} INFO - [2024-10-04T00:26:56.813+0000] {dag.py:4180} INFO - Setting next_dagrun for example_workday_timetable to 2021-01-04 00:00:00+00:00, run_after=2021-01-05 00:00:00+00:00
[2024-10-04T00:26:56.826+0000] {processor.py:208} INFO - Processing /home/airflow/.local/lib/python3.12/site-packages/airflow/example_dags/example_workday_timetable.py took 0.106 seconds
[2024-10-04T00:27:26.892+0000] {processor.py:186} INFO - Started process (PID=8649) to work on /home/airflow/.local/lib/python3.12/site-packages/airflow/example_dags/example_workday_timetable.py
[2024-10-04T00:27:26.894+0000] {processor.py:914} INFO - Processing file /home/airflow/.local/lib/python3.12/site-packages/airflow/example_dags/example_workday_timetable.py for tasks to queue
[2024-10-04T00:27:26.896+0000] {logging_mixin.py:190} INFO - [2024-10-04T00:27:26.896+0000] {dagbag.py:588} INFO - Filling up the DagBag from /home/airflow/.local/lib/python3.12/site-packages/airflow/example_dags/example_workday_timetable.py
[2024-10-04T00:27:26.901+0000] {processor.py:925} INFO - DAG(s) 'example_workday_timetable' retrieved from /home/airflow/.local/lib/python3.12/site-packages/airflow/example_dags/example_workday_timetable.py
[2024-10-04T00:27:26.917+0000] {logging_mixin.py:190} INFO - [2024-10-04T00:27:26.917+0000] {dag.py:3239} INFO - Sync 1 DAGs
[2024-10-04T00:27:26.970+0000] {logging_mixin.py:190} INFO - [2024-10-04T00:27:26.969+0000] {dag.py:4180} INFO - Setting next_dagrun for example_workday_timetable to 2021-01-04 00:00:00+00:00, run_after=2021-01-05 00:00:00+00:00
[2024-10-04T00:27:26.983+0000] {processor.py:208} INFO - Processing /home/airflow/.local/lib/python3.12/site-packages/airflow/example_dags/example_workday_timetable.py took 0.096 seconds
[2024-10-04T00:27:57.440+0000] {processor.py:186} INFO - Started process (PID=8935) to work on /home/airflow/.local/lib/python3.12/site-packages/airflow/example_dags/example_workday_timetable.py
[2024-10-04T00:27:57.441+0000] {processor.py:914} INFO - Processing file /home/airflow/.local/lib/python3.12/site-packages/airflow/example_dags/example_workday_timetable.py for tasks to queue
[2024-10-04T00:27:57.443+0000] {logging_mixin.py:190} INFO - [2024-10-04T00:27:57.443+0000] {dagbag.py:588} INFO - Filling up the DagBag from /home/airflow/.local/lib/python3.12/site-packages/airflow/example_dags/example_workday_timetable.py
[2024-10-04T00:27:57.448+0000] {processor.py:925} INFO - DAG(s) 'example_workday_timetable' retrieved from /home/airflow/.local/lib/python3.12/site-packages/airflow/example_dags/example_workday_timetable.py
[2024-10-04T00:27:57.465+0000] {logging_mixin.py:190} INFO - [2024-10-04T00:27:57.464+0000] {dag.py:3239} INFO - Sync 1 DAGs
[2024-10-04T00:27:57.536+0000] {logging_mixin.py:190} INFO - [2024-10-04T00:27:57.536+0000] {dag.py:4180} INFO - Setting next_dagrun for example_workday_timetable to 2021-01-04 00:00:00+00:00, run_after=2021-01-05 00:00:00+00:00
[2024-10-04T00:27:57.556+0000] {processor.py:208} INFO - Processing /home/airflow/.local/lib/python3.12/site-packages/airflow/example_dags/example_workday_timetable.py took 0.121 seconds
[2024-10-04T00:28:27.695+0000] {processor.py:186} INFO - Started process (PID=9221) to work on /home/airflow/.local/lib/python3.12/site-packages/airflow/example_dags/example_workday_timetable.py
[2024-10-04T00:28:27.696+0000] {processor.py:914} INFO - Processing file /home/airflow/.local/lib/python3.12/site-packages/airflow/example_dags/example_workday_timetable.py for tasks to queue
[2024-10-04T00:28:27.698+0000] {logging_mixin.py:190} INFO - [2024-10-04T00:28:27.698+0000] {dagbag.py:588} INFO - Filling up the DagBag from /home/airflow/.local/lib/python3.12/site-packages/airflow/example_dags/example_workday_timetable.py
[2024-10-04T00:28:27.703+0000] {processor.py:925} INFO - DAG(s) 'example_workday_timetable' retrieved from /home/airflow/.local/lib/python3.12/site-packages/airflow/example_dags/example_workday_timetable.py
[2024-10-04T00:28:27.719+0000] {logging_mixin.py:190} INFO - [2024-10-04T00:28:27.719+0000] {dag.py:3239} INFO - Sync 1 DAGs
[2024-10-04T00:28:27.769+0000] {logging_mixin.py:190} INFO - [2024-10-04T00:28:27.769+0000] {dag.py:4180} INFO - Setting next_dagrun for example_workday_timetable to 2021-01-04 00:00:00+00:00, run_after=2021-01-05 00:00:00+00:00
[2024-10-04T00:28:27.782+0000] {processor.py:208} INFO - Processing /home/airflow/.local/lib/python3.12/site-packages/airflow/example_dags/example_workday_timetable.py took 0.092 seconds
