[2024-10-04T00:12:33.082+0000] {processor.py:186} INFO - Started process (PID=254) to work on /home/airflow/.local/lib/python3.12/site-packages/airflow/example_dags/example_xcom.py
[2024-10-04T00:12:33.083+0000] {processor.py:914} INFO - Processing file /home/airflow/.local/lib/python3.12/site-packages/airflow/example_dags/example_xcom.py for tasks to queue
[2024-10-04T00:12:33.087+0000] {logging_mixin.py:190} INFO - [2024-10-04T00:12:33.087+0000] {dagbag.py:588} INFO - Filling up the DagBag from /home/airflow/.local/lib/python3.12/site-packages/airflow/example_dags/example_xcom.py
[2024-10-04T00:12:33.101+0000] {processor.py:925} INFO - DAG(s) 'example_xcom' retrieved from /home/airflow/.local/lib/python3.12/site-packages/airflow/example_dags/example_xcom.py
[2024-10-04T00:12:33.217+0000] {logging_mixin.py:190} INFO - [2024-10-04T00:12:33.217+0000] {override.py:1900} INFO - Created Permission View: can read on DAG:example_xcom
[2024-10-04T00:12:33.226+0000] {logging_mixin.py:190} INFO - [2024-10-04T00:12:33.226+0000] {override.py:1900} INFO - Created Permission View: can delete on DAG:example_xcom
[2024-10-04T00:12:33.231+0000] {logging_mixin.py:190} INFO - [2024-10-04T00:12:33.231+0000] {override.py:1900} INFO - Created Permission View: can edit on DAG:example_xcom
[2024-10-04T00:12:33.236+0000] {logging_mixin.py:190} INFO - [2024-10-04T00:12:33.236+0000] {override.py:1900} INFO - Created Permission View: menu access on DAG Run:example_xcom
[2024-10-04T00:12:33.241+0000] {logging_mixin.py:190} INFO - [2024-10-04T00:12:33.240+0000] {override.py:1900} INFO - Created Permission View: can read on DAG Run:example_xcom
[2024-10-04T00:12:33.245+0000] {logging_mixin.py:190} INFO - [2024-10-04T00:12:33.245+0000] {override.py:1900} INFO - Created Permission View: can delete on DAG Run:example_xcom
[2024-10-04T00:12:33.250+0000] {logging_mixin.py:190} INFO - [2024-10-04T00:12:33.250+0000] {override.py:1900} INFO - Created Permission View: can create on DAG Run:example_xcom
[2024-10-04T00:12:33.251+0000] {logging_mixin.py:190} INFO - [2024-10-04T00:12:33.251+0000] {dag.py:3239} INFO - Sync 1 DAGs
[2024-10-04T00:12:33.267+0000] {logging_mixin.py:190} INFO - [2024-10-04T00:12:33.267+0000] {dag.py:3262} INFO - Creating ORM DAG for example_xcom
[2024-10-04T00:12:33.276+0000] {logging_mixin.py:190} INFO - [2024-10-04T00:12:33.275+0000] {dag.py:4180} INFO - Setting next_dagrun for example_xcom to 2021-01-01 00:00:00+00:00, run_after=2021-01-01 00:00:00+00:00
[2024-10-04T00:12:33.294+0000] {processor.py:208} INFO - Processing /home/airflow/.local/lib/python3.12/site-packages/airflow/example_dags/example_xcom.py took 0.219 seconds
[2024-10-04T00:13:04.224+0000] {processor.py:186} INFO - Started process (PID=540) to work on /home/airflow/.local/lib/python3.12/site-packages/airflow/example_dags/example_xcom.py
[2024-10-04T00:13:04.225+0000] {processor.py:914} INFO - Processing file /home/airflow/.local/lib/python3.12/site-packages/airflow/example_dags/example_xcom.py for tasks to queue
[2024-10-04T00:13:04.228+0000] {logging_mixin.py:190} INFO - [2024-10-04T00:13:04.227+0000] {dagbag.py:588} INFO - Filling up the DagBag from /home/airflow/.local/lib/python3.12/site-packages/airflow/example_dags/example_xcom.py
[2024-10-04T00:13:04.237+0000] {processor.py:925} INFO - DAG(s) 'example_xcom' retrieved from /home/airflow/.local/lib/python3.12/site-packages/airflow/example_dags/example_xcom.py
[2024-10-04T00:13:04.255+0000] {logging_mixin.py:190} INFO - [2024-10-04T00:13:04.255+0000] {dag.py:3239} INFO - Sync 1 DAGs
[2024-10-04T00:13:04.272+0000] {logging_mixin.py:190} INFO - [2024-10-04T00:13:04.272+0000] {dag.py:4180} INFO - Setting next_dagrun for example_xcom to 2021-01-01 00:00:00+00:00, run_after=2021-01-01 00:00:00+00:00
[2024-10-04T00:13:04.286+0000] {processor.py:208} INFO - Processing /home/airflow/.local/lib/python3.12/site-packages/airflow/example_dags/example_xcom.py took 0.068 seconds
[2024-10-04T00:13:34.862+0000] {processor.py:186} INFO - Started process (PID=826) to work on /home/airflow/.local/lib/python3.12/site-packages/airflow/example_dags/example_xcom.py
[2024-10-04T00:13:34.863+0000] {processor.py:914} INFO - Processing file /home/airflow/.local/lib/python3.12/site-packages/airflow/example_dags/example_xcom.py for tasks to queue
[2024-10-04T00:13:34.865+0000] {logging_mixin.py:190} INFO - [2024-10-04T00:13:34.865+0000] {dagbag.py:588} INFO - Filling up the DagBag from /home/airflow/.local/lib/python3.12/site-packages/airflow/example_dags/example_xcom.py
[2024-10-04T00:13:34.873+0000] {processor.py:925} INFO - DAG(s) 'example_xcom' retrieved from /home/airflow/.local/lib/python3.12/site-packages/airflow/example_dags/example_xcom.py
[2024-10-04T00:13:34.890+0000] {logging_mixin.py:190} INFO - [2024-10-04T00:13:34.890+0000] {dag.py:3239} INFO - Sync 1 DAGs
[2024-10-04T00:13:34.907+0000] {logging_mixin.py:190} INFO - [2024-10-04T00:13:34.906+0000] {dag.py:4180} INFO - Setting next_dagrun for example_xcom to 2021-01-01 00:00:00+00:00, run_after=2021-01-01 00:00:00+00:00
[2024-10-04T00:13:34.919+0000] {processor.py:208} INFO - Processing /home/airflow/.local/lib/python3.12/site-packages/airflow/example_dags/example_xcom.py took 0.063 seconds
[2024-10-04T00:14:05.374+0000] {processor.py:186} INFO - Started process (PID=1112) to work on /home/airflow/.local/lib/python3.12/site-packages/airflow/example_dags/example_xcom.py
[2024-10-04T00:14:05.375+0000] {processor.py:914} INFO - Processing file /home/airflow/.local/lib/python3.12/site-packages/airflow/example_dags/example_xcom.py for tasks to queue
[2024-10-04T00:14:05.378+0000] {logging_mixin.py:190} INFO - [2024-10-04T00:14:05.377+0000] {dagbag.py:588} INFO - Filling up the DagBag from /home/airflow/.local/lib/python3.12/site-packages/airflow/example_dags/example_xcom.py
[2024-10-04T00:14:05.387+0000] {processor.py:925} INFO - DAG(s) 'example_xcom' retrieved from /home/airflow/.local/lib/python3.12/site-packages/airflow/example_dags/example_xcom.py
[2024-10-04T00:14:05.407+0000] {logging_mixin.py:190} INFO - [2024-10-04T00:14:05.407+0000] {dag.py:3239} INFO - Sync 1 DAGs
[2024-10-04T00:14:05.425+0000] {logging_mixin.py:190} INFO - [2024-10-04T00:14:05.425+0000] {dag.py:4180} INFO - Setting next_dagrun for example_xcom to 2021-01-01 00:00:00+00:00, run_after=2021-01-01 00:00:00+00:00
[2024-10-04T00:14:05.438+0000] {processor.py:208} INFO - Processing /home/airflow/.local/lib/python3.12/site-packages/airflow/example_dags/example_xcom.py took 0.072 seconds
[2024-10-04T00:14:36.139+0000] {processor.py:186} INFO - Started process (PID=1398) to work on /home/airflow/.local/lib/python3.12/site-packages/airflow/example_dags/example_xcom.py
[2024-10-04T00:14:36.140+0000] {processor.py:914} INFO - Processing file /home/airflow/.local/lib/python3.12/site-packages/airflow/example_dags/example_xcom.py for tasks to queue
[2024-10-04T00:14:36.142+0000] {logging_mixin.py:190} INFO - [2024-10-04T00:14:36.142+0000] {dagbag.py:588} INFO - Filling up the DagBag from /home/airflow/.local/lib/python3.12/site-packages/airflow/example_dags/example_xcom.py
[2024-10-04T00:14:36.150+0000] {processor.py:925} INFO - DAG(s) 'example_xcom' retrieved from /home/airflow/.local/lib/python3.12/site-packages/airflow/example_dags/example_xcom.py
[2024-10-04T00:14:36.167+0000] {logging_mixin.py:190} INFO - [2024-10-04T00:14:36.167+0000] {dag.py:3239} INFO - Sync 1 DAGs
[2024-10-04T00:14:36.184+0000] {logging_mixin.py:190} INFO - [2024-10-04T00:14:36.184+0000] {dag.py:4180} INFO - Setting next_dagrun for example_xcom to 2021-01-01 00:00:00+00:00, run_after=2021-01-01 00:00:00+00:00
[2024-10-04T00:14:36.196+0000] {processor.py:208} INFO - Processing /home/airflow/.local/lib/python3.12/site-packages/airflow/example_dags/example_xcom.py took 0.064 seconds
[2024-10-04T00:15:06.589+0000] {processor.py:186} INFO - Started process (PID=1684) to work on /home/airflow/.local/lib/python3.12/site-packages/airflow/example_dags/example_xcom.py
[2024-10-04T00:15:06.590+0000] {processor.py:914} INFO - Processing file /home/airflow/.local/lib/python3.12/site-packages/airflow/example_dags/example_xcom.py for tasks to queue
[2024-10-04T00:15:06.592+0000] {logging_mixin.py:190} INFO - [2024-10-04T00:15:06.592+0000] {dagbag.py:588} INFO - Filling up the DagBag from /home/airflow/.local/lib/python3.12/site-packages/airflow/example_dags/example_xcom.py
[2024-10-04T00:15:06.601+0000] {processor.py:925} INFO - DAG(s) 'example_xcom' retrieved from /home/airflow/.local/lib/python3.12/site-packages/airflow/example_dags/example_xcom.py
[2024-10-04T00:15:06.618+0000] {logging_mixin.py:190} INFO - [2024-10-04T00:15:06.618+0000] {dag.py:3239} INFO - Sync 1 DAGs
[2024-10-04T00:15:06.635+0000] {logging_mixin.py:190} INFO - [2024-10-04T00:15:06.635+0000] {dag.py:4180} INFO - Setting next_dagrun for example_xcom to 2021-01-01 00:00:00+00:00, run_after=2021-01-01 00:00:00+00:00
[2024-10-04T00:15:06.647+0000] {processor.py:208} INFO - Processing /home/airflow/.local/lib/python3.12/site-packages/airflow/example_dags/example_xcom.py took 0.065 seconds
[2024-10-04T00:15:37.448+0000] {processor.py:186} INFO - Started process (PID=1970) to work on /home/airflow/.local/lib/python3.12/site-packages/airflow/example_dags/example_xcom.py
[2024-10-04T00:15:37.450+0000] {processor.py:914} INFO - Processing file /home/airflow/.local/lib/python3.12/site-packages/airflow/example_dags/example_xcom.py for tasks to queue
[2024-10-04T00:15:37.455+0000] {logging_mixin.py:190} INFO - [2024-10-04T00:15:37.454+0000] {dagbag.py:588} INFO - Filling up the DagBag from /home/airflow/.local/lib/python3.12/site-packages/airflow/example_dags/example_xcom.py
[2024-10-04T00:15:37.469+0000] {processor.py:925} INFO - DAG(s) 'example_xcom' retrieved from /home/airflow/.local/lib/python3.12/site-packages/airflow/example_dags/example_xcom.py
[2024-10-04T00:15:37.495+0000] {logging_mixin.py:190} INFO - [2024-10-04T00:15:37.494+0000] {dag.py:3239} INFO - Sync 1 DAGs
[2024-10-04T00:15:37.513+0000] {logging_mixin.py:190} INFO - [2024-10-04T00:15:37.513+0000] {dag.py:4180} INFO - Setting next_dagrun for example_xcom to 2021-01-01 00:00:00+00:00, run_after=2021-01-01 00:00:00+00:00
[2024-10-04T00:15:37.527+0000] {processor.py:208} INFO - Processing /home/airflow/.local/lib/python3.12/site-packages/airflow/example_dags/example_xcom.py took 0.085 seconds
[2024-10-04T00:16:07.817+0000] {processor.py:186} INFO - Started process (PID=2256) to work on /home/airflow/.local/lib/python3.12/site-packages/airflow/example_dags/example_xcom.py
[2024-10-04T00:16:07.819+0000] {processor.py:914} INFO - Processing file /home/airflow/.local/lib/python3.12/site-packages/airflow/example_dags/example_xcom.py for tasks to queue
[2024-10-04T00:16:07.821+0000] {logging_mixin.py:190} INFO - [2024-10-04T00:16:07.821+0000] {dagbag.py:588} INFO - Filling up the DagBag from /home/airflow/.local/lib/python3.12/site-packages/airflow/example_dags/example_xcom.py
[2024-10-04T00:16:07.830+0000] {processor.py:925} INFO - DAG(s) 'example_xcom' retrieved from /home/airflow/.local/lib/python3.12/site-packages/airflow/example_dags/example_xcom.py
[2024-10-04T00:16:07.849+0000] {logging_mixin.py:190} INFO - [2024-10-04T00:16:07.849+0000] {dag.py:3239} INFO - Sync 1 DAGs
[2024-10-04T00:16:07.868+0000] {logging_mixin.py:190} INFO - [2024-10-04T00:16:07.868+0000] {dag.py:4180} INFO - Setting next_dagrun for example_xcom to 2021-01-01 00:00:00+00:00, run_after=2021-01-01 00:00:00+00:00
[2024-10-04T00:16:07.882+0000] {processor.py:208} INFO - Processing /home/airflow/.local/lib/python3.12/site-packages/airflow/example_dags/example_xcom.py took 0.071 seconds
[2024-10-04T00:16:38.628+0000] {processor.py:186} INFO - Started process (PID=2542) to work on /home/airflow/.local/lib/python3.12/site-packages/airflow/example_dags/example_xcom.py
[2024-10-04T00:16:38.630+0000] {processor.py:914} INFO - Processing file /home/airflow/.local/lib/python3.12/site-packages/airflow/example_dags/example_xcom.py for tasks to queue
[2024-10-04T00:16:38.632+0000] {logging_mixin.py:190} INFO - [2024-10-04T00:16:38.632+0000] {dagbag.py:588} INFO - Filling up the DagBag from /home/airflow/.local/lib/python3.12/site-packages/airflow/example_dags/example_xcom.py
[2024-10-04T00:16:38.642+0000] {processor.py:925} INFO - DAG(s) 'example_xcom' retrieved from /home/airflow/.local/lib/python3.12/site-packages/airflow/example_dags/example_xcom.py
[2024-10-04T00:16:38.664+0000] {logging_mixin.py:190} INFO - [2024-10-04T00:16:38.664+0000] {dag.py:3239} INFO - Sync 1 DAGs
[2024-10-04T00:16:38.684+0000] {logging_mixin.py:190} INFO - [2024-10-04T00:16:38.684+0000] {dag.py:4180} INFO - Setting next_dagrun for example_xcom to 2021-01-01 00:00:00+00:00, run_after=2021-01-01 00:00:00+00:00
[2024-10-04T00:16:38.698+0000] {processor.py:208} INFO - Processing /home/airflow/.local/lib/python3.12/site-packages/airflow/example_dags/example_xcom.py took 0.075 seconds
[2024-10-04T00:17:09.258+0000] {processor.py:186} INFO - Started process (PID=2828) to work on /home/airflow/.local/lib/python3.12/site-packages/airflow/example_dags/example_xcom.py
[2024-10-04T00:17:09.260+0000] {processor.py:914} INFO - Processing file /home/airflow/.local/lib/python3.12/site-packages/airflow/example_dags/example_xcom.py for tasks to queue
[2024-10-04T00:17:09.262+0000] {logging_mixin.py:190} INFO - [2024-10-04T00:17:09.262+0000] {dagbag.py:588} INFO - Filling up the DagBag from /home/airflow/.local/lib/python3.12/site-packages/airflow/example_dags/example_xcom.py
[2024-10-04T00:17:09.282+0000] {processor.py:925} INFO - DAG(s) 'example_xcom' retrieved from /home/airflow/.local/lib/python3.12/site-packages/airflow/example_dags/example_xcom.py
[2024-10-04T00:17:09.317+0000] {logging_mixin.py:190} INFO - [2024-10-04T00:17:09.317+0000] {dag.py:3239} INFO - Sync 1 DAGs
[2024-10-04T00:17:09.345+0000] {logging_mixin.py:190} INFO - [2024-10-04T00:17:09.345+0000] {dag.py:4180} INFO - Setting next_dagrun for example_xcom to 2021-01-01 00:00:00+00:00, run_after=2021-01-01 00:00:00+00:00
[2024-10-04T00:17:09.363+0000] {processor.py:208} INFO - Processing /home/airflow/.local/lib/python3.12/site-packages/airflow/example_dags/example_xcom.py took 0.112 seconds
[2024-10-04T00:17:39.990+0000] {processor.py:186} INFO - Started process (PID=3109) to work on /home/airflow/.local/lib/python3.12/site-packages/airflow/example_dags/example_xcom.py
[2024-10-04T00:17:39.991+0000] {processor.py:914} INFO - Processing file /home/airflow/.local/lib/python3.12/site-packages/airflow/example_dags/example_xcom.py for tasks to queue
[2024-10-04T00:17:39.993+0000] {logging_mixin.py:190} INFO - [2024-10-04T00:17:39.993+0000] {dagbag.py:588} INFO - Filling up the DagBag from /home/airflow/.local/lib/python3.12/site-packages/airflow/example_dags/example_xcom.py
[2024-10-04T00:17:40.004+0000] {processor.py:925} INFO - DAG(s) 'example_xcom' retrieved from /home/airflow/.local/lib/python3.12/site-packages/airflow/example_dags/example_xcom.py
[2024-10-04T00:17:40.036+0000] {logging_mixin.py:190} INFO - [2024-10-04T00:17:40.036+0000] {dag.py:3239} INFO - Sync 1 DAGs
[2024-10-04T00:17:40.064+0000] {logging_mixin.py:190} INFO - [2024-10-04T00:17:40.063+0000] {dag.py:4180} INFO - Setting next_dagrun for example_xcom to 2021-01-01 00:00:00+00:00, run_after=2021-01-01 00:00:00+00:00
[2024-10-04T00:17:40.088+0000] {processor.py:208} INFO - Processing /home/airflow/.local/lib/python3.12/site-packages/airflow/example_dags/example_xcom.py took 0.105 seconds
[2024-10-04T00:18:11.288+0000] {processor.py:186} INFO - Started process (PID=3395) to work on /home/airflow/.local/lib/python3.12/site-packages/airflow/example_dags/example_xcom.py
[2024-10-04T00:18:11.290+0000] {processor.py:914} INFO - Processing file /home/airflow/.local/lib/python3.12/site-packages/airflow/example_dags/example_xcom.py for tasks to queue
[2024-10-04T00:18:11.293+0000] {logging_mixin.py:190} INFO - [2024-10-04T00:18:11.293+0000] {dagbag.py:588} INFO - Filling up the DagBag from /home/airflow/.local/lib/python3.12/site-packages/airflow/example_dags/example_xcom.py
[2024-10-04T00:18:11.305+0000] {processor.py:925} INFO - DAG(s) 'example_xcom' retrieved from /home/airflow/.local/lib/python3.12/site-packages/airflow/example_dags/example_xcom.py
[2024-10-04T00:18:11.326+0000] {logging_mixin.py:190} INFO - [2024-10-04T00:18:11.326+0000] {dag.py:3239} INFO - Sync 1 DAGs
[2024-10-04T00:18:11.346+0000] {logging_mixin.py:190} INFO - [2024-10-04T00:18:11.346+0000] {dag.py:4180} INFO - Setting next_dagrun for example_xcom to 2021-01-01 00:00:00+00:00, run_after=2021-01-01 00:00:00+00:00
[2024-10-04T00:18:11.359+0000] {processor.py:208} INFO - Processing /home/airflow/.local/lib/python3.12/site-packages/airflow/example_dags/example_xcom.py took 0.082 seconds
[2024-10-04T00:18:41.964+0000] {processor.py:186} INFO - Started process (PID=3681) to work on /home/airflow/.local/lib/python3.12/site-packages/airflow/example_dags/example_xcom.py
[2024-10-04T00:18:41.967+0000] {processor.py:914} INFO - Processing file /home/airflow/.local/lib/python3.12/site-packages/airflow/example_dags/example_xcom.py for tasks to queue
[2024-10-04T00:18:41.971+0000] {logging_mixin.py:190} INFO - [2024-10-04T00:18:41.970+0000] {dagbag.py:588} INFO - Filling up the DagBag from /home/airflow/.local/lib/python3.12/site-packages/airflow/example_dags/example_xcom.py
[2024-10-04T00:18:41.992+0000] {processor.py:925} INFO - DAG(s) 'example_xcom' retrieved from /home/airflow/.local/lib/python3.12/site-packages/airflow/example_dags/example_xcom.py
[2024-10-04T00:18:42.037+0000] {logging_mixin.py:190} INFO - [2024-10-04T00:18:42.036+0000] {dag.py:3239} INFO - Sync 1 DAGs
[2024-10-04T00:18:42.360+0000] {logging_mixin.py:190} INFO - [2024-10-04T00:18:42.354+0000] {dag.py:4180} INFO - Setting next_dagrun for example_xcom to 2021-01-01 00:00:00+00:00, run_after=2021-01-01 00:00:00+00:00
[2024-10-04T00:18:42.454+0000] {processor.py:208} INFO - Processing /home/airflow/.local/lib/python3.12/site-packages/airflow/example_dags/example_xcom.py took 0.499 seconds
[2024-10-04T00:19:12.528+0000] {processor.py:186} INFO - Started process (PID=3967) to work on /home/airflow/.local/lib/python3.12/site-packages/airflow/example_dags/example_xcom.py
[2024-10-04T00:19:12.529+0000] {processor.py:914} INFO - Processing file /home/airflow/.local/lib/python3.12/site-packages/airflow/example_dags/example_xcom.py for tasks to queue
[2024-10-04T00:19:12.531+0000] {logging_mixin.py:190} INFO - [2024-10-04T00:19:12.530+0000] {dagbag.py:588} INFO - Filling up the DagBag from /home/airflow/.local/lib/python3.12/site-packages/airflow/example_dags/example_xcom.py
[2024-10-04T00:19:12.539+0000] {processor.py:925} INFO - DAG(s) 'example_xcom' retrieved from /home/airflow/.local/lib/python3.12/site-packages/airflow/example_dags/example_xcom.py
[2024-10-04T00:19:12.564+0000] {logging_mixin.py:190} INFO - [2024-10-04T00:19:12.563+0000] {dag.py:3239} INFO - Sync 1 DAGs
[2024-10-04T00:19:12.582+0000] {logging_mixin.py:190} INFO - [2024-10-04T00:19:12.582+0000] {dag.py:4180} INFO - Setting next_dagrun for example_xcom to 2021-01-01 00:00:00+00:00, run_after=2021-01-01 00:00:00+00:00
[2024-10-04T00:19:12.596+0000] {processor.py:208} INFO - Processing /home/airflow/.local/lib/python3.12/site-packages/airflow/example_dags/example_xcom.py took 0.074 seconds
[2024-10-04T00:19:42.867+0000] {processor.py:186} INFO - Started process (PID=4253) to work on /home/airflow/.local/lib/python3.12/site-packages/airflow/example_dags/example_xcom.py
[2024-10-04T00:19:42.868+0000] {processor.py:914} INFO - Processing file /home/airflow/.local/lib/python3.12/site-packages/airflow/example_dags/example_xcom.py for tasks to queue
[2024-10-04T00:19:42.870+0000] {logging_mixin.py:190} INFO - [2024-10-04T00:19:42.870+0000] {dagbag.py:588} INFO - Filling up the DagBag from /home/airflow/.local/lib/python3.12/site-packages/airflow/example_dags/example_xcom.py
[2024-10-04T00:19:42.878+0000] {processor.py:925} INFO - DAG(s) 'example_xcom' retrieved from /home/airflow/.local/lib/python3.12/site-packages/airflow/example_dags/example_xcom.py
[2024-10-04T00:19:42.895+0000] {logging_mixin.py:190} INFO - [2024-10-04T00:19:42.894+0000] {dag.py:3239} INFO - Sync 1 DAGs
[2024-10-04T00:19:42.912+0000] {logging_mixin.py:190} INFO - [2024-10-04T00:19:42.912+0000] {dag.py:4180} INFO - Setting next_dagrun for example_xcom to 2021-01-01 00:00:00+00:00, run_after=2021-01-01 00:00:00+00:00
[2024-10-04T00:19:42.931+0000] {processor.py:208} INFO - Processing /home/airflow/.local/lib/python3.12/site-packages/airflow/example_dags/example_xcom.py took 0.070 seconds
[2024-10-04T00:20:13.838+0000] {processor.py:186} INFO - Started process (PID=4545) to work on /home/airflow/.local/lib/python3.12/site-packages/airflow/example_dags/example_xcom.py
[2024-10-04T00:20:13.840+0000] {processor.py:914} INFO - Processing file /home/airflow/.local/lib/python3.12/site-packages/airflow/example_dags/example_xcom.py for tasks to queue
[2024-10-04T00:20:13.843+0000] {logging_mixin.py:190} INFO - [2024-10-04T00:20:13.842+0000] {dagbag.py:588} INFO - Filling up the DagBag from /home/airflow/.local/lib/python3.12/site-packages/airflow/example_dags/example_xcom.py
[2024-10-04T00:20:13.854+0000] {processor.py:925} INFO - DAG(s) 'example_xcom' retrieved from /home/airflow/.local/lib/python3.12/site-packages/airflow/example_dags/example_xcom.py
[2024-10-04T00:20:13.878+0000] {logging_mixin.py:190} INFO - [2024-10-04T00:20:13.878+0000] {dag.py:3239} INFO - Sync 1 DAGs
[2024-10-04T00:20:13.898+0000] {logging_mixin.py:190} INFO - [2024-10-04T00:20:13.898+0000] {dag.py:4180} INFO - Setting next_dagrun for example_xcom to 2021-01-01 00:00:00+00:00, run_after=2021-01-01 00:00:00+00:00
[2024-10-04T00:20:13.913+0000] {processor.py:208} INFO - Processing /home/airflow/.local/lib/python3.12/site-packages/airflow/example_dags/example_xcom.py took 0.082 seconds
[2024-10-04T00:20:44.296+0000] {processor.py:186} INFO - Started process (PID=4831) to work on /home/airflow/.local/lib/python3.12/site-packages/airflow/example_dags/example_xcom.py
[2024-10-04T00:20:44.297+0000] {processor.py:914} INFO - Processing file /home/airflow/.local/lib/python3.12/site-packages/airflow/example_dags/example_xcom.py for tasks to queue
[2024-10-04T00:20:44.299+0000] {logging_mixin.py:190} INFO - [2024-10-04T00:20:44.299+0000] {dagbag.py:588} INFO - Filling up the DagBag from /home/airflow/.local/lib/python3.12/site-packages/airflow/example_dags/example_xcom.py
[2024-10-04T00:20:44.307+0000] {processor.py:925} INFO - DAG(s) 'example_xcom' retrieved from /home/airflow/.local/lib/python3.12/site-packages/airflow/example_dags/example_xcom.py
[2024-10-04T00:20:44.324+0000] {logging_mixin.py:190} INFO - [2024-10-04T00:20:44.324+0000] {dag.py:3239} INFO - Sync 1 DAGs
[2024-10-04T00:20:44.342+0000] {logging_mixin.py:190} INFO - [2024-10-04T00:20:44.342+0000] {dag.py:4180} INFO - Setting next_dagrun for example_xcom to 2021-01-01 00:00:00+00:00, run_after=2021-01-01 00:00:00+00:00
[2024-10-04T00:20:44.354+0000] {processor.py:208} INFO - Processing /home/airflow/.local/lib/python3.12/site-packages/airflow/example_dags/example_xcom.py took 0.064 seconds
[2024-10-04T00:21:14.740+0000] {processor.py:186} INFO - Started process (PID=5117) to work on /home/airflow/.local/lib/python3.12/site-packages/airflow/example_dags/example_xcom.py
[2024-10-04T00:21:14.742+0000] {processor.py:914} INFO - Processing file /home/airflow/.local/lib/python3.12/site-packages/airflow/example_dags/example_xcom.py for tasks to queue
[2024-10-04T00:21:14.745+0000] {logging_mixin.py:190} INFO - [2024-10-04T00:21:14.744+0000] {dagbag.py:588} INFO - Filling up the DagBag from /home/airflow/.local/lib/python3.12/site-packages/airflow/example_dags/example_xcom.py
[2024-10-04T00:21:14.756+0000] {processor.py:925} INFO - DAG(s) 'example_xcom' retrieved from /home/airflow/.local/lib/python3.12/site-packages/airflow/example_dags/example_xcom.py
[2024-10-04T00:21:14.782+0000] {logging_mixin.py:190} INFO - [2024-10-04T00:21:14.782+0000] {dag.py:3239} INFO - Sync 1 DAGs
[2024-10-04T00:21:14.805+0000] {logging_mixin.py:190} INFO - [2024-10-04T00:21:14.805+0000] {dag.py:4180} INFO - Setting next_dagrun for example_xcom to 2021-01-01 00:00:00+00:00, run_after=2021-01-01 00:00:00+00:00
[2024-10-04T00:21:14.821+0000] {processor.py:208} INFO - Processing /home/airflow/.local/lib/python3.12/site-packages/airflow/example_dags/example_xcom.py took 0.089 seconds
[2024-10-04T00:21:45.079+0000] {processor.py:186} INFO - Started process (PID=5403) to work on /home/airflow/.local/lib/python3.12/site-packages/airflow/example_dags/example_xcom.py
[2024-10-04T00:21:45.080+0000] {processor.py:914} INFO - Processing file /home/airflow/.local/lib/python3.12/site-packages/airflow/example_dags/example_xcom.py for tasks to queue
[2024-10-04T00:21:45.082+0000] {logging_mixin.py:190} INFO - [2024-10-04T00:21:45.082+0000] {dagbag.py:588} INFO - Filling up the DagBag from /home/airflow/.local/lib/python3.12/site-packages/airflow/example_dags/example_xcom.py
[2024-10-04T00:21:45.090+0000] {processor.py:925} INFO - DAG(s) 'example_xcom' retrieved from /home/airflow/.local/lib/python3.12/site-packages/airflow/example_dags/example_xcom.py
[2024-10-04T00:21:45.107+0000] {logging_mixin.py:190} INFO - [2024-10-04T00:21:45.107+0000] {dag.py:3239} INFO - Sync 1 DAGs
[2024-10-04T00:21:45.123+0000] {logging_mixin.py:190} INFO - [2024-10-04T00:21:45.123+0000] {dag.py:4180} INFO - Setting next_dagrun for example_xcom to 2021-01-01 00:00:00+00:00, run_after=2021-01-01 00:00:00+00:00
[2024-10-04T00:21:45.135+0000] {processor.py:208} INFO - Processing /home/airflow/.local/lib/python3.12/site-packages/airflow/example_dags/example_xcom.py took 0.062 seconds
[2024-10-04T00:22:15.304+0000] {processor.py:186} INFO - Started process (PID=5689) to work on /home/airflow/.local/lib/python3.12/site-packages/airflow/example_dags/example_xcom.py
[2024-10-04T00:22:15.305+0000] {processor.py:914} INFO - Processing file /home/airflow/.local/lib/python3.12/site-packages/airflow/example_dags/example_xcom.py for tasks to queue
[2024-10-04T00:22:15.307+0000] {logging_mixin.py:190} INFO - [2024-10-04T00:22:15.306+0000] {dagbag.py:588} INFO - Filling up the DagBag from /home/airflow/.local/lib/python3.12/site-packages/airflow/example_dags/example_xcom.py
[2024-10-04T00:22:15.315+0000] {processor.py:925} INFO - DAG(s) 'example_xcom' retrieved from /home/airflow/.local/lib/python3.12/site-packages/airflow/example_dags/example_xcom.py
[2024-10-04T00:22:15.331+0000] {logging_mixin.py:190} INFO - [2024-10-04T00:22:15.331+0000] {dag.py:3239} INFO - Sync 1 DAGs
[2024-10-04T00:22:15.348+0000] {logging_mixin.py:190} INFO - [2024-10-04T00:22:15.348+0000] {dag.py:4180} INFO - Setting next_dagrun for example_xcom to 2021-01-01 00:00:00+00:00, run_after=2021-01-01 00:00:00+00:00
[2024-10-04T00:22:15.361+0000] {processor.py:208} INFO - Processing /home/airflow/.local/lib/python3.12/site-packages/airflow/example_dags/example_xcom.py took 0.062 seconds
[2024-10-04T00:22:47.318+0000] {processor.py:186} INFO - Started process (PID=5975) to work on /home/airflow/.local/lib/python3.12/site-packages/airflow/example_dags/example_xcom.py
[2024-10-04T00:22:47.324+0000] {processor.py:914} INFO - Processing file /home/airflow/.local/lib/python3.12/site-packages/airflow/example_dags/example_xcom.py for tasks to queue
[2024-10-04T00:22:47.334+0000] {logging_mixin.py:190} INFO - [2024-10-04T00:22:47.333+0000] {dagbag.py:588} INFO - Filling up the DagBag from /home/airflow/.local/lib/python3.12/site-packages/airflow/example_dags/example_xcom.py
[2024-10-04T00:22:47.352+0000] {processor.py:925} INFO - DAG(s) 'example_xcom' retrieved from /home/airflow/.local/lib/python3.12/site-packages/airflow/example_dags/example_xcom.py
[2024-10-04T00:22:47.413+0000] {logging_mixin.py:190} INFO - [2024-10-04T00:22:47.412+0000] {dag.py:3239} INFO - Sync 1 DAGs
[2024-10-04T00:22:47.448+0000] {logging_mixin.py:190} INFO - [2024-10-04T00:22:47.447+0000] {dag.py:4180} INFO - Setting next_dagrun for example_xcom to 2021-01-01 00:00:00+00:00, run_after=2021-01-01 00:00:00+00:00
[2024-10-04T00:22:47.472+0000] {processor.py:208} INFO - Processing /home/airflow/.local/lib/python3.12/site-packages/airflow/example_dags/example_xcom.py took 0.166 seconds
[2024-10-04T00:23:17.670+0000] {processor.py:186} INFO - Started process (PID=6261) to work on /home/airflow/.local/lib/python3.12/site-packages/airflow/example_dags/example_xcom.py
[2024-10-04T00:23:17.671+0000] {processor.py:914} INFO - Processing file /home/airflow/.local/lib/python3.12/site-packages/airflow/example_dags/example_xcom.py for tasks to queue
[2024-10-04T00:23:17.676+0000] {logging_mixin.py:190} INFO - [2024-10-04T00:23:17.675+0000] {dagbag.py:588} INFO - Filling up the DagBag from /home/airflow/.local/lib/python3.12/site-packages/airflow/example_dags/example_xcom.py
[2024-10-04T00:23:17.691+0000] {processor.py:925} INFO - DAG(s) 'example_xcom' retrieved from /home/airflow/.local/lib/python3.12/site-packages/airflow/example_dags/example_xcom.py
[2024-10-04T00:23:17.721+0000] {logging_mixin.py:190} INFO - [2024-10-04T00:23:17.721+0000] {dag.py:3239} INFO - Sync 1 DAGs
[2024-10-04T00:23:17.740+0000] {logging_mixin.py:190} INFO - [2024-10-04T00:23:17.740+0000] {dag.py:4180} INFO - Setting next_dagrun for example_xcom to 2021-01-01 00:00:00+00:00, run_after=2021-01-01 00:00:00+00:00
[2024-10-04T00:23:17.754+0000] {processor.py:208} INFO - Processing /home/airflow/.local/lib/python3.12/site-packages/airflow/example_dags/example_xcom.py took 0.100 seconds
[2024-10-04T00:23:49.093+0000] {processor.py:186} INFO - Started process (PID=6547) to work on /home/airflow/.local/lib/python3.12/site-packages/airflow/example_dags/example_xcom.py
[2024-10-04T00:23:49.094+0000] {processor.py:914} INFO - Processing file /home/airflow/.local/lib/python3.12/site-packages/airflow/example_dags/example_xcom.py for tasks to queue
[2024-10-04T00:23:49.097+0000] {logging_mixin.py:190} INFO - [2024-10-04T00:23:49.097+0000] {dagbag.py:588} INFO - Filling up the DagBag from /home/airflow/.local/lib/python3.12/site-packages/airflow/example_dags/example_xcom.py
[2024-10-04T00:23:49.110+0000] {processor.py:925} INFO - DAG(s) 'example_xcom' retrieved from /home/airflow/.local/lib/python3.12/site-packages/airflow/example_dags/example_xcom.py
[2024-10-04T00:23:49.137+0000] {logging_mixin.py:190} INFO - [2024-10-04T00:23:49.137+0000] {dag.py:3239} INFO - Sync 1 DAGs
[2024-10-04T00:23:49.169+0000] {logging_mixin.py:190} INFO - [2024-10-04T00:23:49.169+0000] {dag.py:4180} INFO - Setting next_dagrun for example_xcom to 2021-01-01 00:00:00+00:00, run_after=2021-01-01 00:00:00+00:00
[2024-10-04T00:23:49.188+0000] {processor.py:208} INFO - Processing /home/airflow/.local/lib/python3.12/site-packages/airflow/example_dags/example_xcom.py took 0.103 seconds
[2024-10-04T00:24:19.736+0000] {processor.py:186} INFO - Started process (PID=6833) to work on /home/airflow/.local/lib/python3.12/site-packages/airflow/example_dags/example_xcom.py
[2024-10-04T00:24:19.737+0000] {processor.py:914} INFO - Processing file /home/airflow/.local/lib/python3.12/site-packages/airflow/example_dags/example_xcom.py for tasks to queue
[2024-10-04T00:24:19.739+0000] {logging_mixin.py:190} INFO - [2024-10-04T00:24:19.739+0000] {dagbag.py:588} INFO - Filling up the DagBag from /home/airflow/.local/lib/python3.12/site-packages/airflow/example_dags/example_xcom.py
[2024-10-04T00:24:19.747+0000] {processor.py:925} INFO - DAG(s) 'example_xcom' retrieved from /home/airflow/.local/lib/python3.12/site-packages/airflow/example_dags/example_xcom.py
[2024-10-04T00:24:19.764+0000] {logging_mixin.py:190} INFO - [2024-10-04T00:24:19.764+0000] {dag.py:3239} INFO - Sync 1 DAGs
[2024-10-04T00:24:19.782+0000] {logging_mixin.py:190} INFO - [2024-10-04T00:24:19.781+0000] {dag.py:4180} INFO - Setting next_dagrun for example_xcom to 2021-01-01 00:00:00+00:00, run_after=2021-01-01 00:00:00+00:00
[2024-10-04T00:24:19.795+0000] {processor.py:208} INFO - Processing /home/airflow/.local/lib/python3.12/site-packages/airflow/example_dags/example_xcom.py took 0.064 seconds
[2024-10-04T00:24:50.391+0000] {processor.py:186} INFO - Started process (PID=7119) to work on /home/airflow/.local/lib/python3.12/site-packages/airflow/example_dags/example_xcom.py
[2024-10-04T00:24:50.392+0000] {processor.py:914} INFO - Processing file /home/airflow/.local/lib/python3.12/site-packages/airflow/example_dags/example_xcom.py for tasks to queue
[2024-10-04T00:24:50.394+0000] {logging_mixin.py:190} INFO - [2024-10-04T00:24:50.394+0000] {dagbag.py:588} INFO - Filling up the DagBag from /home/airflow/.local/lib/python3.12/site-packages/airflow/example_dags/example_xcom.py
[2024-10-04T00:24:50.402+0000] {processor.py:925} INFO - DAG(s) 'example_xcom' retrieved from /home/airflow/.local/lib/python3.12/site-packages/airflow/example_dags/example_xcom.py
[2024-10-04T00:24:50.419+0000] {logging_mixin.py:190} INFO - [2024-10-04T00:24:50.419+0000] {dag.py:3239} INFO - Sync 1 DAGs
[2024-10-04T00:24:50.437+0000] {logging_mixin.py:190} INFO - [2024-10-04T00:24:50.437+0000] {dag.py:4180} INFO - Setting next_dagrun for example_xcom to 2021-01-01 00:00:00+00:00, run_after=2021-01-01 00:00:00+00:00
[2024-10-04T00:24:50.454+0000] {processor.py:208} INFO - Processing /home/airflow/.local/lib/python3.12/site-packages/airflow/example_dags/example_xcom.py took 0.069 seconds
[2024-10-04T00:25:21.175+0000] {processor.py:186} INFO - Started process (PID=7405) to work on /home/airflow/.local/lib/python3.12/site-packages/airflow/example_dags/example_xcom.py
[2024-10-04T00:25:21.177+0000] {processor.py:914} INFO - Processing file /home/airflow/.local/lib/python3.12/site-packages/airflow/example_dags/example_xcom.py for tasks to queue
[2024-10-04T00:25:21.179+0000] {logging_mixin.py:190} INFO - [2024-10-04T00:25:21.179+0000] {dagbag.py:588} INFO - Filling up the DagBag from /home/airflow/.local/lib/python3.12/site-packages/airflow/example_dags/example_xcom.py
[2024-10-04T00:25:21.188+0000] {processor.py:925} INFO - DAG(s) 'example_xcom' retrieved from /home/airflow/.local/lib/python3.12/site-packages/airflow/example_dags/example_xcom.py
[2024-10-04T00:25:21.210+0000] {logging_mixin.py:190} INFO - [2024-10-04T00:25:21.210+0000] {dag.py:3239} INFO - Sync 1 DAGs
[2024-10-04T00:25:21.231+0000] {logging_mixin.py:190} INFO - [2024-10-04T00:25:21.231+0000] {dag.py:4180} INFO - Setting next_dagrun for example_xcom to 2021-01-01 00:00:00+00:00, run_after=2021-01-01 00:00:00+00:00
[2024-10-04T00:25:21.247+0000] {processor.py:208} INFO - Processing /home/airflow/.local/lib/python3.12/site-packages/airflow/example_dags/example_xcom.py took 0.077 seconds
[2024-10-04T00:25:52.073+0000] {processor.py:186} INFO - Started process (PID=7691) to work on /home/airflow/.local/lib/python3.12/site-packages/airflow/example_dags/example_xcom.py
[2024-10-04T00:25:52.074+0000] {processor.py:914} INFO - Processing file /home/airflow/.local/lib/python3.12/site-packages/airflow/example_dags/example_xcom.py for tasks to queue
[2024-10-04T00:25:52.076+0000] {logging_mixin.py:190} INFO - [2024-10-04T00:25:52.076+0000] {dagbag.py:588} INFO - Filling up the DagBag from /home/airflow/.local/lib/python3.12/site-packages/airflow/example_dags/example_xcom.py
[2024-10-04T00:25:52.084+0000] {processor.py:925} INFO - DAG(s) 'example_xcom' retrieved from /home/airflow/.local/lib/python3.12/site-packages/airflow/example_dags/example_xcom.py
[2024-10-04T00:25:52.102+0000] {logging_mixin.py:190} INFO - [2024-10-04T00:25:52.102+0000] {dag.py:3239} INFO - Sync 1 DAGs
[2024-10-04T00:25:52.124+0000] {logging_mixin.py:190} INFO - [2024-10-04T00:25:52.123+0000] {dag.py:4180} INFO - Setting next_dagrun for example_xcom to 2021-01-01 00:00:00+00:00, run_after=2021-01-01 00:00:00+00:00
[2024-10-04T00:25:52.146+0000] {processor.py:208} INFO - Processing /home/airflow/.local/lib/python3.12/site-packages/airflow/example_dags/example_xcom.py took 0.079 seconds
[2024-10-04T00:26:22.433+0000] {processor.py:186} INFO - Started process (PID=7977) to work on /home/airflow/.local/lib/python3.12/site-packages/airflow/example_dags/example_xcom.py
[2024-10-04T00:26:22.434+0000] {processor.py:914} INFO - Processing file /home/airflow/.local/lib/python3.12/site-packages/airflow/example_dags/example_xcom.py for tasks to queue
[2024-10-04T00:26:22.436+0000] {logging_mixin.py:190} INFO - [2024-10-04T00:26:22.435+0000] {dagbag.py:588} INFO - Filling up the DagBag from /home/airflow/.local/lib/python3.12/site-packages/airflow/example_dags/example_xcom.py
[2024-10-04T00:26:22.443+0000] {processor.py:925} INFO - DAG(s) 'example_xcom' retrieved from /home/airflow/.local/lib/python3.12/site-packages/airflow/example_dags/example_xcom.py
[2024-10-04T00:26:22.460+0000] {logging_mixin.py:190} INFO - [2024-10-04T00:26:22.460+0000] {dag.py:3239} INFO - Sync 1 DAGs
[2024-10-04T00:26:22.478+0000] {logging_mixin.py:190} INFO - [2024-10-04T00:26:22.478+0000] {dag.py:4180} INFO - Setting next_dagrun for example_xcom to 2021-01-01 00:00:00+00:00, run_after=2021-01-01 00:00:00+00:00
[2024-10-04T00:26:22.493+0000] {processor.py:208} INFO - Processing /home/airflow/.local/lib/python3.12/site-packages/airflow/example_dags/example_xcom.py took 0.066 seconds
[2024-10-04T00:26:52.716+0000] {processor.py:186} INFO - Started process (PID=8263) to work on /home/airflow/.local/lib/python3.12/site-packages/airflow/example_dags/example_xcom.py
[2024-10-04T00:26:52.717+0000] {processor.py:914} INFO - Processing file /home/airflow/.local/lib/python3.12/site-packages/airflow/example_dags/example_xcom.py for tasks to queue
[2024-10-04T00:26:52.719+0000] {logging_mixin.py:190} INFO - [2024-10-04T00:26:52.718+0000] {dagbag.py:588} INFO - Filling up the DagBag from /home/airflow/.local/lib/python3.12/site-packages/airflow/example_dags/example_xcom.py
[2024-10-04T00:26:52.726+0000] {processor.py:925} INFO - DAG(s) 'example_xcom' retrieved from /home/airflow/.local/lib/python3.12/site-packages/airflow/example_dags/example_xcom.py
[2024-10-04T00:26:52.743+0000] {logging_mixin.py:190} INFO - [2024-10-04T00:26:52.743+0000] {dag.py:3239} INFO - Sync 1 DAGs
[2024-10-04T00:26:52.760+0000] {logging_mixin.py:190} INFO - [2024-10-04T00:26:52.760+0000] {dag.py:4180} INFO - Setting next_dagrun for example_xcom to 2021-01-01 00:00:00+00:00, run_after=2021-01-01 00:00:00+00:00
[2024-10-04T00:26:52.773+0000] {processor.py:208} INFO - Processing /home/airflow/.local/lib/python3.12/site-packages/airflow/example_dags/example_xcom.py took 0.063 seconds
[2024-10-04T00:27:22.833+0000] {processor.py:186} INFO - Started process (PID=8549) to work on /home/airflow/.local/lib/python3.12/site-packages/airflow/example_dags/example_xcom.py
[2024-10-04T00:27:22.834+0000] {processor.py:914} INFO - Processing file /home/airflow/.local/lib/python3.12/site-packages/airflow/example_dags/example_xcom.py for tasks to queue
[2024-10-04T00:27:22.836+0000] {logging_mixin.py:190} INFO - [2024-10-04T00:27:22.835+0000] {dagbag.py:588} INFO - Filling up the DagBag from /home/airflow/.local/lib/python3.12/site-packages/airflow/example_dags/example_xcom.py
[2024-10-04T00:27:22.843+0000] {processor.py:925} INFO - DAG(s) 'example_xcom' retrieved from /home/airflow/.local/lib/python3.12/site-packages/airflow/example_dags/example_xcom.py
[2024-10-04T00:27:22.860+0000] {logging_mixin.py:190} INFO - [2024-10-04T00:27:22.860+0000] {dag.py:3239} INFO - Sync 1 DAGs
[2024-10-04T00:27:22.878+0000] {logging_mixin.py:190} INFO - [2024-10-04T00:27:22.878+0000] {dag.py:4180} INFO - Setting next_dagrun for example_xcom to 2021-01-01 00:00:00+00:00, run_after=2021-01-01 00:00:00+00:00
[2024-10-04T00:27:22.891+0000] {processor.py:208} INFO - Processing /home/airflow/.local/lib/python3.12/site-packages/airflow/example_dags/example_xcom.py took 0.063 seconds
[2024-10-04T00:27:53.230+0000] {processor.py:186} INFO - Started process (PID=8837) to work on /home/airflow/.local/lib/python3.12/site-packages/airflow/example_dags/example_xcom.py
[2024-10-04T00:27:53.232+0000] {processor.py:914} INFO - Processing file /home/airflow/.local/lib/python3.12/site-packages/airflow/example_dags/example_xcom.py for tasks to queue
[2024-10-04T00:27:53.234+0000] {logging_mixin.py:190} INFO - [2024-10-04T00:27:53.234+0000] {dagbag.py:588} INFO - Filling up the DagBag from /home/airflow/.local/lib/python3.12/site-packages/airflow/example_dags/example_xcom.py
[2024-10-04T00:27:53.250+0000] {processor.py:925} INFO - DAG(s) 'example_xcom' retrieved from /home/airflow/.local/lib/python3.12/site-packages/airflow/example_dags/example_xcom.py
[2024-10-04T00:27:53.271+0000] {logging_mixin.py:190} INFO - [2024-10-04T00:27:53.271+0000] {dag.py:3239} INFO - Sync 1 DAGs
[2024-10-04T00:27:53.290+0000] {logging_mixin.py:190} INFO - [2024-10-04T00:27:53.290+0000] {dag.py:4180} INFO - Setting next_dagrun for example_xcom to 2021-01-01 00:00:00+00:00, run_after=2021-01-01 00:00:00+00:00
[2024-10-04T00:27:53.305+0000] {processor.py:208} INFO - Processing /home/airflow/.local/lib/python3.12/site-packages/airflow/example_dags/example_xcom.py took 0.084 seconds
[2024-10-04T00:28:23.625+0000] {processor.py:186} INFO - Started process (PID=9121) to work on /home/airflow/.local/lib/python3.12/site-packages/airflow/example_dags/example_xcom.py
[2024-10-04T00:28:23.626+0000] {processor.py:914} INFO - Processing file /home/airflow/.local/lib/python3.12/site-packages/airflow/example_dags/example_xcom.py for tasks to queue
[2024-10-04T00:28:23.628+0000] {logging_mixin.py:190} INFO - [2024-10-04T00:28:23.628+0000] {dagbag.py:588} INFO - Filling up the DagBag from /home/airflow/.local/lib/python3.12/site-packages/airflow/example_dags/example_xcom.py
[2024-10-04T00:28:23.636+0000] {processor.py:925} INFO - DAG(s) 'example_xcom' retrieved from /home/airflow/.local/lib/python3.12/site-packages/airflow/example_dags/example_xcom.py
[2024-10-04T00:28:23.652+0000] {logging_mixin.py:190} INFO - [2024-10-04T00:28:23.652+0000] {dag.py:3239} INFO - Sync 1 DAGs
[2024-10-04T00:28:23.670+0000] {logging_mixin.py:190} INFO - [2024-10-04T00:28:23.670+0000] {dag.py:4180} INFO - Setting next_dagrun for example_xcom to 2021-01-01 00:00:00+00:00, run_after=2021-01-01 00:00:00+00:00
[2024-10-04T00:28:23.682+0000] {processor.py:208} INFO - Processing /home/airflow/.local/lib/python3.12/site-packages/airflow/example_dags/example_xcom.py took 0.063 seconds
