[2024-10-04T00:12:31.392+0000] {processor.py:186} INFO - Started process (PID=194) to work on /home/airflow/.local/lib/python3.12/site-packages/airflow/example_dags/example_nested_branch_dag.py
[2024-10-04T00:12:31.393+0000] {processor.py:914} INFO - Processing file /home/airflow/.local/lib/python3.12/site-packages/airflow/example_dags/example_nested_branch_dag.py for tasks to queue
[2024-10-04T00:12:31.397+0000] {logging_mixin.py:190} INFO - [2024-10-04T00:12:31.396+0000] {dagbag.py:588} INFO - Filling up the DagBag from /home/airflow/.local/lib/python3.12/site-packages/airflow/example_dags/example_nested_branch_dag.py
[2024-10-04T00:12:31.410+0000] {processor.py:925} INFO - DAG(s) 'example_nested_branch_dag' retrieved from /home/airflow/.local/lib/python3.12/site-packages/airflow/example_dags/example_nested_branch_dag.py
[2024-10-04T00:12:31.507+0000] {logging_mixin.py:190} INFO - [2024-10-04T00:12:31.506+0000] {override.py:1900} INFO - Created Permission View: can read on DAG:example_nested_branch_dag
[2024-10-04T00:12:31.514+0000] {logging_mixin.py:190} INFO - [2024-10-04T00:12:31.514+0000] {override.py:1900} INFO - Created Permission View: can delete on DAG:example_nested_branch_dag
[2024-10-04T00:12:31.519+0000] {logging_mixin.py:190} INFO - [2024-10-04T00:12:31.519+0000] {override.py:1900} INFO - Created Permission View: can edit on DAG:example_nested_branch_dag
[2024-10-04T00:12:31.524+0000] {logging_mixin.py:190} INFO - [2024-10-04T00:12:31.524+0000] {override.py:1900} INFO - Created Permission View: menu access on DAG Run:example_nested_branch_dag
[2024-10-04T00:12:31.529+0000] {logging_mixin.py:190} INFO - [2024-10-04T00:12:31.528+0000] {override.py:1900} INFO - Created Permission View: can read on DAG Run:example_nested_branch_dag
[2024-10-04T00:12:31.534+0000] {logging_mixin.py:190} INFO - [2024-10-04T00:12:31.534+0000] {override.py:1900} INFO - Created Permission View: can delete on DAG Run:example_nested_branch_dag
[2024-10-04T00:12:31.538+0000] {logging_mixin.py:190} INFO - [2024-10-04T00:12:31.538+0000] {override.py:1900} INFO - Created Permission View: can create on DAG Run:example_nested_branch_dag
[2024-10-04T00:12:31.539+0000] {logging_mixin.py:190} INFO - [2024-10-04T00:12:31.539+0000] {dag.py:3239} INFO - Sync 1 DAGs
[2024-10-04T00:12:31.549+0000] {logging_mixin.py:190} INFO - [2024-10-04T00:12:31.549+0000] {dag.py:3262} INFO - Creating ORM DAG for example_nested_branch_dag
[2024-10-04T00:12:31.559+0000] {logging_mixin.py:190} INFO - [2024-10-04T00:12:31.559+0000] {dag.py:4180} INFO - Setting next_dagrun for example_nested_branch_dag to 2024-10-03 00:00:00+00:00, run_after=2024-10-04 00:00:00+00:00
[2024-10-04T00:12:31.573+0000] {processor.py:208} INFO - Processing /home/airflow/.local/lib/python3.12/site-packages/airflow/example_dags/example_nested_branch_dag.py took 0.190 seconds
[2024-10-04T00:13:02.496+0000] {processor.py:186} INFO - Started process (PID=480) to work on /home/airflow/.local/lib/python3.12/site-packages/airflow/example_dags/example_nested_branch_dag.py
[2024-10-04T00:13:02.497+0000] {processor.py:914} INFO - Processing file /home/airflow/.local/lib/python3.12/site-packages/airflow/example_dags/example_nested_branch_dag.py for tasks to queue
[2024-10-04T00:13:02.499+0000] {logging_mixin.py:190} INFO - [2024-10-04T00:13:02.499+0000] {dagbag.py:588} INFO - Filling up the DagBag from /home/airflow/.local/lib/python3.12/site-packages/airflow/example_dags/example_nested_branch_dag.py
[2024-10-04T00:13:02.513+0000] {processor.py:925} INFO - DAG(s) 'example_nested_branch_dag' retrieved from /home/airflow/.local/lib/python3.12/site-packages/airflow/example_dags/example_nested_branch_dag.py
[2024-10-04T00:13:02.536+0000] {logging_mixin.py:190} INFO - [2024-10-04T00:13:02.536+0000] {dag.py:3239} INFO - Sync 1 DAGs
[2024-10-04T00:13:02.559+0000] {logging_mixin.py:190} INFO - [2024-10-04T00:13:02.559+0000] {dag.py:4180} INFO - Setting next_dagrun for example_nested_branch_dag to 2024-10-03 00:00:00+00:00, run_after=2024-10-04 00:00:00+00:00
[2024-10-04T00:13:02.576+0000] {processor.py:208} INFO - Processing /home/airflow/.local/lib/python3.12/site-packages/airflow/example_dags/example_nested_branch_dag.py took 0.089 seconds
[2024-10-04T00:13:33.204+0000] {processor.py:186} INFO - Started process (PID=766) to work on /home/airflow/.local/lib/python3.12/site-packages/airflow/example_dags/example_nested_branch_dag.py
[2024-10-04T00:13:33.205+0000] {processor.py:914} INFO - Processing file /home/airflow/.local/lib/python3.12/site-packages/airflow/example_dags/example_nested_branch_dag.py for tasks to queue
[2024-10-04T00:13:33.208+0000] {logging_mixin.py:190} INFO - [2024-10-04T00:13:33.208+0000] {dagbag.py:588} INFO - Filling up the DagBag from /home/airflow/.local/lib/python3.12/site-packages/airflow/example_dags/example_nested_branch_dag.py
[2024-10-04T00:13:33.219+0000] {processor.py:925} INFO - DAG(s) 'example_nested_branch_dag' retrieved from /home/airflow/.local/lib/python3.12/site-packages/airflow/example_dags/example_nested_branch_dag.py
[2024-10-04T00:13:33.238+0000] {logging_mixin.py:190} INFO - [2024-10-04T00:13:33.238+0000] {dag.py:3239} INFO - Sync 1 DAGs
[2024-10-04T00:13:33.258+0000] {logging_mixin.py:190} INFO - [2024-10-04T00:13:33.257+0000] {dag.py:4180} INFO - Setting next_dagrun for example_nested_branch_dag to 2024-10-03 00:00:00+00:00, run_after=2024-10-04 00:00:00+00:00
[2024-10-04T00:13:33.271+0000] {processor.py:208} INFO - Processing /home/airflow/.local/lib/python3.12/site-packages/airflow/example_dags/example_nested_branch_dag.py took 0.074 seconds
[2024-10-04T00:14:03.635+0000] {processor.py:186} INFO - Started process (PID=1052) to work on /home/airflow/.local/lib/python3.12/site-packages/airflow/example_dags/example_nested_branch_dag.py
[2024-10-04T00:14:03.636+0000] {processor.py:914} INFO - Processing file /home/airflow/.local/lib/python3.12/site-packages/airflow/example_dags/example_nested_branch_dag.py for tasks to queue
[2024-10-04T00:14:03.639+0000] {logging_mixin.py:190} INFO - [2024-10-04T00:14:03.638+0000] {dagbag.py:588} INFO - Filling up the DagBag from /home/airflow/.local/lib/python3.12/site-packages/airflow/example_dags/example_nested_branch_dag.py
[2024-10-04T00:14:03.651+0000] {processor.py:925} INFO - DAG(s) 'example_nested_branch_dag' retrieved from /home/airflow/.local/lib/python3.12/site-packages/airflow/example_dags/example_nested_branch_dag.py
[2024-10-04T00:14:03.669+0000] {logging_mixin.py:190} INFO - [2024-10-04T00:14:03.669+0000] {dag.py:3239} INFO - Sync 1 DAGs
[2024-10-04T00:14:03.688+0000] {logging_mixin.py:190} INFO - [2024-10-04T00:14:03.688+0000] {dag.py:4180} INFO - Setting next_dagrun for example_nested_branch_dag to 2024-10-03 00:00:00+00:00, run_after=2024-10-04 00:00:00+00:00
[2024-10-04T00:14:03.702+0000] {processor.py:208} INFO - Processing /home/airflow/.local/lib/python3.12/site-packages/airflow/example_dags/example_nested_branch_dag.py took 0.074 seconds
[2024-10-04T00:14:34.466+0000] {processor.py:186} INFO - Started process (PID=1338) to work on /home/airflow/.local/lib/python3.12/site-packages/airflow/example_dags/example_nested_branch_dag.py
[2024-10-04T00:14:34.467+0000] {processor.py:914} INFO - Processing file /home/airflow/.local/lib/python3.12/site-packages/airflow/example_dags/example_nested_branch_dag.py for tasks to queue
[2024-10-04T00:14:34.469+0000] {logging_mixin.py:190} INFO - [2024-10-04T00:14:34.469+0000] {dagbag.py:588} INFO - Filling up the DagBag from /home/airflow/.local/lib/python3.12/site-packages/airflow/example_dags/example_nested_branch_dag.py
[2024-10-04T00:14:34.481+0000] {processor.py:925} INFO - DAG(s) 'example_nested_branch_dag' retrieved from /home/airflow/.local/lib/python3.12/site-packages/airflow/example_dags/example_nested_branch_dag.py
[2024-10-04T00:14:34.500+0000] {logging_mixin.py:190} INFO - [2024-10-04T00:14:34.500+0000] {dag.py:3239} INFO - Sync 1 DAGs
[2024-10-04T00:14:34.520+0000] {logging_mixin.py:190} INFO - [2024-10-04T00:14:34.520+0000] {dag.py:4180} INFO - Setting next_dagrun for example_nested_branch_dag to 2024-10-03 00:00:00+00:00, run_after=2024-10-04 00:00:00+00:00
[2024-10-04T00:14:34.533+0000] {processor.py:208} INFO - Processing /home/airflow/.local/lib/python3.12/site-packages/airflow/example_dags/example_nested_branch_dag.py took 0.074 seconds
[2024-10-04T00:15:04.819+0000] {processor.py:186} INFO - Started process (PID=1624) to work on /home/airflow/.local/lib/python3.12/site-packages/airflow/example_dags/example_nested_branch_dag.py
[2024-10-04T00:15:04.821+0000] {processor.py:914} INFO - Processing file /home/airflow/.local/lib/python3.12/site-packages/airflow/example_dags/example_nested_branch_dag.py for tasks to queue
[2024-10-04T00:15:04.823+0000] {logging_mixin.py:190} INFO - [2024-10-04T00:15:04.823+0000] {dagbag.py:588} INFO - Filling up the DagBag from /home/airflow/.local/lib/python3.12/site-packages/airflow/example_dags/example_nested_branch_dag.py
[2024-10-04T00:15:04.835+0000] {processor.py:925} INFO - DAG(s) 'example_nested_branch_dag' retrieved from /home/airflow/.local/lib/python3.12/site-packages/airflow/example_dags/example_nested_branch_dag.py
[2024-10-04T00:15:04.856+0000] {logging_mixin.py:190} INFO - [2024-10-04T00:15:04.856+0000] {dag.py:3239} INFO - Sync 1 DAGs
[2024-10-04T00:15:04.876+0000] {logging_mixin.py:190} INFO - [2024-10-04T00:15:04.876+0000] {dag.py:4180} INFO - Setting next_dagrun for example_nested_branch_dag to 2024-10-03 00:00:00+00:00, run_after=2024-10-04 00:00:00+00:00
[2024-10-04T00:15:04.891+0000] {processor.py:208} INFO - Processing /home/airflow/.local/lib/python3.12/site-packages/airflow/example_dags/example_nested_branch_dag.py took 0.077 seconds
[2024-10-04T00:15:35.777+0000] {processor.py:186} INFO - Started process (PID=1910) to work on /home/airflow/.local/lib/python3.12/site-packages/airflow/example_dags/example_nested_branch_dag.py
[2024-10-04T00:15:35.779+0000] {processor.py:914} INFO - Processing file /home/airflow/.local/lib/python3.12/site-packages/airflow/example_dags/example_nested_branch_dag.py for tasks to queue
[2024-10-04T00:15:35.781+0000] {logging_mixin.py:190} INFO - [2024-10-04T00:15:35.781+0000] {dagbag.py:588} INFO - Filling up the DagBag from /home/airflow/.local/lib/python3.12/site-packages/airflow/example_dags/example_nested_branch_dag.py
[2024-10-04T00:15:35.793+0000] {processor.py:925} INFO - DAG(s) 'example_nested_branch_dag' retrieved from /home/airflow/.local/lib/python3.12/site-packages/airflow/example_dags/example_nested_branch_dag.py
[2024-10-04T00:15:35.814+0000] {logging_mixin.py:190} INFO - [2024-10-04T00:15:35.814+0000] {dag.py:3239} INFO - Sync 1 DAGs
[2024-10-04T00:15:35.835+0000] {logging_mixin.py:190} INFO - [2024-10-04T00:15:35.834+0000] {dag.py:4180} INFO - Setting next_dagrun for example_nested_branch_dag to 2024-10-03 00:00:00+00:00, run_after=2024-10-04 00:00:00+00:00
[2024-10-04T00:15:35.849+0000] {processor.py:208} INFO - Processing /home/airflow/.local/lib/python3.12/site-packages/airflow/example_dags/example_nested_branch_dag.py took 0.079 seconds
[2024-10-04T00:16:06.121+0000] {processor.py:186} INFO - Started process (PID=2196) to work on /home/airflow/.local/lib/python3.12/site-packages/airflow/example_dags/example_nested_branch_dag.py
[2024-10-04T00:16:06.122+0000] {processor.py:914} INFO - Processing file /home/airflow/.local/lib/python3.12/site-packages/airflow/example_dags/example_nested_branch_dag.py for tasks to queue
[2024-10-04T00:16:06.125+0000] {logging_mixin.py:190} INFO - [2024-10-04T00:16:06.125+0000] {dagbag.py:588} INFO - Filling up the DagBag from /home/airflow/.local/lib/python3.12/site-packages/airflow/example_dags/example_nested_branch_dag.py
[2024-10-04T00:16:06.136+0000] {processor.py:925} INFO - DAG(s) 'example_nested_branch_dag' retrieved from /home/airflow/.local/lib/python3.12/site-packages/airflow/example_dags/example_nested_branch_dag.py
[2024-10-04T00:16:06.157+0000] {logging_mixin.py:190} INFO - [2024-10-04T00:16:06.156+0000] {dag.py:3239} INFO - Sync 1 DAGs
[2024-10-04T00:16:06.178+0000] {logging_mixin.py:190} INFO - [2024-10-04T00:16:06.178+0000] {dag.py:4180} INFO - Setting next_dagrun for example_nested_branch_dag to 2024-10-03 00:00:00+00:00, run_after=2024-10-04 00:00:00+00:00
[2024-10-04T00:16:06.192+0000] {processor.py:208} INFO - Processing /home/airflow/.local/lib/python3.12/site-packages/airflow/example_dags/example_nested_branch_dag.py took 0.078 seconds
[2024-10-04T00:16:36.682+0000] {processor.py:186} INFO - Started process (PID=2482) to work on /home/airflow/.local/lib/python3.12/site-packages/airflow/example_dags/example_nested_branch_dag.py
[2024-10-04T00:16:36.684+0000] {processor.py:914} INFO - Processing file /home/airflow/.local/lib/python3.12/site-packages/airflow/example_dags/example_nested_branch_dag.py for tasks to queue
[2024-10-04T00:16:36.689+0000] {logging_mixin.py:190} INFO - [2024-10-04T00:16:36.688+0000] {dagbag.py:588} INFO - Filling up the DagBag from /home/airflow/.local/lib/python3.12/site-packages/airflow/example_dags/example_nested_branch_dag.py
[2024-10-04T00:16:36.705+0000] {processor.py:925} INFO - DAG(s) 'example_nested_branch_dag' retrieved from /home/airflow/.local/lib/python3.12/site-packages/airflow/example_dags/example_nested_branch_dag.py
[2024-10-04T00:16:36.733+0000] {logging_mixin.py:190} INFO - [2024-10-04T00:16:36.733+0000] {dag.py:3239} INFO - Sync 1 DAGs
[2024-10-04T00:16:36.772+0000] {logging_mixin.py:190} INFO - [2024-10-04T00:16:36.772+0000] {dag.py:4180} INFO - Setting next_dagrun for example_nested_branch_dag to 2024-10-03 00:00:00+00:00, run_after=2024-10-04 00:00:00+00:00
[2024-10-04T00:16:36.792+0000] {processor.py:208} INFO - Processing /home/airflow/.local/lib/python3.12/site-packages/airflow/example_dags/example_nested_branch_dag.py took 0.117 seconds
[2024-10-04T00:17:07.509+0000] {processor.py:186} INFO - Started process (PID=2768) to work on /home/airflow/.local/lib/python3.12/site-packages/airflow/example_dags/example_nested_branch_dag.py
[2024-10-04T00:17:07.511+0000] {processor.py:914} INFO - Processing file /home/airflow/.local/lib/python3.12/site-packages/airflow/example_dags/example_nested_branch_dag.py for tasks to queue
[2024-10-04T00:17:07.514+0000] {logging_mixin.py:190} INFO - [2024-10-04T00:17:07.514+0000] {dagbag.py:588} INFO - Filling up the DagBag from /home/airflow/.local/lib/python3.12/site-packages/airflow/example_dags/example_nested_branch_dag.py
[2024-10-04T00:17:07.529+0000] {processor.py:925} INFO - DAG(s) 'example_nested_branch_dag' retrieved from /home/airflow/.local/lib/python3.12/site-packages/airflow/example_dags/example_nested_branch_dag.py
[2024-10-04T00:17:07.561+0000] {logging_mixin.py:190} INFO - [2024-10-04T00:17:07.561+0000] {dag.py:3239} INFO - Sync 1 DAGs
[2024-10-04T00:17:07.582+0000] {logging_mixin.py:190} INFO - [2024-10-04T00:17:07.582+0000] {dag.py:4180} INFO - Setting next_dagrun for example_nested_branch_dag to 2024-10-03 00:00:00+00:00, run_after=2024-10-04 00:00:00+00:00
[2024-10-04T00:17:07.597+0000] {processor.py:208} INFO - Processing /home/airflow/.local/lib/python3.12/site-packages/airflow/example_dags/example_nested_branch_dag.py took 0.100 seconds
[2024-10-04T00:17:38.789+0000] {processor.py:186} INFO - Started process (PID=3054) to work on /home/airflow/.local/lib/python3.12/site-packages/airflow/example_dags/example_nested_branch_dag.py
[2024-10-04T00:17:38.794+0000] {processor.py:914} INFO - Processing file /home/airflow/.local/lib/python3.12/site-packages/airflow/example_dags/example_nested_branch_dag.py for tasks to queue
[2024-10-04T00:17:38.803+0000] {logging_mixin.py:190} INFO - [2024-10-04T00:17:38.802+0000] {dagbag.py:588} INFO - Filling up the DagBag from /home/airflow/.local/lib/python3.12/site-packages/airflow/example_dags/example_nested_branch_dag.py
[2024-10-04T00:17:38.840+0000] {processor.py:925} INFO - DAG(s) 'example_nested_branch_dag' retrieved from /home/airflow/.local/lib/python3.12/site-packages/airflow/example_dags/example_nested_branch_dag.py
[2024-10-04T00:17:38.904+0000] {logging_mixin.py:190} INFO - [2024-10-04T00:17:38.904+0000] {dag.py:3239} INFO - Sync 1 DAGs
[2024-10-04T00:17:38.963+0000] {logging_mixin.py:190} INFO - [2024-10-04T00:17:38.963+0000] {dag.py:4180} INFO - Setting next_dagrun for example_nested_branch_dag to 2024-10-03 00:00:00+00:00, run_after=2024-10-04 00:00:00+00:00
[2024-10-04T00:17:39.005+0000] {processor.py:208} INFO - Processing /home/airflow/.local/lib/python3.12/site-packages/airflow/example_dags/example_nested_branch_dag.py took 0.240 seconds
[2024-10-04T00:18:09.878+0000] {processor.py:186} INFO - Started process (PID=3340) to work on /home/airflow/.local/lib/python3.12/site-packages/airflow/example_dags/example_nested_branch_dag.py
[2024-10-04T00:18:09.881+0000] {processor.py:914} INFO - Processing file /home/airflow/.local/lib/python3.12/site-packages/airflow/example_dags/example_nested_branch_dag.py for tasks to queue
[2024-10-04T00:18:09.902+0000] {logging_mixin.py:190} INFO - [2024-10-04T00:18:09.901+0000] {dagbag.py:588} INFO - Filling up the DagBag from /home/airflow/.local/lib/python3.12/site-packages/airflow/example_dags/example_nested_branch_dag.py
[2024-10-04T00:18:09.931+0000] {processor.py:925} INFO - DAG(s) 'example_nested_branch_dag' retrieved from /home/airflow/.local/lib/python3.12/site-packages/airflow/example_dags/example_nested_branch_dag.py
[2024-10-04T00:18:10.150+0000] {logging_mixin.py:190} INFO - [2024-10-04T00:18:10.148+0000] {dag.py:3239} INFO - Sync 1 DAGs
[2024-10-04T00:18:10.268+0000] {logging_mixin.py:190} INFO - [2024-10-04T00:18:10.268+0000] {dag.py:4180} INFO - Setting next_dagrun for example_nested_branch_dag to 2024-10-03 00:00:00+00:00, run_after=2024-10-04 00:00:00+00:00
[2024-10-04T00:18:10.337+0000] {processor.py:208} INFO - Processing /home/airflow/.local/lib/python3.12/site-packages/airflow/example_dags/example_nested_branch_dag.py took 0.472 seconds
[2024-10-04T00:18:41.065+0000] {processor.py:186} INFO - Started process (PID=3626) to work on /home/airflow/.local/lib/python3.12/site-packages/airflow/example_dags/example_nested_branch_dag.py
[2024-10-04T00:18:41.066+0000] {processor.py:914} INFO - Processing file /home/airflow/.local/lib/python3.12/site-packages/airflow/example_dags/example_nested_branch_dag.py for tasks to queue
[2024-10-04T00:18:41.069+0000] {logging_mixin.py:190} INFO - [2024-10-04T00:18:41.069+0000] {dagbag.py:588} INFO - Filling up the DagBag from /home/airflow/.local/lib/python3.12/site-packages/airflow/example_dags/example_nested_branch_dag.py
[2024-10-04T00:18:41.087+0000] {processor.py:925} INFO - DAG(s) 'example_nested_branch_dag' retrieved from /home/airflow/.local/lib/python3.12/site-packages/airflow/example_dags/example_nested_branch_dag.py
[2024-10-04T00:18:41.111+0000] {logging_mixin.py:190} INFO - [2024-10-04T00:18:41.111+0000] {dag.py:3239} INFO - Sync 1 DAGs
[2024-10-04T00:18:41.134+0000] {logging_mixin.py:190} INFO - [2024-10-04T00:18:41.133+0000] {dag.py:4180} INFO - Setting next_dagrun for example_nested_branch_dag to 2024-10-03 00:00:00+00:00, run_after=2024-10-04 00:00:00+00:00
[2024-10-04T00:18:41.158+0000] {processor.py:208} INFO - Processing /home/airflow/.local/lib/python3.12/site-packages/airflow/example_dags/example_nested_branch_dag.py took 0.116 seconds
[2024-10-04T00:19:11.850+0000] {processor.py:186} INFO - Started process (PID=3912) to work on /home/airflow/.local/lib/python3.12/site-packages/airflow/example_dags/example_nested_branch_dag.py
[2024-10-04T00:19:11.852+0000] {processor.py:914} INFO - Processing file /home/airflow/.local/lib/python3.12/site-packages/airflow/example_dags/example_nested_branch_dag.py for tasks to queue
[2024-10-04T00:19:11.854+0000] {logging_mixin.py:190} INFO - [2024-10-04T00:19:11.854+0000] {dagbag.py:588} INFO - Filling up the DagBag from /home/airflow/.local/lib/python3.12/site-packages/airflow/example_dags/example_nested_branch_dag.py
[2024-10-04T00:19:11.866+0000] {processor.py:925} INFO - DAG(s) 'example_nested_branch_dag' retrieved from /home/airflow/.local/lib/python3.12/site-packages/airflow/example_dags/example_nested_branch_dag.py
[2024-10-04T00:19:11.887+0000] {logging_mixin.py:190} INFO - [2024-10-04T00:19:11.887+0000] {dag.py:3239} INFO - Sync 1 DAGs
[2024-10-04T00:19:11.906+0000] {logging_mixin.py:190} INFO - [2024-10-04T00:19:11.906+0000] {dag.py:4180} INFO - Setting next_dagrun for example_nested_branch_dag to 2024-10-03 00:00:00+00:00, run_after=2024-10-04 00:00:00+00:00
[2024-10-04T00:19:11.921+0000] {processor.py:208} INFO - Processing /home/airflow/.local/lib/python3.12/site-packages/airflow/example_dags/example_nested_branch_dag.py took 0.079 seconds
[2024-10-04T00:19:42.188+0000] {processor.py:186} INFO - Started process (PID=4198) to work on /home/airflow/.local/lib/python3.12/site-packages/airflow/example_dags/example_nested_branch_dag.py
[2024-10-04T00:19:42.189+0000] {processor.py:914} INFO - Processing file /home/airflow/.local/lib/python3.12/site-packages/airflow/example_dags/example_nested_branch_dag.py for tasks to queue
[2024-10-04T00:19:42.191+0000] {logging_mixin.py:190} INFO - [2024-10-04T00:19:42.191+0000] {dagbag.py:588} INFO - Filling up the DagBag from /home/airflow/.local/lib/python3.12/site-packages/airflow/example_dags/example_nested_branch_dag.py
[2024-10-04T00:19:42.204+0000] {processor.py:925} INFO - DAG(s) 'example_nested_branch_dag' retrieved from /home/airflow/.local/lib/python3.12/site-packages/airflow/example_dags/example_nested_branch_dag.py
[2024-10-04T00:19:42.224+0000] {logging_mixin.py:190} INFO - [2024-10-04T00:19:42.224+0000] {dag.py:3239} INFO - Sync 1 DAGs
[2024-10-04T00:19:42.245+0000] {logging_mixin.py:190} INFO - [2024-10-04T00:19:42.245+0000] {dag.py:4180} INFO - Setting next_dagrun for example_nested_branch_dag to 2024-10-03 00:00:00+00:00, run_after=2024-10-04 00:00:00+00:00
[2024-10-04T00:19:42.259+0000] {processor.py:208} INFO - Processing /home/airflow/.local/lib/python3.12/site-packages/airflow/example_dags/example_nested_branch_dag.py took 0.077 seconds
[2024-10-04T00:20:12.863+0000] {processor.py:186} INFO - Started process (PID=4484) to work on /home/airflow/.local/lib/python3.12/site-packages/airflow/example_dags/example_nested_branch_dag.py
[2024-10-04T00:20:12.864+0000] {processor.py:914} INFO - Processing file /home/airflow/.local/lib/python3.12/site-packages/airflow/example_dags/example_nested_branch_dag.py for tasks to queue
[2024-10-04T00:20:12.867+0000] {logging_mixin.py:190} INFO - [2024-10-04T00:20:12.866+0000] {dagbag.py:588} INFO - Filling up the DagBag from /home/airflow/.local/lib/python3.12/site-packages/airflow/example_dags/example_nested_branch_dag.py
[2024-10-04T00:20:12.877+0000] {processor.py:925} INFO - DAG(s) 'example_nested_branch_dag' retrieved from /home/airflow/.local/lib/python3.12/site-packages/airflow/example_dags/example_nested_branch_dag.py
[2024-10-04T00:20:12.897+0000] {logging_mixin.py:190} INFO - [2024-10-04T00:20:12.897+0000] {dag.py:3239} INFO - Sync 1 DAGs
[2024-10-04T00:20:12.916+0000] {logging_mixin.py:190} INFO - [2024-10-04T00:20:12.916+0000] {dag.py:4180} INFO - Setting next_dagrun for example_nested_branch_dag to 2024-10-03 00:00:00+00:00, run_after=2024-10-04 00:00:00+00:00
[2024-10-04T00:20:12.932+0000] {processor.py:208} INFO - Processing /home/airflow/.local/lib/python3.12/site-packages/airflow/example_dags/example_nested_branch_dag.py took 0.075 seconds
[2024-10-04T00:20:43.675+0000] {processor.py:186} INFO - Started process (PID=4776) to work on /home/airflow/.local/lib/python3.12/site-packages/airflow/example_dags/example_nested_branch_dag.py
[2024-10-04T00:20:43.676+0000] {processor.py:914} INFO - Processing file /home/airflow/.local/lib/python3.12/site-packages/airflow/example_dags/example_nested_branch_dag.py for tasks to queue
[2024-10-04T00:20:43.679+0000] {logging_mixin.py:190} INFO - [2024-10-04T00:20:43.679+0000] {dagbag.py:588} INFO - Filling up the DagBag from /home/airflow/.local/lib/python3.12/site-packages/airflow/example_dags/example_nested_branch_dag.py
[2024-10-04T00:20:43.691+0000] {processor.py:925} INFO - DAG(s) 'example_nested_branch_dag' retrieved from /home/airflow/.local/lib/python3.12/site-packages/airflow/example_dags/example_nested_branch_dag.py
[2024-10-04T00:20:43.712+0000] {logging_mixin.py:190} INFO - [2024-10-04T00:20:43.712+0000] {dag.py:3239} INFO - Sync 1 DAGs
[2024-10-04T00:20:43.732+0000] {logging_mixin.py:190} INFO - [2024-10-04T00:20:43.732+0000] {dag.py:4180} INFO - Setting next_dagrun for example_nested_branch_dag to 2024-10-03 00:00:00+00:00, run_after=2024-10-04 00:00:00+00:00
[2024-10-04T00:20:43.746+0000] {processor.py:208} INFO - Processing /home/airflow/.local/lib/python3.12/site-packages/airflow/example_dags/example_nested_branch_dag.py took 0.079 seconds
[2024-10-04T00:21:13.867+0000] {processor.py:186} INFO - Started process (PID=5059) to work on /home/airflow/.local/lib/python3.12/site-packages/airflow/example_dags/example_nested_branch_dag.py
[2024-10-04T00:21:13.868+0000] {processor.py:914} INFO - Processing file /home/airflow/.local/lib/python3.12/site-packages/airflow/example_dags/example_nested_branch_dag.py for tasks to queue
[2024-10-04T00:21:13.871+0000] {logging_mixin.py:190} INFO - [2024-10-04T00:21:13.871+0000] {dagbag.py:588} INFO - Filling up the DagBag from /home/airflow/.local/lib/python3.12/site-packages/airflow/example_dags/example_nested_branch_dag.py
[2024-10-04T00:21:13.884+0000] {processor.py:925} INFO - DAG(s) 'example_nested_branch_dag' retrieved from /home/airflow/.local/lib/python3.12/site-packages/airflow/example_dags/example_nested_branch_dag.py
[2024-10-04T00:21:13.906+0000] {logging_mixin.py:190} INFO - [2024-10-04T00:21:13.905+0000] {dag.py:3239} INFO - Sync 1 DAGs
[2024-10-04T00:21:13.925+0000] {logging_mixin.py:190} INFO - [2024-10-04T00:21:13.924+0000] {dag.py:4180} INFO - Setting next_dagrun for example_nested_branch_dag to 2024-10-03 00:00:00+00:00, run_after=2024-10-04 00:00:00+00:00
[2024-10-04T00:21:13.938+0000] {processor.py:208} INFO - Processing /home/airflow/.local/lib/python3.12/site-packages/airflow/example_dags/example_nested_branch_dag.py took 0.078 seconds
[2024-10-04T00:21:44.440+0000] {processor.py:186} INFO - Started process (PID=5348) to work on /home/airflow/.local/lib/python3.12/site-packages/airflow/example_dags/example_nested_branch_dag.py
[2024-10-04T00:21:44.441+0000] {processor.py:914} INFO - Processing file /home/airflow/.local/lib/python3.12/site-packages/airflow/example_dags/example_nested_branch_dag.py for tasks to queue
[2024-10-04T00:21:44.444+0000] {logging_mixin.py:190} INFO - [2024-10-04T00:21:44.444+0000] {dagbag.py:588} INFO - Filling up the DagBag from /home/airflow/.local/lib/python3.12/site-packages/airflow/example_dags/example_nested_branch_dag.py
[2024-10-04T00:21:44.455+0000] {processor.py:925} INFO - DAG(s) 'example_nested_branch_dag' retrieved from /home/airflow/.local/lib/python3.12/site-packages/airflow/example_dags/example_nested_branch_dag.py
[2024-10-04T00:21:44.473+0000] {logging_mixin.py:190} INFO - [2024-10-04T00:21:44.473+0000] {dag.py:3239} INFO - Sync 1 DAGs
[2024-10-04T00:21:44.492+0000] {logging_mixin.py:190} INFO - [2024-10-04T00:21:44.492+0000] {dag.py:4180} INFO - Setting next_dagrun for example_nested_branch_dag to 2024-10-03 00:00:00+00:00, run_after=2024-10-04 00:00:00+00:00
[2024-10-04T00:21:44.505+0000] {processor.py:208} INFO - Processing /home/airflow/.local/lib/python3.12/site-packages/airflow/example_dags/example_nested_branch_dag.py took 0.071 seconds
[2024-10-04T00:22:14.618+0000] {processor.py:186} INFO - Started process (PID=5631) to work on /home/airflow/.local/lib/python3.12/site-packages/airflow/example_dags/example_nested_branch_dag.py
[2024-10-04T00:22:14.620+0000] {processor.py:914} INFO - Processing file /home/airflow/.local/lib/python3.12/site-packages/airflow/example_dags/example_nested_branch_dag.py for tasks to queue
[2024-10-04T00:22:14.623+0000] {logging_mixin.py:190} INFO - [2024-10-04T00:22:14.623+0000] {dagbag.py:588} INFO - Filling up the DagBag from /home/airflow/.local/lib/python3.12/site-packages/airflow/example_dags/example_nested_branch_dag.py
[2024-10-04T00:22:14.635+0000] {processor.py:925} INFO - DAG(s) 'example_nested_branch_dag' retrieved from /home/airflow/.local/lib/python3.12/site-packages/airflow/example_dags/example_nested_branch_dag.py
[2024-10-04T00:22:14.654+0000] {logging_mixin.py:190} INFO - [2024-10-04T00:22:14.654+0000] {dag.py:3239} INFO - Sync 1 DAGs
[2024-10-04T00:22:14.672+0000] {logging_mixin.py:190} INFO - [2024-10-04T00:22:14.672+0000] {dag.py:4180} INFO - Setting next_dagrun for example_nested_branch_dag to 2024-10-03 00:00:00+00:00, run_after=2024-10-04 00:00:00+00:00
[2024-10-04T00:22:14.694+0000] {processor.py:208} INFO - Processing /home/airflow/.local/lib/python3.12/site-packages/airflow/example_dags/example_nested_branch_dag.py took 0.084 seconds
[2024-10-04T00:22:45.559+0000] {processor.py:186} INFO - Started process (PID=5920) to work on /home/airflow/.local/lib/python3.12/site-packages/airflow/example_dags/example_nested_branch_dag.py
[2024-10-04T00:22:45.562+0000] {processor.py:914} INFO - Processing file /home/airflow/.local/lib/python3.12/site-packages/airflow/example_dags/example_nested_branch_dag.py for tasks to queue
[2024-10-04T00:22:45.567+0000] {logging_mixin.py:190} INFO - [2024-10-04T00:22:45.567+0000] {dagbag.py:588} INFO - Filling up the DagBag from /home/airflow/.local/lib/python3.12/site-packages/airflow/example_dags/example_nested_branch_dag.py
[2024-10-04T00:22:45.627+0000] {processor.py:925} INFO - DAG(s) 'example_nested_branch_dag' retrieved from /home/airflow/.local/lib/python3.12/site-packages/airflow/example_dags/example_nested_branch_dag.py
[2024-10-04T00:22:45.783+0000] {logging_mixin.py:190} INFO - [2024-10-04T00:22:45.782+0000] {dag.py:3239} INFO - Sync 1 DAGs
[2024-10-04T00:22:45.830+0000] {logging_mixin.py:190} INFO - [2024-10-04T00:22:45.830+0000] {dag.py:4180} INFO - Setting next_dagrun for example_nested_branch_dag to 2024-10-03 00:00:00+00:00, run_after=2024-10-04 00:00:00+00:00
[2024-10-04T00:22:45.895+0000] {processor.py:208} INFO - Processing /home/airflow/.local/lib/python3.12/site-packages/airflow/example_dags/example_nested_branch_dag.py took 0.346 seconds
[2024-10-04T00:23:16.744+0000] {processor.py:186} INFO - Started process (PID=6206) to work on /home/airflow/.local/lib/python3.12/site-packages/airflow/example_dags/example_nested_branch_dag.py
[2024-10-04T00:23:16.746+0000] {processor.py:914} INFO - Processing file /home/airflow/.local/lib/python3.12/site-packages/airflow/example_dags/example_nested_branch_dag.py for tasks to queue
[2024-10-04T00:23:16.755+0000] {logging_mixin.py:190} INFO - [2024-10-04T00:23:16.754+0000] {dagbag.py:588} INFO - Filling up the DagBag from /home/airflow/.local/lib/python3.12/site-packages/airflow/example_dags/example_nested_branch_dag.py
[2024-10-04T00:23:16.798+0000] {processor.py:925} INFO - DAG(s) 'example_nested_branch_dag' retrieved from /home/airflow/.local/lib/python3.12/site-packages/airflow/example_dags/example_nested_branch_dag.py
[2024-10-04T00:23:16.827+0000] {logging_mixin.py:190} INFO - [2024-10-04T00:23:16.827+0000] {dag.py:3239} INFO - Sync 1 DAGs
[2024-10-04T00:23:16.857+0000] {logging_mixin.py:190} INFO - [2024-10-04T00:23:16.857+0000] {dag.py:4180} INFO - Setting next_dagrun for example_nested_branch_dag to 2024-10-03 00:00:00+00:00, run_after=2024-10-04 00:00:00+00:00
[2024-10-04T00:23:16.875+0000] {processor.py:208} INFO - Processing /home/airflow/.local/lib/python3.12/site-packages/airflow/example_dags/example_nested_branch_dag.py took 0.141 seconds
[2024-10-04T00:23:47.563+0000] {processor.py:186} INFO - Started process (PID=6489) to work on /home/airflow/.local/lib/python3.12/site-packages/airflow/example_dags/example_nested_branch_dag.py
[2024-10-04T00:23:47.580+0000] {processor.py:914} INFO - Processing file /home/airflow/.local/lib/python3.12/site-packages/airflow/example_dags/example_nested_branch_dag.py for tasks to queue
[2024-10-04T00:23:47.602+0000] {logging_mixin.py:190} INFO - [2024-10-04T00:23:47.601+0000] {dagbag.py:588} INFO - Filling up the DagBag from /home/airflow/.local/lib/python3.12/site-packages/airflow/example_dags/example_nested_branch_dag.py
[2024-10-04T00:23:47.758+0000] {processor.py:925} INFO - DAG(s) 'example_nested_branch_dag' retrieved from /home/airflow/.local/lib/python3.12/site-packages/airflow/example_dags/example_nested_branch_dag.py
[2024-10-04T00:23:47.885+0000] {logging_mixin.py:190} INFO - [2024-10-04T00:23:47.884+0000] {dag.py:3239} INFO - Sync 1 DAGs
[2024-10-04T00:23:47.970+0000] {logging_mixin.py:190} INFO - [2024-10-04T00:23:47.970+0000] {dag.py:4180} INFO - Setting next_dagrun for example_nested_branch_dag to 2024-10-03 00:00:00+00:00, run_after=2024-10-04 00:00:00+00:00
[2024-10-04T00:23:48.005+0000] {processor.py:208} INFO - Processing /home/airflow/.local/lib/python3.12/site-packages/airflow/example_dags/example_nested_branch_dag.py took 0.503 seconds
[2024-10-04T00:24:18.997+0000] {processor.py:186} INFO - Started process (PID=6778) to work on /home/airflow/.local/lib/python3.12/site-packages/airflow/example_dags/example_nested_branch_dag.py
[2024-10-04T00:24:18.998+0000] {processor.py:914} INFO - Processing file /home/airflow/.local/lib/python3.12/site-packages/airflow/example_dags/example_nested_branch_dag.py for tasks to queue
[2024-10-04T00:24:19.002+0000] {logging_mixin.py:190} INFO - [2024-10-04T00:24:19.002+0000] {dagbag.py:588} INFO - Filling up the DagBag from /home/airflow/.local/lib/python3.12/site-packages/airflow/example_dags/example_nested_branch_dag.py
[2024-10-04T00:24:19.023+0000] {processor.py:925} INFO - DAG(s) 'example_nested_branch_dag' retrieved from /home/airflow/.local/lib/python3.12/site-packages/airflow/example_dags/example_nested_branch_dag.py
[2024-10-04T00:24:19.057+0000] {logging_mixin.py:190} INFO - [2024-10-04T00:24:19.057+0000] {dag.py:3239} INFO - Sync 1 DAGs
[2024-10-04T00:24:19.086+0000] {logging_mixin.py:190} INFO - [2024-10-04T00:24:19.086+0000] {dag.py:4180} INFO - Setting next_dagrun for example_nested_branch_dag to 2024-10-03 00:00:00+00:00, run_after=2024-10-04 00:00:00+00:00
[2024-10-04T00:24:19.103+0000] {processor.py:208} INFO - Processing /home/airflow/.local/lib/python3.12/site-packages/airflow/example_dags/example_nested_branch_dag.py took 0.120 seconds
[2024-10-04T00:24:49.779+0000] {processor.py:186} INFO - Started process (PID=7064) to work on /home/airflow/.local/lib/python3.12/site-packages/airflow/example_dags/example_nested_branch_dag.py
[2024-10-04T00:24:49.781+0000] {processor.py:914} INFO - Processing file /home/airflow/.local/lib/python3.12/site-packages/airflow/example_dags/example_nested_branch_dag.py for tasks to queue
[2024-10-04T00:24:49.784+0000] {logging_mixin.py:190} INFO - [2024-10-04T00:24:49.783+0000] {dagbag.py:588} INFO - Filling up the DagBag from /home/airflow/.local/lib/python3.12/site-packages/airflow/example_dags/example_nested_branch_dag.py
[2024-10-04T00:24:49.794+0000] {processor.py:925} INFO - DAG(s) 'example_nested_branch_dag' retrieved from /home/airflow/.local/lib/python3.12/site-packages/airflow/example_dags/example_nested_branch_dag.py
[2024-10-04T00:24:49.818+0000] {logging_mixin.py:190} INFO - [2024-10-04T00:24:49.818+0000] {dag.py:3239} INFO - Sync 1 DAGs
[2024-10-04T00:24:49.838+0000] {logging_mixin.py:190} INFO - [2024-10-04T00:24:49.838+0000] {dag.py:4180} INFO - Setting next_dagrun for example_nested_branch_dag to 2024-10-03 00:00:00+00:00, run_after=2024-10-04 00:00:00+00:00
[2024-10-04T00:24:49.852+0000] {processor.py:208} INFO - Processing /home/airflow/.local/lib/python3.12/site-packages/airflow/example_dags/example_nested_branch_dag.py took 0.079 seconds
[2024-10-04T00:25:20.404+0000] {processor.py:186} INFO - Started process (PID=7350) to work on /home/airflow/.local/lib/python3.12/site-packages/airflow/example_dags/example_nested_branch_dag.py
[2024-10-04T00:25:20.405+0000] {processor.py:914} INFO - Processing file /home/airflow/.local/lib/python3.12/site-packages/airflow/example_dags/example_nested_branch_dag.py for tasks to queue
[2024-10-04T00:25:20.408+0000] {logging_mixin.py:190} INFO - [2024-10-04T00:25:20.408+0000] {dagbag.py:588} INFO - Filling up the DagBag from /home/airflow/.local/lib/python3.12/site-packages/airflow/example_dags/example_nested_branch_dag.py
[2024-10-04T00:25:20.420+0000] {processor.py:925} INFO - DAG(s) 'example_nested_branch_dag' retrieved from /home/airflow/.local/lib/python3.12/site-packages/airflow/example_dags/example_nested_branch_dag.py
[2024-10-04T00:25:20.449+0000] {logging_mixin.py:190} INFO - [2024-10-04T00:25:20.449+0000] {dag.py:3239} INFO - Sync 1 DAGs
[2024-10-04T00:25:20.472+0000] {logging_mixin.py:190} INFO - [2024-10-04T00:25:20.472+0000] {dag.py:4180} INFO - Setting next_dagrun for example_nested_branch_dag to 2024-10-03 00:00:00+00:00, run_after=2024-10-04 00:00:00+00:00
[2024-10-04T00:25:20.486+0000] {processor.py:208} INFO - Processing /home/airflow/.local/lib/python3.12/site-packages/airflow/example_dags/example_nested_branch_dag.py took 0.089 seconds
[2024-10-04T00:25:51.411+0000] {processor.py:186} INFO - Started process (PID=7636) to work on /home/airflow/.local/lib/python3.12/site-packages/airflow/example_dags/example_nested_branch_dag.py
[2024-10-04T00:25:51.413+0000] {processor.py:914} INFO - Processing file /home/airflow/.local/lib/python3.12/site-packages/airflow/example_dags/example_nested_branch_dag.py for tasks to queue
[2024-10-04T00:25:51.416+0000] {logging_mixin.py:190} INFO - [2024-10-04T00:25:51.415+0000] {dagbag.py:588} INFO - Filling up the DagBag from /home/airflow/.local/lib/python3.12/site-packages/airflow/example_dags/example_nested_branch_dag.py
[2024-10-04T00:25:51.428+0000] {processor.py:925} INFO - DAG(s) 'example_nested_branch_dag' retrieved from /home/airflow/.local/lib/python3.12/site-packages/airflow/example_dags/example_nested_branch_dag.py
[2024-10-04T00:25:51.446+0000] {logging_mixin.py:190} INFO - [2024-10-04T00:25:51.446+0000] {dag.py:3239} INFO - Sync 1 DAGs
[2024-10-04T00:25:51.465+0000] {logging_mixin.py:190} INFO - [2024-10-04T00:25:51.465+0000] {dag.py:4180} INFO - Setting next_dagrun for example_nested_branch_dag to 2024-10-03 00:00:00+00:00, run_after=2024-10-04 00:00:00+00:00
[2024-10-04T00:25:51.478+0000] {processor.py:208} INFO - Processing /home/airflow/.local/lib/python3.12/site-packages/airflow/example_dags/example_nested_branch_dag.py took 0.073 seconds
[2024-10-04T00:26:21.707+0000] {processor.py:186} INFO - Started process (PID=7922) to work on /home/airflow/.local/lib/python3.12/site-packages/airflow/example_dags/example_nested_branch_dag.py
[2024-10-04T00:26:21.708+0000] {processor.py:914} INFO - Processing file /home/airflow/.local/lib/python3.12/site-packages/airflow/example_dags/example_nested_branch_dag.py for tasks to queue
[2024-10-04T00:26:21.711+0000] {logging_mixin.py:190} INFO - [2024-10-04T00:26:21.710+0000] {dagbag.py:588} INFO - Filling up the DagBag from /home/airflow/.local/lib/python3.12/site-packages/airflow/example_dags/example_nested_branch_dag.py
[2024-10-04T00:26:21.724+0000] {processor.py:925} INFO - DAG(s) 'example_nested_branch_dag' retrieved from /home/airflow/.local/lib/python3.12/site-packages/airflow/example_dags/example_nested_branch_dag.py
[2024-10-04T00:26:21.743+0000] {logging_mixin.py:190} INFO - [2024-10-04T00:26:21.743+0000] {dag.py:3239} INFO - Sync 1 DAGs
[2024-10-04T00:26:21.762+0000] {logging_mixin.py:190} INFO - [2024-10-04T00:26:21.762+0000] {dag.py:4180} INFO - Setting next_dagrun for example_nested_branch_dag to 2024-10-03 00:00:00+00:00, run_after=2024-10-04 00:00:00+00:00
[2024-10-04T00:26:21.775+0000] {processor.py:208} INFO - Processing /home/airflow/.local/lib/python3.12/site-packages/airflow/example_dags/example_nested_branch_dag.py took 0.074 seconds
[2024-10-04T00:26:51.926+0000] {processor.py:186} INFO - Started process (PID=8205) to work on /home/airflow/.local/lib/python3.12/site-packages/airflow/example_dags/example_nested_branch_dag.py
[2024-10-04T00:26:51.928+0000] {processor.py:914} INFO - Processing file /home/airflow/.local/lib/python3.12/site-packages/airflow/example_dags/example_nested_branch_dag.py for tasks to queue
[2024-10-04T00:26:51.931+0000] {logging_mixin.py:190} INFO - [2024-10-04T00:26:51.931+0000] {dagbag.py:588} INFO - Filling up the DagBag from /home/airflow/.local/lib/python3.12/site-packages/airflow/example_dags/example_nested_branch_dag.py
[2024-10-04T00:26:51.945+0000] {processor.py:925} INFO - DAG(s) 'example_nested_branch_dag' retrieved from /home/airflow/.local/lib/python3.12/site-packages/airflow/example_dags/example_nested_branch_dag.py
[2024-10-04T00:26:51.965+0000] {logging_mixin.py:190} INFO - [2024-10-04T00:26:51.964+0000] {dag.py:3239} INFO - Sync 1 DAGs
[2024-10-04T00:26:51.986+0000] {logging_mixin.py:190} INFO - [2024-10-04T00:26:51.986+0000] {dag.py:4180} INFO - Setting next_dagrun for example_nested_branch_dag to 2024-10-03 00:00:00+00:00, run_after=2024-10-04 00:00:00+00:00
[2024-10-04T00:26:52.001+0000] {processor.py:208} INFO - Processing /home/airflow/.local/lib/python3.12/site-packages/airflow/example_dags/example_nested_branch_dag.py took 0.084 seconds
[2024-10-04T00:27:22.187+0000] {processor.py:186} INFO - Started process (PID=8491) to work on /home/airflow/.local/lib/python3.12/site-packages/airflow/example_dags/example_nested_branch_dag.py
[2024-10-04T00:27:22.189+0000] {processor.py:914} INFO - Processing file /home/airflow/.local/lib/python3.12/site-packages/airflow/example_dags/example_nested_branch_dag.py for tasks to queue
[2024-10-04T00:27:22.192+0000] {logging_mixin.py:190} INFO - [2024-10-04T00:27:22.191+0000] {dagbag.py:588} INFO - Filling up the DagBag from /home/airflow/.local/lib/python3.12/site-packages/airflow/example_dags/example_nested_branch_dag.py
[2024-10-04T00:27:22.205+0000] {processor.py:925} INFO - DAG(s) 'example_nested_branch_dag' retrieved from /home/airflow/.local/lib/python3.12/site-packages/airflow/example_dags/example_nested_branch_dag.py
[2024-10-04T00:27:22.227+0000] {logging_mixin.py:190} INFO - [2024-10-04T00:27:22.227+0000] {dag.py:3239} INFO - Sync 1 DAGs
[2024-10-04T00:27:22.252+0000] {logging_mixin.py:190} INFO - [2024-10-04T00:27:22.252+0000] {dag.py:4180} INFO - Setting next_dagrun for example_nested_branch_dag to 2024-10-03 00:00:00+00:00, run_after=2024-10-04 00:00:00+00:00
[2024-10-04T00:27:22.273+0000] {processor.py:208} INFO - Processing /home/airflow/.local/lib/python3.12/site-packages/airflow/example_dags/example_nested_branch_dag.py took 0.096 seconds
[2024-10-04T00:27:52.437+0000] {processor.py:186} INFO - Started process (PID=8777) to work on /home/airflow/.local/lib/python3.12/site-packages/airflow/example_dags/example_nested_branch_dag.py
[2024-10-04T00:27:52.439+0000] {processor.py:914} INFO - Processing file /home/airflow/.local/lib/python3.12/site-packages/airflow/example_dags/example_nested_branch_dag.py for tasks to queue
[2024-10-04T00:27:52.442+0000] {logging_mixin.py:190} INFO - [2024-10-04T00:27:52.441+0000] {dagbag.py:588} INFO - Filling up the DagBag from /home/airflow/.local/lib/python3.12/site-packages/airflow/example_dags/example_nested_branch_dag.py
[2024-10-04T00:27:52.458+0000] {processor.py:925} INFO - DAG(s) 'example_nested_branch_dag' retrieved from /home/airflow/.local/lib/python3.12/site-packages/airflow/example_dags/example_nested_branch_dag.py
[2024-10-04T00:27:52.485+0000] {logging_mixin.py:190} INFO - [2024-10-04T00:27:52.485+0000] {dag.py:3239} INFO - Sync 1 DAGs
[2024-10-04T00:27:52.508+0000] {logging_mixin.py:190} INFO - [2024-10-04T00:27:52.508+0000] {dag.py:4180} INFO - Setting next_dagrun for example_nested_branch_dag to 2024-10-03 00:00:00+00:00, run_after=2024-10-04 00:00:00+00:00
[2024-10-04T00:27:52.525+0000] {processor.py:208} INFO - Processing /home/airflow/.local/lib/python3.12/site-packages/airflow/example_dags/example_nested_branch_dag.py took 0.096 seconds
[2024-10-04T00:28:23.000+0000] {processor.py:186} INFO - Started process (PID=9066) to work on /home/airflow/.local/lib/python3.12/site-packages/airflow/example_dags/example_nested_branch_dag.py
[2024-10-04T00:28:23.001+0000] {processor.py:914} INFO - Processing file /home/airflow/.local/lib/python3.12/site-packages/airflow/example_dags/example_nested_branch_dag.py for tasks to queue
[2024-10-04T00:28:23.004+0000] {logging_mixin.py:190} INFO - [2024-10-04T00:28:23.004+0000] {dagbag.py:588} INFO - Filling up the DagBag from /home/airflow/.local/lib/python3.12/site-packages/airflow/example_dags/example_nested_branch_dag.py
[2024-10-04T00:28:23.015+0000] {processor.py:925} INFO - DAG(s) 'example_nested_branch_dag' retrieved from /home/airflow/.local/lib/python3.12/site-packages/airflow/example_dags/example_nested_branch_dag.py
[2024-10-04T00:28:23.034+0000] {logging_mixin.py:190} INFO - [2024-10-04T00:28:23.034+0000] {dag.py:3239} INFO - Sync 1 DAGs
[2024-10-04T00:28:23.054+0000] {logging_mixin.py:190} INFO - [2024-10-04T00:28:23.053+0000] {dag.py:4180} INFO - Setting next_dagrun for example_nested_branch_dag to 2024-10-03 00:00:00+00:00, run_after=2024-10-04 00:00:00+00:00
[2024-10-04T00:28:23.067+0000] {processor.py:208} INFO - Processing /home/airflow/.local/lib/python3.12/site-packages/airflow/example_dags/example_nested_branch_dag.py took 0.074 seconds
[2024-10-04T00:28:53.198+0000] {processor.py:186} INFO - Started process (PID=9349) to work on /home/airflow/.local/lib/python3.12/site-packages/airflow/example_dags/example_nested_branch_dag.py
[2024-10-04T00:28:53.200+0000] {processor.py:914} INFO - Processing file /home/airflow/.local/lib/python3.12/site-packages/airflow/example_dags/example_nested_branch_dag.py for tasks to queue
[2024-10-04T00:28:53.204+0000] {logging_mixin.py:190} INFO - [2024-10-04T00:28:53.203+0000] {dagbag.py:588} INFO - Filling up the DagBag from /home/airflow/.local/lib/python3.12/site-packages/airflow/example_dags/example_nested_branch_dag.py
[2024-10-04T00:28:53.218+0000] {processor.py:925} INFO - DAG(s) 'example_nested_branch_dag' retrieved from /home/airflow/.local/lib/python3.12/site-packages/airflow/example_dags/example_nested_branch_dag.py
[2024-10-04T00:28:53.250+0000] {logging_mixin.py:190} INFO - [2024-10-04T00:28:53.250+0000] {dag.py:3239} INFO - Sync 1 DAGs
[2024-10-04T00:28:53.280+0000] {logging_mixin.py:190} INFO - [2024-10-04T00:28:53.280+0000] {dag.py:4180} INFO - Setting next_dagrun for example_nested_branch_dag to 2024-10-03 00:00:00+00:00, run_after=2024-10-04 00:00:00+00:00
[2024-10-04T00:28:53.296+0000] {processor.py:208} INFO - Processing /home/airflow/.local/lib/python3.12/site-packages/airflow/example_dags/example_nested_branch_dag.py took 0.105 seconds
