[2024-10-04T00:12:30.944+0000] {processor.py:186} INFO - Started process (PID=184) to work on /home/airflow/.local/lib/python3.12/site-packages/airflow/example_dags/example_python_decorator.py
[2024-10-04T00:12:30.945+0000] {processor.py:914} INFO - Processing file /home/airflow/.local/lib/python3.12/site-packages/airflow/example_dags/example_python_decorator.py for tasks to queue
[2024-10-04T00:12:30.947+0000] {logging_mixin.py:190} INFO - [2024-10-04T00:12:30.947+0000] {dagbag.py:588} INFO - Filling up the DagBag from /home/airflow/.local/lib/python3.12/site-packages/airflow/example_dags/example_python_decorator.py
[2024-10-04T00:12:30.960+0000] {processor.py:925} INFO - DAG(s) 'example_python_decorator' retrieved from /home/airflow/.local/lib/python3.12/site-packages/airflow/example_dags/example_python_decorator.py
[2024-10-04T00:12:31.054+0000] {logging_mixin.py:190} INFO - [2024-10-04T00:12:31.052+0000] {override.py:1900} INFO - Created Permission View: can read on DAG:example_python_decorator
[2024-10-04T00:12:31.081+0000] {logging_mixin.py:190} INFO - [2024-10-04T00:12:31.080+0000] {override.py:1900} INFO - Created Permission View: can delete on DAG:example_python_decorator
[2024-10-04T00:12:31.087+0000] {logging_mixin.py:190} INFO - [2024-10-04T00:12:31.086+0000] {override.py:1900} INFO - Created Permission View: can edit on DAG:example_python_decorator
[2024-10-04T00:12:31.093+0000] {logging_mixin.py:190} INFO - [2024-10-04T00:12:31.093+0000] {override.py:1900} INFO - Created Permission View: menu access on DAG Run:example_python_decorator
[2024-10-04T00:12:31.101+0000] {logging_mixin.py:190} INFO - [2024-10-04T00:12:31.101+0000] {override.py:1900} INFO - Created Permission View: can read on DAG Run:example_python_decorator
[2024-10-04T00:12:31.107+0000] {logging_mixin.py:190} INFO - [2024-10-04T00:12:31.106+0000] {override.py:1900} INFO - Created Permission View: can delete on DAG Run:example_python_decorator
[2024-10-04T00:12:31.112+0000] {logging_mixin.py:190} INFO - [2024-10-04T00:12:31.112+0000] {override.py:1900} INFO - Created Permission View: can create on DAG Run:example_python_decorator
[2024-10-04T00:12:31.113+0000] {logging_mixin.py:190} INFO - [2024-10-04T00:12:31.113+0000] {dag.py:3239} INFO - Sync 1 DAGs
[2024-10-04T00:12:31.125+0000] {logging_mixin.py:190} INFO - [2024-10-04T00:12:31.125+0000] {dag.py:3262} INFO - Creating ORM DAG for example_python_decorator
[2024-10-04T00:12:31.126+0000] {logging_mixin.py:190} INFO - [2024-10-04T00:12:31.126+0000] {dag.py:4180} INFO - Setting next_dagrun for example_python_decorator to None, run_after=None
[2024-10-04T00:12:31.145+0000] {processor.py:208} INFO - Processing /home/airflow/.local/lib/python3.12/site-packages/airflow/example_dags/example_python_decorator.py took 0.206 seconds
[2024-10-04T00:13:01.451+0000] {processor.py:186} INFO - Started process (PID=467) to work on /home/airflow/.local/lib/python3.12/site-packages/airflow/example_dags/example_python_decorator.py
[2024-10-04T00:13:01.452+0000] {processor.py:914} INFO - Processing file /home/airflow/.local/lib/python3.12/site-packages/airflow/example_dags/example_python_decorator.py for tasks to queue
[2024-10-04T00:13:01.454+0000] {logging_mixin.py:190} INFO - [2024-10-04T00:13:01.454+0000] {dagbag.py:588} INFO - Filling up the DagBag from /home/airflow/.local/lib/python3.12/site-packages/airflow/example_dags/example_python_decorator.py
[2024-10-04T00:13:01.468+0000] {processor.py:925} INFO - DAG(s) 'example_python_decorator' retrieved from /home/airflow/.local/lib/python3.12/site-packages/airflow/example_dags/example_python_decorator.py
[2024-10-04T00:13:01.490+0000] {logging_mixin.py:190} INFO - [2024-10-04T00:13:01.490+0000] {dag.py:3239} INFO - Sync 1 DAGs
[2024-10-04T00:13:01.502+0000] {logging_mixin.py:190} INFO - [2024-10-04T00:13:01.501+0000] {dag.py:4180} INFO - Setting next_dagrun for example_python_decorator to None, run_after=None
[2024-10-04T00:13:01.521+0000] {processor.py:208} INFO - Processing /home/airflow/.local/lib/python3.12/site-packages/airflow/example_dags/example_python_decorator.py took 0.075 seconds
[2024-10-04T00:13:32.150+0000] {processor.py:186} INFO - Started process (PID=753) to work on /home/airflow/.local/lib/python3.12/site-packages/airflow/example_dags/example_python_decorator.py
[2024-10-04T00:13:32.152+0000] {processor.py:914} INFO - Processing file /home/airflow/.local/lib/python3.12/site-packages/airflow/example_dags/example_python_decorator.py for tasks to queue
[2024-10-04T00:13:32.155+0000] {logging_mixin.py:190} INFO - [2024-10-04T00:13:32.154+0000] {dagbag.py:588} INFO - Filling up the DagBag from /home/airflow/.local/lib/python3.12/site-packages/airflow/example_dags/example_python_decorator.py
[2024-10-04T00:13:32.168+0000] {processor.py:925} INFO - DAG(s) 'example_python_decorator' retrieved from /home/airflow/.local/lib/python3.12/site-packages/airflow/example_dags/example_python_decorator.py
[2024-10-04T00:13:32.187+0000] {logging_mixin.py:190} INFO - [2024-10-04T00:13:32.187+0000] {dag.py:3239} INFO - Sync 1 DAGs
[2024-10-04T00:13:32.198+0000] {logging_mixin.py:190} INFO - [2024-10-04T00:13:32.198+0000] {dag.py:4180} INFO - Setting next_dagrun for example_python_decorator to None, run_after=None
[2024-10-04T00:13:32.211+0000] {processor.py:208} INFO - Processing /home/airflow/.local/lib/python3.12/site-packages/airflow/example_dags/example_python_decorator.py took 0.066 seconds
[2024-10-04T00:14:02.583+0000] {processor.py:186} INFO - Started process (PID=1039) to work on /home/airflow/.local/lib/python3.12/site-packages/airflow/example_dags/example_python_decorator.py
[2024-10-04T00:14:02.584+0000] {processor.py:914} INFO - Processing file /home/airflow/.local/lib/python3.12/site-packages/airflow/example_dags/example_python_decorator.py for tasks to queue
[2024-10-04T00:14:02.586+0000] {logging_mixin.py:190} INFO - [2024-10-04T00:14:02.586+0000] {dagbag.py:588} INFO - Filling up the DagBag from /home/airflow/.local/lib/python3.12/site-packages/airflow/example_dags/example_python_decorator.py
[2024-10-04T00:14:02.598+0000] {processor.py:925} INFO - DAG(s) 'example_python_decorator' retrieved from /home/airflow/.local/lib/python3.12/site-packages/airflow/example_dags/example_python_decorator.py
[2024-10-04T00:14:02.616+0000] {logging_mixin.py:190} INFO - [2024-10-04T00:14:02.615+0000] {dag.py:3239} INFO - Sync 1 DAGs
[2024-10-04T00:14:02.626+0000] {logging_mixin.py:190} INFO - [2024-10-04T00:14:02.625+0000] {dag.py:4180} INFO - Setting next_dagrun for example_python_decorator to None, run_after=None
[2024-10-04T00:14:02.638+0000] {processor.py:208} INFO - Processing /home/airflow/.local/lib/python3.12/site-packages/airflow/example_dags/example_python_decorator.py took 0.061 seconds
[2024-10-04T00:14:33.428+0000] {processor.py:186} INFO - Started process (PID=1325) to work on /home/airflow/.local/lib/python3.12/site-packages/airflow/example_dags/example_python_decorator.py
[2024-10-04T00:14:33.429+0000] {processor.py:914} INFO - Processing file /home/airflow/.local/lib/python3.12/site-packages/airflow/example_dags/example_python_decorator.py for tasks to queue
[2024-10-04T00:14:33.432+0000] {logging_mixin.py:190} INFO - [2024-10-04T00:14:33.431+0000] {dagbag.py:588} INFO - Filling up the DagBag from /home/airflow/.local/lib/python3.12/site-packages/airflow/example_dags/example_python_decorator.py
[2024-10-04T00:14:33.444+0000] {processor.py:925} INFO - DAG(s) 'example_python_decorator' retrieved from /home/airflow/.local/lib/python3.12/site-packages/airflow/example_dags/example_python_decorator.py
[2024-10-04T00:14:33.461+0000] {logging_mixin.py:190} INFO - [2024-10-04T00:14:33.460+0000] {dag.py:3239} INFO - Sync 1 DAGs
[2024-10-04T00:14:33.471+0000] {logging_mixin.py:190} INFO - [2024-10-04T00:14:33.470+0000] {dag.py:4180} INFO - Setting next_dagrun for example_python_decorator to None, run_after=None
[2024-10-04T00:14:33.483+0000] {processor.py:208} INFO - Processing /home/airflow/.local/lib/python3.12/site-packages/airflow/example_dags/example_python_decorator.py took 0.061 seconds
[2024-10-04T00:15:03.786+0000] {processor.py:186} INFO - Started process (PID=1611) to work on /home/airflow/.local/lib/python3.12/site-packages/airflow/example_dags/example_python_decorator.py
[2024-10-04T00:15:03.788+0000] {processor.py:914} INFO - Processing file /home/airflow/.local/lib/python3.12/site-packages/airflow/example_dags/example_python_decorator.py for tasks to queue
[2024-10-04T00:15:03.790+0000] {logging_mixin.py:190} INFO - [2024-10-04T00:15:03.790+0000] {dagbag.py:588} INFO - Filling up the DagBag from /home/airflow/.local/lib/python3.12/site-packages/airflow/example_dags/example_python_decorator.py
[2024-10-04T00:15:03.808+0000] {processor.py:925} INFO - DAG(s) 'example_python_decorator' retrieved from /home/airflow/.local/lib/python3.12/site-packages/airflow/example_dags/example_python_decorator.py
[2024-10-04T00:15:03.835+0000] {logging_mixin.py:190} INFO - [2024-10-04T00:15:03.835+0000] {dag.py:3239} INFO - Sync 1 DAGs
[2024-10-04T00:15:03.848+0000] {logging_mixin.py:190} INFO - [2024-10-04T00:15:03.848+0000] {dag.py:4180} INFO - Setting next_dagrun for example_python_decorator to None, run_after=None
[2024-10-04T00:15:03.864+0000] {processor.py:208} INFO - Processing /home/airflow/.local/lib/python3.12/site-packages/airflow/example_dags/example_python_decorator.py took 0.085 seconds
[2024-10-04T00:15:34.732+0000] {processor.py:186} INFO - Started process (PID=1897) to work on /home/airflow/.local/lib/python3.12/site-packages/airflow/example_dags/example_python_decorator.py
[2024-10-04T00:15:34.733+0000] {processor.py:914} INFO - Processing file /home/airflow/.local/lib/python3.12/site-packages/airflow/example_dags/example_python_decorator.py for tasks to queue
[2024-10-04T00:15:34.735+0000] {logging_mixin.py:190} INFO - [2024-10-04T00:15:34.735+0000] {dagbag.py:588} INFO - Filling up the DagBag from /home/airflow/.local/lib/python3.12/site-packages/airflow/example_dags/example_python_decorator.py
[2024-10-04T00:15:34.747+0000] {processor.py:925} INFO - DAG(s) 'example_python_decorator' retrieved from /home/airflow/.local/lib/python3.12/site-packages/airflow/example_dags/example_python_decorator.py
[2024-10-04T00:15:34.765+0000] {logging_mixin.py:190} INFO - [2024-10-04T00:15:34.765+0000] {dag.py:3239} INFO - Sync 1 DAGs
[2024-10-04T00:15:34.776+0000] {logging_mixin.py:190} INFO - [2024-10-04T00:15:34.775+0000] {dag.py:4180} INFO - Setting next_dagrun for example_python_decorator to None, run_after=None
[2024-10-04T00:15:34.788+0000] {processor.py:208} INFO - Processing /home/airflow/.local/lib/python3.12/site-packages/airflow/example_dags/example_python_decorator.py took 0.062 seconds
[2024-10-04T00:16:05.081+0000] {processor.py:186} INFO - Started process (PID=2183) to work on /home/airflow/.local/lib/python3.12/site-packages/airflow/example_dags/example_python_decorator.py
[2024-10-04T00:16:05.083+0000] {processor.py:914} INFO - Processing file /home/airflow/.local/lib/python3.12/site-packages/airflow/example_dags/example_python_decorator.py for tasks to queue
[2024-10-04T00:16:05.085+0000] {logging_mixin.py:190} INFO - [2024-10-04T00:16:05.084+0000] {dagbag.py:588} INFO - Filling up the DagBag from /home/airflow/.local/lib/python3.12/site-packages/airflow/example_dags/example_python_decorator.py
[2024-10-04T00:16:05.098+0000] {processor.py:925} INFO - DAG(s) 'example_python_decorator' retrieved from /home/airflow/.local/lib/python3.12/site-packages/airflow/example_dags/example_python_decorator.py
[2024-10-04T00:16:05.117+0000] {logging_mixin.py:190} INFO - [2024-10-04T00:16:05.117+0000] {dag.py:3239} INFO - Sync 1 DAGs
[2024-10-04T00:16:05.133+0000] {logging_mixin.py:190} INFO - [2024-10-04T00:16:05.133+0000] {dag.py:4180} INFO - Setting next_dagrun for example_python_decorator to None, run_after=None
[2024-10-04T00:16:05.154+0000] {processor.py:208} INFO - Processing /home/airflow/.local/lib/python3.12/site-packages/airflow/example_dags/example_python_decorator.py took 0.078 seconds
[2024-10-04T00:16:35.647+0000] {processor.py:186} INFO - Started process (PID=2469) to work on /home/airflow/.local/lib/python3.12/site-packages/airflow/example_dags/example_python_decorator.py
[2024-10-04T00:16:35.648+0000] {processor.py:914} INFO - Processing file /home/airflow/.local/lib/python3.12/site-packages/airflow/example_dags/example_python_decorator.py for tasks to queue
[2024-10-04T00:16:35.650+0000] {logging_mixin.py:190} INFO - [2024-10-04T00:16:35.650+0000] {dagbag.py:588} INFO - Filling up the DagBag from /home/airflow/.local/lib/python3.12/site-packages/airflow/example_dags/example_python_decorator.py
[2024-10-04T00:16:35.663+0000] {processor.py:925} INFO - DAG(s) 'example_python_decorator' retrieved from /home/airflow/.local/lib/python3.12/site-packages/airflow/example_dags/example_python_decorator.py
[2024-10-04T00:16:35.682+0000] {logging_mixin.py:190} INFO - [2024-10-04T00:16:35.682+0000] {dag.py:3239} INFO - Sync 1 DAGs
[2024-10-04T00:16:35.694+0000] {logging_mixin.py:190} INFO - [2024-10-04T00:16:35.694+0000] {dag.py:4180} INFO - Setting next_dagrun for example_python_decorator to None, run_after=None
[2024-10-04T00:16:35.710+0000] {processor.py:208} INFO - Processing /home/airflow/.local/lib/python3.12/site-packages/airflow/example_dags/example_python_decorator.py took 0.069 seconds
[2024-10-04T00:17:06.460+0000] {processor.py:186} INFO - Started process (PID=2755) to work on /home/airflow/.local/lib/python3.12/site-packages/airflow/example_dags/example_python_decorator.py
[2024-10-04T00:17:06.462+0000] {processor.py:914} INFO - Processing file /home/airflow/.local/lib/python3.12/site-packages/airflow/example_dags/example_python_decorator.py for tasks to queue
[2024-10-04T00:17:06.464+0000] {logging_mixin.py:190} INFO - [2024-10-04T00:17:06.464+0000] {dagbag.py:588} INFO - Filling up the DagBag from /home/airflow/.local/lib/python3.12/site-packages/airflow/example_dags/example_python_decorator.py
[2024-10-04T00:17:06.478+0000] {processor.py:925} INFO - DAG(s) 'example_python_decorator' retrieved from /home/airflow/.local/lib/python3.12/site-packages/airflow/example_dags/example_python_decorator.py
[2024-10-04T00:17:06.496+0000] {logging_mixin.py:190} INFO - [2024-10-04T00:17:06.496+0000] {dag.py:3239} INFO - Sync 1 DAGs
[2024-10-04T00:17:06.507+0000] {logging_mixin.py:190} INFO - [2024-10-04T00:17:06.507+0000] {dag.py:4180} INFO - Setting next_dagrun for example_python_decorator to None, run_after=None
[2024-10-04T00:17:06.520+0000] {processor.py:208} INFO - Processing /home/airflow/.local/lib/python3.12/site-packages/airflow/example_dags/example_python_decorator.py took 0.067 seconds
[2024-10-04T00:17:37.660+0000] {processor.py:186} INFO - Started process (PID=3041) to work on /home/airflow/.local/lib/python3.12/site-packages/airflow/example_dags/example_python_decorator.py
[2024-10-04T00:17:37.662+0000] {processor.py:914} INFO - Processing file /home/airflow/.local/lib/python3.12/site-packages/airflow/example_dags/example_python_decorator.py for tasks to queue
[2024-10-04T00:17:37.667+0000] {logging_mixin.py:190} INFO - [2024-10-04T00:17:37.666+0000] {dagbag.py:588} INFO - Filling up the DagBag from /home/airflow/.local/lib/python3.12/site-packages/airflow/example_dags/example_python_decorator.py
[2024-10-04T00:17:37.695+0000] {processor.py:925} INFO - DAG(s) 'example_python_decorator' retrieved from /home/airflow/.local/lib/python3.12/site-packages/airflow/example_dags/example_python_decorator.py
[2024-10-04T00:17:37.740+0000] {logging_mixin.py:190} INFO - [2024-10-04T00:17:37.740+0000] {dag.py:3239} INFO - Sync 1 DAGs
[2024-10-04T00:17:37.804+0000] {logging_mixin.py:190} INFO - [2024-10-04T00:17:37.803+0000] {dag.py:4180} INFO - Setting next_dagrun for example_python_decorator to None, run_after=None
[2024-10-04T00:17:37.893+0000] {processor.py:208} INFO - Processing /home/airflow/.local/lib/python3.12/site-packages/airflow/example_dags/example_python_decorator.py took 0.243 seconds
[2024-10-04T00:18:08.686+0000] {processor.py:186} INFO - Started process (PID=3327) to work on /home/airflow/.local/lib/python3.12/site-packages/airflow/example_dags/example_python_decorator.py
[2024-10-04T00:18:08.689+0000] {processor.py:914} INFO - Processing file /home/airflow/.local/lib/python3.12/site-packages/airflow/example_dags/example_python_decorator.py for tasks to queue
[2024-10-04T00:18:08.692+0000] {logging_mixin.py:190} INFO - [2024-10-04T00:18:08.691+0000] {dagbag.py:588} INFO - Filling up the DagBag from /home/airflow/.local/lib/python3.12/site-packages/airflow/example_dags/example_python_decorator.py
[2024-10-04T00:18:08.706+0000] {processor.py:925} INFO - DAG(s) 'example_python_decorator' retrieved from /home/airflow/.local/lib/python3.12/site-packages/airflow/example_dags/example_python_decorator.py
[2024-10-04T00:18:08.725+0000] {logging_mixin.py:190} INFO - [2024-10-04T00:18:08.725+0000] {dag.py:3239} INFO - Sync 1 DAGs
[2024-10-04T00:18:08.735+0000] {logging_mixin.py:190} INFO - [2024-10-04T00:18:08.735+0000] {dag.py:4180} INFO - Setting next_dagrun for example_python_decorator to None, run_after=None
[2024-10-04T00:18:08.750+0000] {processor.py:208} INFO - Processing /home/airflow/.local/lib/python3.12/site-packages/airflow/example_dags/example_python_decorator.py took 0.073 seconds
[2024-10-04T00:18:38.920+0000] {processor.py:186} INFO - Started process (PID=3613) to work on /home/airflow/.local/lib/python3.12/site-packages/airflow/example_dags/example_python_decorator.py
[2024-10-04T00:18:38.921+0000] {processor.py:914} INFO - Processing file /home/airflow/.local/lib/python3.12/site-packages/airflow/example_dags/example_python_decorator.py for tasks to queue
[2024-10-04T00:18:38.924+0000] {logging_mixin.py:190} INFO - [2024-10-04T00:18:38.924+0000] {dagbag.py:588} INFO - Filling up the DagBag from /home/airflow/.local/lib/python3.12/site-packages/airflow/example_dags/example_python_decorator.py
[2024-10-04T00:18:38.937+0000] {processor.py:925} INFO - DAG(s) 'example_python_decorator' retrieved from /home/airflow/.local/lib/python3.12/site-packages/airflow/example_dags/example_python_decorator.py
[2024-10-04T00:18:38.954+0000] {logging_mixin.py:190} INFO - [2024-10-04T00:18:38.954+0000] {dag.py:3239} INFO - Sync 1 DAGs
[2024-10-04T00:18:38.964+0000] {logging_mixin.py:190} INFO - [2024-10-04T00:18:38.964+0000] {dag.py:4180} INFO - Setting next_dagrun for example_python_decorator to None, run_after=None
[2024-10-04T00:18:38.977+0000] {processor.py:208} INFO - Processing /home/airflow/.local/lib/python3.12/site-packages/airflow/example_dags/example_python_decorator.py took 0.066 seconds
[2024-10-04T00:19:09.739+0000] {processor.py:186} INFO - Started process (PID=3899) to work on /home/airflow/.local/lib/python3.12/site-packages/airflow/example_dags/example_python_decorator.py
[2024-10-04T00:19:09.741+0000] {processor.py:914} INFO - Processing file /home/airflow/.local/lib/python3.12/site-packages/airflow/example_dags/example_python_decorator.py for tasks to queue
[2024-10-04T00:19:09.744+0000] {logging_mixin.py:190} INFO - [2024-10-04T00:19:09.744+0000] {dagbag.py:588} INFO - Filling up the DagBag from /home/airflow/.local/lib/python3.12/site-packages/airflow/example_dags/example_python_decorator.py
[2024-10-04T00:19:09.758+0000] {processor.py:925} INFO - DAG(s) 'example_python_decorator' retrieved from /home/airflow/.local/lib/python3.12/site-packages/airflow/example_dags/example_python_decorator.py
[2024-10-04T00:19:09.775+0000] {logging_mixin.py:190} INFO - [2024-10-04T00:19:09.775+0000] {dag.py:3239} INFO - Sync 1 DAGs
[2024-10-04T00:19:09.785+0000] {logging_mixin.py:190} INFO - [2024-10-04T00:19:09.785+0000] {dag.py:4180} INFO - Setting next_dagrun for example_python_decorator to None, run_after=None
[2024-10-04T00:19:09.797+0000] {processor.py:208} INFO - Processing /home/airflow/.local/lib/python3.12/site-packages/airflow/example_dags/example_python_decorator.py took 0.066 seconds
[2024-10-04T00:19:40.107+0000] {processor.py:186} INFO - Started process (PID=4185) to work on /home/airflow/.local/lib/python3.12/site-packages/airflow/example_dags/example_python_decorator.py
[2024-10-04T00:19:40.109+0000] {processor.py:914} INFO - Processing file /home/airflow/.local/lib/python3.12/site-packages/airflow/example_dags/example_python_decorator.py for tasks to queue
[2024-10-04T00:19:40.112+0000] {logging_mixin.py:190} INFO - [2024-10-04T00:19:40.111+0000] {dagbag.py:588} INFO - Filling up the DagBag from /home/airflow/.local/lib/python3.12/site-packages/airflow/example_dags/example_python_decorator.py
[2024-10-04T00:19:40.125+0000] {processor.py:925} INFO - DAG(s) 'example_python_decorator' retrieved from /home/airflow/.local/lib/python3.12/site-packages/airflow/example_dags/example_python_decorator.py
[2024-10-04T00:19:40.143+0000] {logging_mixin.py:190} INFO - [2024-10-04T00:19:40.143+0000] {dag.py:3239} INFO - Sync 1 DAGs
[2024-10-04T00:19:40.157+0000] {logging_mixin.py:190} INFO - [2024-10-04T00:19:40.157+0000] {dag.py:4180} INFO - Setting next_dagrun for example_python_decorator to None, run_after=None
[2024-10-04T00:19:40.171+0000] {processor.py:208} INFO - Processing /home/airflow/.local/lib/python3.12/site-packages/airflow/example_dags/example_python_decorator.py took 0.073 seconds
[2024-10-04T00:20:10.763+0000] {processor.py:186} INFO - Started process (PID=4471) to work on /home/airflow/.local/lib/python3.12/site-packages/airflow/example_dags/example_python_decorator.py
[2024-10-04T00:20:10.765+0000] {processor.py:914} INFO - Processing file /home/airflow/.local/lib/python3.12/site-packages/airflow/example_dags/example_python_decorator.py for tasks to queue
[2024-10-04T00:20:10.767+0000] {logging_mixin.py:190} INFO - [2024-10-04T00:20:10.767+0000] {dagbag.py:588} INFO - Filling up the DagBag from /home/airflow/.local/lib/python3.12/site-packages/airflow/example_dags/example_python_decorator.py
[2024-10-04T00:20:10.781+0000] {processor.py:925} INFO - DAG(s) 'example_python_decorator' retrieved from /home/airflow/.local/lib/python3.12/site-packages/airflow/example_dags/example_python_decorator.py
[2024-10-04T00:20:10.803+0000] {logging_mixin.py:190} INFO - [2024-10-04T00:20:10.803+0000] {dag.py:3239} INFO - Sync 1 DAGs
[2024-10-04T00:20:10.814+0000] {logging_mixin.py:190} INFO - [2024-10-04T00:20:10.814+0000] {dag.py:4180} INFO - Setting next_dagrun for example_python_decorator to None, run_after=None
[2024-10-04T00:20:10.829+0000] {processor.py:208} INFO - Processing /home/airflow/.local/lib/python3.12/site-packages/airflow/example_dags/example_python_decorator.py took 0.072 seconds
[2024-10-04T00:20:41.590+0000] {processor.py:186} INFO - Started process (PID=4757) to work on /home/airflow/.local/lib/python3.12/site-packages/airflow/example_dags/example_python_decorator.py
[2024-10-04T00:20:41.592+0000] {processor.py:914} INFO - Processing file /home/airflow/.local/lib/python3.12/site-packages/airflow/example_dags/example_python_decorator.py for tasks to queue
[2024-10-04T00:20:41.595+0000] {logging_mixin.py:190} INFO - [2024-10-04T00:20:41.595+0000] {dagbag.py:588} INFO - Filling up the DagBag from /home/airflow/.local/lib/python3.12/site-packages/airflow/example_dags/example_python_decorator.py
[2024-10-04T00:20:41.609+0000] {processor.py:925} INFO - DAG(s) 'example_python_decorator' retrieved from /home/airflow/.local/lib/python3.12/site-packages/airflow/example_dags/example_python_decorator.py
[2024-10-04T00:20:41.625+0000] {logging_mixin.py:190} INFO - [2024-10-04T00:20:41.625+0000] {dag.py:3239} INFO - Sync 1 DAGs
[2024-10-04T00:20:41.635+0000] {logging_mixin.py:190} INFO - [2024-10-04T00:20:41.635+0000] {dag.py:4180} INFO - Setting next_dagrun for example_python_decorator to None, run_after=None
[2024-10-04T00:20:41.647+0000] {processor.py:208} INFO - Processing /home/airflow/.local/lib/python3.12/site-packages/airflow/example_dags/example_python_decorator.py took 0.066 seconds
[2024-10-04T00:21:11.766+0000] {processor.py:186} INFO - Started process (PID=5043) to work on /home/airflow/.local/lib/python3.12/site-packages/airflow/example_dags/example_python_decorator.py
[2024-10-04T00:21:11.767+0000] {processor.py:914} INFO - Processing file /home/airflow/.local/lib/python3.12/site-packages/airflow/example_dags/example_python_decorator.py for tasks to queue
[2024-10-04T00:21:11.770+0000] {logging_mixin.py:190} INFO - [2024-10-04T00:21:11.769+0000] {dagbag.py:588} INFO - Filling up the DagBag from /home/airflow/.local/lib/python3.12/site-packages/airflow/example_dags/example_python_decorator.py
[2024-10-04T00:21:11.784+0000] {processor.py:925} INFO - DAG(s) 'example_python_decorator' retrieved from /home/airflow/.local/lib/python3.12/site-packages/airflow/example_dags/example_python_decorator.py
[2024-10-04T00:21:11.800+0000] {logging_mixin.py:190} INFO - [2024-10-04T00:21:11.800+0000] {dag.py:3239} INFO - Sync 1 DAGs
[2024-10-04T00:21:11.811+0000] {logging_mixin.py:190} INFO - [2024-10-04T00:21:11.810+0000] {dag.py:4180} INFO - Setting next_dagrun for example_python_decorator to None, run_after=None
[2024-10-04T00:21:11.824+0000] {processor.py:208} INFO - Processing /home/airflow/.local/lib/python3.12/site-packages/airflow/example_dags/example_python_decorator.py took 0.067 seconds
[2024-10-04T00:21:42.315+0000] {processor.py:186} INFO - Started process (PID=5329) to work on /home/airflow/.local/lib/python3.12/site-packages/airflow/example_dags/example_python_decorator.py
[2024-10-04T00:21:42.317+0000] {processor.py:914} INFO - Processing file /home/airflow/.local/lib/python3.12/site-packages/airflow/example_dags/example_python_decorator.py for tasks to queue
[2024-10-04T00:21:42.320+0000] {logging_mixin.py:190} INFO - [2024-10-04T00:21:42.320+0000] {dagbag.py:588} INFO - Filling up the DagBag from /home/airflow/.local/lib/python3.12/site-packages/airflow/example_dags/example_python_decorator.py
[2024-10-04T00:21:42.340+0000] {processor.py:925} INFO - DAG(s) 'example_python_decorator' retrieved from /home/airflow/.local/lib/python3.12/site-packages/airflow/example_dags/example_python_decorator.py
[2024-10-04T00:21:42.361+0000] {logging_mixin.py:190} INFO - [2024-10-04T00:21:42.361+0000] {dag.py:3239} INFO - Sync 1 DAGs
[2024-10-04T00:21:42.373+0000] {logging_mixin.py:190} INFO - [2024-10-04T00:21:42.373+0000] {dag.py:4180} INFO - Setting next_dagrun for example_python_decorator to None, run_after=None
[2024-10-04T00:21:42.387+0000] {processor.py:208} INFO - Processing /home/airflow/.local/lib/python3.12/site-packages/airflow/example_dags/example_python_decorator.py took 0.081 seconds
[2024-10-04T00:22:12.497+0000] {processor.py:186} INFO - Started process (PID=5615) to work on /home/airflow/.local/lib/python3.12/site-packages/airflow/example_dags/example_python_decorator.py
[2024-10-04T00:22:12.498+0000] {processor.py:914} INFO - Processing file /home/airflow/.local/lib/python3.12/site-packages/airflow/example_dags/example_python_decorator.py for tasks to queue
[2024-10-04T00:22:12.500+0000] {logging_mixin.py:190} INFO - [2024-10-04T00:22:12.500+0000] {dagbag.py:588} INFO - Filling up the DagBag from /home/airflow/.local/lib/python3.12/site-packages/airflow/example_dags/example_python_decorator.py
[2024-10-04T00:22:12.512+0000] {processor.py:925} INFO - DAG(s) 'example_python_decorator' retrieved from /home/airflow/.local/lib/python3.12/site-packages/airflow/example_dags/example_python_decorator.py
[2024-10-04T00:22:12.529+0000] {logging_mixin.py:190} INFO - [2024-10-04T00:22:12.529+0000] {dag.py:3239} INFO - Sync 1 DAGs
[2024-10-04T00:22:12.540+0000] {logging_mixin.py:190} INFO - [2024-10-04T00:22:12.540+0000] {dag.py:4180} INFO - Setting next_dagrun for example_python_decorator to None, run_after=None
[2024-10-04T00:22:12.555+0000] {processor.py:208} INFO - Processing /home/airflow/.local/lib/python3.12/site-packages/airflow/example_dags/example_python_decorator.py took 0.064 seconds
[2024-10-04T00:22:43.100+0000] {processor.py:186} INFO - Started process (PID=5901) to work on /home/airflow/.local/lib/python3.12/site-packages/airflow/example_dags/example_python_decorator.py
[2024-10-04T00:22:43.106+0000] {processor.py:914} INFO - Processing file /home/airflow/.local/lib/python3.12/site-packages/airflow/example_dags/example_python_decorator.py for tasks to queue
[2024-10-04T00:22:43.114+0000] {logging_mixin.py:190} INFO - [2024-10-04T00:22:43.113+0000] {dagbag.py:588} INFO - Filling up the DagBag from /home/airflow/.local/lib/python3.12/site-packages/airflow/example_dags/example_python_decorator.py
[2024-10-04T00:22:43.157+0000] {processor.py:925} INFO - DAG(s) 'example_python_decorator' retrieved from /home/airflow/.local/lib/python3.12/site-packages/airflow/example_dags/example_python_decorator.py
[2024-10-04T00:22:43.288+0000] {logging_mixin.py:190} INFO - [2024-10-04T00:22:43.287+0000] {dag.py:3239} INFO - Sync 1 DAGs
[2024-10-04T00:22:43.369+0000] {logging_mixin.py:190} INFO - [2024-10-04T00:22:43.368+0000] {dag.py:4180} INFO - Setting next_dagrun for example_python_decorator to None, run_after=None
[2024-10-04T00:22:43.432+0000] {processor.py:208} INFO - Processing /home/airflow/.local/lib/python3.12/site-packages/airflow/example_dags/example_python_decorator.py took 0.349 seconds
[2024-10-04T00:23:13.558+0000] {processor.py:186} INFO - Started process (PID=6187) to work on /home/airflow/.local/lib/python3.12/site-packages/airflow/example_dags/example_python_decorator.py
[2024-10-04T00:23:13.559+0000] {processor.py:914} INFO - Processing file /home/airflow/.local/lib/python3.12/site-packages/airflow/example_dags/example_python_decorator.py for tasks to queue
[2024-10-04T00:23:13.563+0000] {logging_mixin.py:190} INFO - [2024-10-04T00:23:13.562+0000] {dagbag.py:588} INFO - Filling up the DagBag from /home/airflow/.local/lib/python3.12/site-packages/airflow/example_dags/example_python_decorator.py
[2024-10-04T00:23:13.590+0000] {processor.py:925} INFO - DAG(s) 'example_python_decorator' retrieved from /home/airflow/.local/lib/python3.12/site-packages/airflow/example_dags/example_python_decorator.py
[2024-10-04T00:23:13.623+0000] {logging_mixin.py:190} INFO - [2024-10-04T00:23:13.622+0000] {dag.py:3239} INFO - Sync 1 DAGs
[2024-10-04T00:23:13.639+0000] {logging_mixin.py:190} INFO - [2024-10-04T00:23:13.639+0000] {dag.py:4180} INFO - Setting next_dagrun for example_python_decorator to None, run_after=None
[2024-10-04T00:23:13.684+0000] {processor.py:208} INFO - Processing /home/airflow/.local/lib/python3.12/site-packages/airflow/example_dags/example_python_decorator.py took 0.137 seconds
[2024-10-04T00:23:43.814+0000] {processor.py:186} INFO - Started process (PID=6473) to work on /home/airflow/.local/lib/python3.12/site-packages/airflow/example_dags/example_python_decorator.py
[2024-10-04T00:23:43.815+0000] {processor.py:914} INFO - Processing file /home/airflow/.local/lib/python3.12/site-packages/airflow/example_dags/example_python_decorator.py for tasks to queue
[2024-10-04T00:23:43.818+0000] {logging_mixin.py:190} INFO - [2024-10-04T00:23:43.817+0000] {dagbag.py:588} INFO - Filling up the DagBag from /home/airflow/.local/lib/python3.12/site-packages/airflow/example_dags/example_python_decorator.py
[2024-10-04T00:23:43.830+0000] {processor.py:925} INFO - DAG(s) 'example_python_decorator' retrieved from /home/airflow/.local/lib/python3.12/site-packages/airflow/example_dags/example_python_decorator.py
[2024-10-04T00:23:43.850+0000] {logging_mixin.py:190} INFO - [2024-10-04T00:23:43.849+0000] {dag.py:3239} INFO - Sync 1 DAGs
[2024-10-04T00:23:43.865+0000] {logging_mixin.py:190} INFO - [2024-10-04T00:23:43.865+0000] {dag.py:4180} INFO - Setting next_dagrun for example_python_decorator to None, run_after=None
[2024-10-04T00:23:43.879+0000] {processor.py:208} INFO - Processing /home/airflow/.local/lib/python3.12/site-packages/airflow/example_dags/example_python_decorator.py took 0.072 seconds
[2024-10-04T00:24:14.824+0000] {processor.py:186} INFO - Started process (PID=6765) to work on /home/airflow/.local/lib/python3.12/site-packages/airflow/example_dags/example_python_decorator.py
[2024-10-04T00:24:14.825+0000] {processor.py:914} INFO - Processing file /home/airflow/.local/lib/python3.12/site-packages/airflow/example_dags/example_python_decorator.py for tasks to queue
[2024-10-04T00:24:14.829+0000] {logging_mixin.py:190} INFO - [2024-10-04T00:24:14.828+0000] {dagbag.py:588} INFO - Filling up the DagBag from /home/airflow/.local/lib/python3.12/site-packages/airflow/example_dags/example_python_decorator.py
[2024-10-04T00:24:14.847+0000] {processor.py:925} INFO - DAG(s) 'example_python_decorator' retrieved from /home/airflow/.local/lib/python3.12/site-packages/airflow/example_dags/example_python_decorator.py
[2024-10-04T00:24:14.874+0000] {logging_mixin.py:190} INFO - [2024-10-04T00:24:14.873+0000] {dag.py:3239} INFO - Sync 1 DAGs
[2024-10-04T00:24:14.886+0000] {logging_mixin.py:190} INFO - [2024-10-04T00:24:14.886+0000] {dag.py:4180} INFO - Setting next_dagrun for example_python_decorator to None, run_after=None
[2024-10-04T00:24:14.901+0000] {processor.py:208} INFO - Processing /home/airflow/.local/lib/python3.12/site-packages/airflow/example_dags/example_python_decorator.py took 0.085 seconds
[2024-10-04T00:24:45.654+0000] {processor.py:186} INFO - Started process (PID=7051) to work on /home/airflow/.local/lib/python3.12/site-packages/airflow/example_dags/example_python_decorator.py
[2024-10-04T00:24:45.655+0000] {processor.py:914} INFO - Processing file /home/airflow/.local/lib/python3.12/site-packages/airflow/example_dags/example_python_decorator.py for tasks to queue
[2024-10-04T00:24:45.658+0000] {logging_mixin.py:190} INFO - [2024-10-04T00:24:45.658+0000] {dagbag.py:588} INFO - Filling up the DagBag from /home/airflow/.local/lib/python3.12/site-packages/airflow/example_dags/example_python_decorator.py
[2024-10-04T00:24:45.672+0000] {processor.py:925} INFO - DAG(s) 'example_python_decorator' retrieved from /home/airflow/.local/lib/python3.12/site-packages/airflow/example_dags/example_python_decorator.py
[2024-10-04T00:24:45.690+0000] {logging_mixin.py:190} INFO - [2024-10-04T00:24:45.690+0000] {dag.py:3239} INFO - Sync 1 DAGs
[2024-10-04T00:24:45.701+0000] {logging_mixin.py:190} INFO - [2024-10-04T00:24:45.701+0000] {dag.py:4180} INFO - Setting next_dagrun for example_python_decorator to None, run_after=None
[2024-10-04T00:24:45.714+0000] {processor.py:208} INFO - Processing /home/airflow/.local/lib/python3.12/site-packages/airflow/example_dags/example_python_decorator.py took 0.071 seconds
[2024-10-04T00:25:16.250+0000] {processor.py:186} INFO - Started process (PID=7337) to work on /home/airflow/.local/lib/python3.12/site-packages/airflow/example_dags/example_python_decorator.py
[2024-10-04T00:25:16.252+0000] {processor.py:914} INFO - Processing file /home/airflow/.local/lib/python3.12/site-packages/airflow/example_dags/example_python_decorator.py for tasks to queue
[2024-10-04T00:25:16.255+0000] {logging_mixin.py:190} INFO - [2024-10-04T00:25:16.255+0000] {dagbag.py:588} INFO - Filling up the DagBag from /home/airflow/.local/lib/python3.12/site-packages/airflow/example_dags/example_python_decorator.py
[2024-10-04T00:25:16.274+0000] {processor.py:925} INFO - DAG(s) 'example_python_decorator' retrieved from /home/airflow/.local/lib/python3.12/site-packages/airflow/example_dags/example_python_decorator.py
[2024-10-04T00:25:16.292+0000] {logging_mixin.py:190} INFO - [2024-10-04T00:25:16.292+0000] {dag.py:3239} INFO - Sync 1 DAGs
[2024-10-04T00:25:16.303+0000] {logging_mixin.py:190} INFO - [2024-10-04T00:25:16.303+0000] {dag.py:4180} INFO - Setting next_dagrun for example_python_decorator to None, run_after=None
[2024-10-04T00:25:16.316+0000] {processor.py:208} INFO - Processing /home/airflow/.local/lib/python3.12/site-packages/airflow/example_dags/example_python_decorator.py took 0.077 seconds
[2024-10-04T00:25:46.345+0000] {processor.py:186} INFO - Started process (PID=7623) to work on /home/airflow/.local/lib/python3.12/site-packages/airflow/example_dags/example_python_decorator.py
[2024-10-04T00:25:46.346+0000] {processor.py:914} INFO - Processing file /home/airflow/.local/lib/python3.12/site-packages/airflow/example_dags/example_python_decorator.py for tasks to queue
[2024-10-04T00:25:46.348+0000] {logging_mixin.py:190} INFO - [2024-10-04T00:25:46.348+0000] {dagbag.py:588} INFO - Filling up the DagBag from /home/airflow/.local/lib/python3.12/site-packages/airflow/example_dags/example_python_decorator.py
[2024-10-04T00:25:46.360+0000] {processor.py:925} INFO - DAG(s) 'example_python_decorator' retrieved from /home/airflow/.local/lib/python3.12/site-packages/airflow/example_dags/example_python_decorator.py
[2024-10-04T00:25:46.377+0000] {logging_mixin.py:190} INFO - [2024-10-04T00:25:46.377+0000] {dag.py:3239} INFO - Sync 1 DAGs
[2024-10-04T00:25:46.387+0000] {logging_mixin.py:190} INFO - [2024-10-04T00:25:46.387+0000] {dag.py:4180} INFO - Setting next_dagrun for example_python_decorator to None, run_after=None
[2024-10-04T00:25:46.400+0000] {processor.py:208} INFO - Processing /home/airflow/.local/lib/python3.12/site-packages/airflow/example_dags/example_python_decorator.py took 0.061 seconds
[2024-10-04T00:26:16.606+0000] {processor.py:186} INFO - Started process (PID=7909) to work on /home/airflow/.local/lib/python3.12/site-packages/airflow/example_dags/example_python_decorator.py
[2024-10-04T00:26:16.607+0000] {processor.py:914} INFO - Processing file /home/airflow/.local/lib/python3.12/site-packages/airflow/example_dags/example_python_decorator.py for tasks to queue
[2024-10-04T00:26:16.610+0000] {logging_mixin.py:190} INFO - [2024-10-04T00:26:16.610+0000] {dagbag.py:588} INFO - Filling up the DagBag from /home/airflow/.local/lib/python3.12/site-packages/airflow/example_dags/example_python_decorator.py
[2024-10-04T00:26:16.624+0000] {processor.py:925} INFO - DAG(s) 'example_python_decorator' retrieved from /home/airflow/.local/lib/python3.12/site-packages/airflow/example_dags/example_python_decorator.py
[2024-10-04T00:26:16.641+0000] {logging_mixin.py:190} INFO - [2024-10-04T00:26:16.641+0000] {dag.py:3239} INFO - Sync 1 DAGs
[2024-10-04T00:26:16.651+0000] {logging_mixin.py:190} INFO - [2024-10-04T00:26:16.651+0000] {dag.py:4180} INFO - Setting next_dagrun for example_python_decorator to None, run_after=None
[2024-10-04T00:26:16.663+0000] {processor.py:208} INFO - Processing /home/airflow/.local/lib/python3.12/site-packages/airflow/example_dags/example_python_decorator.py took 0.063 seconds
[2024-10-04T00:26:46.821+0000] {processor.py:186} INFO - Started process (PID=8195) to work on /home/airflow/.local/lib/python3.12/site-packages/airflow/example_dags/example_python_decorator.py
[2024-10-04T00:26:46.823+0000] {processor.py:914} INFO - Processing file /home/airflow/.local/lib/python3.12/site-packages/airflow/example_dags/example_python_decorator.py for tasks to queue
[2024-10-04T00:26:46.825+0000] {logging_mixin.py:190} INFO - [2024-10-04T00:26:46.824+0000] {dagbag.py:588} INFO - Filling up the DagBag from /home/airflow/.local/lib/python3.12/site-packages/airflow/example_dags/example_python_decorator.py
[2024-10-04T00:26:46.837+0000] {processor.py:925} INFO - DAG(s) 'example_python_decorator' retrieved from /home/airflow/.local/lib/python3.12/site-packages/airflow/example_dags/example_python_decorator.py
[2024-10-04T00:26:46.854+0000] {logging_mixin.py:190} INFO - [2024-10-04T00:26:46.853+0000] {dag.py:3239} INFO - Sync 1 DAGs
[2024-10-04T00:26:46.864+0000] {logging_mixin.py:190} INFO - [2024-10-04T00:26:46.864+0000] {dag.py:4180} INFO - Setting next_dagrun for example_python_decorator to None, run_after=None
[2024-10-04T00:26:46.876+0000] {processor.py:208} INFO - Processing /home/airflow/.local/lib/python3.12/site-packages/airflow/example_dags/example_python_decorator.py took 0.060 seconds
[2024-10-04T00:27:17.093+0000] {processor.py:186} INFO - Started process (PID=8481) to work on /home/airflow/.local/lib/python3.12/site-packages/airflow/example_dags/example_python_decorator.py
[2024-10-04T00:27:17.094+0000] {processor.py:914} INFO - Processing file /home/airflow/.local/lib/python3.12/site-packages/airflow/example_dags/example_python_decorator.py for tasks to queue
[2024-10-04T00:27:17.097+0000] {logging_mixin.py:190} INFO - [2024-10-04T00:27:17.096+0000] {dagbag.py:588} INFO - Filling up the DagBag from /home/airflow/.local/lib/python3.12/site-packages/airflow/example_dags/example_python_decorator.py
[2024-10-04T00:27:17.109+0000] {processor.py:925} INFO - DAG(s) 'example_python_decorator' retrieved from /home/airflow/.local/lib/python3.12/site-packages/airflow/example_dags/example_python_decorator.py
[2024-10-04T00:27:17.126+0000] {logging_mixin.py:190} INFO - [2024-10-04T00:27:17.126+0000] {dag.py:3239} INFO - Sync 1 DAGs
[2024-10-04T00:27:17.136+0000] {logging_mixin.py:190} INFO - [2024-10-04T00:27:17.136+0000] {dag.py:4180} INFO - Setting next_dagrun for example_python_decorator to None, run_after=None
[2024-10-04T00:27:17.148+0000] {processor.py:208} INFO - Processing /home/airflow/.local/lib/python3.12/site-packages/airflow/example_dags/example_python_decorator.py took 0.060 seconds
[2024-10-04T00:27:47.357+0000] {processor.py:186} INFO - Started process (PID=8767) to work on /home/airflow/.local/lib/python3.12/site-packages/airflow/example_dags/example_python_decorator.py
[2024-10-04T00:27:47.358+0000] {processor.py:914} INFO - Processing file /home/airflow/.local/lib/python3.12/site-packages/airflow/example_dags/example_python_decorator.py for tasks to queue
[2024-10-04T00:27:47.360+0000] {logging_mixin.py:190} INFO - [2024-10-04T00:27:47.360+0000] {dagbag.py:588} INFO - Filling up the DagBag from /home/airflow/.local/lib/python3.12/site-packages/airflow/example_dags/example_python_decorator.py
[2024-10-04T00:27:47.377+0000] {processor.py:925} INFO - DAG(s) 'example_python_decorator' retrieved from /home/airflow/.local/lib/python3.12/site-packages/airflow/example_dags/example_python_decorator.py
[2024-10-04T00:27:47.397+0000] {logging_mixin.py:190} INFO - [2024-10-04T00:27:47.397+0000] {dag.py:3239} INFO - Sync 1 DAGs
[2024-10-04T00:27:47.408+0000] {logging_mixin.py:190} INFO - [2024-10-04T00:27:47.408+0000] {dag.py:4180} INFO - Setting next_dagrun for example_python_decorator to None, run_after=None
[2024-10-04T00:27:47.421+0000] {processor.py:208} INFO - Processing /home/airflow/.local/lib/python3.12/site-packages/airflow/example_dags/example_python_decorator.py took 0.070 seconds
[2024-10-04T00:28:17.890+0000] {processor.py:186} INFO - Started process (PID=9053) to work on /home/airflow/.local/lib/python3.12/site-packages/airflow/example_dags/example_python_decorator.py
[2024-10-04T00:28:17.891+0000] {processor.py:914} INFO - Processing file /home/airflow/.local/lib/python3.12/site-packages/airflow/example_dags/example_python_decorator.py for tasks to queue
[2024-10-04T00:28:17.893+0000] {logging_mixin.py:190} INFO - [2024-10-04T00:28:17.893+0000] {dagbag.py:588} INFO - Filling up the DagBag from /home/airflow/.local/lib/python3.12/site-packages/airflow/example_dags/example_python_decorator.py
[2024-10-04T00:28:17.905+0000] {processor.py:925} INFO - DAG(s) 'example_python_decorator' retrieved from /home/airflow/.local/lib/python3.12/site-packages/airflow/example_dags/example_python_decorator.py
[2024-10-04T00:28:17.921+0000] {logging_mixin.py:190} INFO - [2024-10-04T00:28:17.921+0000] {dag.py:3239} INFO - Sync 1 DAGs
[2024-10-04T00:28:17.932+0000] {logging_mixin.py:190} INFO - [2024-10-04T00:28:17.932+0000] {dag.py:4180} INFO - Setting next_dagrun for example_python_decorator to None, run_after=None
[2024-10-04T00:28:17.944+0000] {processor.py:208} INFO - Processing /home/airflow/.local/lib/python3.12/site-packages/airflow/example_dags/example_python_decorator.py took 0.060 seconds
[2024-10-04T00:28:48.115+0000] {processor.py:186} INFO - Started process (PID=9339) to work on /home/airflow/.local/lib/python3.12/site-packages/airflow/example_dags/example_python_decorator.py
[2024-10-04T00:28:48.116+0000] {processor.py:914} INFO - Processing file /home/airflow/.local/lib/python3.12/site-packages/airflow/example_dags/example_python_decorator.py for tasks to queue
[2024-10-04T00:28:48.118+0000] {logging_mixin.py:190} INFO - [2024-10-04T00:28:48.117+0000] {dagbag.py:588} INFO - Filling up the DagBag from /home/airflow/.local/lib/python3.12/site-packages/airflow/example_dags/example_python_decorator.py
[2024-10-04T00:28:48.129+0000] {processor.py:925} INFO - DAG(s) 'example_python_decorator' retrieved from /home/airflow/.local/lib/python3.12/site-packages/airflow/example_dags/example_python_decorator.py
[2024-10-04T00:28:48.146+0000] {logging_mixin.py:190} INFO - [2024-10-04T00:28:48.146+0000] {dag.py:3239} INFO - Sync 1 DAGs
[2024-10-04T00:28:48.157+0000] {logging_mixin.py:190} INFO - [2024-10-04T00:28:48.157+0000] {dag.py:4180} INFO - Setting next_dagrun for example_python_decorator to None, run_after=None
[2024-10-04T00:28:48.169+0000] {processor.py:208} INFO - Processing /home/airflow/.local/lib/python3.12/site-packages/airflow/example_dags/example_python_decorator.py took 0.060 seconds
