[2024-10-04T00:12:35.229+0000] {processor.py:186} INFO - Started process (PID=324) to work on /home/airflow/.local/lib/python3.12/site-packages/airflow/example_dags/example_complex.py
[2024-10-04T00:12:35.230+0000] {processor.py:914} INFO - Processing file /home/airflow/.local/lib/python3.12/site-packages/airflow/example_dags/example_complex.py for tasks to queue
[2024-10-04T00:12:35.234+0000] {logging_mixin.py:190} INFO - [2024-10-04T00:12:35.233+0000] {dagbag.py:588} INFO - Filling up the DagBag from /home/airflow/.local/lib/python3.12/site-packages/airflow/example_dags/example_complex.py
[2024-10-04T00:12:35.255+0000] {processor.py:925} INFO - DAG(s) 'example_complex' retrieved from /home/airflow/.local/lib/python3.12/site-packages/airflow/example_dags/example_complex.py
[2024-10-04T00:12:35.377+0000] {logging_mixin.py:190} INFO - [2024-10-04T00:12:35.376+0000] {override.py:1900} INFO - Created Permission View: can read on DAG:example_complex
[2024-10-04T00:12:35.385+0000] {logging_mixin.py:190} INFO - [2024-10-04T00:12:35.384+0000] {override.py:1900} INFO - Created Permission View: can delete on DAG:example_complex
[2024-10-04T00:12:35.389+0000] {logging_mixin.py:190} INFO - [2024-10-04T00:12:35.388+0000] {override.py:1900} INFO - Created Permission View: can edit on DAG:example_complex
[2024-10-04T00:12:35.393+0000] {logging_mixin.py:190} INFO - [2024-10-04T00:12:35.393+0000] {override.py:1900} INFO - Created Permission View: menu access on DAG Run:example_complex
[2024-10-04T00:12:35.398+0000] {logging_mixin.py:190} INFO - [2024-10-04T00:12:35.397+0000] {override.py:1900} INFO - Created Permission View: can read on DAG Run:example_complex
[2024-10-04T00:12:35.402+0000] {logging_mixin.py:190} INFO - [2024-10-04T00:12:35.402+0000] {override.py:1900} INFO - Created Permission View: can delete on DAG Run:example_complex
[2024-10-04T00:12:35.407+0000] {logging_mixin.py:190} INFO - [2024-10-04T00:12:35.407+0000] {override.py:1900} INFO - Created Permission View: can create on DAG Run:example_complex
[2024-10-04T00:12:35.408+0000] {logging_mixin.py:190} INFO - [2024-10-04T00:12:35.408+0000] {dag.py:3239} INFO - Sync 1 DAGs
[2024-10-04T00:12:35.419+0000] {logging_mixin.py:190} INFO - [2024-10-04T00:12:35.418+0000] {dag.py:3262} INFO - Creating ORM DAG for example_complex
[2024-10-04T00:12:35.419+0000] {logging_mixin.py:190} INFO - [2024-10-04T00:12:35.419+0000] {dag.py:4180} INFO - Setting next_dagrun for example_complex to None, run_after=None
[2024-10-04T00:12:35.434+0000] {processor.py:208} INFO - Processing /home/airflow/.local/lib/python3.12/site-packages/airflow/example_dags/example_complex.py took 0.219 seconds
[2024-10-04T00:13:06.121+0000] {processor.py:186} INFO - Started process (PID=612) to work on /home/airflow/.local/lib/python3.12/site-packages/airflow/example_dags/example_complex.py
[2024-10-04T00:13:06.122+0000] {processor.py:914} INFO - Processing file /home/airflow/.local/lib/python3.12/site-packages/airflow/example_dags/example_complex.py for tasks to queue
[2024-10-04T00:13:06.124+0000] {logging_mixin.py:190} INFO - [2024-10-04T00:13:06.124+0000] {dagbag.py:588} INFO - Filling up the DagBag from /home/airflow/.local/lib/python3.12/site-packages/airflow/example_dags/example_complex.py
[2024-10-04T00:13:06.134+0000] {processor.py:925} INFO - DAG(s) 'example_complex' retrieved from /home/airflow/.local/lib/python3.12/site-packages/airflow/example_dags/example_complex.py
[2024-10-04T00:13:06.157+0000] {logging_mixin.py:190} INFO - [2024-10-04T00:13:06.157+0000] {dag.py:3239} INFO - Sync 1 DAGs
[2024-10-04T00:13:06.167+0000] {logging_mixin.py:190} INFO - [2024-10-04T00:13:06.167+0000] {dag.py:4180} INFO - Setting next_dagrun for example_complex to None, run_after=None
[2024-10-04T00:13:06.180+0000] {processor.py:208} INFO - Processing /home/airflow/.local/lib/python3.12/site-packages/airflow/example_dags/example_complex.py took 0.064 seconds
[2024-10-04T00:13:36.733+0000] {processor.py:186} INFO - Started process (PID=898) to work on /home/airflow/.local/lib/python3.12/site-packages/airflow/example_dags/example_complex.py
[2024-10-04T00:13:36.734+0000] {processor.py:914} INFO - Processing file /home/airflow/.local/lib/python3.12/site-packages/airflow/example_dags/example_complex.py for tasks to queue
[2024-10-04T00:13:36.736+0000] {logging_mixin.py:190} INFO - [2024-10-04T00:13:36.736+0000] {dagbag.py:588} INFO - Filling up the DagBag from /home/airflow/.local/lib/python3.12/site-packages/airflow/example_dags/example_complex.py
[2024-10-04T00:13:36.746+0000] {processor.py:925} INFO - DAG(s) 'example_complex' retrieved from /home/airflow/.local/lib/python3.12/site-packages/airflow/example_dags/example_complex.py
[2024-10-04T00:13:36.769+0000] {logging_mixin.py:190} INFO - [2024-10-04T00:13:36.769+0000] {dag.py:3239} INFO - Sync 1 DAGs
[2024-10-04T00:13:36.779+0000] {logging_mixin.py:190} INFO - [2024-10-04T00:13:36.779+0000] {dag.py:4180} INFO - Setting next_dagrun for example_complex to None, run_after=None
[2024-10-04T00:13:36.792+0000] {processor.py:208} INFO - Processing /home/airflow/.local/lib/python3.12/site-packages/airflow/example_dags/example_complex.py took 0.064 seconds
[2024-10-04T00:14:07.519+0000] {processor.py:186} INFO - Started process (PID=1184) to work on /home/airflow/.local/lib/python3.12/site-packages/airflow/example_dags/example_complex.py
[2024-10-04T00:14:07.520+0000] {processor.py:914} INFO - Processing file /home/airflow/.local/lib/python3.12/site-packages/airflow/example_dags/example_complex.py for tasks to queue
[2024-10-04T00:14:07.522+0000] {logging_mixin.py:190} INFO - [2024-10-04T00:14:07.522+0000] {dagbag.py:588} INFO - Filling up the DagBag from /home/airflow/.local/lib/python3.12/site-packages/airflow/example_dags/example_complex.py
[2024-10-04T00:14:07.534+0000] {processor.py:925} INFO - DAG(s) 'example_complex' retrieved from /home/airflow/.local/lib/python3.12/site-packages/airflow/example_dags/example_complex.py
[2024-10-04T00:14:07.561+0000] {logging_mixin.py:190} INFO - [2024-10-04T00:14:07.561+0000] {dag.py:3239} INFO - Sync 1 DAGs
[2024-10-04T00:14:07.573+0000] {logging_mixin.py:190} INFO - [2024-10-04T00:14:07.573+0000] {dag.py:4180} INFO - Setting next_dagrun for example_complex to None, run_after=None
[2024-10-04T00:14:07.588+0000] {processor.py:208} INFO - Processing /home/airflow/.local/lib/python3.12/site-packages/airflow/example_dags/example_complex.py took 0.074 seconds
[2024-10-04T00:14:37.990+0000] {processor.py:186} INFO - Started process (PID=1470) to work on /home/airflow/.local/lib/python3.12/site-packages/airflow/example_dags/example_complex.py
[2024-10-04T00:14:37.991+0000] {processor.py:914} INFO - Processing file /home/airflow/.local/lib/python3.12/site-packages/airflow/example_dags/example_complex.py for tasks to queue
[2024-10-04T00:14:37.993+0000] {logging_mixin.py:190} INFO - [2024-10-04T00:14:37.993+0000] {dagbag.py:588} INFO - Filling up the DagBag from /home/airflow/.local/lib/python3.12/site-packages/airflow/example_dags/example_complex.py
[2024-10-04T00:14:38.003+0000] {processor.py:925} INFO - DAG(s) 'example_complex' retrieved from /home/airflow/.local/lib/python3.12/site-packages/airflow/example_dags/example_complex.py
[2024-10-04T00:14:38.026+0000] {logging_mixin.py:190} INFO - [2024-10-04T00:14:38.026+0000] {dag.py:3239} INFO - Sync 1 DAGs
[2024-10-04T00:14:38.036+0000] {logging_mixin.py:190} INFO - [2024-10-04T00:14:38.036+0000] {dag.py:4180} INFO - Setting next_dagrun for example_complex to None, run_after=None
[2024-10-04T00:14:38.049+0000] {processor.py:208} INFO - Processing /home/airflow/.local/lib/python3.12/site-packages/airflow/example_dags/example_complex.py took 0.065 seconds
[2024-10-04T00:15:08.487+0000] {processor.py:186} INFO - Started process (PID=1756) to work on /home/airflow/.local/lib/python3.12/site-packages/airflow/example_dags/example_complex.py
[2024-10-04T00:15:08.488+0000] {processor.py:914} INFO - Processing file /home/airflow/.local/lib/python3.12/site-packages/airflow/example_dags/example_complex.py for tasks to queue
[2024-10-04T00:15:08.490+0000] {logging_mixin.py:190} INFO - [2024-10-04T00:15:08.490+0000] {dagbag.py:588} INFO - Filling up the DagBag from /home/airflow/.local/lib/python3.12/site-packages/airflow/example_dags/example_complex.py
[2024-10-04T00:15:08.500+0000] {processor.py:925} INFO - DAG(s) 'example_complex' retrieved from /home/airflow/.local/lib/python3.12/site-packages/airflow/example_dags/example_complex.py
[2024-10-04T00:15:08.523+0000] {logging_mixin.py:190} INFO - [2024-10-04T00:15:08.523+0000] {dag.py:3239} INFO - Sync 1 DAGs
[2024-10-04T00:15:08.533+0000] {logging_mixin.py:190} INFO - [2024-10-04T00:15:08.533+0000] {dag.py:4180} INFO - Setting next_dagrun for example_complex to None, run_after=None
[2024-10-04T00:15:08.546+0000] {processor.py:208} INFO - Processing /home/airflow/.local/lib/python3.12/site-packages/airflow/example_dags/example_complex.py took 0.064 seconds
[2024-10-04T00:15:39.374+0000] {processor.py:186} INFO - Started process (PID=2042) to work on /home/airflow/.local/lib/python3.12/site-packages/airflow/example_dags/example_complex.py
[2024-10-04T00:15:39.376+0000] {processor.py:914} INFO - Processing file /home/airflow/.local/lib/python3.12/site-packages/airflow/example_dags/example_complex.py for tasks to queue
[2024-10-04T00:15:39.379+0000] {logging_mixin.py:190} INFO - [2024-10-04T00:15:39.379+0000] {dagbag.py:588} INFO - Filling up the DagBag from /home/airflow/.local/lib/python3.12/site-packages/airflow/example_dags/example_complex.py
[2024-10-04T00:15:39.391+0000] {processor.py:925} INFO - DAG(s) 'example_complex' retrieved from /home/airflow/.local/lib/python3.12/site-packages/airflow/example_dags/example_complex.py
[2024-10-04T00:15:39.419+0000] {logging_mixin.py:190} INFO - [2024-10-04T00:15:39.419+0000] {dag.py:3239} INFO - Sync 1 DAGs
[2024-10-04T00:15:39.430+0000] {logging_mixin.py:190} INFO - [2024-10-04T00:15:39.430+0000] {dag.py:4180} INFO - Setting next_dagrun for example_complex to None, run_after=None
[2024-10-04T00:15:39.449+0000] {processor.py:208} INFO - Processing /home/airflow/.local/lib/python3.12/site-packages/airflow/example_dags/example_complex.py took 0.082 seconds
[2024-10-04T00:16:09.822+0000] {processor.py:186} INFO - Started process (PID=2328) to work on /home/airflow/.local/lib/python3.12/site-packages/airflow/example_dags/example_complex.py
[2024-10-04T00:16:09.824+0000] {processor.py:914} INFO - Processing file /home/airflow/.local/lib/python3.12/site-packages/airflow/example_dags/example_complex.py for tasks to queue
[2024-10-04T00:16:09.826+0000] {logging_mixin.py:190} INFO - [2024-10-04T00:16:09.825+0000] {dagbag.py:588} INFO - Filling up the DagBag from /home/airflow/.local/lib/python3.12/site-packages/airflow/example_dags/example_complex.py
[2024-10-04T00:16:09.836+0000] {processor.py:925} INFO - DAG(s) 'example_complex' retrieved from /home/airflow/.local/lib/python3.12/site-packages/airflow/example_dags/example_complex.py
[2024-10-04T00:16:09.863+0000] {logging_mixin.py:190} INFO - [2024-10-04T00:16:09.862+0000] {dag.py:3239} INFO - Sync 1 DAGs
[2024-10-04T00:16:09.875+0000] {logging_mixin.py:190} INFO - [2024-10-04T00:16:09.875+0000] {dag.py:4180} INFO - Setting next_dagrun for example_complex to None, run_after=None
[2024-10-04T00:16:09.889+0000] {processor.py:208} INFO - Processing /home/airflow/.local/lib/python3.12/site-packages/airflow/example_dags/example_complex.py took 0.073 seconds
[2024-10-04T00:16:40.559+0000] {processor.py:186} INFO - Started process (PID=2614) to work on /home/airflow/.local/lib/python3.12/site-packages/airflow/example_dags/example_complex.py
[2024-10-04T00:16:40.560+0000] {processor.py:914} INFO - Processing file /home/airflow/.local/lib/python3.12/site-packages/airflow/example_dags/example_complex.py for tasks to queue
[2024-10-04T00:16:40.563+0000] {logging_mixin.py:190} INFO - [2024-10-04T00:16:40.562+0000] {dagbag.py:588} INFO - Filling up the DagBag from /home/airflow/.local/lib/python3.12/site-packages/airflow/example_dags/example_complex.py
[2024-10-04T00:16:40.572+0000] {processor.py:925} INFO - DAG(s) 'example_complex' retrieved from /home/airflow/.local/lib/python3.12/site-packages/airflow/example_dags/example_complex.py
[2024-10-04T00:16:40.596+0000] {logging_mixin.py:190} INFO - [2024-10-04T00:16:40.596+0000] {dag.py:3239} INFO - Sync 1 DAGs
[2024-10-04T00:16:40.606+0000] {logging_mixin.py:190} INFO - [2024-10-04T00:16:40.606+0000] {dag.py:4180} INFO - Setting next_dagrun for example_complex to None, run_after=None
[2024-10-04T00:16:40.620+0000] {processor.py:208} INFO - Processing /home/airflow/.local/lib/python3.12/site-packages/airflow/example_dags/example_complex.py took 0.066 seconds
[2024-10-04T00:17:10.775+0000] {processor.py:186} INFO - Started process (PID=2898) to work on /home/airflow/.local/lib/python3.12/site-packages/airflow/example_dags/example_complex.py
[2024-10-04T00:17:10.776+0000] {processor.py:914} INFO - Processing file /home/airflow/.local/lib/python3.12/site-packages/airflow/example_dags/example_complex.py for tasks to queue
[2024-10-04T00:17:10.779+0000] {logging_mixin.py:190} INFO - [2024-10-04T00:17:10.778+0000] {dagbag.py:588} INFO - Filling up the DagBag from /home/airflow/.local/lib/python3.12/site-packages/airflow/example_dags/example_complex.py
[2024-10-04T00:17:10.790+0000] {processor.py:925} INFO - DAG(s) 'example_complex' retrieved from /home/airflow/.local/lib/python3.12/site-packages/airflow/example_dags/example_complex.py
[2024-10-04T00:17:10.819+0000] {logging_mixin.py:190} INFO - [2024-10-04T00:17:10.819+0000] {dag.py:3239} INFO - Sync 1 DAGs
[2024-10-04T00:17:10.834+0000] {logging_mixin.py:190} INFO - [2024-10-04T00:17:10.834+0000] {dag.py:4180} INFO - Setting next_dagrun for example_complex to None, run_after=None
[2024-10-04T00:17:10.852+0000] {processor.py:208} INFO - Processing /home/airflow/.local/lib/python3.12/site-packages/airflow/example_dags/example_complex.py took 0.083 seconds
[2024-10-04T00:17:41.912+0000] {processor.py:186} INFO - Started process (PID=3186) to work on /home/airflow/.local/lib/python3.12/site-packages/airflow/example_dags/example_complex.py
[2024-10-04T00:17:41.914+0000] {processor.py:914} INFO - Processing file /home/airflow/.local/lib/python3.12/site-packages/airflow/example_dags/example_complex.py for tasks to queue
[2024-10-04T00:17:41.918+0000] {logging_mixin.py:190} INFO - [2024-10-04T00:17:41.917+0000] {dagbag.py:588} INFO - Filling up the DagBag from /home/airflow/.local/lib/python3.12/site-packages/airflow/example_dags/example_complex.py
[2024-10-04T00:17:41.935+0000] {processor.py:925} INFO - DAG(s) 'example_complex' retrieved from /home/airflow/.local/lib/python3.12/site-packages/airflow/example_dags/example_complex.py
[2024-10-04T00:17:41.987+0000] {logging_mixin.py:190} INFO - [2024-10-04T00:17:41.986+0000] {dag.py:3239} INFO - Sync 1 DAGs
[2024-10-04T00:17:42.016+0000] {logging_mixin.py:190} INFO - [2024-10-04T00:17:42.016+0000] {dag.py:4180} INFO - Setting next_dagrun for example_complex to None, run_after=None
[2024-10-04T00:17:42.043+0000] {processor.py:208} INFO - Processing /home/airflow/.local/lib/python3.12/site-packages/airflow/example_dags/example_complex.py took 0.139 seconds
[2024-10-04T00:18:12.904+0000] {processor.py:186} INFO - Started process (PID=3476) to work on /home/airflow/.local/lib/python3.12/site-packages/airflow/example_dags/example_complex.py
[2024-10-04T00:18:12.910+0000] {processor.py:914} INFO - Processing file /home/airflow/.local/lib/python3.12/site-packages/airflow/example_dags/example_complex.py for tasks to queue
[2024-10-04T00:18:12.919+0000] {logging_mixin.py:190} INFO - [2024-10-04T00:18:12.918+0000] {dagbag.py:588} INFO - Filling up the DagBag from /home/airflow/.local/lib/python3.12/site-packages/airflow/example_dags/example_complex.py
[2024-10-04T00:18:12.953+0000] {processor.py:925} INFO - DAG(s) 'example_complex' retrieved from /home/airflow/.local/lib/python3.12/site-packages/airflow/example_dags/example_complex.py
[2024-10-04T00:18:13.012+0000] {logging_mixin.py:190} INFO - [2024-10-04T00:18:13.012+0000] {dag.py:3239} INFO - Sync 1 DAGs
[2024-10-04T00:18:13.035+0000] {logging_mixin.py:190} INFO - [2024-10-04T00:18:13.034+0000] {dag.py:4180} INFO - Setting next_dagrun for example_complex to None, run_after=None
[2024-10-04T00:18:13.063+0000] {processor.py:208} INFO - Processing /home/airflow/.local/lib/python3.12/site-packages/airflow/example_dags/example_complex.py took 0.189 seconds
[2024-10-04T00:18:43.715+0000] {processor.py:186} INFO - Started process (PID=3762) to work on /home/airflow/.local/lib/python3.12/site-packages/airflow/example_dags/example_complex.py
[2024-10-04T00:18:43.717+0000] {processor.py:914} INFO - Processing file /home/airflow/.local/lib/python3.12/site-packages/airflow/example_dags/example_complex.py for tasks to queue
[2024-10-04T00:18:43.719+0000] {logging_mixin.py:190} INFO - [2024-10-04T00:18:43.718+0000] {dagbag.py:588} INFO - Filling up the DagBag from /home/airflow/.local/lib/python3.12/site-packages/airflow/example_dags/example_complex.py
[2024-10-04T00:18:43.729+0000] {processor.py:925} INFO - DAG(s) 'example_complex' retrieved from /home/airflow/.local/lib/python3.12/site-packages/airflow/example_dags/example_complex.py
[2024-10-04T00:18:43.754+0000] {logging_mixin.py:190} INFO - [2024-10-04T00:18:43.754+0000] {dag.py:3239} INFO - Sync 1 DAGs
[2024-10-04T00:18:43.765+0000] {logging_mixin.py:190} INFO - [2024-10-04T00:18:43.765+0000] {dag.py:4180} INFO - Setting next_dagrun for example_complex to None, run_after=None
[2024-10-04T00:18:43.778+0000] {processor.py:208} INFO - Processing /home/airflow/.local/lib/python3.12/site-packages/airflow/example_dags/example_complex.py took 0.069 seconds
[2024-10-04T00:19:14.478+0000] {processor.py:186} INFO - Started process (PID=4048) to work on /home/airflow/.local/lib/python3.12/site-packages/airflow/example_dags/example_complex.py
[2024-10-04T00:19:14.479+0000] {processor.py:914} INFO - Processing file /home/airflow/.local/lib/python3.12/site-packages/airflow/example_dags/example_complex.py for tasks to queue
[2024-10-04T00:19:14.481+0000] {logging_mixin.py:190} INFO - [2024-10-04T00:19:14.480+0000] {dagbag.py:588} INFO - Filling up the DagBag from /home/airflow/.local/lib/python3.12/site-packages/airflow/example_dags/example_complex.py
[2024-10-04T00:19:14.490+0000] {processor.py:925} INFO - DAG(s) 'example_complex' retrieved from /home/airflow/.local/lib/python3.12/site-packages/airflow/example_dags/example_complex.py
[2024-10-04T00:19:14.513+0000] {logging_mixin.py:190} INFO - [2024-10-04T00:19:14.513+0000] {dag.py:3239} INFO - Sync 1 DAGs
[2024-10-04T00:19:14.525+0000] {logging_mixin.py:190} INFO - [2024-10-04T00:19:14.524+0000] {dag.py:4180} INFO - Setting next_dagrun for example_complex to None, run_after=None
[2024-10-04T00:19:14.539+0000] {processor.py:208} INFO - Processing /home/airflow/.local/lib/python3.12/site-packages/airflow/example_dags/example_complex.py took 0.067 seconds
[2024-10-04T00:19:44.758+0000] {processor.py:186} INFO - Started process (PID=4334) to work on /home/airflow/.local/lib/python3.12/site-packages/airflow/example_dags/example_complex.py
[2024-10-04T00:19:44.759+0000] {processor.py:914} INFO - Processing file /home/airflow/.local/lib/python3.12/site-packages/airflow/example_dags/example_complex.py for tasks to queue
[2024-10-04T00:19:44.761+0000] {logging_mixin.py:190} INFO - [2024-10-04T00:19:44.760+0000] {dagbag.py:588} INFO - Filling up the DagBag from /home/airflow/.local/lib/python3.12/site-packages/airflow/example_dags/example_complex.py
[2024-10-04T00:19:44.770+0000] {processor.py:925} INFO - DAG(s) 'example_complex' retrieved from /home/airflow/.local/lib/python3.12/site-packages/airflow/example_dags/example_complex.py
[2024-10-04T00:19:44.794+0000] {logging_mixin.py:190} INFO - [2024-10-04T00:19:44.794+0000] {dag.py:3239} INFO - Sync 1 DAGs
[2024-10-04T00:19:44.806+0000] {logging_mixin.py:190} INFO - [2024-10-04T00:19:44.806+0000] {dag.py:4180} INFO - Setting next_dagrun for example_complex to None, run_after=None
[2024-10-04T00:19:44.818+0000] {processor.py:208} INFO - Processing /home/airflow/.local/lib/python3.12/site-packages/airflow/example_dags/example_complex.py took 0.066 seconds
[2024-10-04T00:20:15.781+0000] {processor.py:186} INFO - Started process (PID=4620) to work on /home/airflow/.local/lib/python3.12/site-packages/airflow/example_dags/example_complex.py
[2024-10-04T00:20:15.782+0000] {processor.py:914} INFO - Processing file /home/airflow/.local/lib/python3.12/site-packages/airflow/example_dags/example_complex.py for tasks to queue
[2024-10-04T00:20:15.784+0000] {logging_mixin.py:190} INFO - [2024-10-04T00:20:15.784+0000] {dagbag.py:588} INFO - Filling up the DagBag from /home/airflow/.local/lib/python3.12/site-packages/airflow/example_dags/example_complex.py
[2024-10-04T00:20:15.794+0000] {processor.py:925} INFO - DAG(s) 'example_complex' retrieved from /home/airflow/.local/lib/python3.12/site-packages/airflow/example_dags/example_complex.py
[2024-10-04T00:20:15.819+0000] {logging_mixin.py:190} INFO - [2024-10-04T00:20:15.818+0000] {dag.py:3239} INFO - Sync 1 DAGs
[2024-10-04T00:20:15.831+0000] {logging_mixin.py:190} INFO - [2024-10-04T00:20:15.830+0000] {dag.py:4180} INFO - Setting next_dagrun for example_complex to None, run_after=None
[2024-10-04T00:20:15.845+0000] {processor.py:208} INFO - Processing /home/airflow/.local/lib/python3.12/site-packages/airflow/example_dags/example_complex.py took 0.070 seconds
[2024-10-04T00:20:46.120+0000] {processor.py:186} INFO - Started process (PID=4906) to work on /home/airflow/.local/lib/python3.12/site-packages/airflow/example_dags/example_complex.py
[2024-10-04T00:20:46.121+0000] {processor.py:914} INFO - Processing file /home/airflow/.local/lib/python3.12/site-packages/airflow/example_dags/example_complex.py for tasks to queue
[2024-10-04T00:20:46.123+0000] {logging_mixin.py:190} INFO - [2024-10-04T00:20:46.123+0000] {dagbag.py:588} INFO - Filling up the DagBag from /home/airflow/.local/lib/python3.12/site-packages/airflow/example_dags/example_complex.py
[2024-10-04T00:20:46.133+0000] {processor.py:925} INFO - DAG(s) 'example_complex' retrieved from /home/airflow/.local/lib/python3.12/site-packages/airflow/example_dags/example_complex.py
[2024-10-04T00:20:46.156+0000] {logging_mixin.py:190} INFO - [2024-10-04T00:20:46.156+0000] {dag.py:3239} INFO - Sync 1 DAGs
[2024-10-04T00:20:46.167+0000] {logging_mixin.py:190} INFO - [2024-10-04T00:20:46.167+0000] {dag.py:4180} INFO - Setting next_dagrun for example_complex to None, run_after=None
[2024-10-04T00:20:46.180+0000] {processor.py:208} INFO - Processing /home/airflow/.local/lib/python3.12/site-packages/airflow/example_dags/example_complex.py took 0.065 seconds
[2024-10-04T00:21:16.656+0000] {processor.py:186} INFO - Started process (PID=5192) to work on /home/airflow/.local/lib/python3.12/site-packages/airflow/example_dags/example_complex.py
[2024-10-04T00:21:16.657+0000] {processor.py:914} INFO - Processing file /home/airflow/.local/lib/python3.12/site-packages/airflow/example_dags/example_complex.py for tasks to queue
[2024-10-04T00:21:16.659+0000] {logging_mixin.py:190} INFO - [2024-10-04T00:21:16.658+0000] {dagbag.py:588} INFO - Filling up the DagBag from /home/airflow/.local/lib/python3.12/site-packages/airflow/example_dags/example_complex.py
[2024-10-04T00:21:16.668+0000] {processor.py:925} INFO - DAG(s) 'example_complex' retrieved from /home/airflow/.local/lib/python3.12/site-packages/airflow/example_dags/example_complex.py
[2024-10-04T00:21:16.691+0000] {logging_mixin.py:190} INFO - [2024-10-04T00:21:16.691+0000] {dag.py:3239} INFO - Sync 1 DAGs
[2024-10-04T00:21:16.702+0000] {logging_mixin.py:190} INFO - [2024-10-04T00:21:16.702+0000] {dag.py:4180} INFO - Setting next_dagrun for example_complex to None, run_after=None
[2024-10-04T00:21:16.715+0000] {processor.py:208} INFO - Processing /home/airflow/.local/lib/python3.12/site-packages/airflow/example_dags/example_complex.py took 0.064 seconds
[2024-10-04T00:21:46.913+0000] {processor.py:186} INFO - Started process (PID=5478) to work on /home/airflow/.local/lib/python3.12/site-packages/airflow/example_dags/example_complex.py
[2024-10-04T00:21:46.914+0000] {processor.py:914} INFO - Processing file /home/airflow/.local/lib/python3.12/site-packages/airflow/example_dags/example_complex.py for tasks to queue
[2024-10-04T00:21:46.916+0000] {logging_mixin.py:190} INFO - [2024-10-04T00:21:46.916+0000] {dagbag.py:588} INFO - Filling up the DagBag from /home/airflow/.local/lib/python3.12/site-packages/airflow/example_dags/example_complex.py
[2024-10-04T00:21:46.926+0000] {processor.py:925} INFO - DAG(s) 'example_complex' retrieved from /home/airflow/.local/lib/python3.12/site-packages/airflow/example_dags/example_complex.py
[2024-10-04T00:21:46.949+0000] {logging_mixin.py:190} INFO - [2024-10-04T00:21:46.949+0000] {dag.py:3239} INFO - Sync 1 DAGs
[2024-10-04T00:21:46.960+0000] {logging_mixin.py:190} INFO - [2024-10-04T00:21:46.960+0000] {dag.py:4180} INFO - Setting next_dagrun for example_complex to None, run_after=None
[2024-10-04T00:21:46.972+0000] {processor.py:208} INFO - Processing /home/airflow/.local/lib/python3.12/site-packages/airflow/example_dags/example_complex.py took 0.064 seconds
[2024-10-04T00:22:17.165+0000] {processor.py:186} INFO - Started process (PID=5764) to work on /home/airflow/.local/lib/python3.12/site-packages/airflow/example_dags/example_complex.py
[2024-10-04T00:22:17.166+0000] {processor.py:914} INFO - Processing file /home/airflow/.local/lib/python3.12/site-packages/airflow/example_dags/example_complex.py for tasks to queue
[2024-10-04T00:22:17.168+0000] {logging_mixin.py:190} INFO - [2024-10-04T00:22:17.168+0000] {dagbag.py:588} INFO - Filling up the DagBag from /home/airflow/.local/lib/python3.12/site-packages/airflow/example_dags/example_complex.py
[2024-10-04T00:22:17.178+0000] {processor.py:925} INFO - DAG(s) 'example_complex' retrieved from /home/airflow/.local/lib/python3.12/site-packages/airflow/example_dags/example_complex.py
[2024-10-04T00:22:17.201+0000] {logging_mixin.py:190} INFO - [2024-10-04T00:22:17.201+0000] {dag.py:3239} INFO - Sync 1 DAGs
[2024-10-04T00:22:17.212+0000] {logging_mixin.py:190} INFO - [2024-10-04T00:22:17.212+0000] {dag.py:4180} INFO - Setting next_dagrun for example_complex to None, run_after=None
[2024-10-04T00:22:17.224+0000] {processor.py:208} INFO - Processing /home/airflow/.local/lib/python3.12/site-packages/airflow/example_dags/example_complex.py took 0.065 seconds
[2024-10-04T00:22:52.278+0000] {processor.py:186} INFO - Started process (PID=6050) to work on /home/airflow/.local/lib/python3.12/site-packages/airflow/example_dags/example_complex.py
[2024-10-04T00:22:52.281+0000] {processor.py:914} INFO - Processing file /home/airflow/.local/lib/python3.12/site-packages/airflow/example_dags/example_complex.py for tasks to queue
[2024-10-04T00:22:52.285+0000] {logging_mixin.py:190} INFO - [2024-10-04T00:22:52.285+0000] {dagbag.py:588} INFO - Filling up the DagBag from /home/airflow/.local/lib/python3.12/site-packages/airflow/example_dags/example_complex.py
[2024-10-04T00:22:52.308+0000] {processor.py:925} INFO - DAG(s) 'example_complex' retrieved from /home/airflow/.local/lib/python3.12/site-packages/airflow/example_dags/example_complex.py
[2024-10-04T00:22:52.363+0000] {logging_mixin.py:190} INFO - [2024-10-04T00:22:52.362+0000] {dag.py:3239} INFO - Sync 1 DAGs
[2024-10-04T00:22:52.391+0000] {logging_mixin.py:190} INFO - [2024-10-04T00:22:52.390+0000] {dag.py:4180} INFO - Setting next_dagrun for example_complex to None, run_after=None
[2024-10-04T00:22:52.426+0000] {processor.py:208} INFO - Processing /home/airflow/.local/lib/python3.12/site-packages/airflow/example_dags/example_complex.py took 0.157 seconds
[2024-10-04T00:23:22.857+0000] {processor.py:186} INFO - Started process (PID=6336) to work on /home/airflow/.local/lib/python3.12/site-packages/airflow/example_dags/example_complex.py
[2024-10-04T00:23:22.858+0000] {processor.py:914} INFO - Processing file /home/airflow/.local/lib/python3.12/site-packages/airflow/example_dags/example_complex.py for tasks to queue
[2024-10-04T00:23:22.862+0000] {logging_mixin.py:190} INFO - [2024-10-04T00:23:22.862+0000] {dagbag.py:588} INFO - Filling up the DagBag from /home/airflow/.local/lib/python3.12/site-packages/airflow/example_dags/example_complex.py
[2024-10-04T00:23:22.880+0000] {processor.py:925} INFO - DAG(s) 'example_complex' retrieved from /home/airflow/.local/lib/python3.12/site-packages/airflow/example_dags/example_complex.py
[2024-10-04T00:23:22.927+0000] {logging_mixin.py:190} INFO - [2024-10-04T00:23:22.927+0000] {dag.py:3239} INFO - Sync 1 DAGs
[2024-10-04T00:23:22.944+0000] {logging_mixin.py:190} INFO - [2024-10-04T00:23:22.943+0000] {dag.py:4180} INFO - Setting next_dagrun for example_complex to None, run_after=None
[2024-10-04T00:23:22.963+0000] {processor.py:208} INFO - Processing /home/airflow/.local/lib/python3.12/site-packages/airflow/example_dags/example_complex.py took 0.114 seconds
[2024-10-04T00:23:53.121+0000] {processor.py:186} INFO - Started process (PID=6624) to work on /home/airflow/.local/lib/python3.12/site-packages/airflow/example_dags/example_complex.py
[2024-10-04T00:23:53.122+0000] {processor.py:914} INFO - Processing file /home/airflow/.local/lib/python3.12/site-packages/airflow/example_dags/example_complex.py for tasks to queue
[2024-10-04T00:23:53.124+0000] {logging_mixin.py:190} INFO - [2024-10-04T00:23:53.124+0000] {dagbag.py:588} INFO - Filling up the DagBag from /home/airflow/.local/lib/python3.12/site-packages/airflow/example_dags/example_complex.py
[2024-10-04T00:23:53.135+0000] {processor.py:925} INFO - DAG(s) 'example_complex' retrieved from /home/airflow/.local/lib/python3.12/site-packages/airflow/example_dags/example_complex.py
[2024-10-04T00:23:53.159+0000] {logging_mixin.py:190} INFO - [2024-10-04T00:23:53.159+0000] {dag.py:3239} INFO - Sync 1 DAGs
[2024-10-04T00:23:53.170+0000] {logging_mixin.py:190} INFO - [2024-10-04T00:23:53.170+0000] {dag.py:4180} INFO - Setting next_dagrun for example_complex to None, run_after=None
[2024-10-04T00:23:53.183+0000] {processor.py:208} INFO - Processing /home/airflow/.local/lib/python3.12/site-packages/airflow/example_dags/example_complex.py took 0.068 seconds
[2024-10-04T00:24:23.819+0000] {processor.py:186} INFO - Started process (PID=6908) to work on /home/airflow/.local/lib/python3.12/site-packages/airflow/example_dags/example_complex.py
[2024-10-04T00:24:23.820+0000] {processor.py:914} INFO - Processing file /home/airflow/.local/lib/python3.12/site-packages/airflow/example_dags/example_complex.py for tasks to queue
[2024-10-04T00:24:23.823+0000] {logging_mixin.py:190} INFO - [2024-10-04T00:24:23.822+0000] {dagbag.py:588} INFO - Filling up the DagBag from /home/airflow/.local/lib/python3.12/site-packages/airflow/example_dags/example_complex.py
[2024-10-04T00:24:23.834+0000] {processor.py:925} INFO - DAG(s) 'example_complex' retrieved from /home/airflow/.local/lib/python3.12/site-packages/airflow/example_dags/example_complex.py
[2024-10-04T00:24:23.863+0000] {logging_mixin.py:190} INFO - [2024-10-04T00:24:23.863+0000] {dag.py:3239} INFO - Sync 1 DAGs
[2024-10-04T00:24:23.877+0000] {logging_mixin.py:190} INFO - [2024-10-04T00:24:23.877+0000] {dag.py:4180} INFO - Setting next_dagrun for example_complex to None, run_after=None
[2024-10-04T00:24:23.900+0000] {processor.py:208} INFO - Processing /home/airflow/.local/lib/python3.12/site-packages/airflow/example_dags/example_complex.py took 0.088 seconds
[2024-10-04T00:24:54.250+0000] {processor.py:186} INFO - Started process (PID=7194) to work on /home/airflow/.local/lib/python3.12/site-packages/airflow/example_dags/example_complex.py
[2024-10-04T00:24:54.251+0000] {processor.py:914} INFO - Processing file /home/airflow/.local/lib/python3.12/site-packages/airflow/example_dags/example_complex.py for tasks to queue
[2024-10-04T00:24:54.254+0000] {logging_mixin.py:190} INFO - [2024-10-04T00:24:54.253+0000] {dagbag.py:588} INFO - Filling up the DagBag from /home/airflow/.local/lib/python3.12/site-packages/airflow/example_dags/example_complex.py
[2024-10-04T00:24:54.265+0000] {processor.py:925} INFO - DAG(s) 'example_complex' retrieved from /home/airflow/.local/lib/python3.12/site-packages/airflow/example_dags/example_complex.py
[2024-10-04T00:24:54.292+0000] {logging_mixin.py:190} INFO - [2024-10-04T00:24:54.291+0000] {dag.py:3239} INFO - Sync 1 DAGs
[2024-10-04T00:24:54.305+0000] {logging_mixin.py:190} INFO - [2024-10-04T00:24:54.304+0000] {dag.py:4180} INFO - Setting next_dagrun for example_complex to None, run_after=None
[2024-10-04T00:24:54.322+0000] {processor.py:208} INFO - Processing /home/airflow/.local/lib/python3.12/site-packages/airflow/example_dags/example_complex.py took 0.078 seconds
[2024-10-04T00:25:25.245+0000] {processor.py:186} INFO - Started process (PID=7480) to work on /home/airflow/.local/lib/python3.12/site-packages/airflow/example_dags/example_complex.py
[2024-10-04T00:25:25.246+0000] {processor.py:914} INFO - Processing file /home/airflow/.local/lib/python3.12/site-packages/airflow/example_dags/example_complex.py for tasks to queue
[2024-10-04T00:25:25.248+0000] {logging_mixin.py:190} INFO - [2024-10-04T00:25:25.248+0000] {dagbag.py:588} INFO - Filling up the DagBag from /home/airflow/.local/lib/python3.12/site-packages/airflow/example_dags/example_complex.py
[2024-10-04T00:25:25.260+0000] {processor.py:925} INFO - DAG(s) 'example_complex' retrieved from /home/airflow/.local/lib/python3.12/site-packages/airflow/example_dags/example_complex.py
[2024-10-04T00:25:25.290+0000] {logging_mixin.py:190} INFO - [2024-10-04T00:25:25.290+0000] {dag.py:3239} INFO - Sync 1 DAGs
[2024-10-04T00:25:25.316+0000] {logging_mixin.py:190} INFO - [2024-10-04T00:25:25.316+0000] {dag.py:4180} INFO - Setting next_dagrun for example_complex to None, run_after=None
[2024-10-04T00:25:25.337+0000] {processor.py:208} INFO - Processing /home/airflow/.local/lib/python3.12/site-packages/airflow/example_dags/example_complex.py took 0.099 seconds
[2024-10-04T00:25:55.935+0000] {processor.py:186} INFO - Started process (PID=7766) to work on /home/airflow/.local/lib/python3.12/site-packages/airflow/example_dags/example_complex.py
[2024-10-04T00:25:55.937+0000] {processor.py:914} INFO - Processing file /home/airflow/.local/lib/python3.12/site-packages/airflow/example_dags/example_complex.py for tasks to queue
[2024-10-04T00:25:55.940+0000] {logging_mixin.py:190} INFO - [2024-10-04T00:25:55.939+0000] {dagbag.py:588} INFO - Filling up the DagBag from /home/airflow/.local/lib/python3.12/site-packages/airflow/example_dags/example_complex.py
[2024-10-04T00:25:55.956+0000] {processor.py:925} INFO - DAG(s) 'example_complex' retrieved from /home/airflow/.local/lib/python3.12/site-packages/airflow/example_dags/example_complex.py
[2024-10-04T00:25:55.985+0000] {logging_mixin.py:190} INFO - [2024-10-04T00:25:55.985+0000] {dag.py:3239} INFO - Sync 1 DAGs
[2024-10-04T00:25:55.999+0000] {logging_mixin.py:190} INFO - [2024-10-04T00:25:55.999+0000] {dag.py:4180} INFO - Setting next_dagrun for example_complex to None, run_after=None
[2024-10-04T00:25:56.013+0000] {processor.py:208} INFO - Processing /home/airflow/.local/lib/python3.12/site-packages/airflow/example_dags/example_complex.py took 0.089 seconds
[2024-10-04T00:26:26.249+0000] {processor.py:186} INFO - Started process (PID=8052) to work on /home/airflow/.local/lib/python3.12/site-packages/airflow/example_dags/example_complex.py
[2024-10-04T00:26:26.250+0000] {processor.py:914} INFO - Processing file /home/airflow/.local/lib/python3.12/site-packages/airflow/example_dags/example_complex.py for tasks to queue
[2024-10-04T00:26:26.252+0000] {logging_mixin.py:190} INFO - [2024-10-04T00:26:26.252+0000] {dagbag.py:588} INFO - Filling up the DagBag from /home/airflow/.local/lib/python3.12/site-packages/airflow/example_dags/example_complex.py
[2024-10-04T00:26:26.263+0000] {processor.py:925} INFO - DAG(s) 'example_complex' retrieved from /home/airflow/.local/lib/python3.12/site-packages/airflow/example_dags/example_complex.py
[2024-10-04T00:26:26.287+0000] {logging_mixin.py:190} INFO - [2024-10-04T00:26:26.287+0000] {dag.py:3239} INFO - Sync 1 DAGs
[2024-10-04T00:26:26.298+0000] {logging_mixin.py:190} INFO - [2024-10-04T00:26:26.298+0000] {dag.py:4180} INFO - Setting next_dagrun for example_complex to None, run_after=None
[2024-10-04T00:26:26.311+0000] {processor.py:208} INFO - Processing /home/airflow/.local/lib/python3.12/site-packages/airflow/example_dags/example_complex.py took 0.068 seconds
[2024-10-04T00:26:56.486+0000] {processor.py:186} INFO - Started process (PID=8338) to work on /home/airflow/.local/lib/python3.12/site-packages/airflow/example_dags/example_complex.py
[2024-10-04T00:26:56.487+0000] {processor.py:914} INFO - Processing file /home/airflow/.local/lib/python3.12/site-packages/airflow/example_dags/example_complex.py for tasks to queue
[2024-10-04T00:26:56.489+0000] {logging_mixin.py:190} INFO - [2024-10-04T00:26:56.489+0000] {dagbag.py:588} INFO - Filling up the DagBag from /home/airflow/.local/lib/python3.12/site-packages/airflow/example_dags/example_complex.py
[2024-10-04T00:26:56.499+0000] {processor.py:925} INFO - DAG(s) 'example_complex' retrieved from /home/airflow/.local/lib/python3.12/site-packages/airflow/example_dags/example_complex.py
[2024-10-04T00:26:56.537+0000] {logging_mixin.py:190} INFO - [2024-10-04T00:26:56.536+0000] {dag.py:3239} INFO - Sync 1 DAGs
[2024-10-04T00:26:56.549+0000] {logging_mixin.py:190} INFO - [2024-10-04T00:26:56.549+0000] {dag.py:4180} INFO - Setting next_dagrun for example_complex to None, run_after=None
[2024-10-04T00:26:56.563+0000] {processor.py:208} INFO - Processing /home/airflow/.local/lib/python3.12/site-packages/airflow/example_dags/example_complex.py took 0.083 seconds
[2024-10-04T00:27:26.672+0000] {processor.py:186} INFO - Started process (PID=8626) to work on /home/airflow/.local/lib/python3.12/site-packages/airflow/example_dags/example_complex.py
[2024-10-04T00:27:26.673+0000] {processor.py:914} INFO - Processing file /home/airflow/.local/lib/python3.12/site-packages/airflow/example_dags/example_complex.py for tasks to queue
[2024-10-04T00:27:26.675+0000] {logging_mixin.py:190} INFO - [2024-10-04T00:27:26.675+0000] {dagbag.py:588} INFO - Filling up the DagBag from /home/airflow/.local/lib/python3.12/site-packages/airflow/example_dags/example_complex.py
[2024-10-04T00:27:26.685+0000] {processor.py:925} INFO - DAG(s) 'example_complex' retrieved from /home/airflow/.local/lib/python3.12/site-packages/airflow/example_dags/example_complex.py
[2024-10-04T00:27:26.708+0000] {logging_mixin.py:190} INFO - [2024-10-04T00:27:26.708+0000] {dag.py:3239} INFO - Sync 1 DAGs
[2024-10-04T00:27:26.718+0000] {logging_mixin.py:190} INFO - [2024-10-04T00:27:26.718+0000] {dag.py:4180} INFO - Setting next_dagrun for example_complex to None, run_after=None
[2024-10-04T00:27:26.731+0000] {processor.py:208} INFO - Processing /home/airflow/.local/lib/python3.12/site-packages/airflow/example_dags/example_complex.py took 0.064 seconds
[2024-10-04T00:27:57.215+0000] {processor.py:186} INFO - Started process (PID=8910) to work on /home/airflow/.local/lib/python3.12/site-packages/airflow/example_dags/example_complex.py
[2024-10-04T00:27:57.216+0000] {processor.py:914} INFO - Processing file /home/airflow/.local/lib/python3.12/site-packages/airflow/example_dags/example_complex.py for tasks to queue
[2024-10-04T00:27:57.218+0000] {logging_mixin.py:190} INFO - [2024-10-04T00:27:57.218+0000] {dagbag.py:588} INFO - Filling up the DagBag from /home/airflow/.local/lib/python3.12/site-packages/airflow/example_dags/example_complex.py
[2024-10-04T00:27:57.228+0000] {processor.py:925} INFO - DAG(s) 'example_complex' retrieved from /home/airflow/.local/lib/python3.12/site-packages/airflow/example_dags/example_complex.py
[2024-10-04T00:27:57.252+0000] {logging_mixin.py:190} INFO - [2024-10-04T00:27:57.252+0000] {dag.py:3239} INFO - Sync 1 DAGs
[2024-10-04T00:27:57.263+0000] {logging_mixin.py:190} INFO - [2024-10-04T00:27:57.263+0000] {dag.py:4180} INFO - Setting next_dagrun for example_complex to None, run_after=None
[2024-10-04T00:27:57.279+0000] {processor.py:208} INFO - Processing /home/airflow/.local/lib/python3.12/site-packages/airflow/example_dags/example_complex.py took 0.070 seconds
[2024-10-04T00:28:27.478+0000] {processor.py:186} INFO - Started process (PID=9196) to work on /home/airflow/.local/lib/python3.12/site-packages/airflow/example_dags/example_complex.py
[2024-10-04T00:28:27.479+0000] {processor.py:914} INFO - Processing file /home/airflow/.local/lib/python3.12/site-packages/airflow/example_dags/example_complex.py for tasks to queue
[2024-10-04T00:28:27.481+0000] {logging_mixin.py:190} INFO - [2024-10-04T00:28:27.481+0000] {dagbag.py:588} INFO - Filling up the DagBag from /home/airflow/.local/lib/python3.12/site-packages/airflow/example_dags/example_complex.py
[2024-10-04T00:28:27.491+0000] {processor.py:925} INFO - DAG(s) 'example_complex' retrieved from /home/airflow/.local/lib/python3.12/site-packages/airflow/example_dags/example_complex.py
[2024-10-04T00:28:27.514+0000] {logging_mixin.py:190} INFO - [2024-10-04T00:28:27.514+0000] {dag.py:3239} INFO - Sync 1 DAGs
[2024-10-04T00:28:27.525+0000] {logging_mixin.py:190} INFO - [2024-10-04T00:28:27.525+0000] {dag.py:4180} INFO - Setting next_dagrun for example_complex to None, run_after=None
[2024-10-04T00:28:27.538+0000] {processor.py:208} INFO - Processing /home/airflow/.local/lib/python3.12/site-packages/airflow/example_dags/example_complex.py took 0.066 seconds
