[2024-10-04T00:12:33.557+0000] {processor.py:186} INFO - Started process (PID=271) to work on /home/airflow/.local/lib/python3.12/site-packages/airflow/example_dags/example_sensors.py
[2024-10-04T00:12:33.559+0000] {processor.py:914} INFO - Processing file /home/airflow/.local/lib/python3.12/site-packages/airflow/example_dags/example_sensors.py for tasks to queue
[2024-10-04T00:12:33.562+0000] {logging_mixin.py:190} INFO - [2024-10-04T00:12:33.561+0000] {dagbag.py:588} INFO - Filling up the DagBag from /home/airflow/.local/lib/python3.12/site-packages/airflow/example_dags/example_sensors.py
[2024-10-04T00:12:33.573+0000] {processor.py:925} INFO - DAG(s) 'example_sensors' retrieved from /home/airflow/.local/lib/python3.12/site-packages/airflow/example_dags/example_sensors.py
[2024-10-04T00:12:33.703+0000] {logging_mixin.py:190} INFO - [2024-10-04T00:12:33.702+0000] {override.py:1900} INFO - Created Permission View: can read on DAG:example_sensors
[2024-10-04T00:12:33.712+0000] {logging_mixin.py:190} INFO - [2024-10-04T00:12:33.711+0000] {override.py:1900} INFO - Created Permission View: can delete on DAG:example_sensors
[2024-10-04T00:12:33.717+0000] {logging_mixin.py:190} INFO - [2024-10-04T00:12:33.717+0000] {override.py:1900} INFO - Created Permission View: can edit on DAG:example_sensors
[2024-10-04T00:12:33.723+0000] {logging_mixin.py:190} INFO - [2024-10-04T00:12:33.722+0000] {override.py:1900} INFO - Created Permission View: menu access on DAG Run:example_sensors
[2024-10-04T00:12:33.728+0000] {logging_mixin.py:190} INFO - [2024-10-04T00:12:33.728+0000] {override.py:1900} INFO - Created Permission View: can read on DAG Run:example_sensors
[2024-10-04T00:12:33.733+0000] {logging_mixin.py:190} INFO - [2024-10-04T00:12:33.732+0000] {override.py:1900} INFO - Created Permission View: can delete on DAG Run:example_sensors
[2024-10-04T00:12:33.738+0000] {logging_mixin.py:190} INFO - [2024-10-04T00:12:33.737+0000] {override.py:1900} INFO - Created Permission View: can create on DAG Run:example_sensors
[2024-10-04T00:12:33.738+0000] {logging_mixin.py:190} INFO - [2024-10-04T00:12:33.738+0000] {dag.py:3239} INFO - Sync 1 DAGs
[2024-10-04T00:12:33.750+0000] {logging_mixin.py:190} INFO - [2024-10-04T00:12:33.750+0000] {dag.py:3262} INFO - Creating ORM DAG for example_sensors
[2024-10-04T00:12:33.751+0000] {logging_mixin.py:190} INFO - [2024-10-04T00:12:33.751+0000] {dag.py:4180} INFO - Setting next_dagrun for example_sensors to None, run_after=None
[2024-10-04T00:12:33.765+0000] {processor.py:208} INFO - Processing /home/airflow/.local/lib/python3.12/site-packages/airflow/example_dags/example_sensors.py took 0.214 seconds
[2024-10-04T00:13:04.469+0000] {processor.py:186} INFO - Started process (PID=555) to work on /home/airflow/.local/lib/python3.12/site-packages/airflow/example_dags/example_sensors.py
[2024-10-04T00:13:04.470+0000] {processor.py:914} INFO - Processing file /home/airflow/.local/lib/python3.12/site-packages/airflow/example_dags/example_sensors.py for tasks to queue
[2024-10-04T00:13:04.472+0000] {logging_mixin.py:190} INFO - [2024-10-04T00:13:04.472+0000] {dagbag.py:588} INFO - Filling up the DagBag from /home/airflow/.local/lib/python3.12/site-packages/airflow/example_dags/example_sensors.py
[2024-10-04T00:13:04.481+0000] {processor.py:925} INFO - DAG(s) 'example_sensors' retrieved from /home/airflow/.local/lib/python3.12/site-packages/airflow/example_dags/example_sensors.py
[2024-10-04T00:13:04.503+0000] {logging_mixin.py:190} INFO - [2024-10-04T00:13:04.503+0000] {dag.py:3239} INFO - Sync 1 DAGs
[2024-10-04T00:13:04.514+0000] {logging_mixin.py:190} INFO - [2024-10-04T00:13:04.513+0000] {dag.py:4180} INFO - Setting next_dagrun for example_sensors to None, run_after=None
[2024-10-04T00:13:04.526+0000] {processor.py:208} INFO - Processing /home/airflow/.local/lib/python3.12/site-packages/airflow/example_dags/example_sensors.py took 0.062 seconds
[2024-10-04T00:13:35.092+0000] {processor.py:186} INFO - Started process (PID=841) to work on /home/airflow/.local/lib/python3.12/site-packages/airflow/example_dags/example_sensors.py
[2024-10-04T00:13:35.093+0000] {processor.py:914} INFO - Processing file /home/airflow/.local/lib/python3.12/site-packages/airflow/example_dags/example_sensors.py for tasks to queue
[2024-10-04T00:13:35.095+0000] {logging_mixin.py:190} INFO - [2024-10-04T00:13:35.095+0000] {dagbag.py:588} INFO - Filling up the DagBag from /home/airflow/.local/lib/python3.12/site-packages/airflow/example_dags/example_sensors.py
[2024-10-04T00:13:35.105+0000] {processor.py:925} INFO - DAG(s) 'example_sensors' retrieved from /home/airflow/.local/lib/python3.12/site-packages/airflow/example_dags/example_sensors.py
[2024-10-04T00:13:35.126+0000] {logging_mixin.py:190} INFO - [2024-10-04T00:13:35.125+0000] {dag.py:3239} INFO - Sync 1 DAGs
[2024-10-04T00:13:35.136+0000] {logging_mixin.py:190} INFO - [2024-10-04T00:13:35.136+0000] {dag.py:4180} INFO - Setting next_dagrun for example_sensors to None, run_after=None
[2024-10-04T00:13:35.149+0000] {processor.py:208} INFO - Processing /home/airflow/.local/lib/python3.12/site-packages/airflow/example_dags/example_sensors.py took 0.063 seconds
[2024-10-04T00:14:05.619+0000] {processor.py:186} INFO - Started process (PID=1127) to work on /home/airflow/.local/lib/python3.12/site-packages/airflow/example_dags/example_sensors.py
[2024-10-04T00:14:05.620+0000] {processor.py:914} INFO - Processing file /home/airflow/.local/lib/python3.12/site-packages/airflow/example_dags/example_sensors.py for tasks to queue
[2024-10-04T00:14:05.622+0000] {logging_mixin.py:190} INFO - [2024-10-04T00:14:05.622+0000] {dagbag.py:588} INFO - Filling up the DagBag from /home/airflow/.local/lib/python3.12/site-packages/airflow/example_dags/example_sensors.py
[2024-10-04T00:14:05.631+0000] {processor.py:925} INFO - DAG(s) 'example_sensors' retrieved from /home/airflow/.local/lib/python3.12/site-packages/airflow/example_dags/example_sensors.py
[2024-10-04T00:14:05.652+0000] {logging_mixin.py:190} INFO - [2024-10-04T00:14:05.652+0000] {dag.py:3239} INFO - Sync 1 DAGs
[2024-10-04T00:14:05.663+0000] {logging_mixin.py:190} INFO - [2024-10-04T00:14:05.663+0000] {dag.py:4180} INFO - Setting next_dagrun for example_sensors to None, run_after=None
[2024-10-04T00:14:05.676+0000] {processor.py:208} INFO - Processing /home/airflow/.local/lib/python3.12/site-packages/airflow/example_dags/example_sensors.py took 0.062 seconds
[2024-10-04T00:14:36.358+0000] {processor.py:186} INFO - Started process (PID=1413) to work on /home/airflow/.local/lib/python3.12/site-packages/airflow/example_dags/example_sensors.py
[2024-10-04T00:14:36.359+0000] {processor.py:914} INFO - Processing file /home/airflow/.local/lib/python3.12/site-packages/airflow/example_dags/example_sensors.py for tasks to queue
[2024-10-04T00:14:36.361+0000] {logging_mixin.py:190} INFO - [2024-10-04T00:14:36.361+0000] {dagbag.py:588} INFO - Filling up the DagBag from /home/airflow/.local/lib/python3.12/site-packages/airflow/example_dags/example_sensors.py
[2024-10-04T00:14:36.370+0000] {processor.py:925} INFO - DAG(s) 'example_sensors' retrieved from /home/airflow/.local/lib/python3.12/site-packages/airflow/example_dags/example_sensors.py
[2024-10-04T00:14:36.390+0000] {logging_mixin.py:190} INFO - [2024-10-04T00:14:36.390+0000] {dag.py:3239} INFO - Sync 1 DAGs
[2024-10-04T00:14:36.401+0000] {logging_mixin.py:190} INFO - [2024-10-04T00:14:36.401+0000] {dag.py:4180} INFO - Setting next_dagrun for example_sensors to None, run_after=None
[2024-10-04T00:14:36.413+0000] {processor.py:208} INFO - Processing /home/airflow/.local/lib/python3.12/site-packages/airflow/example_dags/example_sensors.py took 0.061 seconds
[2024-10-04T00:15:06.821+0000] {processor.py:186} INFO - Started process (PID=1699) to work on /home/airflow/.local/lib/python3.12/site-packages/airflow/example_dags/example_sensors.py
[2024-10-04T00:15:06.822+0000] {processor.py:914} INFO - Processing file /home/airflow/.local/lib/python3.12/site-packages/airflow/example_dags/example_sensors.py for tasks to queue
[2024-10-04T00:15:06.824+0000] {logging_mixin.py:190} INFO - [2024-10-04T00:15:06.824+0000] {dagbag.py:588} INFO - Filling up the DagBag from /home/airflow/.local/lib/python3.12/site-packages/airflow/example_dags/example_sensors.py
[2024-10-04T00:15:06.833+0000] {processor.py:925} INFO - DAG(s) 'example_sensors' retrieved from /home/airflow/.local/lib/python3.12/site-packages/airflow/example_dags/example_sensors.py
[2024-10-04T00:15:06.853+0000] {logging_mixin.py:190} INFO - [2024-10-04T00:15:06.853+0000] {dag.py:3239} INFO - Sync 1 DAGs
[2024-10-04T00:15:06.864+0000] {logging_mixin.py:190} INFO - [2024-10-04T00:15:06.864+0000] {dag.py:4180} INFO - Setting next_dagrun for example_sensors to None, run_after=None
[2024-10-04T00:15:06.876+0000] {processor.py:208} INFO - Processing /home/airflow/.local/lib/python3.12/site-packages/airflow/example_dags/example_sensors.py took 0.061 seconds
[2024-10-04T00:15:37.698+0000] {processor.py:186} INFO - Started process (PID=1985) to work on /home/airflow/.local/lib/python3.12/site-packages/airflow/example_dags/example_sensors.py
[2024-10-04T00:15:37.699+0000] {processor.py:914} INFO - Processing file /home/airflow/.local/lib/python3.12/site-packages/airflow/example_dags/example_sensors.py for tasks to queue
[2024-10-04T00:15:37.701+0000] {logging_mixin.py:190} INFO - [2024-10-04T00:15:37.701+0000] {dagbag.py:588} INFO - Filling up the DagBag from /home/airflow/.local/lib/python3.12/site-packages/airflow/example_dags/example_sensors.py
[2024-10-04T00:15:37.710+0000] {processor.py:925} INFO - DAG(s) 'example_sensors' retrieved from /home/airflow/.local/lib/python3.12/site-packages/airflow/example_dags/example_sensors.py
[2024-10-04T00:15:37.731+0000] {logging_mixin.py:190} INFO - [2024-10-04T00:15:37.731+0000] {dag.py:3239} INFO - Sync 1 DAGs
[2024-10-04T00:15:37.742+0000] {logging_mixin.py:190} INFO - [2024-10-04T00:15:37.742+0000] {dag.py:4180} INFO - Setting next_dagrun for example_sensors to None, run_after=None
[2024-10-04T00:15:37.755+0000] {processor.py:208} INFO - Processing /home/airflow/.local/lib/python3.12/site-packages/airflow/example_dags/example_sensors.py took 0.062 seconds
[2024-10-04T00:16:08.070+0000] {processor.py:186} INFO - Started process (PID=2271) to work on /home/airflow/.local/lib/python3.12/site-packages/airflow/example_dags/example_sensors.py
[2024-10-04T00:16:08.072+0000] {processor.py:914} INFO - Processing file /home/airflow/.local/lib/python3.12/site-packages/airflow/example_dags/example_sensors.py for tasks to queue
[2024-10-04T00:16:08.074+0000] {logging_mixin.py:190} INFO - [2024-10-04T00:16:08.073+0000] {dagbag.py:588} INFO - Filling up the DagBag from /home/airflow/.local/lib/python3.12/site-packages/airflow/example_dags/example_sensors.py
[2024-10-04T00:16:08.083+0000] {processor.py:925} INFO - DAG(s) 'example_sensors' retrieved from /home/airflow/.local/lib/python3.12/site-packages/airflow/example_dags/example_sensors.py
[2024-10-04T00:16:08.104+0000] {logging_mixin.py:190} INFO - [2024-10-04T00:16:08.104+0000] {dag.py:3239} INFO - Sync 1 DAGs
[2024-10-04T00:16:08.116+0000] {logging_mixin.py:190} INFO - [2024-10-04T00:16:08.116+0000] {dag.py:4180} INFO - Setting next_dagrun for example_sensors to None, run_after=None
[2024-10-04T00:16:08.131+0000] {processor.py:208} INFO - Processing /home/airflow/.local/lib/python3.12/site-packages/airflow/example_dags/example_sensors.py took 0.066 seconds
[2024-10-04T00:16:38.878+0000] {processor.py:186} INFO - Started process (PID=2557) to work on /home/airflow/.local/lib/python3.12/site-packages/airflow/example_dags/example_sensors.py
[2024-10-04T00:16:38.880+0000] {processor.py:914} INFO - Processing file /home/airflow/.local/lib/python3.12/site-packages/airflow/example_dags/example_sensors.py for tasks to queue
[2024-10-04T00:16:38.882+0000] {logging_mixin.py:190} INFO - [2024-10-04T00:16:38.881+0000] {dagbag.py:588} INFO - Filling up the DagBag from /home/airflow/.local/lib/python3.12/site-packages/airflow/example_dags/example_sensors.py
[2024-10-04T00:16:38.891+0000] {processor.py:925} INFO - DAG(s) 'example_sensors' retrieved from /home/airflow/.local/lib/python3.12/site-packages/airflow/example_dags/example_sensors.py
[2024-10-04T00:16:38.911+0000] {logging_mixin.py:190} INFO - [2024-10-04T00:16:38.911+0000] {dag.py:3239} INFO - Sync 1 DAGs
[2024-10-04T00:16:38.922+0000] {logging_mixin.py:190} INFO - [2024-10-04T00:16:38.922+0000] {dag.py:4180} INFO - Setting next_dagrun for example_sensors to None, run_after=None
[2024-10-04T00:16:38.934+0000] {processor.py:208} INFO - Processing /home/airflow/.local/lib/python3.12/site-packages/airflow/example_dags/example_sensors.py took 0.061 seconds
[2024-10-04T00:17:09.727+0000] {processor.py:186} INFO - Started process (PID=2843) to work on /home/airflow/.local/lib/python3.12/site-packages/airflow/example_dags/example_sensors.py
[2024-10-04T00:17:09.729+0000] {processor.py:914} INFO - Processing file /home/airflow/.local/lib/python3.12/site-packages/airflow/example_dags/example_sensors.py for tasks to queue
[2024-10-04T00:17:09.732+0000] {logging_mixin.py:190} INFO - [2024-10-04T00:17:09.732+0000] {dagbag.py:588} INFO - Filling up the DagBag from /home/airflow/.local/lib/python3.12/site-packages/airflow/example_dags/example_sensors.py
[2024-10-04T00:17:09.754+0000] {processor.py:925} INFO - DAG(s) 'example_sensors' retrieved from /home/airflow/.local/lib/python3.12/site-packages/airflow/example_dags/example_sensors.py
[2024-10-04T00:17:09.796+0000] {logging_mixin.py:190} INFO - [2024-10-04T00:17:09.796+0000] {dag.py:3239} INFO - Sync 1 DAGs
[2024-10-04T00:17:09.810+0000] {logging_mixin.py:190} INFO - [2024-10-04T00:17:09.810+0000] {dag.py:4180} INFO - Setting next_dagrun for example_sensors to None, run_after=None
[2024-10-04T00:17:09.836+0000] {processor.py:208} INFO - Processing /home/airflow/.local/lib/python3.12/site-packages/airflow/example_dags/example_sensors.py took 0.116 seconds
[2024-10-04T00:17:41.005+0000] {processor.py:186} INFO - Started process (PID=3129) to work on /home/airflow/.local/lib/python3.12/site-packages/airflow/example_dags/example_sensors.py
[2024-10-04T00:17:41.009+0000] {processor.py:914} INFO - Processing file /home/airflow/.local/lib/python3.12/site-packages/airflow/example_dags/example_sensors.py for tasks to queue
[2024-10-04T00:17:41.016+0000] {logging_mixin.py:190} INFO - [2024-10-04T00:17:41.014+0000] {dagbag.py:588} INFO - Filling up the DagBag from /home/airflow/.local/lib/python3.12/site-packages/airflow/example_dags/example_sensors.py
[2024-10-04T00:17:41.044+0000] {processor.py:925} INFO - DAG(s) 'example_sensors' retrieved from /home/airflow/.local/lib/python3.12/site-packages/airflow/example_dags/example_sensors.py
[2024-10-04T00:17:41.102+0000] {logging_mixin.py:190} INFO - [2024-10-04T00:17:41.102+0000] {dag.py:3239} INFO - Sync 1 DAGs
[2024-10-04T00:17:41.122+0000] {logging_mixin.py:190} INFO - [2024-10-04T00:17:41.122+0000] {dag.py:4180} INFO - Setting next_dagrun for example_sensors to None, run_after=None
[2024-10-04T00:17:41.148+0000] {processor.py:208} INFO - Processing /home/airflow/.local/lib/python3.12/site-packages/airflow/example_dags/example_sensors.py took 0.179 seconds
[2024-10-04T00:18:11.477+0000] {processor.py:186} INFO - Started process (PID=3415) to work on /home/airflow/.local/lib/python3.12/site-packages/airflow/example_dags/example_sensors.py
[2024-10-04T00:18:11.478+0000] {processor.py:914} INFO - Processing file /home/airflow/.local/lib/python3.12/site-packages/airflow/example_dags/example_sensors.py for tasks to queue
[2024-10-04T00:18:11.480+0000] {logging_mixin.py:190} INFO - [2024-10-04T00:18:11.480+0000] {dagbag.py:588} INFO - Filling up the DagBag from /home/airflow/.local/lib/python3.12/site-packages/airflow/example_dags/example_sensors.py
[2024-10-04T00:18:11.489+0000] {processor.py:925} INFO - DAG(s) 'example_sensors' retrieved from /home/airflow/.local/lib/python3.12/site-packages/airflow/example_dags/example_sensors.py
[2024-10-04T00:18:11.511+0000] {logging_mixin.py:190} INFO - [2024-10-04T00:18:11.511+0000] {dag.py:3239} INFO - Sync 1 DAGs
[2024-10-04T00:18:11.525+0000] {logging_mixin.py:190} INFO - [2024-10-04T00:18:11.524+0000] {dag.py:4180} INFO - Setting next_dagrun for example_sensors to None, run_after=None
[2024-10-04T00:18:11.539+0000] {processor.py:208} INFO - Processing /home/airflow/.local/lib/python3.12/site-packages/airflow/example_dags/example_sensors.py took 0.068 seconds
[2024-10-04T00:18:42.627+0000] {processor.py:186} INFO - Started process (PID=3696) to work on /home/airflow/.local/lib/python3.12/site-packages/airflow/example_dags/example_sensors.py
[2024-10-04T00:18:42.628+0000] {processor.py:914} INFO - Processing file /home/airflow/.local/lib/python3.12/site-packages/airflow/example_dags/example_sensors.py for tasks to queue
[2024-10-04T00:18:42.631+0000] {logging_mixin.py:190} INFO - [2024-10-04T00:18:42.631+0000] {dagbag.py:588} INFO - Filling up the DagBag from /home/airflow/.local/lib/python3.12/site-packages/airflow/example_dags/example_sensors.py
[2024-10-04T00:18:42.643+0000] {processor.py:925} INFO - DAG(s) 'example_sensors' retrieved from /home/airflow/.local/lib/python3.12/site-packages/airflow/example_dags/example_sensors.py
[2024-10-04T00:18:42.689+0000] {logging_mixin.py:190} INFO - [2024-10-04T00:18:42.689+0000] {dag.py:3239} INFO - Sync 1 DAGs
[2024-10-04T00:18:42.706+0000] {logging_mixin.py:190} INFO - [2024-10-04T00:18:42.706+0000] {dag.py:4180} INFO - Setting next_dagrun for example_sensors to None, run_after=None
[2024-10-04T00:18:42.727+0000] {processor.py:208} INFO - Processing /home/airflow/.local/lib/python3.12/site-packages/airflow/example_dags/example_sensors.py took 0.108 seconds
[2024-10-04T00:19:12.791+0000] {processor.py:186} INFO - Started process (PID=3984) to work on /home/airflow/.local/lib/python3.12/site-packages/airflow/example_dags/example_sensors.py
[2024-10-04T00:19:12.792+0000] {processor.py:914} INFO - Processing file /home/airflow/.local/lib/python3.12/site-packages/airflow/example_dags/example_sensors.py for tasks to queue
[2024-10-04T00:19:12.794+0000] {logging_mixin.py:190} INFO - [2024-10-04T00:19:12.794+0000] {dagbag.py:588} INFO - Filling up the DagBag from /home/airflow/.local/lib/python3.12/site-packages/airflow/example_dags/example_sensors.py
[2024-10-04T00:19:12.804+0000] {processor.py:925} INFO - DAG(s) 'example_sensors' retrieved from /home/airflow/.local/lib/python3.12/site-packages/airflow/example_dags/example_sensors.py
[2024-10-04T00:19:12.824+0000] {logging_mixin.py:190} INFO - [2024-10-04T00:19:12.824+0000] {dag.py:3239} INFO - Sync 1 DAGs
[2024-10-04T00:19:12.836+0000] {logging_mixin.py:190} INFO - [2024-10-04T00:19:12.835+0000] {dag.py:4180} INFO - Setting next_dagrun for example_sensors to None, run_after=None
[2024-10-04T00:19:12.854+0000] {processor.py:208} INFO - Processing /home/airflow/.local/lib/python3.12/site-packages/airflow/example_dags/example_sensors.py took 0.068 seconds
[2024-10-04T00:19:43.009+0000] {processor.py:186} INFO - Started process (PID=4268) to work on /home/airflow/.local/lib/python3.12/site-packages/airflow/example_dags/example_sensors.py
[2024-10-04T00:19:43.011+0000] {processor.py:914} INFO - Processing file /home/airflow/.local/lib/python3.12/site-packages/airflow/example_dags/example_sensors.py for tasks to queue
[2024-10-04T00:19:43.013+0000] {logging_mixin.py:190} INFO - [2024-10-04T00:19:43.012+0000] {dagbag.py:588} INFO - Filling up the DagBag from /home/airflow/.local/lib/python3.12/site-packages/airflow/example_dags/example_sensors.py
[2024-10-04T00:19:43.022+0000] {processor.py:925} INFO - DAG(s) 'example_sensors' retrieved from /home/airflow/.local/lib/python3.12/site-packages/airflow/example_dags/example_sensors.py
[2024-10-04T00:19:43.051+0000] {logging_mixin.py:190} INFO - [2024-10-04T00:19:43.051+0000] {dag.py:3239} INFO - Sync 1 DAGs
[2024-10-04T00:19:43.062+0000] {logging_mixin.py:190} INFO - [2024-10-04T00:19:43.062+0000] {dag.py:4180} INFO - Setting next_dagrun for example_sensors to None, run_after=None
[2024-10-04T00:19:43.078+0000] {processor.py:208} INFO - Processing /home/airflow/.local/lib/python3.12/site-packages/airflow/example_dags/example_sensors.py took 0.074 seconds
[2024-10-04T00:20:13.989+0000] {processor.py:186} INFO - Started process (PID=4560) to work on /home/airflow/.local/lib/python3.12/site-packages/airflow/example_dags/example_sensors.py
[2024-10-04T00:20:13.990+0000] {processor.py:914} INFO - Processing file /home/airflow/.local/lib/python3.12/site-packages/airflow/example_dags/example_sensors.py for tasks to queue
[2024-10-04T00:20:13.993+0000] {logging_mixin.py:190} INFO - [2024-10-04T00:20:13.992+0000] {dagbag.py:588} INFO - Filling up the DagBag from /home/airflow/.local/lib/python3.12/site-packages/airflow/example_dags/example_sensors.py
[2024-10-04T00:20:14.004+0000] {processor.py:925} INFO - DAG(s) 'example_sensors' retrieved from /home/airflow/.local/lib/python3.12/site-packages/airflow/example_dags/example_sensors.py
[2024-10-04T00:20:14.029+0000] {logging_mixin.py:190} INFO - [2024-10-04T00:20:14.029+0000] {dag.py:3239} INFO - Sync 1 DAGs
[2024-10-04T00:20:14.041+0000] {logging_mixin.py:190} INFO - [2024-10-04T00:20:14.041+0000] {dag.py:4180} INFO - Setting next_dagrun for example_sensors to None, run_after=None
[2024-10-04T00:20:14.062+0000] {processor.py:208} INFO - Processing /home/airflow/.local/lib/python3.12/site-packages/airflow/example_dags/example_sensors.py took 0.079 seconds
[2024-10-04T00:20:44.420+0000] {processor.py:186} INFO - Started process (PID=4846) to work on /home/airflow/.local/lib/python3.12/site-packages/airflow/example_dags/example_sensors.py
[2024-10-04T00:20:44.421+0000] {processor.py:914} INFO - Processing file /home/airflow/.local/lib/python3.12/site-packages/airflow/example_dags/example_sensors.py for tasks to queue
[2024-10-04T00:20:44.423+0000] {logging_mixin.py:190} INFO - [2024-10-04T00:20:44.423+0000] {dagbag.py:588} INFO - Filling up the DagBag from /home/airflow/.local/lib/python3.12/site-packages/airflow/example_dags/example_sensors.py
[2024-10-04T00:20:44.432+0000] {processor.py:925} INFO - DAG(s) 'example_sensors' retrieved from /home/airflow/.local/lib/python3.12/site-packages/airflow/example_dags/example_sensors.py
[2024-10-04T00:20:44.452+0000] {logging_mixin.py:190} INFO - [2024-10-04T00:20:44.452+0000] {dag.py:3239} INFO - Sync 1 DAGs
[2024-10-04T00:20:44.468+0000] {logging_mixin.py:190} INFO - [2024-10-04T00:20:44.468+0000] {dag.py:4180} INFO - Setting next_dagrun for example_sensors to None, run_after=None
[2024-10-04T00:20:44.480+0000] {processor.py:208} INFO - Processing /home/airflow/.local/lib/python3.12/site-packages/airflow/example_dags/example_sensors.py took 0.065 seconds
[2024-10-04T00:21:14.905+0000] {processor.py:186} INFO - Started process (PID=5132) to work on /home/airflow/.local/lib/python3.12/site-packages/airflow/example_dags/example_sensors.py
[2024-10-04T00:21:14.906+0000] {processor.py:914} INFO - Processing file /home/airflow/.local/lib/python3.12/site-packages/airflow/example_dags/example_sensors.py for tasks to queue
[2024-10-04T00:21:14.908+0000] {logging_mixin.py:190} INFO - [2024-10-04T00:21:14.907+0000] {dagbag.py:588} INFO - Filling up the DagBag from /home/airflow/.local/lib/python3.12/site-packages/airflow/example_dags/example_sensors.py
[2024-10-04T00:21:14.918+0000] {processor.py:925} INFO - DAG(s) 'example_sensors' retrieved from /home/airflow/.local/lib/python3.12/site-packages/airflow/example_dags/example_sensors.py
[2024-10-04T00:21:14.941+0000] {logging_mixin.py:190} INFO - [2024-10-04T00:21:14.940+0000] {dag.py:3239} INFO - Sync 1 DAGs
[2024-10-04T00:21:14.952+0000] {logging_mixin.py:190} INFO - [2024-10-04T00:21:14.952+0000] {dag.py:4180} INFO - Setting next_dagrun for example_sensors to None, run_after=None
[2024-10-04T00:21:14.966+0000] {processor.py:208} INFO - Processing /home/airflow/.local/lib/python3.12/site-packages/airflow/example_dags/example_sensors.py took 0.067 seconds
[2024-10-04T00:21:45.184+0000] {processor.py:186} INFO - Started process (PID=5418) to work on /home/airflow/.local/lib/python3.12/site-packages/airflow/example_dags/example_sensors.py
[2024-10-04T00:21:45.185+0000] {processor.py:914} INFO - Processing file /home/airflow/.local/lib/python3.12/site-packages/airflow/example_dags/example_sensors.py for tasks to queue
[2024-10-04T00:21:45.187+0000] {logging_mixin.py:190} INFO - [2024-10-04T00:21:45.187+0000] {dagbag.py:588} INFO - Filling up the DagBag from /home/airflow/.local/lib/python3.12/site-packages/airflow/example_dags/example_sensors.py
[2024-10-04T00:21:45.196+0000] {processor.py:925} INFO - DAG(s) 'example_sensors' retrieved from /home/airflow/.local/lib/python3.12/site-packages/airflow/example_dags/example_sensors.py
[2024-10-04T00:21:45.216+0000] {logging_mixin.py:190} INFO - [2024-10-04T00:21:45.216+0000] {dag.py:3239} INFO - Sync 1 DAGs
[2024-10-04T00:21:45.227+0000] {logging_mixin.py:190} INFO - [2024-10-04T00:21:45.226+0000] {dag.py:4180} INFO - Setting next_dagrun for example_sensors to None, run_after=None
[2024-10-04T00:21:45.239+0000] {processor.py:208} INFO - Processing /home/airflow/.local/lib/python3.12/site-packages/airflow/example_dags/example_sensors.py took 0.060 seconds
[2024-10-04T00:22:15.420+0000] {processor.py:186} INFO - Started process (PID=5704) to work on /home/airflow/.local/lib/python3.12/site-packages/airflow/example_dags/example_sensors.py
[2024-10-04T00:22:15.421+0000] {processor.py:914} INFO - Processing file /home/airflow/.local/lib/python3.12/site-packages/airflow/example_dags/example_sensors.py for tasks to queue
[2024-10-04T00:22:15.423+0000] {logging_mixin.py:190} INFO - [2024-10-04T00:22:15.423+0000] {dagbag.py:588} INFO - Filling up the DagBag from /home/airflow/.local/lib/python3.12/site-packages/airflow/example_dags/example_sensors.py
[2024-10-04T00:22:15.432+0000] {processor.py:925} INFO - DAG(s) 'example_sensors' retrieved from /home/airflow/.local/lib/python3.12/site-packages/airflow/example_dags/example_sensors.py
[2024-10-04T00:22:15.452+0000] {logging_mixin.py:190} INFO - [2024-10-04T00:22:15.452+0000] {dag.py:3239} INFO - Sync 1 DAGs
[2024-10-04T00:22:15.462+0000] {logging_mixin.py:190} INFO - [2024-10-04T00:22:15.462+0000] {dag.py:4180} INFO - Setting next_dagrun for example_sensors to None, run_after=None
[2024-10-04T00:22:15.474+0000] {processor.py:208} INFO - Processing /home/airflow/.local/lib/python3.12/site-packages/airflow/example_dags/example_sensors.py took 0.059 seconds
[2024-10-04T00:22:48.295+0000] {processor.py:186} INFO - Started process (PID=5995) to work on /home/airflow/.local/lib/python3.12/site-packages/airflow/example_dags/example_sensors.py
[2024-10-04T00:22:48.299+0000] {processor.py:914} INFO - Processing file /home/airflow/.local/lib/python3.12/site-packages/airflow/example_dags/example_sensors.py for tasks to queue
[2024-10-04T00:22:48.315+0000] {logging_mixin.py:190} INFO - [2024-10-04T00:22:48.314+0000] {dagbag.py:588} INFO - Filling up the DagBag from /home/airflow/.local/lib/python3.12/site-packages/airflow/example_dags/example_sensors.py
[2024-10-04T00:22:48.356+0000] {processor.py:925} INFO - DAG(s) 'example_sensors' retrieved from /home/airflow/.local/lib/python3.12/site-packages/airflow/example_dags/example_sensors.py
[2024-10-04T00:22:48.451+0000] {logging_mixin.py:190} INFO - [2024-10-04T00:22:48.450+0000] {dag.py:3239} INFO - Sync 1 DAGs
[2024-10-04T00:22:48.500+0000] {logging_mixin.py:190} INFO - [2024-10-04T00:22:48.500+0000] {dag.py:4180} INFO - Setting next_dagrun for example_sensors to None, run_after=None
[2024-10-04T00:22:48.809+0000] {processor.py:208} INFO - Processing /home/airflow/.local/lib/python3.12/site-packages/airflow/example_dags/example_sensors.py took 0.534 seconds
[2024-10-04T00:23:18.995+0000] {processor.py:186} INFO - Started process (PID=6278) to work on /home/airflow/.local/lib/python3.12/site-packages/airflow/example_dags/example_sensors.py
[2024-10-04T00:23:18.996+0000] {processor.py:914} INFO - Processing file /home/airflow/.local/lib/python3.12/site-packages/airflow/example_dags/example_sensors.py for tasks to queue
[2024-10-04T00:23:18.998+0000] {logging_mixin.py:190} INFO - [2024-10-04T00:23:18.998+0000] {dagbag.py:588} INFO - Filling up the DagBag from /home/airflow/.local/lib/python3.12/site-packages/airflow/example_dags/example_sensors.py
[2024-10-04T00:23:19.008+0000] {processor.py:925} INFO - DAG(s) 'example_sensors' retrieved from /home/airflow/.local/lib/python3.12/site-packages/airflow/example_dags/example_sensors.py
[2024-10-04T00:23:19.031+0000] {logging_mixin.py:190} INFO - [2024-10-04T00:23:19.030+0000] {dag.py:3239} INFO - Sync 1 DAGs
[2024-10-04T00:23:19.041+0000] {logging_mixin.py:190} INFO - [2024-10-04T00:23:19.041+0000] {dag.py:4180} INFO - Setting next_dagrun for example_sensors to None, run_after=None
[2024-10-04T00:23:19.054+0000] {processor.py:208} INFO - Processing /home/airflow/.local/lib/python3.12/site-packages/airflow/example_dags/example_sensors.py took 0.065 seconds
[2024-10-04T00:23:49.322+0000] {processor.py:186} INFO - Started process (PID=6564) to work on /home/airflow/.local/lib/python3.12/site-packages/airflow/example_dags/example_sensors.py
[2024-10-04T00:23:49.324+0000] {processor.py:914} INFO - Processing file /home/airflow/.local/lib/python3.12/site-packages/airflow/example_dags/example_sensors.py for tasks to queue
[2024-10-04T00:23:49.327+0000] {logging_mixin.py:190} INFO - [2024-10-04T00:23:49.327+0000] {dagbag.py:588} INFO - Filling up the DagBag from /home/airflow/.local/lib/python3.12/site-packages/airflow/example_dags/example_sensors.py
[2024-10-04T00:23:49.351+0000] {processor.py:925} INFO - DAG(s) 'example_sensors' retrieved from /home/airflow/.local/lib/python3.12/site-packages/airflow/example_dags/example_sensors.py
[2024-10-04T00:23:49.381+0000] {logging_mixin.py:190} INFO - [2024-10-04T00:23:49.381+0000] {dag.py:3239} INFO - Sync 1 DAGs
[2024-10-04T00:23:49.395+0000] {logging_mixin.py:190} INFO - [2024-10-04T00:23:49.394+0000] {dag.py:4180} INFO - Setting next_dagrun for example_sensors to None, run_after=None
[2024-10-04T00:23:49.409+0000] {processor.py:208} INFO - Processing /home/airflow/.local/lib/python3.12/site-packages/airflow/example_dags/example_sensors.py took 0.097 seconds
[2024-10-04T00:24:19.860+0000] {processor.py:186} INFO - Started process (PID=6848) to work on /home/airflow/.local/lib/python3.12/site-packages/airflow/example_dags/example_sensors.py
[2024-10-04T00:24:19.861+0000] {processor.py:914} INFO - Processing file /home/airflow/.local/lib/python3.12/site-packages/airflow/example_dags/example_sensors.py for tasks to queue
[2024-10-04T00:24:19.863+0000] {logging_mixin.py:190} INFO - [2024-10-04T00:24:19.862+0000] {dagbag.py:588} INFO - Filling up the DagBag from /home/airflow/.local/lib/python3.12/site-packages/airflow/example_dags/example_sensors.py
[2024-10-04T00:24:19.871+0000] {processor.py:925} INFO - DAG(s) 'example_sensors' retrieved from /home/airflow/.local/lib/python3.12/site-packages/airflow/example_dags/example_sensors.py
[2024-10-04T00:24:19.892+0000] {logging_mixin.py:190} INFO - [2024-10-04T00:24:19.891+0000] {dag.py:3239} INFO - Sync 1 DAGs
[2024-10-04T00:24:19.903+0000] {logging_mixin.py:190} INFO - [2024-10-04T00:24:19.903+0000] {dag.py:4180} INFO - Setting next_dagrun for example_sensors to None, run_after=None
[2024-10-04T00:24:19.915+0000] {processor.py:208} INFO - Processing /home/airflow/.local/lib/python3.12/site-packages/airflow/example_dags/example_sensors.py took 0.061 seconds
[2024-10-04T00:24:50.527+0000] {processor.py:186} INFO - Started process (PID=7134) to work on /home/airflow/.local/lib/python3.12/site-packages/airflow/example_dags/example_sensors.py
[2024-10-04T00:24:50.528+0000] {processor.py:914} INFO - Processing file /home/airflow/.local/lib/python3.12/site-packages/airflow/example_dags/example_sensors.py for tasks to queue
[2024-10-04T00:24:50.530+0000] {logging_mixin.py:190} INFO - [2024-10-04T00:24:50.530+0000] {dagbag.py:588} INFO - Filling up the DagBag from /home/airflow/.local/lib/python3.12/site-packages/airflow/example_dags/example_sensors.py
[2024-10-04T00:24:50.540+0000] {processor.py:925} INFO - DAG(s) 'example_sensors' retrieved from /home/airflow/.local/lib/python3.12/site-packages/airflow/example_dags/example_sensors.py
[2024-10-04T00:24:50.560+0000] {logging_mixin.py:190} INFO - [2024-10-04T00:24:50.560+0000] {dag.py:3239} INFO - Sync 1 DAGs
[2024-10-04T00:24:50.571+0000] {logging_mixin.py:190} INFO - [2024-10-04T00:24:50.571+0000] {dag.py:4180} INFO - Setting next_dagrun for example_sensors to None, run_after=None
[2024-10-04T00:24:50.584+0000] {processor.py:208} INFO - Processing /home/airflow/.local/lib/python3.12/site-packages/airflow/example_dags/example_sensors.py took 0.062 seconds
[2024-10-04T00:25:21.320+0000] {processor.py:186} INFO - Started process (PID=7420) to work on /home/airflow/.local/lib/python3.12/site-packages/airflow/example_dags/example_sensors.py
[2024-10-04T00:25:21.321+0000] {processor.py:914} INFO - Processing file /home/airflow/.local/lib/python3.12/site-packages/airflow/example_dags/example_sensors.py for tasks to queue
[2024-10-04T00:25:21.324+0000] {logging_mixin.py:190} INFO - [2024-10-04T00:25:21.323+0000] {dagbag.py:588} INFO - Filling up the DagBag from /home/airflow/.local/lib/python3.12/site-packages/airflow/example_dags/example_sensors.py
[2024-10-04T00:25:21.334+0000] {processor.py:925} INFO - DAG(s) 'example_sensors' retrieved from /home/airflow/.local/lib/python3.12/site-packages/airflow/example_dags/example_sensors.py
[2024-10-04T00:25:21.357+0000] {logging_mixin.py:190} INFO - [2024-10-04T00:25:21.357+0000] {dag.py:3239} INFO - Sync 1 DAGs
[2024-10-04T00:25:21.369+0000] {logging_mixin.py:190} INFO - [2024-10-04T00:25:21.369+0000] {dag.py:4180} INFO - Setting next_dagrun for example_sensors to None, run_after=None
[2024-10-04T00:25:21.384+0000] {processor.py:208} INFO - Processing /home/airflow/.local/lib/python3.12/site-packages/airflow/example_dags/example_sensors.py took 0.070 seconds
[2024-10-04T00:25:52.229+0000] {processor.py:186} INFO - Started process (PID=7706) to work on /home/airflow/.local/lib/python3.12/site-packages/airflow/example_dags/example_sensors.py
[2024-10-04T00:25:52.230+0000] {processor.py:914} INFO - Processing file /home/airflow/.local/lib/python3.12/site-packages/airflow/example_dags/example_sensors.py for tasks to queue
[2024-10-04T00:25:52.232+0000] {logging_mixin.py:190} INFO - [2024-10-04T00:25:52.232+0000] {dagbag.py:588} INFO - Filling up the DagBag from /home/airflow/.local/lib/python3.12/site-packages/airflow/example_dags/example_sensors.py
[2024-10-04T00:25:52.241+0000] {processor.py:925} INFO - DAG(s) 'example_sensors' retrieved from /home/airflow/.local/lib/python3.12/site-packages/airflow/example_dags/example_sensors.py
[2024-10-04T00:25:52.261+0000] {logging_mixin.py:190} INFO - [2024-10-04T00:25:52.261+0000] {dag.py:3239} INFO - Sync 1 DAGs
[2024-10-04T00:25:52.275+0000] {logging_mixin.py:190} INFO - [2024-10-04T00:25:52.275+0000] {dag.py:4180} INFO - Setting next_dagrun for example_sensors to None, run_after=None
[2024-10-04T00:25:52.290+0000] {processor.py:208} INFO - Processing /home/airflow/.local/lib/python3.12/site-packages/airflow/example_dags/example_sensors.py took 0.066 seconds
[2024-10-04T00:26:22.564+0000] {processor.py:186} INFO - Started process (PID=7992) to work on /home/airflow/.local/lib/python3.12/site-packages/airflow/example_dags/example_sensors.py
[2024-10-04T00:26:22.565+0000] {processor.py:914} INFO - Processing file /home/airflow/.local/lib/python3.12/site-packages/airflow/example_dags/example_sensors.py for tasks to queue
[2024-10-04T00:26:22.567+0000] {logging_mixin.py:190} INFO - [2024-10-04T00:26:22.566+0000] {dagbag.py:588} INFO - Filling up the DagBag from /home/airflow/.local/lib/python3.12/site-packages/airflow/example_dags/example_sensors.py
[2024-10-04T00:26:22.576+0000] {processor.py:925} INFO - DAG(s) 'example_sensors' retrieved from /home/airflow/.local/lib/python3.12/site-packages/airflow/example_dags/example_sensors.py
[2024-10-04T00:26:22.596+0000] {logging_mixin.py:190} INFO - [2024-10-04T00:26:22.596+0000] {dag.py:3239} INFO - Sync 1 DAGs
[2024-10-04T00:26:22.606+0000] {logging_mixin.py:190} INFO - [2024-10-04T00:26:22.606+0000] {dag.py:4180} INFO - Setting next_dagrun for example_sensors to None, run_after=None
[2024-10-04T00:26:22.619+0000] {processor.py:208} INFO - Processing /home/airflow/.local/lib/python3.12/site-packages/airflow/example_dags/example_sensors.py took 0.060 seconds
[2024-10-04T00:26:52.869+0000] {processor.py:186} INFO - Started process (PID=8280) to work on /home/airflow/.local/lib/python3.12/site-packages/airflow/example_dags/example_sensors.py
[2024-10-04T00:26:52.871+0000] {processor.py:914} INFO - Processing file /home/airflow/.local/lib/python3.12/site-packages/airflow/example_dags/example_sensors.py for tasks to queue
[2024-10-04T00:26:52.872+0000] {logging_mixin.py:190} INFO - [2024-10-04T00:26:52.872+0000] {dagbag.py:588} INFO - Filling up the DagBag from /home/airflow/.local/lib/python3.12/site-packages/airflow/example_dags/example_sensors.py
[2024-10-04T00:26:52.881+0000] {processor.py:925} INFO - DAG(s) 'example_sensors' retrieved from /home/airflow/.local/lib/python3.12/site-packages/airflow/example_dags/example_sensors.py
[2024-10-04T00:26:52.901+0000] {logging_mixin.py:190} INFO - [2024-10-04T00:26:52.901+0000] {dag.py:3239} INFO - Sync 1 DAGs
[2024-10-04T00:26:52.911+0000] {logging_mixin.py:190} INFO - [2024-10-04T00:26:52.911+0000] {dag.py:4180} INFO - Setting next_dagrun for example_sensors to None, run_after=None
[2024-10-04T00:26:52.923+0000] {processor.py:208} INFO - Processing /home/airflow/.local/lib/python3.12/site-packages/airflow/example_dags/example_sensors.py took 0.059 seconds
[2024-10-04T00:27:22.970+0000] {processor.py:186} INFO - Started process (PID=8564) to work on /home/airflow/.local/lib/python3.12/site-packages/airflow/example_dags/example_sensors.py
[2024-10-04T00:27:22.971+0000] {processor.py:914} INFO - Processing file /home/airflow/.local/lib/python3.12/site-packages/airflow/example_dags/example_sensors.py for tasks to queue
[2024-10-04T00:27:22.973+0000] {logging_mixin.py:190} INFO - [2024-10-04T00:27:22.973+0000] {dagbag.py:588} INFO - Filling up the DagBag from /home/airflow/.local/lib/python3.12/site-packages/airflow/example_dags/example_sensors.py
[2024-10-04T00:27:22.982+0000] {processor.py:925} INFO - DAG(s) 'example_sensors' retrieved from /home/airflow/.local/lib/python3.12/site-packages/airflow/example_dags/example_sensors.py
[2024-10-04T00:27:23.001+0000] {logging_mixin.py:190} INFO - [2024-10-04T00:27:23.001+0000] {dag.py:3239} INFO - Sync 1 DAGs
[2024-10-04T00:27:23.012+0000] {logging_mixin.py:190} INFO - [2024-10-04T00:27:23.012+0000] {dag.py:4180} INFO - Setting next_dagrun for example_sensors to None, run_after=None
[2024-10-04T00:27:23.023+0000] {processor.py:208} INFO - Processing /home/airflow/.local/lib/python3.12/site-packages/airflow/example_dags/example_sensors.py took 0.059 seconds
[2024-10-04T00:27:53.342+0000] {processor.py:186} INFO - Started process (PID=8850) to work on /home/airflow/.local/lib/python3.12/site-packages/airflow/example_dags/example_sensors.py
[2024-10-04T00:27:53.343+0000] {processor.py:914} INFO - Processing file /home/airflow/.local/lib/python3.12/site-packages/airflow/example_dags/example_sensors.py for tasks to queue
[2024-10-04T00:27:53.345+0000] {logging_mixin.py:190} INFO - [2024-10-04T00:27:53.345+0000] {dagbag.py:588} INFO - Filling up the DagBag from /home/airflow/.local/lib/python3.12/site-packages/airflow/example_dags/example_sensors.py
[2024-10-04T00:27:53.354+0000] {processor.py:925} INFO - DAG(s) 'example_sensors' retrieved from /home/airflow/.local/lib/python3.12/site-packages/airflow/example_dags/example_sensors.py
[2024-10-04T00:27:53.375+0000] {logging_mixin.py:190} INFO - [2024-10-04T00:27:53.374+0000] {dag.py:3239} INFO - Sync 1 DAGs
[2024-10-04T00:27:53.385+0000] {logging_mixin.py:190} INFO - [2024-10-04T00:27:53.385+0000] {dag.py:4180} INFO - Setting next_dagrun for example_sensors to None, run_after=None
[2024-10-04T00:27:53.398+0000] {processor.py:208} INFO - Processing /home/airflow/.local/lib/python3.12/site-packages/airflow/example_dags/example_sensors.py took 0.061 seconds
[2024-10-04T00:28:23.751+0000] {processor.py:186} INFO - Started process (PID=9136) to work on /home/airflow/.local/lib/python3.12/site-packages/airflow/example_dags/example_sensors.py
[2024-10-04T00:28:23.752+0000] {processor.py:914} INFO - Processing file /home/airflow/.local/lib/python3.12/site-packages/airflow/example_dags/example_sensors.py for tasks to queue
[2024-10-04T00:28:23.754+0000] {logging_mixin.py:190} INFO - [2024-10-04T00:28:23.754+0000] {dagbag.py:588} INFO - Filling up the DagBag from /home/airflow/.local/lib/python3.12/site-packages/airflow/example_dags/example_sensors.py
[2024-10-04T00:28:23.765+0000] {processor.py:925} INFO - DAG(s) 'example_sensors' retrieved from /home/airflow/.local/lib/python3.12/site-packages/airflow/example_dags/example_sensors.py
[2024-10-04T00:28:23.788+0000] {logging_mixin.py:190} INFO - [2024-10-04T00:28:23.788+0000] {dag.py:3239} INFO - Sync 1 DAGs
[2024-10-04T00:28:23.800+0000] {logging_mixin.py:190} INFO - [2024-10-04T00:28:23.800+0000] {dag.py:4180} INFO - Setting next_dagrun for example_sensors to None, run_after=None
[2024-10-04T00:28:23.812+0000] {processor.py:208} INFO - Processing /home/airflow/.local/lib/python3.12/site-packages/airflow/example_dags/example_sensors.py took 0.067 seconds
