[2024-10-04T00:12:35.080+0000] {processor.py:186} INFO - Started process (PID=319) to work on /home/airflow/.local/lib/python3.12/site-packages/airflow/example_dags/example_display_name.py
[2024-10-04T00:12:35.081+0000] {processor.py:914} INFO - Processing file /home/airflow/.local/lib/python3.12/site-packages/airflow/example_dags/example_display_name.py for tasks to queue
[2024-10-04T00:12:35.084+0000] {logging_mixin.py:190} INFO - [2024-10-04T00:12:35.084+0000] {dagbag.py:588} INFO - Filling up the DagBag from /home/airflow/.local/lib/python3.12/site-packages/airflow/example_dags/example_display_name.py
[2024-10-04T00:12:35.094+0000] {processor.py:925} INFO - DAG(s) 'example_display_name' retrieved from /home/airflow/.local/lib/python3.12/site-packages/airflow/example_dags/example_display_name.py
[2024-10-04T00:12:35.203+0000] {logging_mixin.py:190} INFO - [2024-10-04T00:12:35.202+0000] {override.py:1900} INFO - Created Permission View: can read on DAG:example_display_name
[2024-10-04T00:12:35.214+0000] {logging_mixin.py:190} INFO - [2024-10-04T00:12:35.214+0000] {override.py:1900} INFO - Created Permission View: can delete on DAG:example_display_name
[2024-10-04T00:12:35.226+0000] {logging_mixin.py:190} INFO - [2024-10-04T00:12:35.226+0000] {override.py:1900} INFO - Created Permission View: can edit on DAG:example_display_name
[2024-10-04T00:12:35.233+0000] {logging_mixin.py:190} INFO - [2024-10-04T00:12:35.232+0000] {override.py:1900} INFO - Created Permission View: menu access on DAG Run:example_display_name
[2024-10-04T00:12:35.239+0000] {logging_mixin.py:190} INFO - [2024-10-04T00:12:35.239+0000] {override.py:1900} INFO - Created Permission View: can read on DAG Run:example_display_name
[2024-10-04T00:12:35.246+0000] {logging_mixin.py:190} INFO - [2024-10-04T00:12:35.246+0000] {override.py:1900} INFO - Created Permission View: can delete on DAG Run:example_display_name
[2024-10-04T00:12:35.252+0000] {logging_mixin.py:190} INFO - [2024-10-04T00:12:35.252+0000] {override.py:1900} INFO - Created Permission View: can create on DAG Run:example_display_name
[2024-10-04T00:12:35.253+0000] {logging_mixin.py:190} INFO - [2024-10-04T00:12:35.253+0000] {dag.py:3239} INFO - Sync 1 DAGs
[2024-10-04T00:12:35.267+0000] {logging_mixin.py:190} INFO - [2024-10-04T00:12:35.266+0000] {dag.py:3262} INFO - Creating ORM DAG for example_display_name
[2024-10-04T00:12:35.268+0000] {logging_mixin.py:190} INFO - [2024-10-04T00:12:35.267+0000] {dag.py:4180} INFO - Setting next_dagrun for example_display_name to None, run_after=None
[2024-10-04T00:12:35.284+0000] {processor.py:208} INFO - Processing /home/airflow/.local/lib/python3.12/site-packages/airflow/example_dags/example_display_name.py took 0.211 seconds
[2024-10-04T00:13:06.046+0000] {processor.py:186} INFO - Started process (PID=607) to work on /home/airflow/.local/lib/python3.12/site-packages/airflow/example_dags/example_display_name.py
[2024-10-04T00:13:06.047+0000] {processor.py:914} INFO - Processing file /home/airflow/.local/lib/python3.12/site-packages/airflow/example_dags/example_display_name.py for tasks to queue
[2024-10-04T00:13:06.049+0000] {logging_mixin.py:190} INFO - [2024-10-04T00:13:06.049+0000] {dagbag.py:588} INFO - Filling up the DagBag from /home/airflow/.local/lib/python3.12/site-packages/airflow/example_dags/example_display_name.py
[2024-10-04T00:13:06.056+0000] {processor.py:925} INFO - DAG(s) 'example_display_name' retrieved from /home/airflow/.local/lib/python3.12/site-packages/airflow/example_dags/example_display_name.py
[2024-10-04T00:13:06.072+0000] {logging_mixin.py:190} INFO - [2024-10-04T00:13:06.071+0000] {dag.py:3239} INFO - Sync 1 DAGs
[2024-10-04T00:13:06.082+0000] {logging_mixin.py:190} INFO - [2024-10-04T00:13:06.082+0000] {dag.py:4180} INFO - Setting next_dagrun for example_display_name to None, run_after=None
[2024-10-04T00:13:06.094+0000] {processor.py:208} INFO - Processing /home/airflow/.local/lib/python3.12/site-packages/airflow/example_dags/example_display_name.py took 0.053 seconds
[2024-10-04T00:13:36.657+0000] {processor.py:186} INFO - Started process (PID=893) to work on /home/airflow/.local/lib/python3.12/site-packages/airflow/example_dags/example_display_name.py
[2024-10-04T00:13:36.658+0000] {processor.py:914} INFO - Processing file /home/airflow/.local/lib/python3.12/site-packages/airflow/example_dags/example_display_name.py for tasks to queue
[2024-10-04T00:13:36.660+0000] {logging_mixin.py:190} INFO - [2024-10-04T00:13:36.660+0000] {dagbag.py:588} INFO - Filling up the DagBag from /home/airflow/.local/lib/python3.12/site-packages/airflow/example_dags/example_display_name.py
[2024-10-04T00:13:36.667+0000] {processor.py:925} INFO - DAG(s) 'example_display_name' retrieved from /home/airflow/.local/lib/python3.12/site-packages/airflow/example_dags/example_display_name.py
[2024-10-04T00:13:36.682+0000] {logging_mixin.py:190} INFO - [2024-10-04T00:13:36.682+0000] {dag.py:3239} INFO - Sync 1 DAGs
[2024-10-04T00:13:36.693+0000] {logging_mixin.py:190} INFO - [2024-10-04T00:13:36.693+0000] {dag.py:4180} INFO - Setting next_dagrun for example_display_name to None, run_after=None
[2024-10-04T00:13:36.705+0000] {processor.py:208} INFO - Processing /home/airflow/.local/lib/python3.12/site-packages/airflow/example_dags/example_display_name.py took 0.053 seconds
[2024-10-04T00:14:07.411+0000] {processor.py:186} INFO - Started process (PID=1179) to work on /home/airflow/.local/lib/python3.12/site-packages/airflow/example_dags/example_display_name.py
[2024-10-04T00:14:07.413+0000] {processor.py:914} INFO - Processing file /home/airflow/.local/lib/python3.12/site-packages/airflow/example_dags/example_display_name.py for tasks to queue
[2024-10-04T00:14:07.417+0000] {logging_mixin.py:190} INFO - [2024-10-04T00:14:07.417+0000] {dagbag.py:588} INFO - Filling up the DagBag from /home/airflow/.local/lib/python3.12/site-packages/airflow/example_dags/example_display_name.py
[2024-10-04T00:14:07.432+0000] {processor.py:925} INFO - DAG(s) 'example_display_name' retrieved from /home/airflow/.local/lib/python3.12/site-packages/airflow/example_dags/example_display_name.py
[2024-10-04T00:14:07.457+0000] {logging_mixin.py:190} INFO - [2024-10-04T00:14:07.456+0000] {dag.py:3239} INFO - Sync 1 DAGs
[2024-10-04T00:14:07.474+0000] {logging_mixin.py:190} INFO - [2024-10-04T00:14:07.474+0000] {dag.py:4180} INFO - Setting next_dagrun for example_display_name to None, run_after=None
[2024-10-04T00:14:07.490+0000] {processor.py:208} INFO - Processing /home/airflow/.local/lib/python3.12/site-packages/airflow/example_dags/example_display_name.py took 0.090 seconds
[2024-10-04T00:14:37.914+0000] {processor.py:186} INFO - Started process (PID=1465) to work on /home/airflow/.local/lib/python3.12/site-packages/airflow/example_dags/example_display_name.py
[2024-10-04T00:14:37.915+0000] {processor.py:914} INFO - Processing file /home/airflow/.local/lib/python3.12/site-packages/airflow/example_dags/example_display_name.py for tasks to queue
[2024-10-04T00:14:37.917+0000] {logging_mixin.py:190} INFO - [2024-10-04T00:14:37.917+0000] {dagbag.py:588} INFO - Filling up the DagBag from /home/airflow/.local/lib/python3.12/site-packages/airflow/example_dags/example_display_name.py
[2024-10-04T00:14:37.924+0000] {processor.py:925} INFO - DAG(s) 'example_display_name' retrieved from /home/airflow/.local/lib/python3.12/site-packages/airflow/example_dags/example_display_name.py
[2024-10-04T00:14:37.940+0000] {logging_mixin.py:190} INFO - [2024-10-04T00:14:37.940+0000] {dag.py:3239} INFO - Sync 1 DAGs
[2024-10-04T00:14:37.951+0000] {logging_mixin.py:190} INFO - [2024-10-04T00:14:37.951+0000] {dag.py:4180} INFO - Setting next_dagrun for example_display_name to None, run_after=None
[2024-10-04T00:14:37.963+0000] {processor.py:208} INFO - Processing /home/airflow/.local/lib/python3.12/site-packages/airflow/example_dags/example_display_name.py took 0.054 seconds
[2024-10-04T00:15:08.408+0000] {processor.py:186} INFO - Started process (PID=1751) to work on /home/airflow/.local/lib/python3.12/site-packages/airflow/example_dags/example_display_name.py
[2024-10-04T00:15:08.409+0000] {processor.py:914} INFO - Processing file /home/airflow/.local/lib/python3.12/site-packages/airflow/example_dags/example_display_name.py for tasks to queue
[2024-10-04T00:15:08.411+0000] {logging_mixin.py:190} INFO - [2024-10-04T00:15:08.411+0000] {dagbag.py:588} INFO - Filling up the DagBag from /home/airflow/.local/lib/python3.12/site-packages/airflow/example_dags/example_display_name.py
[2024-10-04T00:15:08.418+0000] {processor.py:925} INFO - DAG(s) 'example_display_name' retrieved from /home/airflow/.local/lib/python3.12/site-packages/airflow/example_dags/example_display_name.py
[2024-10-04T00:15:08.437+0000] {logging_mixin.py:190} INFO - [2024-10-04T00:15:08.437+0000] {dag.py:3239} INFO - Sync 1 DAGs
[2024-10-04T00:15:08.448+0000] {logging_mixin.py:190} INFO - [2024-10-04T00:15:08.448+0000] {dag.py:4180} INFO - Setting next_dagrun for example_display_name to None, run_after=None
[2024-10-04T00:15:08.460+0000] {processor.py:208} INFO - Processing /home/airflow/.local/lib/python3.12/site-packages/airflow/example_dags/example_display_name.py took 0.057 seconds
[2024-10-04T00:15:39.284+0000] {processor.py:186} INFO - Started process (PID=2037) to work on /home/airflow/.local/lib/python3.12/site-packages/airflow/example_dags/example_display_name.py
[2024-10-04T00:15:39.286+0000] {processor.py:914} INFO - Processing file /home/airflow/.local/lib/python3.12/site-packages/airflow/example_dags/example_display_name.py for tasks to queue
[2024-10-04T00:15:39.288+0000] {logging_mixin.py:190} INFO - [2024-10-04T00:15:39.288+0000] {dagbag.py:588} INFO - Filling up the DagBag from /home/airflow/.local/lib/python3.12/site-packages/airflow/example_dags/example_display_name.py
[2024-10-04T00:15:39.296+0000] {processor.py:925} INFO - DAG(s) 'example_display_name' retrieved from /home/airflow/.local/lib/python3.12/site-packages/airflow/example_dags/example_display_name.py
[2024-10-04T00:15:39.314+0000] {logging_mixin.py:190} INFO - [2024-10-04T00:15:39.314+0000] {dag.py:3239} INFO - Sync 1 DAGs
[2024-10-04T00:15:39.327+0000] {logging_mixin.py:190} INFO - [2024-10-04T00:15:39.327+0000] {dag.py:4180} INFO - Setting next_dagrun for example_display_name to None, run_after=None
[2024-10-04T00:15:39.341+0000] {processor.py:208} INFO - Processing /home/airflow/.local/lib/python3.12/site-packages/airflow/example_dags/example_display_name.py took 0.062 seconds
[2024-10-04T00:16:09.737+0000] {processor.py:186} INFO - Started process (PID=2323) to work on /home/airflow/.local/lib/python3.12/site-packages/airflow/example_dags/example_display_name.py
[2024-10-04T00:16:09.739+0000] {processor.py:914} INFO - Processing file /home/airflow/.local/lib/python3.12/site-packages/airflow/example_dags/example_display_name.py for tasks to queue
[2024-10-04T00:16:09.741+0000] {logging_mixin.py:190} INFO - [2024-10-04T00:16:09.740+0000] {dagbag.py:588} INFO - Filling up the DagBag from /home/airflow/.local/lib/python3.12/site-packages/airflow/example_dags/example_display_name.py
[2024-10-04T00:16:09.748+0000] {processor.py:925} INFO - DAG(s) 'example_display_name' retrieved from /home/airflow/.local/lib/python3.12/site-packages/airflow/example_dags/example_display_name.py
[2024-10-04T00:16:09.767+0000] {logging_mixin.py:190} INFO - [2024-10-04T00:16:09.767+0000] {dag.py:3239} INFO - Sync 1 DAGs
[2024-10-04T00:16:09.781+0000] {logging_mixin.py:190} INFO - [2024-10-04T00:16:09.780+0000] {dag.py:4180} INFO - Setting next_dagrun for example_display_name to None, run_after=None
[2024-10-04T00:16:09.793+0000] {processor.py:208} INFO - Processing /home/airflow/.local/lib/python3.12/site-packages/airflow/example_dags/example_display_name.py took 0.061 seconds
[2024-10-04T00:16:40.483+0000] {processor.py:186} INFO - Started process (PID=2609) to work on /home/airflow/.local/lib/python3.12/site-packages/airflow/example_dags/example_display_name.py
[2024-10-04T00:16:40.484+0000] {processor.py:914} INFO - Processing file /home/airflow/.local/lib/python3.12/site-packages/airflow/example_dags/example_display_name.py for tasks to queue
[2024-10-04T00:16:40.486+0000] {logging_mixin.py:190} INFO - [2024-10-04T00:16:40.486+0000] {dagbag.py:588} INFO - Filling up the DagBag from /home/airflow/.local/lib/python3.12/site-packages/airflow/example_dags/example_display_name.py
[2024-10-04T00:16:40.493+0000] {processor.py:925} INFO - DAG(s) 'example_display_name' retrieved from /home/airflow/.local/lib/python3.12/site-packages/airflow/example_dags/example_display_name.py
[2024-10-04T00:16:40.509+0000] {logging_mixin.py:190} INFO - [2024-10-04T00:16:40.509+0000] {dag.py:3239} INFO - Sync 1 DAGs
[2024-10-04T00:16:40.520+0000] {logging_mixin.py:190} INFO - [2024-10-04T00:16:40.520+0000] {dag.py:4180} INFO - Setting next_dagrun for example_display_name to None, run_after=None
[2024-10-04T00:16:40.532+0000] {processor.py:208} INFO - Processing /home/airflow/.local/lib/python3.12/site-packages/airflow/example_dags/example_display_name.py took 0.055 seconds
[2024-10-04T00:17:10.733+0000] {processor.py:186} INFO - Started process (PID=2893) to work on /home/airflow/.local/lib/python3.12/site-packages/airflow/example_dags/example_display_name.py
[2024-10-04T00:17:10.735+0000] {processor.py:914} INFO - Processing file /home/airflow/.local/lib/python3.12/site-packages/airflow/example_dags/example_display_name.py for tasks to queue
[2024-10-04T00:17:10.737+0000] {logging_mixin.py:190} INFO - [2024-10-04T00:17:10.737+0000] {dagbag.py:588} INFO - Filling up the DagBag from /home/airflow/.local/lib/python3.12/site-packages/airflow/example_dags/example_display_name.py
[2024-10-04T00:17:10.746+0000] {processor.py:925} INFO - DAG(s) 'example_display_name' retrieved from /home/airflow/.local/lib/python3.12/site-packages/airflow/example_dags/example_display_name.py
[2024-10-04T00:17:10.765+0000] {logging_mixin.py:190} INFO - [2024-10-04T00:17:10.765+0000] {dag.py:3239} INFO - Sync 1 DAGs
[2024-10-04T00:17:10.778+0000] {logging_mixin.py:190} INFO - [2024-10-04T00:17:10.778+0000] {dag.py:4180} INFO - Setting next_dagrun for example_display_name to None, run_after=None
[2024-10-04T00:17:10.793+0000] {processor.py:208} INFO - Processing /home/airflow/.local/lib/python3.12/site-packages/airflow/example_dags/example_display_name.py took 0.067 seconds
[2024-10-04T00:17:41.797+0000] {processor.py:186} INFO - Started process (PID=3181) to work on /home/airflow/.local/lib/python3.12/site-packages/airflow/example_dags/example_display_name.py
[2024-10-04T00:17:41.799+0000] {processor.py:914} INFO - Processing file /home/airflow/.local/lib/python3.12/site-packages/airflow/example_dags/example_display_name.py for tasks to queue
[2024-10-04T00:17:41.802+0000] {logging_mixin.py:190} INFO - [2024-10-04T00:17:41.801+0000] {dagbag.py:588} INFO - Filling up the DagBag from /home/airflow/.local/lib/python3.12/site-packages/airflow/example_dags/example_display_name.py
[2024-10-04T00:17:41.813+0000] {processor.py:925} INFO - DAG(s) 'example_display_name' retrieved from /home/airflow/.local/lib/python3.12/site-packages/airflow/example_dags/example_display_name.py
[2024-10-04T00:17:41.835+0000] {logging_mixin.py:190} INFO - [2024-10-04T00:17:41.835+0000] {dag.py:3239} INFO - Sync 1 DAGs
[2024-10-04T00:17:41.851+0000] {logging_mixin.py:190} INFO - [2024-10-04T00:17:41.851+0000] {dag.py:4180} INFO - Setting next_dagrun for example_display_name to None, run_after=None
[2024-10-04T00:17:41.867+0000] {processor.py:208} INFO - Processing /home/airflow/.local/lib/python3.12/site-packages/airflow/example_dags/example_display_name.py took 0.079 seconds
[2024-10-04T00:18:12.513+0000] {processor.py:186} INFO - Started process (PID=3465) to work on /home/airflow/.local/lib/python3.12/site-packages/airflow/example_dags/example_display_name.py
[2024-10-04T00:18:12.515+0000] {processor.py:914} INFO - Processing file /home/airflow/.local/lib/python3.12/site-packages/airflow/example_dags/example_display_name.py for tasks to queue
[2024-10-04T00:18:12.517+0000] {logging_mixin.py:190} INFO - [2024-10-04T00:18:12.517+0000] {dagbag.py:588} INFO - Filling up the DagBag from /home/airflow/.local/lib/python3.12/site-packages/airflow/example_dags/example_display_name.py
[2024-10-04T00:18:12.529+0000] {processor.py:925} INFO - DAG(s) 'example_display_name' retrieved from /home/airflow/.local/lib/python3.12/site-packages/airflow/example_dags/example_display_name.py
[2024-10-04T00:18:12.654+0000] {logging_mixin.py:190} INFO - [2024-10-04T00:18:12.653+0000] {dag.py:3239} INFO - Sync 1 DAGs
[2024-10-04T00:18:12.752+0000] {logging_mixin.py:190} INFO - [2024-10-04T00:18:12.752+0000] {dag.py:4180} INFO - Setting next_dagrun for example_display_name to None, run_after=None
[2024-10-04T00:18:12.781+0000] {processor.py:208} INFO - Processing /home/airflow/.local/lib/python3.12/site-packages/airflow/example_dags/example_display_name.py took 0.275 seconds
[2024-10-04T00:18:43.634+0000] {processor.py:186} INFO - Started process (PID=3757) to work on /home/airflow/.local/lib/python3.12/site-packages/airflow/example_dags/example_display_name.py
[2024-10-04T00:18:43.635+0000] {processor.py:914} INFO - Processing file /home/airflow/.local/lib/python3.12/site-packages/airflow/example_dags/example_display_name.py for tasks to queue
[2024-10-04T00:18:43.637+0000] {logging_mixin.py:190} INFO - [2024-10-04T00:18:43.637+0000] {dagbag.py:588} INFO - Filling up the DagBag from /home/airflow/.local/lib/python3.12/site-packages/airflow/example_dags/example_display_name.py
[2024-10-04T00:18:43.644+0000] {processor.py:925} INFO - DAG(s) 'example_display_name' retrieved from /home/airflow/.local/lib/python3.12/site-packages/airflow/example_dags/example_display_name.py
[2024-10-04T00:18:43.661+0000] {logging_mixin.py:190} INFO - [2024-10-04T00:18:43.661+0000] {dag.py:3239} INFO - Sync 1 DAGs
[2024-10-04T00:18:43.673+0000] {logging_mixin.py:190} INFO - [2024-10-04T00:18:43.673+0000] {dag.py:4180} INFO - Setting next_dagrun for example_display_name to None, run_after=None
[2024-10-04T00:18:43.686+0000] {processor.py:208} INFO - Processing /home/airflow/.local/lib/python3.12/site-packages/airflow/example_dags/example_display_name.py took 0.057 seconds
[2024-10-04T00:19:14.430+0000] {processor.py:186} INFO - Started process (PID=4043) to work on /home/airflow/.local/lib/python3.12/site-packages/airflow/example_dags/example_display_name.py
[2024-10-04T00:19:14.431+0000] {processor.py:914} INFO - Processing file /home/airflow/.local/lib/python3.12/site-packages/airflow/example_dags/example_display_name.py for tasks to queue
[2024-10-04T00:19:14.433+0000] {logging_mixin.py:190} INFO - [2024-10-04T00:19:14.433+0000] {dagbag.py:588} INFO - Filling up the DagBag from /home/airflow/.local/lib/python3.12/site-packages/airflow/example_dags/example_display_name.py
[2024-10-04T00:19:14.440+0000] {processor.py:925} INFO - DAG(s) 'example_display_name' retrieved from /home/airflow/.local/lib/python3.12/site-packages/airflow/example_dags/example_display_name.py
[2024-10-04T00:19:14.455+0000] {logging_mixin.py:190} INFO - [2024-10-04T00:19:14.455+0000] {dag.py:3239} INFO - Sync 1 DAGs
[2024-10-04T00:19:14.467+0000] {logging_mixin.py:190} INFO - [2024-10-04T00:19:14.467+0000] {dag.py:4180} INFO - Setting next_dagrun for example_display_name to None, run_after=None
[2024-10-04T00:19:14.480+0000] {processor.py:208} INFO - Processing /home/airflow/.local/lib/python3.12/site-packages/airflow/example_dags/example_display_name.py took 0.056 seconds
[2024-10-04T00:19:44.715+0000] {processor.py:186} INFO - Started process (PID=4329) to work on /home/airflow/.local/lib/python3.12/site-packages/airflow/example_dags/example_display_name.py
[2024-10-04T00:19:44.716+0000] {processor.py:914} INFO - Processing file /home/airflow/.local/lib/python3.12/site-packages/airflow/example_dags/example_display_name.py for tasks to queue
[2024-10-04T00:19:44.718+0000] {logging_mixin.py:190} INFO - [2024-10-04T00:19:44.718+0000] {dagbag.py:588} INFO - Filling up the DagBag from /home/airflow/.local/lib/python3.12/site-packages/airflow/example_dags/example_display_name.py
[2024-10-04T00:19:44.734+0000] {processor.py:925} INFO - DAG(s) 'example_display_name' retrieved from /home/airflow/.local/lib/python3.12/site-packages/airflow/example_dags/example_display_name.py
[2024-10-04T00:19:44.750+0000] {logging_mixin.py:190} INFO - [2024-10-04T00:19:44.750+0000] {dag.py:3239} INFO - Sync 1 DAGs
[2024-10-04T00:19:44.761+0000] {logging_mixin.py:190} INFO - [2024-10-04T00:19:44.761+0000] {dag.py:4180} INFO - Setting next_dagrun for example_display_name to None, run_after=None
[2024-10-04T00:19:44.774+0000] {processor.py:208} INFO - Processing /home/airflow/.local/lib/python3.12/site-packages/airflow/example_dags/example_display_name.py took 0.065 seconds
[2024-10-04T00:20:15.721+0000] {processor.py:186} INFO - Started process (PID=4615) to work on /home/airflow/.local/lib/python3.12/site-packages/airflow/example_dags/example_display_name.py
[2024-10-04T00:20:15.722+0000] {processor.py:914} INFO - Processing file /home/airflow/.local/lib/python3.12/site-packages/airflow/example_dags/example_display_name.py for tasks to queue
[2024-10-04T00:20:15.725+0000] {logging_mixin.py:190} INFO - [2024-10-04T00:20:15.724+0000] {dagbag.py:588} INFO - Filling up the DagBag from /home/airflow/.local/lib/python3.12/site-packages/airflow/example_dags/example_display_name.py
[2024-10-04T00:20:15.733+0000] {processor.py:925} INFO - DAG(s) 'example_display_name' retrieved from /home/airflow/.local/lib/python3.12/site-packages/airflow/example_dags/example_display_name.py
[2024-10-04T00:20:15.750+0000] {logging_mixin.py:190} INFO - [2024-10-04T00:20:15.750+0000] {dag.py:3239} INFO - Sync 1 DAGs
[2024-10-04T00:20:15.762+0000] {logging_mixin.py:190} INFO - [2024-10-04T00:20:15.762+0000] {dag.py:4180} INFO - Setting next_dagrun for example_display_name to None, run_after=None
[2024-10-04T00:20:15.776+0000] {processor.py:208} INFO - Processing /home/airflow/.local/lib/python3.12/site-packages/airflow/example_dags/example_display_name.py took 0.061 seconds
[2024-10-04T00:20:46.068+0000] {processor.py:186} INFO - Started process (PID=4901) to work on /home/airflow/.local/lib/python3.12/site-packages/airflow/example_dags/example_display_name.py
[2024-10-04T00:20:46.069+0000] {processor.py:914} INFO - Processing file /home/airflow/.local/lib/python3.12/site-packages/airflow/example_dags/example_display_name.py for tasks to queue
[2024-10-04T00:20:46.071+0000] {logging_mixin.py:190} INFO - [2024-10-04T00:20:46.071+0000] {dagbag.py:588} INFO - Filling up the DagBag from /home/airflow/.local/lib/python3.12/site-packages/airflow/example_dags/example_display_name.py
[2024-10-04T00:20:46.078+0000] {processor.py:925} INFO - DAG(s) 'example_display_name' retrieved from /home/airflow/.local/lib/python3.12/site-packages/airflow/example_dags/example_display_name.py
[2024-10-04T00:20:46.093+0000] {logging_mixin.py:190} INFO - [2024-10-04T00:20:46.093+0000] {dag.py:3239} INFO - Sync 1 DAGs
[2024-10-04T00:20:46.104+0000] {logging_mixin.py:190} INFO - [2024-10-04T00:20:46.104+0000] {dag.py:4180} INFO - Setting next_dagrun for example_display_name to None, run_after=None
[2024-10-04T00:20:46.118+0000] {processor.py:208} INFO - Processing /home/airflow/.local/lib/python3.12/site-packages/airflow/example_dags/example_display_name.py took 0.055 seconds
[2024-10-04T00:21:16.611+0000] {processor.py:186} INFO - Started process (PID=5187) to work on /home/airflow/.local/lib/python3.12/site-packages/airflow/example_dags/example_display_name.py
[2024-10-04T00:21:16.612+0000] {processor.py:914} INFO - Processing file /home/airflow/.local/lib/python3.12/site-packages/airflow/example_dags/example_display_name.py for tasks to queue
[2024-10-04T00:21:16.614+0000] {logging_mixin.py:190} INFO - [2024-10-04T00:21:16.614+0000] {dagbag.py:588} INFO - Filling up the DagBag from /home/airflow/.local/lib/python3.12/site-packages/airflow/example_dags/example_display_name.py
[2024-10-04T00:21:16.621+0000] {processor.py:925} INFO - DAG(s) 'example_display_name' retrieved from /home/airflow/.local/lib/python3.12/site-packages/airflow/example_dags/example_display_name.py
[2024-10-04T00:21:16.637+0000] {logging_mixin.py:190} INFO - [2024-10-04T00:21:16.637+0000] {dag.py:3239} INFO - Sync 1 DAGs
[2024-10-04T00:21:16.648+0000] {logging_mixin.py:190} INFO - [2024-10-04T00:21:16.648+0000] {dag.py:4180} INFO - Setting next_dagrun for example_display_name to None, run_after=None
[2024-10-04T00:21:16.661+0000] {processor.py:208} INFO - Processing /home/airflow/.local/lib/python3.12/site-packages/airflow/example_dags/example_display_name.py took 0.055 seconds
[2024-10-04T00:21:46.878+0000] {processor.py:186} INFO - Started process (PID=5473) to work on /home/airflow/.local/lib/python3.12/site-packages/airflow/example_dags/example_display_name.py
[2024-10-04T00:21:46.879+0000] {processor.py:914} INFO - Processing file /home/airflow/.local/lib/python3.12/site-packages/airflow/example_dags/example_display_name.py for tasks to queue
[2024-10-04T00:21:46.881+0000] {logging_mixin.py:190} INFO - [2024-10-04T00:21:46.881+0000] {dagbag.py:588} INFO - Filling up the DagBag from /home/airflow/.local/lib/python3.12/site-packages/airflow/example_dags/example_display_name.py
[2024-10-04T00:21:46.888+0000] {processor.py:925} INFO - DAG(s) 'example_display_name' retrieved from /home/airflow/.local/lib/python3.12/site-packages/airflow/example_dags/example_display_name.py
[2024-10-04T00:21:46.903+0000] {logging_mixin.py:190} INFO - [2024-10-04T00:21:46.903+0000] {dag.py:3239} INFO - Sync 1 DAGs
[2024-10-04T00:21:46.914+0000] {logging_mixin.py:190} INFO - [2024-10-04T00:21:46.914+0000] {dag.py:4180} INFO - Setting next_dagrun for example_display_name to None, run_after=None
[2024-10-04T00:21:46.926+0000] {processor.py:208} INFO - Processing /home/airflow/.local/lib/python3.12/site-packages/airflow/example_dags/example_display_name.py took 0.054 seconds
[2024-10-04T00:22:17.111+0000] {processor.py:186} INFO - Started process (PID=5759) to work on /home/airflow/.local/lib/python3.12/site-packages/airflow/example_dags/example_display_name.py
[2024-10-04T00:22:17.112+0000] {processor.py:914} INFO - Processing file /home/airflow/.local/lib/python3.12/site-packages/airflow/example_dags/example_display_name.py for tasks to queue
[2024-10-04T00:22:17.114+0000] {logging_mixin.py:190} INFO - [2024-10-04T00:22:17.114+0000] {dagbag.py:588} INFO - Filling up the DagBag from /home/airflow/.local/lib/python3.12/site-packages/airflow/example_dags/example_display_name.py
[2024-10-04T00:22:17.120+0000] {processor.py:925} INFO - DAG(s) 'example_display_name' retrieved from /home/airflow/.local/lib/python3.12/site-packages/airflow/example_dags/example_display_name.py
[2024-10-04T00:22:17.135+0000] {logging_mixin.py:190} INFO - [2024-10-04T00:22:17.135+0000] {dag.py:3239} INFO - Sync 1 DAGs
[2024-10-04T00:22:17.146+0000] {logging_mixin.py:190} INFO - [2024-10-04T00:22:17.146+0000] {dag.py:4180} INFO - Setting next_dagrun for example_display_name to None, run_after=None
[2024-10-04T00:22:17.159+0000] {processor.py:208} INFO - Processing /home/airflow/.local/lib/python3.12/site-packages/airflow/example_dags/example_display_name.py took 0.054 seconds
[2024-10-04T00:22:52.190+0000] {processor.py:186} INFO - Started process (PID=6045) to work on /home/airflow/.local/lib/python3.12/site-packages/airflow/example_dags/example_display_name.py
[2024-10-04T00:22:52.192+0000] {processor.py:914} INFO - Processing file /home/airflow/.local/lib/python3.12/site-packages/airflow/example_dags/example_display_name.py for tasks to queue
[2024-10-04T00:22:52.197+0000] {logging_mixin.py:190} INFO - [2024-10-04T00:22:52.196+0000] {dagbag.py:588} INFO - Filling up the DagBag from /home/airflow/.local/lib/python3.12/site-packages/airflow/example_dags/example_display_name.py
[2024-10-04T00:22:52.211+0000] {processor.py:925} INFO - DAG(s) 'example_display_name' retrieved from /home/airflow/.local/lib/python3.12/site-packages/airflow/example_dags/example_display_name.py
[2024-10-04T00:22:52.255+0000] {logging_mixin.py:190} INFO - [2024-10-04T00:22:52.255+0000] {dag.py:3239} INFO - Sync 1 DAGs
[2024-10-04T00:22:52.277+0000] {logging_mixin.py:190} INFO - [2024-10-04T00:22:52.277+0000] {dag.py:4180} INFO - Setting next_dagrun for example_display_name to None, run_after=None
[2024-10-04T00:22:52.314+0000] {processor.py:208} INFO - Processing /home/airflow/.local/lib/python3.12/site-packages/airflow/example_dags/example_display_name.py took 0.137 seconds
[2024-10-04T00:23:22.763+0000] {processor.py:186} INFO - Started process (PID=6331) to work on /home/airflow/.local/lib/python3.12/site-packages/airflow/example_dags/example_display_name.py
[2024-10-04T00:23:22.766+0000] {processor.py:914} INFO - Processing file /home/airflow/.local/lib/python3.12/site-packages/airflow/example_dags/example_display_name.py for tasks to queue
[2024-10-04T00:23:22.772+0000] {logging_mixin.py:190} INFO - [2024-10-04T00:23:22.771+0000] {dagbag.py:588} INFO - Filling up the DagBag from /home/airflow/.local/lib/python3.12/site-packages/airflow/example_dags/example_display_name.py
[2024-10-04T00:23:22.784+0000] {processor.py:925} INFO - DAG(s) 'example_display_name' retrieved from /home/airflow/.local/lib/python3.12/site-packages/airflow/example_dags/example_display_name.py
[2024-10-04T00:23:22.816+0000] {logging_mixin.py:190} INFO - [2024-10-04T00:23:22.816+0000] {dag.py:3239} INFO - Sync 1 DAGs
[2024-10-04T00:23:22.845+0000] {logging_mixin.py:190} INFO - [2024-10-04T00:23:22.845+0000] {dag.py:4180} INFO - Setting next_dagrun for example_display_name to None, run_after=None
[2024-10-04T00:23:22.867+0000] {processor.py:208} INFO - Processing /home/airflow/.local/lib/python3.12/site-packages/airflow/example_dags/example_display_name.py took 0.115 seconds
[2024-10-04T00:23:53.048+0000] {processor.py:186} INFO - Started process (PID=6617) to work on /home/airflow/.local/lib/python3.12/site-packages/airflow/example_dags/example_display_name.py
[2024-10-04T00:23:53.050+0000] {processor.py:914} INFO - Processing file /home/airflow/.local/lib/python3.12/site-packages/airflow/example_dags/example_display_name.py for tasks to queue
[2024-10-04T00:23:53.052+0000] {logging_mixin.py:190} INFO - [2024-10-04T00:23:53.051+0000] {dagbag.py:588} INFO - Filling up the DagBag from /home/airflow/.local/lib/python3.12/site-packages/airflow/example_dags/example_display_name.py
[2024-10-04T00:23:53.058+0000] {processor.py:925} INFO - DAG(s) 'example_display_name' retrieved from /home/airflow/.local/lib/python3.12/site-packages/airflow/example_dags/example_display_name.py
[2024-10-04T00:23:53.074+0000] {logging_mixin.py:190} INFO - [2024-10-04T00:23:53.074+0000] {dag.py:3239} INFO - Sync 1 DAGs
[2024-10-04T00:23:53.088+0000] {logging_mixin.py:190} INFO - [2024-10-04T00:23:53.087+0000] {dag.py:4180} INFO - Setting next_dagrun for example_display_name to None, run_after=None
[2024-10-04T00:23:53.102+0000] {processor.py:208} INFO - Processing /home/airflow/.local/lib/python3.12/site-packages/airflow/example_dags/example_display_name.py took 0.058 seconds
[2024-10-04T00:24:23.749+0000] {processor.py:186} INFO - Started process (PID=6903) to work on /home/airflow/.local/lib/python3.12/site-packages/airflow/example_dags/example_display_name.py
[2024-10-04T00:24:23.750+0000] {processor.py:914} INFO - Processing file /home/airflow/.local/lib/python3.12/site-packages/airflow/example_dags/example_display_name.py for tasks to queue
[2024-10-04T00:24:23.753+0000] {logging_mixin.py:190} INFO - [2024-10-04T00:24:23.753+0000] {dagbag.py:588} INFO - Filling up the DagBag from /home/airflow/.local/lib/python3.12/site-packages/airflow/example_dags/example_display_name.py
[2024-10-04T00:24:23.762+0000] {processor.py:925} INFO - DAG(s) 'example_display_name' retrieved from /home/airflow/.local/lib/python3.12/site-packages/airflow/example_dags/example_display_name.py
[2024-10-04T00:24:23.781+0000] {logging_mixin.py:190} INFO - [2024-10-04T00:24:23.781+0000] {dag.py:3239} INFO - Sync 1 DAGs
[2024-10-04T00:24:23.795+0000] {logging_mixin.py:190} INFO - [2024-10-04T00:24:23.795+0000] {dag.py:4180} INFO - Setting next_dagrun for example_display_name to None, run_after=None
[2024-10-04T00:24:23.812+0000] {processor.py:208} INFO - Processing /home/airflow/.local/lib/python3.12/site-packages/airflow/example_dags/example_display_name.py took 0.072 seconds
[2024-10-04T00:24:54.173+0000] {processor.py:186} INFO - Started process (PID=7189) to work on /home/airflow/.local/lib/python3.12/site-packages/airflow/example_dags/example_display_name.py
[2024-10-04T00:24:54.174+0000] {processor.py:914} INFO - Processing file /home/airflow/.local/lib/python3.12/site-packages/airflow/example_dags/example_display_name.py for tasks to queue
[2024-10-04T00:24:54.178+0000] {logging_mixin.py:190} INFO - [2024-10-04T00:24:54.177+0000] {dagbag.py:588} INFO - Filling up the DagBag from /home/airflow/.local/lib/python3.12/site-packages/airflow/example_dags/example_display_name.py
[2024-10-04T00:24:54.187+0000] {processor.py:925} INFO - DAG(s) 'example_display_name' retrieved from /home/airflow/.local/lib/python3.12/site-packages/airflow/example_dags/example_display_name.py
[2024-10-04T00:24:54.207+0000] {logging_mixin.py:190} INFO - [2024-10-04T00:24:54.207+0000] {dag.py:3239} INFO - Sync 1 DAGs
[2024-10-04T00:24:54.222+0000] {logging_mixin.py:190} INFO - [2024-10-04T00:24:54.222+0000] {dag.py:4180} INFO - Setting next_dagrun for example_display_name to None, run_after=None
[2024-10-04T00:24:54.237+0000] {processor.py:208} INFO - Processing /home/airflow/.local/lib/python3.12/site-packages/airflow/example_dags/example_display_name.py took 0.070 seconds
[2024-10-04T00:25:25.196+0000] {processor.py:186} INFO - Started process (PID=7475) to work on /home/airflow/.local/lib/python3.12/site-packages/airflow/example_dags/example_display_name.py
[2024-10-04T00:25:25.197+0000] {processor.py:914} INFO - Processing file /home/airflow/.local/lib/python3.12/site-packages/airflow/example_dags/example_display_name.py for tasks to queue
[2024-10-04T00:25:25.200+0000] {logging_mixin.py:190} INFO - [2024-10-04T00:25:25.199+0000] {dagbag.py:588} INFO - Filling up the DagBag from /home/airflow/.local/lib/python3.12/site-packages/airflow/example_dags/example_display_name.py
[2024-10-04T00:25:25.208+0000] {processor.py:925} INFO - DAG(s) 'example_display_name' retrieved from /home/airflow/.local/lib/python3.12/site-packages/airflow/example_dags/example_display_name.py
[2024-10-04T00:25:25.229+0000] {logging_mixin.py:190} INFO - [2024-10-04T00:25:25.229+0000] {dag.py:3239} INFO - Sync 1 DAGs
[2024-10-04T00:25:25.244+0000] {logging_mixin.py:190} INFO - [2024-10-04T00:25:25.244+0000] {dag.py:4180} INFO - Setting next_dagrun for example_display_name to None, run_after=None
[2024-10-04T00:25:25.261+0000] {processor.py:208} INFO - Processing /home/airflow/.local/lib/python3.12/site-packages/airflow/example_dags/example_display_name.py took 0.073 seconds
[2024-10-04T00:25:55.870+0000] {processor.py:186} INFO - Started process (PID=7761) to work on /home/airflow/.local/lib/python3.12/site-packages/airflow/example_dags/example_display_name.py
[2024-10-04T00:25:55.872+0000] {processor.py:914} INFO - Processing file /home/airflow/.local/lib/python3.12/site-packages/airflow/example_dags/example_display_name.py for tasks to queue
[2024-10-04T00:25:55.874+0000] {logging_mixin.py:190} INFO - [2024-10-04T00:25:55.873+0000] {dagbag.py:588} INFO - Filling up the DagBag from /home/airflow/.local/lib/python3.12/site-packages/airflow/example_dags/example_display_name.py
[2024-10-04T00:25:55.881+0000] {processor.py:925} INFO - DAG(s) 'example_display_name' retrieved from /home/airflow/.local/lib/python3.12/site-packages/airflow/example_dags/example_display_name.py
[2024-10-04T00:25:55.897+0000] {logging_mixin.py:190} INFO - [2024-10-04T00:25:55.896+0000] {dag.py:3239} INFO - Sync 1 DAGs
[2024-10-04T00:25:55.908+0000] {logging_mixin.py:190} INFO - [2024-10-04T00:25:55.907+0000] {dag.py:4180} INFO - Setting next_dagrun for example_display_name to None, run_after=None
[2024-10-04T00:25:55.921+0000] {processor.py:208} INFO - Processing /home/airflow/.local/lib/python3.12/site-packages/airflow/example_dags/example_display_name.py took 0.056 seconds
[2024-10-04T00:26:26.193+0000] {processor.py:186} INFO - Started process (PID=8047) to work on /home/airflow/.local/lib/python3.12/site-packages/airflow/example_dags/example_display_name.py
[2024-10-04T00:26:26.194+0000] {processor.py:914} INFO - Processing file /home/airflow/.local/lib/python3.12/site-packages/airflow/example_dags/example_display_name.py for tasks to queue
[2024-10-04T00:26:26.196+0000] {logging_mixin.py:190} INFO - [2024-10-04T00:26:26.196+0000] {dagbag.py:588} INFO - Filling up the DagBag from /home/airflow/.local/lib/python3.12/site-packages/airflow/example_dags/example_display_name.py
[2024-10-04T00:26:26.202+0000] {processor.py:925} INFO - DAG(s) 'example_display_name' retrieved from /home/airflow/.local/lib/python3.12/site-packages/airflow/example_dags/example_display_name.py
[2024-10-04T00:26:26.218+0000] {logging_mixin.py:190} INFO - [2024-10-04T00:26:26.218+0000] {dag.py:3239} INFO - Sync 1 DAGs
[2024-10-04T00:26:26.229+0000] {logging_mixin.py:190} INFO - [2024-10-04T00:26:26.229+0000] {dag.py:4180} INFO - Setting next_dagrun for example_display_name to None, run_after=None
[2024-10-04T00:26:26.242+0000] {processor.py:208} INFO - Processing /home/airflow/.local/lib/python3.12/site-packages/airflow/example_dags/example_display_name.py took 0.055 seconds
[2024-10-04T00:26:56.430+0000] {processor.py:186} INFO - Started process (PID=8333) to work on /home/airflow/.local/lib/python3.12/site-packages/airflow/example_dags/example_display_name.py
[2024-10-04T00:26:56.431+0000] {processor.py:914} INFO - Processing file /home/airflow/.local/lib/python3.12/site-packages/airflow/example_dags/example_display_name.py for tasks to queue
[2024-10-04T00:26:56.433+0000] {logging_mixin.py:190} INFO - [2024-10-04T00:26:56.433+0000] {dagbag.py:588} INFO - Filling up the DagBag from /home/airflow/.local/lib/python3.12/site-packages/airflow/example_dags/example_display_name.py
[2024-10-04T00:26:56.440+0000] {processor.py:925} INFO - DAG(s) 'example_display_name' retrieved from /home/airflow/.local/lib/python3.12/site-packages/airflow/example_dags/example_display_name.py
[2024-10-04T00:26:56.456+0000] {logging_mixin.py:190} INFO - [2024-10-04T00:26:56.456+0000] {dag.py:3239} INFO - Sync 1 DAGs
[2024-10-04T00:26:56.467+0000] {logging_mixin.py:190} INFO - [2024-10-04T00:26:56.467+0000] {dag.py:4180} INFO - Setting next_dagrun for example_display_name to None, run_after=None
[2024-10-04T00:26:56.480+0000] {processor.py:208} INFO - Processing /home/airflow/.local/lib/python3.12/site-packages/airflow/example_dags/example_display_name.py took 0.056 seconds
[2024-10-04T00:27:26.599+0000] {processor.py:186} INFO - Started process (PID=8619) to work on /home/airflow/.local/lib/python3.12/site-packages/airflow/example_dags/example_display_name.py
[2024-10-04T00:27:26.600+0000] {processor.py:914} INFO - Processing file /home/airflow/.local/lib/python3.12/site-packages/airflow/example_dags/example_display_name.py for tasks to queue
[2024-10-04T00:27:26.602+0000] {logging_mixin.py:190} INFO - [2024-10-04T00:27:26.602+0000] {dagbag.py:588} INFO - Filling up the DagBag from /home/airflow/.local/lib/python3.12/site-packages/airflow/example_dags/example_display_name.py
[2024-10-04T00:27:26.609+0000] {processor.py:925} INFO - DAG(s) 'example_display_name' retrieved from /home/airflow/.local/lib/python3.12/site-packages/airflow/example_dags/example_display_name.py
[2024-10-04T00:27:26.627+0000] {logging_mixin.py:190} INFO - [2024-10-04T00:27:26.626+0000] {dag.py:3239} INFO - Sync 1 DAGs
[2024-10-04T00:27:26.642+0000] {logging_mixin.py:190} INFO - [2024-10-04T00:27:26.642+0000] {dag.py:4180} INFO - Setting next_dagrun for example_display_name to None, run_after=None
[2024-10-04T00:27:26.657+0000] {processor.py:208} INFO - Processing /home/airflow/.local/lib/python3.12/site-packages/airflow/example_dags/example_display_name.py took 0.063 seconds
[2024-10-04T00:27:57.151+0000] {processor.py:186} INFO - Started process (PID=8905) to work on /home/airflow/.local/lib/python3.12/site-packages/airflow/example_dags/example_display_name.py
[2024-10-04T00:27:57.152+0000] {processor.py:914} INFO - Processing file /home/airflow/.local/lib/python3.12/site-packages/airflow/example_dags/example_display_name.py for tasks to queue
[2024-10-04T00:27:57.154+0000] {logging_mixin.py:190} INFO - [2024-10-04T00:27:57.154+0000] {dagbag.py:588} INFO - Filling up the DagBag from /home/airflow/.local/lib/python3.12/site-packages/airflow/example_dags/example_display_name.py
[2024-10-04T00:27:57.161+0000] {processor.py:925} INFO - DAG(s) 'example_display_name' retrieved from /home/airflow/.local/lib/python3.12/site-packages/airflow/example_dags/example_display_name.py
[2024-10-04T00:27:57.180+0000] {logging_mixin.py:190} INFO - [2024-10-04T00:27:57.180+0000] {dag.py:3239} INFO - Sync 1 DAGs
[2024-10-04T00:27:57.194+0000] {logging_mixin.py:190} INFO - [2024-10-04T00:27:57.194+0000] {dag.py:4180} INFO - Setting next_dagrun for example_display_name to None, run_after=None
[2024-10-04T00:27:57.211+0000] {processor.py:208} INFO - Processing /home/airflow/.local/lib/python3.12/site-packages/airflow/example_dags/example_display_name.py took 0.066 seconds
[2024-10-04T00:28:27.422+0000] {processor.py:186} INFO - Started process (PID=9191) to work on /home/airflow/.local/lib/python3.12/site-packages/airflow/example_dags/example_display_name.py
[2024-10-04T00:28:27.423+0000] {processor.py:914} INFO - Processing file /home/airflow/.local/lib/python3.12/site-packages/airflow/example_dags/example_display_name.py for tasks to queue
[2024-10-04T00:28:27.425+0000] {logging_mixin.py:190} INFO - [2024-10-04T00:28:27.425+0000] {dagbag.py:588} INFO - Filling up the DagBag from /home/airflow/.local/lib/python3.12/site-packages/airflow/example_dags/example_display_name.py
[2024-10-04T00:28:27.432+0000] {processor.py:925} INFO - DAG(s) 'example_display_name' retrieved from /home/airflow/.local/lib/python3.12/site-packages/airflow/example_dags/example_display_name.py
[2024-10-04T00:28:27.449+0000] {logging_mixin.py:190} INFO - [2024-10-04T00:28:27.449+0000] {dag.py:3239} INFO - Sync 1 DAGs
[2024-10-04T00:28:27.460+0000] {logging_mixin.py:190} INFO - [2024-10-04T00:28:27.460+0000] {dag.py:4180} INFO - Setting next_dagrun for example_display_name to None, run_after=None
[2024-10-04T00:28:27.474+0000] {processor.py:208} INFO - Processing /home/airflow/.local/lib/python3.12/site-packages/airflow/example_dags/example_display_name.py took 0.058 seconds
