[2024-10-04T00:12:32.304+0000] {processor.py:186} INFO - Started process (PID=234) to work on /home/airflow/.local/lib/python3.12/site-packages/airflow/example_dags/example_skip_dag.py
[2024-10-04T00:12:32.306+0000] {processor.py:914} INFO - Processing file /home/airflow/.local/lib/python3.12/site-packages/airflow/example_dags/example_skip_dag.py for tasks to queue
[2024-10-04T00:12:32.310+0000] {logging_mixin.py:190} INFO - [2024-10-04T00:12:32.310+0000] {dagbag.py:588} INFO - Filling up the DagBag from /home/airflow/.local/lib/python3.12/site-packages/airflow/example_dags/example_skip_dag.py
[2024-10-04T00:12:32.320+0000] {processor.py:925} INFO - DAG(s) 'example_skip_dag' retrieved from /home/airflow/.local/lib/python3.12/site-packages/airflow/example_dags/example_skip_dag.py
[2024-10-04T00:12:32.462+0000] {logging_mixin.py:190} INFO - [2024-10-04T00:12:32.461+0000] {override.py:1900} INFO - Created Permission View: can read on DAG:example_skip_dag
[2024-10-04T00:12:32.472+0000] {logging_mixin.py:190} INFO - [2024-10-04T00:12:32.471+0000] {override.py:1900} INFO - Created Permission View: can delete on DAG:example_skip_dag
[2024-10-04T00:12:32.477+0000] {logging_mixin.py:190} INFO - [2024-10-04T00:12:32.477+0000] {override.py:1900} INFO - Created Permission View: can edit on DAG:example_skip_dag
[2024-10-04T00:12:32.482+0000] {logging_mixin.py:190} INFO - [2024-10-04T00:12:32.482+0000] {override.py:1900} INFO - Created Permission View: menu access on DAG Run:example_skip_dag
[2024-10-04T00:12:32.487+0000] {logging_mixin.py:190} INFO - [2024-10-04T00:12:32.487+0000] {override.py:1900} INFO - Created Permission View: can read on DAG Run:example_skip_dag
[2024-10-04T00:12:32.492+0000] {logging_mixin.py:190} INFO - [2024-10-04T00:12:32.492+0000] {override.py:1900} INFO - Created Permission View: can delete on DAG Run:example_skip_dag
[2024-10-04T00:12:32.497+0000] {logging_mixin.py:190} INFO - [2024-10-04T00:12:32.497+0000] {override.py:1900} INFO - Created Permission View: can create on DAG Run:example_skip_dag
[2024-10-04T00:12:32.498+0000] {logging_mixin.py:190} INFO - [2024-10-04T00:12:32.498+0000] {dag.py:3239} INFO - Sync 1 DAGs
[2024-10-04T00:12:32.510+0000] {logging_mixin.py:190} INFO - [2024-10-04T00:12:32.510+0000] {dag.py:3262} INFO - Creating ORM DAG for example_skip_dag
[2024-10-04T00:12:32.520+0000] {logging_mixin.py:190} INFO - [2024-10-04T00:12:32.520+0000] {dag.py:4180} INFO - Setting next_dagrun for example_skip_dag to 2024-10-03 00:00:00+00:00, run_after=2024-10-04 00:00:00+00:00
[2024-10-04T00:12:32.534+0000] {processor.py:208} INFO - Processing /home/airflow/.local/lib/python3.12/site-packages/airflow/example_dags/example_skip_dag.py took 0.237 seconds
[2024-10-04T00:13:03.040+0000] {processor.py:186} INFO - Started process (PID=520) to work on /home/airflow/.local/lib/python3.12/site-packages/airflow/example_dags/example_skip_dag.py
[2024-10-04T00:13:03.041+0000] {processor.py:914} INFO - Processing file /home/airflow/.local/lib/python3.12/site-packages/airflow/example_dags/example_skip_dag.py for tasks to queue
[2024-10-04T00:13:03.044+0000] {logging_mixin.py:190} INFO - [2024-10-04T00:13:03.043+0000] {dagbag.py:588} INFO - Filling up the DagBag from /home/airflow/.local/lib/python3.12/site-packages/airflow/example_dags/example_skip_dag.py
[2024-10-04T00:13:03.052+0000] {processor.py:925} INFO - DAG(s) 'example_skip_dag' retrieved from /home/airflow/.local/lib/python3.12/site-packages/airflow/example_dags/example_skip_dag.py
[2024-10-04T00:13:03.071+0000] {logging_mixin.py:190} INFO - [2024-10-04T00:13:03.071+0000] {dag.py:3239} INFO - Sync 1 DAGs
[2024-10-04T00:13:03.090+0000] {logging_mixin.py:190} INFO - [2024-10-04T00:13:03.090+0000] {dag.py:4180} INFO - Setting next_dagrun for example_skip_dag to 2024-10-03 00:00:00+00:00, run_after=2024-10-04 00:00:00+00:00
[2024-10-04T00:13:03.103+0000] {processor.py:208} INFO - Processing /home/airflow/.local/lib/python3.12/site-packages/airflow/example_dags/example_skip_dag.py took 0.069 seconds
[2024-10-04T00:13:33.707+0000] {processor.py:186} INFO - Started process (PID=806) to work on /home/airflow/.local/lib/python3.12/site-packages/airflow/example_dags/example_skip_dag.py
[2024-10-04T00:13:33.708+0000] {processor.py:914} INFO - Processing file /home/airflow/.local/lib/python3.12/site-packages/airflow/example_dags/example_skip_dag.py for tasks to queue
[2024-10-04T00:13:33.710+0000] {logging_mixin.py:190} INFO - [2024-10-04T00:13:33.710+0000] {dagbag.py:588} INFO - Filling up the DagBag from /home/airflow/.local/lib/python3.12/site-packages/airflow/example_dags/example_skip_dag.py
[2024-10-04T00:13:33.717+0000] {processor.py:925} INFO - DAG(s) 'example_skip_dag' retrieved from /home/airflow/.local/lib/python3.12/site-packages/airflow/example_dags/example_skip_dag.py
[2024-10-04T00:13:33.734+0000] {logging_mixin.py:190} INFO - [2024-10-04T00:13:33.734+0000] {dag.py:3239} INFO - Sync 1 DAGs
[2024-10-04T00:13:33.753+0000] {logging_mixin.py:190} INFO - [2024-10-04T00:13:33.753+0000] {dag.py:4180} INFO - Setting next_dagrun for example_skip_dag to 2024-10-03 00:00:00+00:00, run_after=2024-10-04 00:00:00+00:00
[2024-10-04T00:13:33.766+0000] {processor.py:208} INFO - Processing /home/airflow/.local/lib/python3.12/site-packages/airflow/example_dags/example_skip_dag.py took 0.064 seconds
[2024-10-04T00:14:04.169+0000] {processor.py:186} INFO - Started process (PID=1092) to work on /home/airflow/.local/lib/python3.12/site-packages/airflow/example_dags/example_skip_dag.py
[2024-10-04T00:14:04.170+0000] {processor.py:914} INFO - Processing file /home/airflow/.local/lib/python3.12/site-packages/airflow/example_dags/example_skip_dag.py for tasks to queue
[2024-10-04T00:14:04.172+0000] {logging_mixin.py:190} INFO - [2024-10-04T00:14:04.172+0000] {dagbag.py:588} INFO - Filling up the DagBag from /home/airflow/.local/lib/python3.12/site-packages/airflow/example_dags/example_skip_dag.py
[2024-10-04T00:14:04.179+0000] {processor.py:925} INFO - DAG(s) 'example_skip_dag' retrieved from /home/airflow/.local/lib/python3.12/site-packages/airflow/example_dags/example_skip_dag.py
[2024-10-04T00:14:04.197+0000] {logging_mixin.py:190} INFO - [2024-10-04T00:14:04.197+0000] {dag.py:3239} INFO - Sync 1 DAGs
[2024-10-04T00:14:04.216+0000] {logging_mixin.py:190} INFO - [2024-10-04T00:14:04.215+0000] {dag.py:4180} INFO - Setting next_dagrun for example_skip_dag to 2024-10-03 00:00:00+00:00, run_after=2024-10-04 00:00:00+00:00
[2024-10-04T00:14:04.228+0000] {processor.py:208} INFO - Processing /home/airflow/.local/lib/python3.12/site-packages/airflow/example_dags/example_skip_dag.py took 0.065 seconds
[2024-10-04T00:14:34.981+0000] {processor.py:186} INFO - Started process (PID=1378) to work on /home/airflow/.local/lib/python3.12/site-packages/airflow/example_dags/example_skip_dag.py
[2024-10-04T00:14:34.982+0000] {processor.py:914} INFO - Processing file /home/airflow/.local/lib/python3.12/site-packages/airflow/example_dags/example_skip_dag.py for tasks to queue
[2024-10-04T00:14:34.984+0000] {logging_mixin.py:190} INFO - [2024-10-04T00:14:34.984+0000] {dagbag.py:588} INFO - Filling up the DagBag from /home/airflow/.local/lib/python3.12/site-packages/airflow/example_dags/example_skip_dag.py
[2024-10-04T00:14:34.991+0000] {processor.py:925} INFO - DAG(s) 'example_skip_dag' retrieved from /home/airflow/.local/lib/python3.12/site-packages/airflow/example_dags/example_skip_dag.py
[2024-10-04T00:14:35.009+0000] {logging_mixin.py:190} INFO - [2024-10-04T00:14:35.008+0000] {dag.py:3239} INFO - Sync 1 DAGs
[2024-10-04T00:14:35.027+0000] {logging_mixin.py:190} INFO - [2024-10-04T00:14:35.027+0000] {dag.py:4180} INFO - Setting next_dagrun for example_skip_dag to 2024-10-03 00:00:00+00:00, run_after=2024-10-04 00:00:00+00:00
[2024-10-04T00:14:35.039+0000] {processor.py:208} INFO - Processing /home/airflow/.local/lib/python3.12/site-packages/airflow/example_dags/example_skip_dag.py took 0.063 seconds
[2024-10-04T00:15:05.414+0000] {processor.py:186} INFO - Started process (PID=1664) to work on /home/airflow/.local/lib/python3.12/site-packages/airflow/example_dags/example_skip_dag.py
[2024-10-04T00:15:05.415+0000] {processor.py:914} INFO - Processing file /home/airflow/.local/lib/python3.12/site-packages/airflow/example_dags/example_skip_dag.py for tasks to queue
[2024-10-04T00:15:05.417+0000] {logging_mixin.py:190} INFO - [2024-10-04T00:15:05.417+0000] {dagbag.py:588} INFO - Filling up the DagBag from /home/airflow/.local/lib/python3.12/site-packages/airflow/example_dags/example_skip_dag.py
[2024-10-04T00:15:05.424+0000] {processor.py:925} INFO - DAG(s) 'example_skip_dag' retrieved from /home/airflow/.local/lib/python3.12/site-packages/airflow/example_dags/example_skip_dag.py
[2024-10-04T00:15:05.442+0000] {logging_mixin.py:190} INFO - [2024-10-04T00:15:05.441+0000] {dag.py:3239} INFO - Sync 1 DAGs
[2024-10-04T00:15:05.461+0000] {logging_mixin.py:190} INFO - [2024-10-04T00:15:05.461+0000] {dag.py:4180} INFO - Setting next_dagrun for example_skip_dag to 2024-10-03 00:00:00+00:00, run_after=2024-10-04 00:00:00+00:00
[2024-10-04T00:15:05.473+0000] {processor.py:208} INFO - Processing /home/airflow/.local/lib/python3.12/site-packages/airflow/example_dags/example_skip_dag.py took 0.065 seconds
[2024-10-04T00:15:36.277+0000] {processor.py:186} INFO - Started process (PID=1950) to work on /home/airflow/.local/lib/python3.12/site-packages/airflow/example_dags/example_skip_dag.py
[2024-10-04T00:15:36.278+0000] {processor.py:914} INFO - Processing file /home/airflow/.local/lib/python3.12/site-packages/airflow/example_dags/example_skip_dag.py for tasks to queue
[2024-10-04T00:15:36.280+0000] {logging_mixin.py:190} INFO - [2024-10-04T00:15:36.280+0000] {dagbag.py:588} INFO - Filling up the DagBag from /home/airflow/.local/lib/python3.12/site-packages/airflow/example_dags/example_skip_dag.py
[2024-10-04T00:15:36.287+0000] {processor.py:925} INFO - DAG(s) 'example_skip_dag' retrieved from /home/airflow/.local/lib/python3.12/site-packages/airflow/example_dags/example_skip_dag.py
[2024-10-04T00:15:36.305+0000] {logging_mixin.py:190} INFO - [2024-10-04T00:15:36.304+0000] {dag.py:3239} INFO - Sync 1 DAGs
[2024-10-04T00:15:36.323+0000] {logging_mixin.py:190} INFO - [2024-10-04T00:15:36.323+0000] {dag.py:4180} INFO - Setting next_dagrun for example_skip_dag to 2024-10-03 00:00:00+00:00, run_after=2024-10-04 00:00:00+00:00
[2024-10-04T00:15:36.336+0000] {processor.py:208} INFO - Processing /home/airflow/.local/lib/python3.12/site-packages/airflow/example_dags/example_skip_dag.py took 0.064 seconds
[2024-10-04T00:16:06.642+0000] {processor.py:186} INFO - Started process (PID=2236) to work on /home/airflow/.local/lib/python3.12/site-packages/airflow/example_dags/example_skip_dag.py
[2024-10-04T00:16:06.643+0000] {processor.py:914} INFO - Processing file /home/airflow/.local/lib/python3.12/site-packages/airflow/example_dags/example_skip_dag.py for tasks to queue
[2024-10-04T00:16:06.645+0000] {logging_mixin.py:190} INFO - [2024-10-04T00:16:06.645+0000] {dagbag.py:588} INFO - Filling up the DagBag from /home/airflow/.local/lib/python3.12/site-packages/airflow/example_dags/example_skip_dag.py
[2024-10-04T00:16:06.652+0000] {processor.py:925} INFO - DAG(s) 'example_skip_dag' retrieved from /home/airflow/.local/lib/python3.12/site-packages/airflow/example_dags/example_skip_dag.py
[2024-10-04T00:16:06.670+0000] {logging_mixin.py:190} INFO - [2024-10-04T00:16:06.669+0000] {dag.py:3239} INFO - Sync 1 DAGs
[2024-10-04T00:16:06.689+0000] {logging_mixin.py:190} INFO - [2024-10-04T00:16:06.689+0000] {dag.py:4180} INFO - Setting next_dagrun for example_skip_dag to 2024-10-03 00:00:00+00:00, run_after=2024-10-04 00:00:00+00:00
[2024-10-04T00:16:06.703+0000] {processor.py:208} INFO - Processing /home/airflow/.local/lib/python3.12/site-packages/airflow/example_dags/example_skip_dag.py took 0.067 seconds
[2024-10-04T00:16:37.410+0000] {processor.py:186} INFO - Started process (PID=2522) to work on /home/airflow/.local/lib/python3.12/site-packages/airflow/example_dags/example_skip_dag.py
[2024-10-04T00:16:37.411+0000] {processor.py:914} INFO - Processing file /home/airflow/.local/lib/python3.12/site-packages/airflow/example_dags/example_skip_dag.py for tasks to queue
[2024-10-04T00:16:37.414+0000] {logging_mixin.py:190} INFO - [2024-10-04T00:16:37.414+0000] {dagbag.py:588} INFO - Filling up the DagBag from /home/airflow/.local/lib/python3.12/site-packages/airflow/example_dags/example_skip_dag.py
[2024-10-04T00:16:37.423+0000] {processor.py:925} INFO - DAG(s) 'example_skip_dag' retrieved from /home/airflow/.local/lib/python3.12/site-packages/airflow/example_dags/example_skip_dag.py
[2024-10-04T00:16:37.446+0000] {logging_mixin.py:190} INFO - [2024-10-04T00:16:37.446+0000] {dag.py:3239} INFO - Sync 1 DAGs
[2024-10-04T00:16:37.472+0000] {logging_mixin.py:190} INFO - [2024-10-04T00:16:37.472+0000] {dag.py:4180} INFO - Setting next_dagrun for example_skip_dag to 2024-10-03 00:00:00+00:00, run_after=2024-10-04 00:00:00+00:00
[2024-10-04T00:16:37.488+0000] {processor.py:208} INFO - Processing /home/airflow/.local/lib/python3.12/site-packages/airflow/example_dags/example_skip_dag.py took 0.085 seconds
[2024-10-04T00:17:08.088+0000] {processor.py:186} INFO - Started process (PID=2808) to work on /home/airflow/.local/lib/python3.12/site-packages/airflow/example_dags/example_skip_dag.py
[2024-10-04T00:17:08.089+0000] {processor.py:914} INFO - Processing file /home/airflow/.local/lib/python3.12/site-packages/airflow/example_dags/example_skip_dag.py for tasks to queue
[2024-10-04T00:17:08.092+0000] {logging_mixin.py:190} INFO - [2024-10-04T00:17:08.091+0000] {dagbag.py:588} INFO - Filling up the DagBag from /home/airflow/.local/lib/python3.12/site-packages/airflow/example_dags/example_skip_dag.py
[2024-10-04T00:17:08.100+0000] {processor.py:925} INFO - DAG(s) 'example_skip_dag' retrieved from /home/airflow/.local/lib/python3.12/site-packages/airflow/example_dags/example_skip_dag.py
[2024-10-04T00:17:08.119+0000] {logging_mixin.py:190} INFO - [2024-10-04T00:17:08.119+0000] {dag.py:3239} INFO - Sync 1 DAGs
[2024-10-04T00:17:08.140+0000] {logging_mixin.py:190} INFO - [2024-10-04T00:17:08.140+0000] {dag.py:4180} INFO - Setting next_dagrun for example_skip_dag to 2024-10-03 00:00:00+00:00, run_after=2024-10-04 00:00:00+00:00
[2024-10-04T00:17:08.154+0000] {processor.py:208} INFO - Processing /home/airflow/.local/lib/python3.12/site-packages/airflow/example_dags/example_skip_dag.py took 0.073 seconds
[2024-10-04T00:17:39.825+0000] {processor.py:186} INFO - Started process (PID=3094) to work on /home/airflow/.local/lib/python3.12/site-packages/airflow/example_dags/example_skip_dag.py
[2024-10-04T00:17:39.827+0000] {processor.py:914} INFO - Processing file /home/airflow/.local/lib/python3.12/site-packages/airflow/example_dags/example_skip_dag.py for tasks to queue
[2024-10-04T00:17:39.830+0000] {logging_mixin.py:190} INFO - [2024-10-04T00:17:39.829+0000] {dagbag.py:588} INFO - Filling up the DagBag from /home/airflow/.local/lib/python3.12/site-packages/airflow/example_dags/example_skip_dag.py
[2024-10-04T00:17:39.840+0000] {processor.py:925} INFO - DAG(s) 'example_skip_dag' retrieved from /home/airflow/.local/lib/python3.12/site-packages/airflow/example_dags/example_skip_dag.py
[2024-10-04T00:17:39.864+0000] {logging_mixin.py:190} INFO - [2024-10-04T00:17:39.864+0000] {dag.py:3239} INFO - Sync 1 DAGs
[2024-10-04T00:17:39.889+0000] {logging_mixin.py:190} INFO - [2024-10-04T00:17:39.889+0000] {dag.py:4180} INFO - Setting next_dagrun for example_skip_dag to 2024-10-03 00:00:00+00:00, run_after=2024-10-04 00:00:00+00:00
[2024-10-04T00:17:39.906+0000] {processor.py:208} INFO - Processing /home/airflow/.local/lib/python3.12/site-packages/airflow/example_dags/example_skip_dag.py took 0.090 seconds
[2024-10-04T00:18:11.106+0000] {processor.py:186} INFO - Started process (PID=3380) to work on /home/airflow/.local/lib/python3.12/site-packages/airflow/example_dags/example_skip_dag.py
[2024-10-04T00:18:11.107+0000] {processor.py:914} INFO - Processing file /home/airflow/.local/lib/python3.12/site-packages/airflow/example_dags/example_skip_dag.py for tasks to queue
[2024-10-04T00:18:11.110+0000] {logging_mixin.py:190} INFO - [2024-10-04T00:18:11.110+0000] {dagbag.py:588} INFO - Filling up the DagBag from /home/airflow/.local/lib/python3.12/site-packages/airflow/example_dags/example_skip_dag.py
[2024-10-04T00:18:11.119+0000] {processor.py:925} INFO - DAG(s) 'example_skip_dag' retrieved from /home/airflow/.local/lib/python3.12/site-packages/airflow/example_dags/example_skip_dag.py
[2024-10-04T00:18:11.141+0000] {logging_mixin.py:190} INFO - [2024-10-04T00:18:11.140+0000] {dag.py:3239} INFO - Sync 1 DAGs
[2024-10-04T00:18:11.162+0000] {logging_mixin.py:190} INFO - [2024-10-04T00:18:11.162+0000] {dag.py:4180} INFO - Setting next_dagrun for example_skip_dag to 2024-10-03 00:00:00+00:00, run_after=2024-10-04 00:00:00+00:00
[2024-10-04T00:18:11.179+0000] {processor.py:208} INFO - Processing /home/airflow/.local/lib/python3.12/site-packages/airflow/example_dags/example_skip_dag.py took 0.081 seconds
[2024-10-04T00:18:41.775+0000] {processor.py:186} INFO - Started process (PID=3666) to work on /home/airflow/.local/lib/python3.12/site-packages/airflow/example_dags/example_skip_dag.py
[2024-10-04T00:18:41.776+0000] {processor.py:914} INFO - Processing file /home/airflow/.local/lib/python3.12/site-packages/airflow/example_dags/example_skip_dag.py for tasks to queue
[2024-10-04T00:18:41.780+0000] {logging_mixin.py:190} INFO - [2024-10-04T00:18:41.780+0000] {dagbag.py:588} INFO - Filling up the DagBag from /home/airflow/.local/lib/python3.12/site-packages/airflow/example_dags/example_skip_dag.py
[2024-10-04T00:18:41.789+0000] {processor.py:925} INFO - DAG(s) 'example_skip_dag' retrieved from /home/airflow/.local/lib/python3.12/site-packages/airflow/example_dags/example_skip_dag.py
[2024-10-04T00:18:41.813+0000] {logging_mixin.py:190} INFO - [2024-10-04T00:18:41.813+0000] {dag.py:3239} INFO - Sync 1 DAGs
[2024-10-04T00:18:41.838+0000] {logging_mixin.py:190} INFO - [2024-10-04T00:18:41.838+0000] {dag.py:4180} INFO - Setting next_dagrun for example_skip_dag to 2024-10-03 00:00:00+00:00, run_after=2024-10-04 00:00:00+00:00
[2024-10-04T00:18:41.858+0000] {processor.py:208} INFO - Processing /home/airflow/.local/lib/python3.12/site-packages/airflow/example_dags/example_skip_dag.py took 0.091 seconds
[2024-10-04T00:19:12.385+0000] {processor.py:186} INFO - Started process (PID=3952) to work on /home/airflow/.local/lib/python3.12/site-packages/airflow/example_dags/example_skip_dag.py
[2024-10-04T00:19:12.387+0000] {processor.py:914} INFO - Processing file /home/airflow/.local/lib/python3.12/site-packages/airflow/example_dags/example_skip_dag.py for tasks to queue
[2024-10-04T00:19:12.389+0000] {logging_mixin.py:190} INFO - [2024-10-04T00:19:12.388+0000] {dagbag.py:588} INFO - Filling up the DagBag from /home/airflow/.local/lib/python3.12/site-packages/airflow/example_dags/example_skip_dag.py
[2024-10-04T00:19:12.396+0000] {processor.py:925} INFO - DAG(s) 'example_skip_dag' retrieved from /home/airflow/.local/lib/python3.12/site-packages/airflow/example_dags/example_skip_dag.py
[2024-10-04T00:19:12.415+0000] {logging_mixin.py:190} INFO - [2024-10-04T00:19:12.414+0000] {dag.py:3239} INFO - Sync 1 DAGs
[2024-10-04T00:19:12.436+0000] {logging_mixin.py:190} INFO - [2024-10-04T00:19:12.436+0000] {dag.py:4180} INFO - Setting next_dagrun for example_skip_dag to 2024-10-03 00:00:00+00:00, run_after=2024-10-04 00:00:00+00:00
[2024-10-04T00:19:12.450+0000] {processor.py:208} INFO - Processing /home/airflow/.local/lib/python3.12/site-packages/airflow/example_dags/example_skip_dag.py took 0.071 seconds
[2024-10-04T00:19:42.737+0000] {processor.py:186} INFO - Started process (PID=4238) to work on /home/airflow/.local/lib/python3.12/site-packages/airflow/example_dags/example_skip_dag.py
[2024-10-04T00:19:42.738+0000] {processor.py:914} INFO - Processing file /home/airflow/.local/lib/python3.12/site-packages/airflow/example_dags/example_skip_dag.py for tasks to queue
[2024-10-04T00:19:42.740+0000] {logging_mixin.py:190} INFO - [2024-10-04T00:19:42.740+0000] {dagbag.py:588} INFO - Filling up the DagBag from /home/airflow/.local/lib/python3.12/site-packages/airflow/example_dags/example_skip_dag.py
[2024-10-04T00:19:42.747+0000] {processor.py:925} INFO - DAG(s) 'example_skip_dag' retrieved from /home/airflow/.local/lib/python3.12/site-packages/airflow/example_dags/example_skip_dag.py
[2024-10-04T00:19:42.764+0000] {logging_mixin.py:190} INFO - [2024-10-04T00:19:42.764+0000] {dag.py:3239} INFO - Sync 1 DAGs
[2024-10-04T00:19:42.783+0000] {logging_mixin.py:190} INFO - [2024-10-04T00:19:42.783+0000] {dag.py:4180} INFO - Setting next_dagrun for example_skip_dag to 2024-10-03 00:00:00+00:00, run_after=2024-10-04 00:00:00+00:00
[2024-10-04T00:19:42.795+0000] {processor.py:208} INFO - Processing /home/airflow/.local/lib/python3.12/site-packages/airflow/example_dags/example_skip_dag.py took 0.064 seconds
[2024-10-04T00:20:13.636+0000] {processor.py:186} INFO - Started process (PID=4530) to work on /home/airflow/.local/lib/python3.12/site-packages/airflow/example_dags/example_skip_dag.py
[2024-10-04T00:20:13.637+0000] {processor.py:914} INFO - Processing file /home/airflow/.local/lib/python3.12/site-packages/airflow/example_dags/example_skip_dag.py for tasks to queue
[2024-10-04T00:20:13.640+0000] {logging_mixin.py:190} INFO - [2024-10-04T00:20:13.640+0000] {dagbag.py:588} INFO - Filling up the DagBag from /home/airflow/.local/lib/python3.12/site-packages/airflow/example_dags/example_skip_dag.py
[2024-10-04T00:20:13.650+0000] {processor.py:925} INFO - DAG(s) 'example_skip_dag' retrieved from /home/airflow/.local/lib/python3.12/site-packages/airflow/example_dags/example_skip_dag.py
[2024-10-04T00:20:13.675+0000] {logging_mixin.py:190} INFO - [2024-10-04T00:20:13.675+0000] {dag.py:3239} INFO - Sync 1 DAGs
[2024-10-04T00:20:13.699+0000] {logging_mixin.py:190} INFO - [2024-10-04T00:20:13.698+0000] {dag.py:4180} INFO - Setting next_dagrun for example_skip_dag to 2024-10-03 00:00:00+00:00, run_after=2024-10-04 00:00:00+00:00
[2024-10-04T00:20:13.718+0000] {processor.py:208} INFO - Processing /home/airflow/.local/lib/python3.12/site-packages/airflow/example_dags/example_skip_dag.py took 0.091 seconds
[2024-10-04T00:20:44.167+0000] {processor.py:186} INFO - Started process (PID=4816) to work on /home/airflow/.local/lib/python3.12/site-packages/airflow/example_dags/example_skip_dag.py
[2024-10-04T00:20:44.168+0000] {processor.py:914} INFO - Processing file /home/airflow/.local/lib/python3.12/site-packages/airflow/example_dags/example_skip_dag.py for tasks to queue
[2024-10-04T00:20:44.170+0000] {logging_mixin.py:190} INFO - [2024-10-04T00:20:44.170+0000] {dagbag.py:588} INFO - Filling up the DagBag from /home/airflow/.local/lib/python3.12/site-packages/airflow/example_dags/example_skip_dag.py
[2024-10-04T00:20:44.177+0000] {processor.py:925} INFO - DAG(s) 'example_skip_dag' retrieved from /home/airflow/.local/lib/python3.12/site-packages/airflow/example_dags/example_skip_dag.py
[2024-10-04T00:20:44.194+0000] {logging_mixin.py:190} INFO - [2024-10-04T00:20:44.194+0000] {dag.py:3239} INFO - Sync 1 DAGs
[2024-10-04T00:20:44.212+0000] {logging_mixin.py:190} INFO - [2024-10-04T00:20:44.212+0000] {dag.py:4180} INFO - Setting next_dagrun for example_skip_dag to 2024-10-03 00:00:00+00:00, run_after=2024-10-04 00:00:00+00:00
[2024-10-04T00:20:44.225+0000] {processor.py:208} INFO - Processing /home/airflow/.local/lib/python3.12/site-packages/airflow/example_dags/example_skip_dag.py took 0.063 seconds
[2024-10-04T00:21:14.548+0000] {processor.py:186} INFO - Started process (PID=5102) to work on /home/airflow/.local/lib/python3.12/site-packages/airflow/example_dags/example_skip_dag.py
[2024-10-04T00:21:14.549+0000] {processor.py:914} INFO - Processing file /home/airflow/.local/lib/python3.12/site-packages/airflow/example_dags/example_skip_dag.py for tasks to queue
[2024-10-04T00:21:14.551+0000] {logging_mixin.py:190} INFO - [2024-10-04T00:21:14.551+0000] {dagbag.py:588} INFO - Filling up the DagBag from /home/airflow/.local/lib/python3.12/site-packages/airflow/example_dags/example_skip_dag.py
[2024-10-04T00:21:14.560+0000] {processor.py:925} INFO - DAG(s) 'example_skip_dag' retrieved from /home/airflow/.local/lib/python3.12/site-packages/airflow/example_dags/example_skip_dag.py
[2024-10-04T00:21:14.584+0000] {logging_mixin.py:190} INFO - [2024-10-04T00:21:14.584+0000] {dag.py:3239} INFO - Sync 1 DAGs
[2024-10-04T00:21:14.607+0000] {logging_mixin.py:190} INFO - [2024-10-04T00:21:14.607+0000] {dag.py:4180} INFO - Setting next_dagrun for example_skip_dag to 2024-10-03 00:00:00+00:00, run_after=2024-10-04 00:00:00+00:00
[2024-10-04T00:21:14.636+0000] {processor.py:208} INFO - Processing /home/airflow/.local/lib/python3.12/site-packages/airflow/example_dags/example_skip_dag.py took 0.094 seconds
[2024-10-04T00:21:44.932+0000] {processor.py:186} INFO - Started process (PID=5388) to work on /home/airflow/.local/lib/python3.12/site-packages/airflow/example_dags/example_skip_dag.py
[2024-10-04T00:21:44.933+0000] {processor.py:914} INFO - Processing file /home/airflow/.local/lib/python3.12/site-packages/airflow/example_dags/example_skip_dag.py for tasks to queue
[2024-10-04T00:21:44.935+0000] {logging_mixin.py:190} INFO - [2024-10-04T00:21:44.934+0000] {dagbag.py:588} INFO - Filling up the DagBag from /home/airflow/.local/lib/python3.12/site-packages/airflow/example_dags/example_skip_dag.py
[2024-10-04T00:21:44.941+0000] {processor.py:925} INFO - DAG(s) 'example_skip_dag' retrieved from /home/airflow/.local/lib/python3.12/site-packages/airflow/example_dags/example_skip_dag.py
[2024-10-04T00:21:44.958+0000] {logging_mixin.py:190} INFO - [2024-10-04T00:21:44.958+0000] {dag.py:3239} INFO - Sync 1 DAGs
[2024-10-04T00:21:44.975+0000] {logging_mixin.py:190} INFO - [2024-10-04T00:21:44.975+0000] {dag.py:4180} INFO - Setting next_dagrun for example_skip_dag to 2024-10-03 00:00:00+00:00, run_after=2024-10-04 00:00:00+00:00
[2024-10-04T00:21:44.988+0000] {processor.py:208} INFO - Processing /home/airflow/.local/lib/python3.12/site-packages/airflow/example_dags/example_skip_dag.py took 0.061 seconds
[2024-10-04T00:22:15.164+0000] {processor.py:186} INFO - Started process (PID=5674) to work on /home/airflow/.local/lib/python3.12/site-packages/airflow/example_dags/example_skip_dag.py
[2024-10-04T00:22:15.165+0000] {processor.py:914} INFO - Processing file /home/airflow/.local/lib/python3.12/site-packages/airflow/example_dags/example_skip_dag.py for tasks to queue
[2024-10-04T00:22:15.167+0000] {logging_mixin.py:190} INFO - [2024-10-04T00:22:15.167+0000] {dagbag.py:588} INFO - Filling up the DagBag from /home/airflow/.local/lib/python3.12/site-packages/airflow/example_dags/example_skip_dag.py
[2024-10-04T00:22:15.174+0000] {processor.py:925} INFO - DAG(s) 'example_skip_dag' retrieved from /home/airflow/.local/lib/python3.12/site-packages/airflow/example_dags/example_skip_dag.py
[2024-10-04T00:22:15.191+0000] {logging_mixin.py:190} INFO - [2024-10-04T00:22:15.191+0000] {dag.py:3239} INFO - Sync 1 DAGs
[2024-10-04T00:22:15.210+0000] {logging_mixin.py:190} INFO - [2024-10-04T00:22:15.210+0000] {dag.py:4180} INFO - Setting next_dagrun for example_skip_dag to 2024-10-03 00:00:00+00:00, run_after=2024-10-04 00:00:00+00:00
[2024-10-04T00:22:15.223+0000] {processor.py:208} INFO - Processing /home/airflow/.local/lib/python3.12/site-packages/airflow/example_dags/example_skip_dag.py took 0.064 seconds
[2024-10-04T00:22:47.031+0000] {processor.py:186} INFO - Started process (PID=5960) to work on /home/airflow/.local/lib/python3.12/site-packages/airflow/example_dags/example_skip_dag.py
[2024-10-04T00:22:47.032+0000] {processor.py:914} INFO - Processing file /home/airflow/.local/lib/python3.12/site-packages/airflow/example_dags/example_skip_dag.py for tasks to queue
[2024-10-04T00:22:47.035+0000] {logging_mixin.py:190} INFO - [2024-10-04T00:22:47.035+0000] {dagbag.py:588} INFO - Filling up the DagBag from /home/airflow/.local/lib/python3.12/site-packages/airflow/example_dags/example_skip_dag.py
[2024-10-04T00:22:47.046+0000] {processor.py:925} INFO - DAG(s) 'example_skip_dag' retrieved from /home/airflow/.local/lib/python3.12/site-packages/airflow/example_dags/example_skip_dag.py
[2024-10-04T00:22:47.081+0000] {logging_mixin.py:190} INFO - [2024-10-04T00:22:47.080+0000] {dag.py:3239} INFO - Sync 1 DAGs
[2024-10-04T00:22:47.108+0000] {logging_mixin.py:190} INFO - [2024-10-04T00:22:47.108+0000] {dag.py:4180} INFO - Setting next_dagrun for example_skip_dag to 2024-10-03 00:00:00+00:00, run_after=2024-10-04 00:00:00+00:00
[2024-10-04T00:22:47.132+0000] {processor.py:208} INFO - Processing /home/airflow/.local/lib/python3.12/site-packages/airflow/example_dags/example_skip_dag.py took 0.110 seconds
[2024-10-04T00:23:17.414+0000] {processor.py:186} INFO - Started process (PID=6246) to work on /home/airflow/.local/lib/python3.12/site-packages/airflow/example_dags/example_skip_dag.py
[2024-10-04T00:23:17.416+0000] {processor.py:914} INFO - Processing file /home/airflow/.local/lib/python3.12/site-packages/airflow/example_dags/example_skip_dag.py for tasks to queue
[2024-10-04T00:23:17.420+0000] {logging_mixin.py:190} INFO - [2024-10-04T00:23:17.420+0000] {dagbag.py:588} INFO - Filling up the DagBag from /home/airflow/.local/lib/python3.12/site-packages/airflow/example_dags/example_skip_dag.py
[2024-10-04T00:23:17.432+0000] {processor.py:925} INFO - DAG(s) 'example_skip_dag' retrieved from /home/airflow/.local/lib/python3.12/site-packages/airflow/example_dags/example_skip_dag.py
[2024-10-04T00:23:17.476+0000] {logging_mixin.py:190} INFO - [2024-10-04T00:23:17.476+0000] {dag.py:3239} INFO - Sync 1 DAGs
[2024-10-04T00:23:17.504+0000] {logging_mixin.py:190} INFO - [2024-10-04T00:23:17.504+0000] {dag.py:4180} INFO - Setting next_dagrun for example_skip_dag to 2024-10-03 00:00:00+00:00, run_after=2024-10-04 00:00:00+00:00
[2024-10-04T00:23:17.520+0000] {processor.py:208} INFO - Processing /home/airflow/.local/lib/python3.12/site-packages/airflow/example_dags/example_skip_dag.py took 0.115 seconds
[2024-10-04T00:23:48.854+0000] {processor.py:186} INFO - Started process (PID=6532) to work on /home/airflow/.local/lib/python3.12/site-packages/airflow/example_dags/example_skip_dag.py
[2024-10-04T00:23:48.856+0000] {processor.py:914} INFO - Processing file /home/airflow/.local/lib/python3.12/site-packages/airflow/example_dags/example_skip_dag.py for tasks to queue
[2024-10-04T00:23:48.861+0000] {logging_mixin.py:190} INFO - [2024-10-04T00:23:48.860+0000] {dagbag.py:588} INFO - Filling up the DagBag from /home/airflow/.local/lib/python3.12/site-packages/airflow/example_dags/example_skip_dag.py
[2024-10-04T00:23:48.873+0000] {processor.py:925} INFO - DAG(s) 'example_skip_dag' retrieved from /home/airflow/.local/lib/python3.12/site-packages/airflow/example_dags/example_skip_dag.py
[2024-10-04T00:23:48.897+0000] {logging_mixin.py:190} INFO - [2024-10-04T00:23:48.896+0000] {dag.py:3239} INFO - Sync 1 DAGs
[2024-10-04T00:23:48.927+0000] {logging_mixin.py:190} INFO - [2024-10-04T00:23:48.927+0000] {dag.py:4180} INFO - Setting next_dagrun for example_skip_dag to 2024-10-03 00:00:00+00:00, run_after=2024-10-04 00:00:00+00:00
[2024-10-04T00:23:48.950+0000] {processor.py:208} INFO - Processing /home/airflow/.local/lib/python3.12/site-packages/airflow/example_dags/example_skip_dag.py took 0.104 seconds
[2024-10-04T00:24:19.593+0000] {processor.py:186} INFO - Started process (PID=6818) to work on /home/airflow/.local/lib/python3.12/site-packages/airflow/example_dags/example_skip_dag.py
[2024-10-04T00:24:19.594+0000] {processor.py:914} INFO - Processing file /home/airflow/.local/lib/python3.12/site-packages/airflow/example_dags/example_skip_dag.py for tasks to queue
[2024-10-04T00:24:19.596+0000] {logging_mixin.py:190} INFO - [2024-10-04T00:24:19.596+0000] {dagbag.py:588} INFO - Filling up the DagBag from /home/airflow/.local/lib/python3.12/site-packages/airflow/example_dags/example_skip_dag.py
[2024-10-04T00:24:19.603+0000] {processor.py:925} INFO - DAG(s) 'example_skip_dag' retrieved from /home/airflow/.local/lib/python3.12/site-packages/airflow/example_dags/example_skip_dag.py
[2024-10-04T00:24:19.620+0000] {logging_mixin.py:190} INFO - [2024-10-04T00:24:19.620+0000] {dag.py:3239} INFO - Sync 1 DAGs
[2024-10-04T00:24:19.640+0000] {logging_mixin.py:190} INFO - [2024-10-04T00:24:19.640+0000] {dag.py:4180} INFO - Setting next_dagrun for example_skip_dag to 2024-10-03 00:00:00+00:00, run_after=2024-10-04 00:00:00+00:00
[2024-10-04T00:24:19.653+0000] {processor.py:208} INFO - Processing /home/airflow/.local/lib/python3.12/site-packages/airflow/example_dags/example_skip_dag.py took 0.066 seconds
[2024-10-04T00:24:50.257+0000] {processor.py:186} INFO - Started process (PID=7104) to work on /home/airflow/.local/lib/python3.12/site-packages/airflow/example_dags/example_skip_dag.py
[2024-10-04T00:24:50.258+0000] {processor.py:914} INFO - Processing file /home/airflow/.local/lib/python3.12/site-packages/airflow/example_dags/example_skip_dag.py for tasks to queue
[2024-10-04T00:24:50.260+0000] {logging_mixin.py:190} INFO - [2024-10-04T00:24:50.260+0000] {dagbag.py:588} INFO - Filling up the DagBag from /home/airflow/.local/lib/python3.12/site-packages/airflow/example_dags/example_skip_dag.py
[2024-10-04T00:24:50.267+0000] {processor.py:925} INFO - DAG(s) 'example_skip_dag' retrieved from /home/airflow/.local/lib/python3.12/site-packages/airflow/example_dags/example_skip_dag.py
[2024-10-04T00:24:50.284+0000] {logging_mixin.py:190} INFO - [2024-10-04T00:24:50.284+0000] {dag.py:3239} INFO - Sync 1 DAGs
[2024-10-04T00:24:50.302+0000] {logging_mixin.py:190} INFO - [2024-10-04T00:24:50.302+0000] {dag.py:4180} INFO - Setting next_dagrun for example_skip_dag to 2024-10-03 00:00:00+00:00, run_after=2024-10-04 00:00:00+00:00
[2024-10-04T00:24:50.317+0000] {processor.py:208} INFO - Processing /home/airflow/.local/lib/python3.12/site-packages/airflow/example_dags/example_skip_dag.py took 0.065 seconds
[2024-10-04T00:25:20.992+0000] {processor.py:186} INFO - Started process (PID=7390) to work on /home/airflow/.local/lib/python3.12/site-packages/airflow/example_dags/example_skip_dag.py
[2024-10-04T00:25:20.994+0000] {processor.py:914} INFO - Processing file /home/airflow/.local/lib/python3.12/site-packages/airflow/example_dags/example_skip_dag.py for tasks to queue
[2024-10-04T00:25:20.997+0000] {logging_mixin.py:190} INFO - [2024-10-04T00:25:20.997+0000] {dagbag.py:588} INFO - Filling up the DagBag from /home/airflow/.local/lib/python3.12/site-packages/airflow/example_dags/example_skip_dag.py
[2024-10-04T00:25:21.009+0000] {processor.py:925} INFO - DAG(s) 'example_skip_dag' retrieved from /home/airflow/.local/lib/python3.12/site-packages/airflow/example_dags/example_skip_dag.py
[2024-10-04T00:25:21.032+0000] {logging_mixin.py:190} INFO - [2024-10-04T00:25:21.032+0000] {dag.py:3239} INFO - Sync 1 DAGs
[2024-10-04T00:25:21.058+0000] {logging_mixin.py:190} INFO - [2024-10-04T00:25:21.058+0000] {dag.py:4180} INFO - Setting next_dagrun for example_skip_dag to 2024-10-03 00:00:00+00:00, run_after=2024-10-04 00:00:00+00:00
[2024-10-04T00:25:21.078+0000] {processor.py:208} INFO - Processing /home/airflow/.local/lib/python3.12/site-packages/airflow/example_dags/example_skip_dag.py took 0.094 seconds
[2024-10-04T00:25:51.943+0000] {processor.py:186} INFO - Started process (PID=7676) to work on /home/airflow/.local/lib/python3.12/site-packages/airflow/example_dags/example_skip_dag.py
[2024-10-04T00:25:51.944+0000] {processor.py:914} INFO - Processing file /home/airflow/.local/lib/python3.12/site-packages/airflow/example_dags/example_skip_dag.py for tasks to queue
[2024-10-04T00:25:51.946+0000] {logging_mixin.py:190} INFO - [2024-10-04T00:25:51.946+0000] {dagbag.py:588} INFO - Filling up the DagBag from /home/airflow/.local/lib/python3.12/site-packages/airflow/example_dags/example_skip_dag.py
[2024-10-04T00:25:51.953+0000] {processor.py:925} INFO - DAG(s) 'example_skip_dag' retrieved from /home/airflow/.local/lib/python3.12/site-packages/airflow/example_dags/example_skip_dag.py
[2024-10-04T00:25:51.971+0000] {logging_mixin.py:190} INFO - [2024-10-04T00:25:51.971+0000] {dag.py:3239} INFO - Sync 1 DAGs
[2024-10-04T00:25:51.990+0000] {logging_mixin.py:190} INFO - [2024-10-04T00:25:51.989+0000] {dag.py:4180} INFO - Setting next_dagrun for example_skip_dag to 2024-10-03 00:00:00+00:00, run_after=2024-10-04 00:00:00+00:00
[2024-10-04T00:25:52.002+0000] {processor.py:208} INFO - Processing /home/airflow/.local/lib/python3.12/site-packages/airflow/example_dags/example_skip_dag.py took 0.064 seconds
[2024-10-04T00:26:22.274+0000] {processor.py:186} INFO - Started process (PID=7962) to work on /home/airflow/.local/lib/python3.12/site-packages/airflow/example_dags/example_skip_dag.py
[2024-10-04T00:26:22.275+0000] {processor.py:914} INFO - Processing file /home/airflow/.local/lib/python3.12/site-packages/airflow/example_dags/example_skip_dag.py for tasks to queue
[2024-10-04T00:26:22.277+0000] {logging_mixin.py:190} INFO - [2024-10-04T00:26:22.277+0000] {dagbag.py:588} INFO - Filling up the DagBag from /home/airflow/.local/lib/python3.12/site-packages/airflow/example_dags/example_skip_dag.py
[2024-10-04T00:26:22.284+0000] {processor.py:925} INFO - DAG(s) 'example_skip_dag' retrieved from /home/airflow/.local/lib/python3.12/site-packages/airflow/example_dags/example_skip_dag.py
[2024-10-04T00:26:22.304+0000] {logging_mixin.py:190} INFO - [2024-10-04T00:26:22.304+0000] {dag.py:3239} INFO - Sync 1 DAGs
[2024-10-04T00:26:22.339+0000] {logging_mixin.py:190} INFO - [2024-10-04T00:26:22.339+0000] {dag.py:4180} INFO - Setting next_dagrun for example_skip_dag to 2024-10-03 00:00:00+00:00, run_after=2024-10-04 00:00:00+00:00
[2024-10-04T00:26:22.355+0000] {processor.py:208} INFO - Processing /home/airflow/.local/lib/python3.12/site-packages/airflow/example_dags/example_skip_dag.py took 0.087 seconds
[2024-10-04T00:26:52.613+0000] {processor.py:186} INFO - Started process (PID=8248) to work on /home/airflow/.local/lib/python3.12/site-packages/airflow/example_dags/example_skip_dag.py
[2024-10-04T00:26:52.614+0000] {processor.py:914} INFO - Processing file /home/airflow/.local/lib/python3.12/site-packages/airflow/example_dags/example_skip_dag.py for tasks to queue
[2024-10-04T00:26:52.616+0000] {logging_mixin.py:190} INFO - [2024-10-04T00:26:52.616+0000] {dagbag.py:588} INFO - Filling up the DagBag from /home/airflow/.local/lib/python3.12/site-packages/airflow/example_dags/example_skip_dag.py
[2024-10-04T00:26:52.623+0000] {processor.py:925} INFO - DAG(s) 'example_skip_dag' retrieved from /home/airflow/.local/lib/python3.12/site-packages/airflow/example_dags/example_skip_dag.py
[2024-10-04T00:26:52.641+0000] {logging_mixin.py:190} INFO - [2024-10-04T00:26:52.641+0000] {dag.py:3239} INFO - Sync 1 DAGs
[2024-10-04T00:26:52.658+0000] {logging_mixin.py:190} INFO - [2024-10-04T00:26:52.658+0000] {dag.py:4180} INFO - Setting next_dagrun for example_skip_dag to 2024-10-03 00:00:00+00:00, run_after=2024-10-04 00:00:00+00:00
[2024-10-04T00:26:52.670+0000] {processor.py:208} INFO - Processing /home/airflow/.local/lib/python3.12/site-packages/airflow/example_dags/example_skip_dag.py took 0.064 seconds
[2024-10-04T00:27:22.704+0000] {processor.py:186} INFO - Started process (PID=8534) to work on /home/airflow/.local/lib/python3.12/site-packages/airflow/example_dags/example_skip_dag.py
[2024-10-04T00:27:22.705+0000] {processor.py:914} INFO - Processing file /home/airflow/.local/lib/python3.12/site-packages/airflow/example_dags/example_skip_dag.py for tasks to queue
[2024-10-04T00:27:22.707+0000] {logging_mixin.py:190} INFO - [2024-10-04T00:27:22.707+0000] {dagbag.py:588} INFO - Filling up the DagBag from /home/airflow/.local/lib/python3.12/site-packages/airflow/example_dags/example_skip_dag.py
[2024-10-04T00:27:22.714+0000] {processor.py:925} INFO - DAG(s) 'example_skip_dag' retrieved from /home/airflow/.local/lib/python3.12/site-packages/airflow/example_dags/example_skip_dag.py
[2024-10-04T00:27:22.731+0000] {logging_mixin.py:190} INFO - [2024-10-04T00:27:22.731+0000] {dag.py:3239} INFO - Sync 1 DAGs
[2024-10-04T00:27:22.750+0000] {logging_mixin.py:190} INFO - [2024-10-04T00:27:22.750+0000] {dag.py:4180} INFO - Setting next_dagrun for example_skip_dag to 2024-10-03 00:00:00+00:00, run_after=2024-10-04 00:00:00+00:00
[2024-10-04T00:27:22.762+0000] {processor.py:208} INFO - Processing /home/airflow/.local/lib/python3.12/site-packages/airflow/example_dags/example_skip_dag.py took 0.064 seconds
[2024-10-04T00:27:52.979+0000] {processor.py:186} INFO - Started process (PID=8820) to work on /home/airflow/.local/lib/python3.12/site-packages/airflow/example_dags/example_skip_dag.py
[2024-10-04T00:27:52.981+0000] {processor.py:914} INFO - Processing file /home/airflow/.local/lib/python3.12/site-packages/airflow/example_dags/example_skip_dag.py for tasks to queue
[2024-10-04T00:27:52.983+0000] {logging_mixin.py:190} INFO - [2024-10-04T00:27:52.982+0000] {dagbag.py:588} INFO - Filling up the DagBag from /home/airflow/.local/lib/python3.12/site-packages/airflow/example_dags/example_skip_dag.py
[2024-10-04T00:27:52.989+0000] {processor.py:925} INFO - DAG(s) 'example_skip_dag' retrieved from /home/airflow/.local/lib/python3.12/site-packages/airflow/example_dags/example_skip_dag.py
[2024-10-04T00:27:53.007+0000] {logging_mixin.py:190} INFO - [2024-10-04T00:27:53.006+0000] {dag.py:3239} INFO - Sync 1 DAGs
[2024-10-04T00:27:53.024+0000] {logging_mixin.py:190} INFO - [2024-10-04T00:27:53.024+0000] {dag.py:4180} INFO - Setting next_dagrun for example_skip_dag to 2024-10-03 00:00:00+00:00, run_after=2024-10-04 00:00:00+00:00
[2024-10-04T00:27:53.036+0000] {processor.py:208} INFO - Processing /home/airflow/.local/lib/python3.12/site-packages/airflow/example_dags/example_skip_dag.py took 0.062 seconds
[2024-10-04T00:28:23.498+0000] {processor.py:186} INFO - Started process (PID=9106) to work on /home/airflow/.local/lib/python3.12/site-packages/airflow/example_dags/example_skip_dag.py
[2024-10-04T00:28:23.499+0000] {processor.py:914} INFO - Processing file /home/airflow/.local/lib/python3.12/site-packages/airflow/example_dags/example_skip_dag.py for tasks to queue
[2024-10-04T00:28:23.501+0000] {logging_mixin.py:190} INFO - [2024-10-04T00:28:23.501+0000] {dagbag.py:588} INFO - Filling up the DagBag from /home/airflow/.local/lib/python3.12/site-packages/airflow/example_dags/example_skip_dag.py
[2024-10-04T00:28:23.508+0000] {processor.py:925} INFO - DAG(s) 'example_skip_dag' retrieved from /home/airflow/.local/lib/python3.12/site-packages/airflow/example_dags/example_skip_dag.py
[2024-10-04T00:28:23.525+0000] {logging_mixin.py:190} INFO - [2024-10-04T00:28:23.525+0000] {dag.py:3239} INFO - Sync 1 DAGs
[2024-10-04T00:28:23.543+0000] {logging_mixin.py:190} INFO - [2024-10-04T00:28:23.543+0000] {dag.py:4180} INFO - Setting next_dagrun for example_skip_dag to 2024-10-03 00:00:00+00:00, run_after=2024-10-04 00:00:00+00:00
[2024-10-04T00:28:23.555+0000] {processor.py:208} INFO - Processing /home/airflow/.local/lib/python3.12/site-packages/airflow/example_dags/example_skip_dag.py took 0.063 seconds
[2024-10-04T00:28:53.966+0000] {processor.py:186} INFO - Started process (PID=9392) to work on /home/airflow/.local/lib/python3.12/site-packages/airflow/example_dags/example_skip_dag.py
[2024-10-04T00:28:53.968+0000] {processor.py:914} INFO - Processing file /home/airflow/.local/lib/python3.12/site-packages/airflow/example_dags/example_skip_dag.py for tasks to queue
[2024-10-04T00:28:53.970+0000] {logging_mixin.py:190} INFO - [2024-10-04T00:28:53.970+0000] {dagbag.py:588} INFO - Filling up the DagBag from /home/airflow/.local/lib/python3.12/site-packages/airflow/example_dags/example_skip_dag.py
[2024-10-04T00:28:53.977+0000] {processor.py:925} INFO - DAG(s) 'example_skip_dag' retrieved from /home/airflow/.local/lib/python3.12/site-packages/airflow/example_dags/example_skip_dag.py
[2024-10-04T00:28:54.009+0000] {logging_mixin.py:190} INFO - [2024-10-04T00:28:54.008+0000] {dag.py:3239} INFO - Sync 1 DAGs
[2024-10-04T00:28:54.035+0000] {logging_mixin.py:190} INFO - [2024-10-04T00:28:54.034+0000] {dag.py:4180} INFO - Setting next_dagrun for example_skip_dag to 2024-10-03 00:00:00+00:00, run_after=2024-10-04 00:00:00+00:00
[2024-10-04T00:28:54.050+0000] {processor.py:208} INFO - Processing /home/airflow/.local/lib/python3.12/site-packages/airflow/example_dags/example_skip_dag.py took 0.089 seconds
