[2024-10-04T00:12:35.670+0000] {processor.py:186} INFO - Started process (PID=344) to work on /home/airflow/.local/lib/python3.12/site-packages/airflow/example_dags/example_latest_only_with_trigger.py
[2024-10-04T00:12:35.671+0000] {processor.py:914} INFO - Processing file /home/airflow/.local/lib/python3.12/site-packages/airflow/example_dags/example_latest_only_with_trigger.py for tasks to queue
[2024-10-04T00:12:35.673+0000] {logging_mixin.py:190} INFO - [2024-10-04T00:12:35.673+0000] {dagbag.py:588} INFO - Filling up the DagBag from /home/airflow/.local/lib/python3.12/site-packages/airflow/example_dags/example_latest_only_with_trigger.py
[2024-10-04T00:12:35.682+0000] {processor.py:925} INFO - DAG(s) 'latest_only_with_trigger' retrieved from /home/airflow/.local/lib/python3.12/site-packages/airflow/example_dags/example_latest_only_with_trigger.py
[2024-10-04T00:12:35.773+0000] {logging_mixin.py:190} INFO - [2024-10-04T00:12:35.773+0000] {override.py:1900} INFO - Created Permission View: can read on DAG:latest_only_with_trigger
[2024-10-04T00:12:35.781+0000] {logging_mixin.py:190} INFO - [2024-10-04T00:12:35.781+0000] {override.py:1900} INFO - Created Permission View: can delete on DAG:latest_only_with_trigger
[2024-10-04T00:12:35.786+0000] {logging_mixin.py:190} INFO - [2024-10-04T00:12:35.786+0000] {override.py:1900} INFO - Created Permission View: can edit on DAG:latest_only_with_trigger
[2024-10-04T00:12:35.791+0000] {logging_mixin.py:190} INFO - [2024-10-04T00:12:35.791+0000] {override.py:1900} INFO - Created Permission View: menu access on DAG Run:latest_only_with_trigger
[2024-10-04T00:12:35.795+0000] {logging_mixin.py:190} INFO - [2024-10-04T00:12:35.795+0000] {override.py:1900} INFO - Created Permission View: can read on DAG Run:latest_only_with_trigger
[2024-10-04T00:12:35.800+0000] {logging_mixin.py:190} INFO - [2024-10-04T00:12:35.799+0000] {override.py:1900} INFO - Created Permission View: can delete on DAG Run:latest_only_with_trigger
[2024-10-04T00:12:35.804+0000] {logging_mixin.py:190} INFO - [2024-10-04T00:12:35.803+0000] {override.py:1900} INFO - Created Permission View: can create on DAG Run:latest_only_with_trigger
[2024-10-04T00:12:35.804+0000] {logging_mixin.py:190} INFO - [2024-10-04T00:12:35.804+0000] {dag.py:3239} INFO - Sync 1 DAGs
[2024-10-04T00:12:35.815+0000] {logging_mixin.py:190} INFO - [2024-10-04T00:12:35.815+0000] {dag.py:3262} INFO - Creating ORM DAG for latest_only_with_trigger
[2024-10-04T00:12:35.823+0000] {logging_mixin.py:190} INFO - [2024-10-04T00:12:35.823+0000] {dag.py:4180} INFO - Setting next_dagrun for latest_only_with_trigger to 2024-10-03 20:00:00+00:00, run_after=2024-10-04 00:00:00+00:00
[2024-10-04T00:12:35.837+0000] {processor.py:208} INFO - Processing /home/airflow/.local/lib/python3.12/site-packages/airflow/example_dags/example_latest_only_with_trigger.py took 0.173 seconds
[2024-10-04T00:13:06.400+0000] {processor.py:186} INFO - Started process (PID=632) to work on /home/airflow/.local/lib/python3.12/site-packages/airflow/example_dags/example_latest_only_with_trigger.py
[2024-10-04T00:13:06.402+0000] {processor.py:914} INFO - Processing file /home/airflow/.local/lib/python3.12/site-packages/airflow/example_dags/example_latest_only_with_trigger.py for tasks to queue
[2024-10-04T00:13:06.404+0000] {logging_mixin.py:190} INFO - [2024-10-04T00:13:06.404+0000] {dagbag.py:588} INFO - Filling up the DagBag from /home/airflow/.local/lib/python3.12/site-packages/airflow/example_dags/example_latest_only_with_trigger.py
[2024-10-04T00:13:06.413+0000] {processor.py:925} INFO - DAG(s) 'latest_only_with_trigger' retrieved from /home/airflow/.local/lib/python3.12/site-packages/airflow/example_dags/example_latest_only_with_trigger.py
[2024-10-04T00:13:06.435+0000] {logging_mixin.py:190} INFO - [2024-10-04T00:13:06.434+0000] {dag.py:3239} INFO - Sync 1 DAGs
[2024-10-04T00:13:06.454+0000] {logging_mixin.py:190} INFO - [2024-10-04T00:13:06.454+0000] {dag.py:4180} INFO - Setting next_dagrun for latest_only_with_trigger to 2024-10-03 20:00:00+00:00, run_after=2024-10-04 00:00:00+00:00
[2024-10-04T00:13:06.468+0000] {processor.py:208} INFO - Processing /home/airflow/.local/lib/python3.12/site-packages/airflow/example_dags/example_latest_only_with_trigger.py took 0.077 seconds
[2024-10-04T00:13:36.999+0000] {processor.py:186} INFO - Started process (PID=918) to work on /home/airflow/.local/lib/python3.12/site-packages/airflow/example_dags/example_latest_only_with_trigger.py
[2024-10-04T00:13:37.000+0000] {processor.py:914} INFO - Processing file /home/airflow/.local/lib/python3.12/site-packages/airflow/example_dags/example_latest_only_with_trigger.py for tasks to queue
[2024-10-04T00:13:37.002+0000] {logging_mixin.py:190} INFO - [2024-10-04T00:13:37.002+0000] {dagbag.py:588} INFO - Filling up the DagBag from /home/airflow/.local/lib/python3.12/site-packages/airflow/example_dags/example_latest_only_with_trigger.py
[2024-10-04T00:13:37.009+0000] {processor.py:925} INFO - DAG(s) 'latest_only_with_trigger' retrieved from /home/airflow/.local/lib/python3.12/site-packages/airflow/example_dags/example_latest_only_with_trigger.py
[2024-10-04T00:13:37.025+0000] {logging_mixin.py:190} INFO - [2024-10-04T00:13:37.025+0000] {dag.py:3239} INFO - Sync 1 DAGs
[2024-10-04T00:13:37.042+0000] {logging_mixin.py:190} INFO - [2024-10-04T00:13:37.042+0000] {dag.py:4180} INFO - Setting next_dagrun for latest_only_with_trigger to 2024-10-03 20:00:00+00:00, run_after=2024-10-04 00:00:00+00:00
[2024-10-04T00:13:37.056+0000] {processor.py:208} INFO - Processing /home/airflow/.local/lib/python3.12/site-packages/airflow/example_dags/example_latest_only_with_trigger.py took 0.063 seconds
[2024-10-04T00:14:07.707+0000] {processor.py:186} INFO - Started process (PID=1202) to work on /home/airflow/.local/lib/python3.12/site-packages/airflow/example_dags/example_latest_only_with_trigger.py
[2024-10-04T00:14:07.708+0000] {processor.py:914} INFO - Processing file /home/airflow/.local/lib/python3.12/site-packages/airflow/example_dags/example_latest_only_with_trigger.py for tasks to queue
[2024-10-04T00:14:07.710+0000] {logging_mixin.py:190} INFO - [2024-10-04T00:14:07.710+0000] {dagbag.py:588} INFO - Filling up the DagBag from /home/airflow/.local/lib/python3.12/site-packages/airflow/example_dags/example_latest_only_with_trigger.py
[2024-10-04T00:14:07.716+0000] {processor.py:925} INFO - DAG(s) 'latest_only_with_trigger' retrieved from /home/airflow/.local/lib/python3.12/site-packages/airflow/example_dags/example_latest_only_with_trigger.py
[2024-10-04T00:14:07.735+0000] {logging_mixin.py:190} INFO - [2024-10-04T00:14:07.735+0000] {dag.py:3239} INFO - Sync 1 DAGs
[2024-10-04T00:14:07.752+0000] {logging_mixin.py:190} INFO - [2024-10-04T00:14:07.752+0000] {dag.py:4180} INFO - Setting next_dagrun for latest_only_with_trigger to 2024-10-03 20:00:00+00:00, run_after=2024-10-04 00:00:00+00:00
[2024-10-04T00:14:07.764+0000] {processor.py:208} INFO - Processing /home/airflow/.local/lib/python3.12/site-packages/airflow/example_dags/example_latest_only_with_trigger.py took 0.062 seconds
[2024-10-04T00:14:38.165+0000] {processor.py:186} INFO - Started process (PID=1488) to work on /home/airflow/.local/lib/python3.12/site-packages/airflow/example_dags/example_latest_only_with_trigger.py
[2024-10-04T00:14:38.166+0000] {processor.py:914} INFO - Processing file /home/airflow/.local/lib/python3.12/site-packages/airflow/example_dags/example_latest_only_with_trigger.py for tasks to queue
[2024-10-04T00:14:38.167+0000] {logging_mixin.py:190} INFO - [2024-10-04T00:14:38.167+0000] {dagbag.py:588} INFO - Filling up the DagBag from /home/airflow/.local/lib/python3.12/site-packages/airflow/example_dags/example_latest_only_with_trigger.py
[2024-10-04T00:14:38.173+0000] {processor.py:925} INFO - DAG(s) 'latest_only_with_trigger' retrieved from /home/airflow/.local/lib/python3.12/site-packages/airflow/example_dags/example_latest_only_with_trigger.py
[2024-10-04T00:14:38.190+0000] {logging_mixin.py:190} INFO - [2024-10-04T00:14:38.190+0000] {dag.py:3239} INFO - Sync 1 DAGs
[2024-10-04T00:14:38.208+0000] {logging_mixin.py:190} INFO - [2024-10-04T00:14:38.207+0000] {dag.py:4180} INFO - Setting next_dagrun for latest_only_with_trigger to 2024-10-03 20:00:00+00:00, run_after=2024-10-04 00:00:00+00:00
[2024-10-04T00:14:38.220+0000] {processor.py:208} INFO - Processing /home/airflow/.local/lib/python3.12/site-packages/airflow/example_dags/example_latest_only_with_trigger.py took 0.061 seconds
[2024-10-04T00:15:08.661+0000] {processor.py:186} INFO - Started process (PID=1774) to work on /home/airflow/.local/lib/python3.12/site-packages/airflow/example_dags/example_latest_only_with_trigger.py
[2024-10-04T00:15:08.662+0000] {processor.py:914} INFO - Processing file /home/airflow/.local/lib/python3.12/site-packages/airflow/example_dags/example_latest_only_with_trigger.py for tasks to queue
[2024-10-04T00:15:08.664+0000] {logging_mixin.py:190} INFO - [2024-10-04T00:15:08.664+0000] {dagbag.py:588} INFO - Filling up the DagBag from /home/airflow/.local/lib/python3.12/site-packages/airflow/example_dags/example_latest_only_with_trigger.py
[2024-10-04T00:15:08.670+0000] {processor.py:925} INFO - DAG(s) 'latest_only_with_trigger' retrieved from /home/airflow/.local/lib/python3.12/site-packages/airflow/example_dags/example_latest_only_with_trigger.py
[2024-10-04T00:15:08.687+0000] {logging_mixin.py:190} INFO - [2024-10-04T00:15:08.687+0000] {dag.py:3239} INFO - Sync 1 DAGs
[2024-10-04T00:15:08.705+0000] {logging_mixin.py:190} INFO - [2024-10-04T00:15:08.704+0000] {dag.py:4180} INFO - Setting next_dagrun for latest_only_with_trigger to 2024-10-03 20:00:00+00:00, run_after=2024-10-04 00:00:00+00:00
[2024-10-04T00:15:08.717+0000] {processor.py:208} INFO - Processing /home/airflow/.local/lib/python3.12/site-packages/airflow/example_dags/example_latest_only_with_trigger.py took 0.060 seconds
[2024-10-04T00:15:39.639+0000] {processor.py:186} INFO - Started process (PID=2060) to work on /home/airflow/.local/lib/python3.12/site-packages/airflow/example_dags/example_latest_only_with_trigger.py
[2024-10-04T00:15:39.641+0000] {processor.py:914} INFO - Processing file /home/airflow/.local/lib/python3.12/site-packages/airflow/example_dags/example_latest_only_with_trigger.py for tasks to queue
[2024-10-04T00:15:39.643+0000] {logging_mixin.py:190} INFO - [2024-10-04T00:15:39.643+0000] {dagbag.py:588} INFO - Filling up the DagBag from /home/airflow/.local/lib/python3.12/site-packages/airflow/example_dags/example_latest_only_with_trigger.py
[2024-10-04T00:15:39.652+0000] {processor.py:925} INFO - DAG(s) 'latest_only_with_trigger' retrieved from /home/airflow/.local/lib/python3.12/site-packages/airflow/example_dags/example_latest_only_with_trigger.py
[2024-10-04T00:15:39.676+0000] {logging_mixin.py:190} INFO - [2024-10-04T00:15:39.676+0000] {dag.py:3239} INFO - Sync 1 DAGs
[2024-10-04T00:15:39.699+0000] {logging_mixin.py:190} INFO - [2024-10-04T00:15:39.698+0000] {dag.py:4180} INFO - Setting next_dagrun for latest_only_with_trigger to 2024-10-03 20:00:00+00:00, run_after=2024-10-04 00:00:00+00:00
[2024-10-04T00:15:39.716+0000] {processor.py:208} INFO - Processing /home/airflow/.local/lib/python3.12/site-packages/airflow/example_dags/example_latest_only_with_trigger.py took 0.084 seconds
[2024-10-04T00:16:10.018+0000] {processor.py:186} INFO - Started process (PID=2346) to work on /home/airflow/.local/lib/python3.12/site-packages/airflow/example_dags/example_latest_only_with_trigger.py
[2024-10-04T00:16:10.019+0000] {processor.py:914} INFO - Processing file /home/airflow/.local/lib/python3.12/site-packages/airflow/example_dags/example_latest_only_with_trigger.py for tasks to queue
[2024-10-04T00:16:10.021+0000] {logging_mixin.py:190} INFO - [2024-10-04T00:16:10.020+0000] {dagbag.py:588} INFO - Filling up the DagBag from /home/airflow/.local/lib/python3.12/site-packages/airflow/example_dags/example_latest_only_with_trigger.py
[2024-10-04T00:16:10.028+0000] {processor.py:925} INFO - DAG(s) 'latest_only_with_trigger' retrieved from /home/airflow/.local/lib/python3.12/site-packages/airflow/example_dags/example_latest_only_with_trigger.py
[2024-10-04T00:16:10.047+0000] {logging_mixin.py:190} INFO - [2024-10-04T00:16:10.047+0000] {dag.py:3239} INFO - Sync 1 DAGs
[2024-10-04T00:16:10.065+0000] {logging_mixin.py:190} INFO - [2024-10-04T00:16:10.065+0000] {dag.py:4180} INFO - Setting next_dagrun for latest_only_with_trigger to 2024-10-03 20:00:00+00:00, run_after=2024-10-04 00:00:00+00:00
[2024-10-04T00:16:10.078+0000] {processor.py:208} INFO - Processing /home/airflow/.local/lib/python3.12/site-packages/airflow/example_dags/example_latest_only_with_trigger.py took 0.067 seconds
[2024-10-04T00:16:40.738+0000] {processor.py:186} INFO - Started process (PID=2632) to work on /home/airflow/.local/lib/python3.12/site-packages/airflow/example_dags/example_latest_only_with_trigger.py
[2024-10-04T00:16:40.739+0000] {processor.py:914} INFO - Processing file /home/airflow/.local/lib/python3.12/site-packages/airflow/example_dags/example_latest_only_with_trigger.py for tasks to queue
[2024-10-04T00:16:40.741+0000] {logging_mixin.py:190} INFO - [2024-10-04T00:16:40.740+0000] {dagbag.py:588} INFO - Filling up the DagBag from /home/airflow/.local/lib/python3.12/site-packages/airflow/example_dags/example_latest_only_with_trigger.py
[2024-10-04T00:16:40.747+0000] {processor.py:925} INFO - DAG(s) 'latest_only_with_trigger' retrieved from /home/airflow/.local/lib/python3.12/site-packages/airflow/example_dags/example_latest_only_with_trigger.py
[2024-10-04T00:16:40.764+0000] {logging_mixin.py:190} INFO - [2024-10-04T00:16:40.764+0000] {dag.py:3239} INFO - Sync 1 DAGs
[2024-10-04T00:16:40.782+0000] {logging_mixin.py:190} INFO - [2024-10-04T00:16:40.782+0000] {dag.py:4180} INFO - Setting next_dagrun for latest_only_with_trigger to 2024-10-03 20:00:00+00:00, run_after=2024-10-04 00:00:00+00:00
[2024-10-04T00:16:40.794+0000] {processor.py:208} INFO - Processing /home/airflow/.local/lib/python3.12/site-packages/airflow/example_dags/example_latest_only_with_trigger.py took 0.062 seconds
[2024-10-04T00:17:11.027+0000] {processor.py:186} INFO - Started process (PID=2918) to work on /home/airflow/.local/lib/python3.12/site-packages/airflow/example_dags/example_latest_only_with_trigger.py
[2024-10-04T00:17:11.029+0000] {processor.py:914} INFO - Processing file /home/airflow/.local/lib/python3.12/site-packages/airflow/example_dags/example_latest_only_with_trigger.py for tasks to queue
[2024-10-04T00:17:11.032+0000] {logging_mixin.py:190} INFO - [2024-10-04T00:17:11.031+0000] {dagbag.py:588} INFO - Filling up the DagBag from /home/airflow/.local/lib/python3.12/site-packages/airflow/example_dags/example_latest_only_with_trigger.py
[2024-10-04T00:17:11.040+0000] {processor.py:925} INFO - DAG(s) 'latest_only_with_trigger' retrieved from /home/airflow/.local/lib/python3.12/site-packages/airflow/example_dags/example_latest_only_with_trigger.py
[2024-10-04T00:17:11.066+0000] {logging_mixin.py:190} INFO - [2024-10-04T00:17:11.066+0000] {dag.py:3239} INFO - Sync 1 DAGs
[2024-10-04T00:17:11.096+0000] {logging_mixin.py:190} INFO - [2024-10-04T00:17:11.095+0000] {dag.py:4180} INFO - Setting next_dagrun for latest_only_with_trigger to 2024-10-03 20:00:00+00:00, run_after=2024-10-04 00:00:00+00:00
[2024-10-04T00:17:11.113+0000] {processor.py:208} INFO - Processing /home/airflow/.local/lib/python3.12/site-packages/airflow/example_dags/example_latest_only_with_trigger.py took 0.093 seconds
[2024-10-04T00:17:42.241+0000] {processor.py:186} INFO - Started process (PID=3204) to work on /home/airflow/.local/lib/python3.12/site-packages/airflow/example_dags/example_latest_only_with_trigger.py
[2024-10-04T00:17:42.246+0000] {processor.py:914} INFO - Processing file /home/airflow/.local/lib/python3.12/site-packages/airflow/example_dags/example_latest_only_with_trigger.py for tasks to queue
[2024-10-04T00:17:42.250+0000] {logging_mixin.py:190} INFO - [2024-10-04T00:17:42.250+0000] {dagbag.py:588} INFO - Filling up the DagBag from /home/airflow/.local/lib/python3.12/site-packages/airflow/example_dags/example_latest_only_with_trigger.py
[2024-10-04T00:17:42.263+0000] {processor.py:925} INFO - DAG(s) 'latest_only_with_trigger' retrieved from /home/airflow/.local/lib/python3.12/site-packages/airflow/example_dags/example_latest_only_with_trigger.py
[2024-10-04T00:17:42.301+0000] {logging_mixin.py:190} INFO - [2024-10-04T00:17:42.301+0000] {dag.py:3239} INFO - Sync 1 DAGs
[2024-10-04T00:17:42.339+0000] {logging_mixin.py:190} INFO - [2024-10-04T00:17:42.339+0000] {dag.py:4180} INFO - Setting next_dagrun for latest_only_with_trigger to 2024-10-03 20:00:00+00:00, run_after=2024-10-04 00:00:00+00:00
[2024-10-04T00:17:42.400+0000] {processor.py:208} INFO - Processing /home/airflow/.local/lib/python3.12/site-packages/airflow/example_dags/example_latest_only_with_trigger.py took 0.180 seconds
[2024-10-04T00:18:13.228+0000] {processor.py:186} INFO - Started process (PID=3496) to work on /home/airflow/.local/lib/python3.12/site-packages/airflow/example_dags/example_latest_only_with_trigger.py
[2024-10-04T00:18:13.230+0000] {processor.py:914} INFO - Processing file /home/airflow/.local/lib/python3.12/site-packages/airflow/example_dags/example_latest_only_with_trigger.py for tasks to queue
[2024-10-04T00:18:13.232+0000] {logging_mixin.py:190} INFO - [2024-10-04T00:18:13.232+0000] {dagbag.py:588} INFO - Filling up the DagBag from /home/airflow/.local/lib/python3.12/site-packages/airflow/example_dags/example_latest_only_with_trigger.py
[2024-10-04T00:18:13.240+0000] {processor.py:925} INFO - DAG(s) 'latest_only_with_trigger' retrieved from /home/airflow/.local/lib/python3.12/site-packages/airflow/example_dags/example_latest_only_with_trigger.py
[2024-10-04T00:18:13.259+0000] {logging_mixin.py:190} INFO - [2024-10-04T00:18:13.259+0000] {dag.py:3239} INFO - Sync 1 DAGs
[2024-10-04T00:18:13.288+0000] {logging_mixin.py:190} INFO - [2024-10-04T00:18:13.288+0000] {dag.py:4180} INFO - Setting next_dagrun for latest_only_with_trigger to 2024-10-03 20:00:00+00:00, run_after=2024-10-04 00:00:00+00:00
[2024-10-04T00:18:13.307+0000] {processor.py:208} INFO - Processing /home/airflow/.local/lib/python3.12/site-packages/airflow/example_dags/example_latest_only_with_trigger.py took 0.085 seconds
[2024-10-04T00:18:43.915+0000] {processor.py:186} INFO - Started process (PID=3782) to work on /home/airflow/.local/lib/python3.12/site-packages/airflow/example_dags/example_latest_only_with_trigger.py
[2024-10-04T00:18:43.917+0000] {processor.py:914} INFO - Processing file /home/airflow/.local/lib/python3.12/site-packages/airflow/example_dags/example_latest_only_with_trigger.py for tasks to queue
[2024-10-04T00:18:43.919+0000] {logging_mixin.py:190} INFO - [2024-10-04T00:18:43.919+0000] {dagbag.py:588} INFO - Filling up the DagBag from /home/airflow/.local/lib/python3.12/site-packages/airflow/example_dags/example_latest_only_with_trigger.py
[2024-10-04T00:18:43.926+0000] {processor.py:925} INFO - DAG(s) 'latest_only_with_trigger' retrieved from /home/airflow/.local/lib/python3.12/site-packages/airflow/example_dags/example_latest_only_with_trigger.py
[2024-10-04T00:18:43.946+0000] {logging_mixin.py:190} INFO - [2024-10-04T00:18:43.945+0000] {dag.py:3239} INFO - Sync 1 DAGs
[2024-10-04T00:18:43.985+0000] {logging_mixin.py:190} INFO - [2024-10-04T00:18:43.984+0000] {dag.py:4180} INFO - Setting next_dagrun for latest_only_with_trigger to 2024-10-03 20:00:00+00:00, run_after=2024-10-04 00:00:00+00:00
[2024-10-04T00:18:44.002+0000] {processor.py:208} INFO - Processing /home/airflow/.local/lib/python3.12/site-packages/airflow/example_dags/example_latest_only_with_trigger.py took 0.093 seconds
[2024-10-04T00:19:14.684+0000] {processor.py:186} INFO - Started process (PID=4068) to work on /home/airflow/.local/lib/python3.12/site-packages/airflow/example_dags/example_latest_only_with_trigger.py
[2024-10-04T00:19:14.685+0000] {processor.py:914} INFO - Processing file /home/airflow/.local/lib/python3.12/site-packages/airflow/example_dags/example_latest_only_with_trigger.py for tasks to queue
[2024-10-04T00:19:14.687+0000] {logging_mixin.py:190} INFO - [2024-10-04T00:19:14.687+0000] {dagbag.py:588} INFO - Filling up the DagBag from /home/airflow/.local/lib/python3.12/site-packages/airflow/example_dags/example_latest_only_with_trigger.py
[2024-10-04T00:19:14.693+0000] {processor.py:925} INFO - DAG(s) 'latest_only_with_trigger' retrieved from /home/airflow/.local/lib/python3.12/site-packages/airflow/example_dags/example_latest_only_with_trigger.py
[2024-10-04T00:19:14.710+0000] {logging_mixin.py:190} INFO - [2024-10-04T00:19:14.710+0000] {dag.py:3239} INFO - Sync 1 DAGs
[2024-10-04T00:19:14.728+0000] {logging_mixin.py:190} INFO - [2024-10-04T00:19:14.728+0000] {dag.py:4180} INFO - Setting next_dagrun for latest_only_with_trigger to 2024-10-03 20:00:00+00:00, run_after=2024-10-04 00:00:00+00:00
[2024-10-04T00:19:14.741+0000] {processor.py:208} INFO - Processing /home/airflow/.local/lib/python3.12/site-packages/airflow/example_dags/example_latest_only_with_trigger.py took 0.063 seconds
[2024-10-04T00:19:44.934+0000] {processor.py:186} INFO - Started process (PID=4354) to work on /home/airflow/.local/lib/python3.12/site-packages/airflow/example_dags/example_latest_only_with_trigger.py
[2024-10-04T00:19:44.935+0000] {processor.py:914} INFO - Processing file /home/airflow/.local/lib/python3.12/site-packages/airflow/example_dags/example_latest_only_with_trigger.py for tasks to queue
[2024-10-04T00:19:44.937+0000] {logging_mixin.py:190} INFO - [2024-10-04T00:19:44.937+0000] {dagbag.py:588} INFO - Filling up the DagBag from /home/airflow/.local/lib/python3.12/site-packages/airflow/example_dags/example_latest_only_with_trigger.py
[2024-10-04T00:19:44.943+0000] {processor.py:925} INFO - DAG(s) 'latest_only_with_trigger' retrieved from /home/airflow/.local/lib/python3.12/site-packages/airflow/example_dags/example_latest_only_with_trigger.py
[2024-10-04T00:19:44.960+0000] {logging_mixin.py:190} INFO - [2024-10-04T00:19:44.960+0000] {dag.py:3239} INFO - Sync 1 DAGs
[2024-10-04T00:19:44.978+0000] {logging_mixin.py:190} INFO - [2024-10-04T00:19:44.978+0000] {dag.py:4180} INFO - Setting next_dagrun for latest_only_with_trigger to 2024-10-03 20:00:00+00:00, run_after=2024-10-04 00:00:00+00:00
[2024-10-04T00:19:44.991+0000] {processor.py:208} INFO - Processing /home/airflow/.local/lib/python3.12/site-packages/airflow/example_dags/example_latest_only_with_trigger.py took 0.063 seconds
[2024-10-04T00:20:15.984+0000] {processor.py:186} INFO - Started process (PID=4640) to work on /home/airflow/.local/lib/python3.12/site-packages/airflow/example_dags/example_latest_only_with_trigger.py
[2024-10-04T00:20:15.985+0000] {processor.py:914} INFO - Processing file /home/airflow/.local/lib/python3.12/site-packages/airflow/example_dags/example_latest_only_with_trigger.py for tasks to queue
[2024-10-04T00:20:15.987+0000] {logging_mixin.py:190} INFO - [2024-10-04T00:20:15.987+0000] {dagbag.py:588} INFO - Filling up the DagBag from /home/airflow/.local/lib/python3.12/site-packages/airflow/example_dags/example_latest_only_with_trigger.py
[2024-10-04T00:20:15.995+0000] {processor.py:925} INFO - DAG(s) 'latest_only_with_trigger' retrieved from /home/airflow/.local/lib/python3.12/site-packages/airflow/example_dags/example_latest_only_with_trigger.py
[2024-10-04T00:20:16.015+0000] {logging_mixin.py:190} INFO - [2024-10-04T00:20:16.015+0000] {dag.py:3239} INFO - Sync 1 DAGs
[2024-10-04T00:20:16.039+0000] {logging_mixin.py:190} INFO - [2024-10-04T00:20:16.039+0000] {dag.py:4180} INFO - Setting next_dagrun for latest_only_with_trigger to 2024-10-03 20:00:00+00:00, run_after=2024-10-04 00:00:00+00:00
[2024-10-04T00:20:16.054+0000] {processor.py:208} INFO - Processing /home/airflow/.local/lib/python3.12/site-packages/airflow/example_dags/example_latest_only_with_trigger.py took 0.077 seconds
[2024-10-04T00:20:46.296+0000] {processor.py:186} INFO - Started process (PID=4926) to work on /home/airflow/.local/lib/python3.12/site-packages/airflow/example_dags/example_latest_only_with_trigger.py
[2024-10-04T00:20:46.297+0000] {processor.py:914} INFO - Processing file /home/airflow/.local/lib/python3.12/site-packages/airflow/example_dags/example_latest_only_with_trigger.py for tasks to queue
[2024-10-04T00:20:46.299+0000] {logging_mixin.py:190} INFO - [2024-10-04T00:20:46.298+0000] {dagbag.py:588} INFO - Filling up the DagBag from /home/airflow/.local/lib/python3.12/site-packages/airflow/example_dags/example_latest_only_with_trigger.py
[2024-10-04T00:20:46.305+0000] {processor.py:925} INFO - DAG(s) 'latest_only_with_trigger' retrieved from /home/airflow/.local/lib/python3.12/site-packages/airflow/example_dags/example_latest_only_with_trigger.py
[2024-10-04T00:20:46.322+0000] {logging_mixin.py:190} INFO - [2024-10-04T00:20:46.321+0000] {dag.py:3239} INFO - Sync 1 DAGs
[2024-10-04T00:20:46.340+0000] {logging_mixin.py:190} INFO - [2024-10-04T00:20:46.340+0000] {dag.py:4180} INFO - Setting next_dagrun for latest_only_with_trigger to 2024-10-03 20:00:00+00:00, run_after=2024-10-04 00:00:00+00:00
[2024-10-04T00:20:46.352+0000] {processor.py:208} INFO - Processing /home/airflow/.local/lib/python3.12/site-packages/airflow/example_dags/example_latest_only_with_trigger.py took 0.062 seconds
[2024-10-04T00:21:16.828+0000] {processor.py:186} INFO - Started process (PID=5212) to work on /home/airflow/.local/lib/python3.12/site-packages/airflow/example_dags/example_latest_only_with_trigger.py
[2024-10-04T00:21:16.829+0000] {processor.py:914} INFO - Processing file /home/airflow/.local/lib/python3.12/site-packages/airflow/example_dags/example_latest_only_with_trigger.py for tasks to queue
[2024-10-04T00:21:16.831+0000] {logging_mixin.py:190} INFO - [2024-10-04T00:21:16.831+0000] {dagbag.py:588} INFO - Filling up the DagBag from /home/airflow/.local/lib/python3.12/site-packages/airflow/example_dags/example_latest_only_with_trigger.py
[2024-10-04T00:21:16.837+0000] {processor.py:925} INFO - DAG(s) 'latest_only_with_trigger' retrieved from /home/airflow/.local/lib/python3.12/site-packages/airflow/example_dags/example_latest_only_with_trigger.py
[2024-10-04T00:21:16.854+0000] {logging_mixin.py:190} INFO - [2024-10-04T00:21:16.854+0000] {dag.py:3239} INFO - Sync 1 DAGs
[2024-10-04T00:21:16.872+0000] {logging_mixin.py:190} INFO - [2024-10-04T00:21:16.872+0000] {dag.py:4180} INFO - Setting next_dagrun for latest_only_with_trigger to 2024-10-03 20:00:00+00:00, run_after=2024-10-04 00:00:00+00:00
[2024-10-04T00:21:16.885+0000] {processor.py:208} INFO - Processing /home/airflow/.local/lib/python3.12/site-packages/airflow/example_dags/example_latest_only_with_trigger.py took 0.062 seconds
[2024-10-04T00:21:47.085+0000] {processor.py:186} INFO - Started process (PID=5498) to work on /home/airflow/.local/lib/python3.12/site-packages/airflow/example_dags/example_latest_only_with_trigger.py
[2024-10-04T00:21:47.086+0000] {processor.py:914} INFO - Processing file /home/airflow/.local/lib/python3.12/site-packages/airflow/example_dags/example_latest_only_with_trigger.py for tasks to queue
[2024-10-04T00:21:47.088+0000] {logging_mixin.py:190} INFO - [2024-10-04T00:21:47.088+0000] {dagbag.py:588} INFO - Filling up the DagBag from /home/airflow/.local/lib/python3.12/site-packages/airflow/example_dags/example_latest_only_with_trigger.py
[2024-10-04T00:21:47.094+0000] {processor.py:925} INFO - DAG(s) 'latest_only_with_trigger' retrieved from /home/airflow/.local/lib/python3.12/site-packages/airflow/example_dags/example_latest_only_with_trigger.py
[2024-10-04T00:21:47.111+0000] {logging_mixin.py:190} INFO - [2024-10-04T00:21:47.110+0000] {dag.py:3239} INFO - Sync 1 DAGs
[2024-10-04T00:21:47.128+0000] {logging_mixin.py:190} INFO - [2024-10-04T00:21:47.128+0000] {dag.py:4180} INFO - Setting next_dagrun for latest_only_with_trigger to 2024-10-03 20:00:00+00:00, run_after=2024-10-04 00:00:00+00:00
[2024-10-04T00:21:47.141+0000] {processor.py:208} INFO - Processing /home/airflow/.local/lib/python3.12/site-packages/airflow/example_dags/example_latest_only_with_trigger.py took 0.061 seconds
[2024-10-04T00:22:17.339+0000] {processor.py:186} INFO - Started process (PID=5784) to work on /home/airflow/.local/lib/python3.12/site-packages/airflow/example_dags/example_latest_only_with_trigger.py
[2024-10-04T00:22:17.340+0000] {processor.py:914} INFO - Processing file /home/airflow/.local/lib/python3.12/site-packages/airflow/example_dags/example_latest_only_with_trigger.py for tasks to queue
[2024-10-04T00:22:17.342+0000] {logging_mixin.py:190} INFO - [2024-10-04T00:22:17.342+0000] {dagbag.py:588} INFO - Filling up the DagBag from /home/airflow/.local/lib/python3.12/site-packages/airflow/example_dags/example_latest_only_with_trigger.py
[2024-10-04T00:22:17.348+0000] {processor.py:925} INFO - DAG(s) 'latest_only_with_trigger' retrieved from /home/airflow/.local/lib/python3.12/site-packages/airflow/example_dags/example_latest_only_with_trigger.py
[2024-10-04T00:22:17.365+0000] {logging_mixin.py:190} INFO - [2024-10-04T00:22:17.364+0000] {dag.py:3239} INFO - Sync 1 DAGs
[2024-10-04T00:22:17.383+0000] {logging_mixin.py:190} INFO - [2024-10-04T00:22:17.383+0000] {dag.py:4180} INFO - Setting next_dagrun for latest_only_with_trigger to 2024-10-03 20:00:00+00:00, run_after=2024-10-04 00:00:00+00:00
[2024-10-04T00:22:17.397+0000] {processor.py:208} INFO - Processing /home/airflow/.local/lib/python3.12/site-packages/airflow/example_dags/example_latest_only_with_trigger.py took 0.064 seconds
[2024-10-04T00:22:52.608+0000] {processor.py:186} INFO - Started process (PID=6070) to work on /home/airflow/.local/lib/python3.12/site-packages/airflow/example_dags/example_latest_only_with_trigger.py
[2024-10-04T00:22:52.609+0000] {processor.py:914} INFO - Processing file /home/airflow/.local/lib/python3.12/site-packages/airflow/example_dags/example_latest_only_with_trigger.py for tasks to queue
[2024-10-04T00:22:52.612+0000] {logging_mixin.py:190} INFO - [2024-10-04T00:22:52.612+0000] {dagbag.py:588} INFO - Filling up the DagBag from /home/airflow/.local/lib/python3.12/site-packages/airflow/example_dags/example_latest_only_with_trigger.py
[2024-10-04T00:22:52.621+0000] {processor.py:925} INFO - DAG(s) 'latest_only_with_trigger' retrieved from /home/airflow/.local/lib/python3.12/site-packages/airflow/example_dags/example_latest_only_with_trigger.py
[2024-10-04T00:22:52.648+0000] {logging_mixin.py:190} INFO - [2024-10-04T00:22:52.647+0000] {dag.py:3239} INFO - Sync 1 DAGs
[2024-10-04T00:22:52.671+0000] {logging_mixin.py:190} INFO - [2024-10-04T00:22:52.671+0000] {dag.py:4180} INFO - Setting next_dagrun for latest_only_with_trigger to 2024-10-03 20:00:00+00:00, run_after=2024-10-04 00:00:00+00:00
[2024-10-04T00:22:52.689+0000] {processor.py:208} INFO - Processing /home/airflow/.local/lib/python3.12/site-packages/airflow/example_dags/example_latest_only_with_trigger.py took 0.088 seconds
[2024-10-04T00:23:23.111+0000] {processor.py:186} INFO - Started process (PID=6356) to work on /home/airflow/.local/lib/python3.12/site-packages/airflow/example_dags/example_latest_only_with_trigger.py
[2024-10-04T00:23:23.112+0000] {processor.py:914} INFO - Processing file /home/airflow/.local/lib/python3.12/site-packages/airflow/example_dags/example_latest_only_with_trigger.py for tasks to queue
[2024-10-04T00:23:23.115+0000] {logging_mixin.py:190} INFO - [2024-10-04T00:23:23.114+0000] {dagbag.py:588} INFO - Filling up the DagBag from /home/airflow/.local/lib/python3.12/site-packages/airflow/example_dags/example_latest_only_with_trigger.py
[2024-10-04T00:23:23.123+0000] {processor.py:925} INFO - DAG(s) 'latest_only_with_trigger' retrieved from /home/airflow/.local/lib/python3.12/site-packages/airflow/example_dags/example_latest_only_with_trigger.py
[2024-10-04T00:23:23.150+0000] {logging_mixin.py:190} INFO - [2024-10-04T00:23:23.149+0000] {dag.py:3239} INFO - Sync 1 DAGs
[2024-10-04T00:23:23.173+0000] {logging_mixin.py:190} INFO - [2024-10-04T00:23:23.172+0000] {dag.py:4180} INFO - Setting next_dagrun for latest_only_with_trigger to 2024-10-03 20:00:00+00:00, run_after=2024-10-04 00:00:00+00:00
[2024-10-04T00:23:23.194+0000] {processor.py:208} INFO - Processing /home/airflow/.local/lib/python3.12/site-packages/airflow/example_dags/example_latest_only_with_trigger.py took 0.089 seconds
[2024-10-04T00:23:53.318+0000] {processor.py:186} INFO - Started process (PID=6642) to work on /home/airflow/.local/lib/python3.12/site-packages/airflow/example_dags/example_latest_only_with_trigger.py
[2024-10-04T00:23:53.320+0000] {processor.py:914} INFO - Processing file /home/airflow/.local/lib/python3.12/site-packages/airflow/example_dags/example_latest_only_with_trigger.py for tasks to queue
[2024-10-04T00:23:53.322+0000] {logging_mixin.py:190} INFO - [2024-10-04T00:23:53.322+0000] {dagbag.py:588} INFO - Filling up the DagBag from /home/airflow/.local/lib/python3.12/site-packages/airflow/example_dags/example_latest_only_with_trigger.py
[2024-10-04T00:23:53.332+0000] {processor.py:925} INFO - DAG(s) 'latest_only_with_trigger' retrieved from /home/airflow/.local/lib/python3.12/site-packages/airflow/example_dags/example_latest_only_with_trigger.py
[2024-10-04T00:23:53.357+0000] {logging_mixin.py:190} INFO - [2024-10-04T00:23:53.357+0000] {dag.py:3239} INFO - Sync 1 DAGs
[2024-10-04T00:23:53.381+0000] {logging_mixin.py:190} INFO - [2024-10-04T00:23:53.380+0000] {dag.py:4180} INFO - Setting next_dagrun for latest_only_with_trigger to 2024-10-03 20:00:00+00:00, run_after=2024-10-04 00:00:00+00:00
[2024-10-04T00:23:53.394+0000] {processor.py:208} INFO - Processing /home/airflow/.local/lib/python3.12/site-packages/airflow/example_dags/example_latest_only_with_trigger.py took 0.083 seconds
[2024-10-04T00:24:24.053+0000] {processor.py:186} INFO - Started process (PID=6928) to work on /home/airflow/.local/lib/python3.12/site-packages/airflow/example_dags/example_latest_only_with_trigger.py
[2024-10-04T00:24:24.055+0000] {processor.py:914} INFO - Processing file /home/airflow/.local/lib/python3.12/site-packages/airflow/example_dags/example_latest_only_with_trigger.py for tasks to queue
[2024-10-04T00:24:24.059+0000] {logging_mixin.py:190} INFO - [2024-10-04T00:24:24.058+0000] {dagbag.py:588} INFO - Filling up the DagBag from /home/airflow/.local/lib/python3.12/site-packages/airflow/example_dags/example_latest_only_with_trigger.py
[2024-10-04T00:24:24.066+0000] {processor.py:925} INFO - DAG(s) 'latest_only_with_trigger' retrieved from /home/airflow/.local/lib/python3.12/site-packages/airflow/example_dags/example_latest_only_with_trigger.py
[2024-10-04T00:24:24.086+0000] {logging_mixin.py:190} INFO - [2024-10-04T00:24:24.086+0000] {dag.py:3239} INFO - Sync 1 DAGs
[2024-10-04T00:24:24.107+0000] {logging_mixin.py:190} INFO - [2024-10-04T00:24:24.107+0000] {dag.py:4180} INFO - Setting next_dagrun for latest_only_with_trigger to 2024-10-03 20:00:00+00:00, run_after=2024-10-04 00:00:00+00:00
[2024-10-04T00:24:24.123+0000] {processor.py:208} INFO - Processing /home/airflow/.local/lib/python3.12/site-packages/airflow/example_dags/example_latest_only_with_trigger.py took 0.079 seconds
[2024-10-04T00:24:54.458+0000] {processor.py:186} INFO - Started process (PID=7214) to work on /home/airflow/.local/lib/python3.12/site-packages/airflow/example_dags/example_latest_only_with_trigger.py
[2024-10-04T00:24:54.460+0000] {processor.py:914} INFO - Processing file /home/airflow/.local/lib/python3.12/site-packages/airflow/example_dags/example_latest_only_with_trigger.py for tasks to queue
[2024-10-04T00:24:54.463+0000] {logging_mixin.py:190} INFO - [2024-10-04T00:24:54.463+0000] {dagbag.py:588} INFO - Filling up the DagBag from /home/airflow/.local/lib/python3.12/site-packages/airflow/example_dags/example_latest_only_with_trigger.py
[2024-10-04T00:24:54.473+0000] {processor.py:925} INFO - DAG(s) 'latest_only_with_trigger' retrieved from /home/airflow/.local/lib/python3.12/site-packages/airflow/example_dags/example_latest_only_with_trigger.py
[2024-10-04T00:24:54.502+0000] {logging_mixin.py:190} INFO - [2024-10-04T00:24:54.502+0000] {dag.py:3239} INFO - Sync 1 DAGs
[2024-10-04T00:24:54.545+0000] {logging_mixin.py:190} INFO - [2024-10-04T00:24:54.545+0000] {dag.py:4180} INFO - Setting next_dagrun for latest_only_with_trigger to 2024-10-03 20:00:00+00:00, run_after=2024-10-04 00:00:00+00:00
[2024-10-04T00:24:54.568+0000] {processor.py:208} INFO - Processing /home/airflow/.local/lib/python3.12/site-packages/airflow/example_dags/example_latest_only_with_trigger.py took 0.117 seconds
[2024-10-04T00:25:25.477+0000] {processor.py:186} INFO - Started process (PID=7500) to work on /home/airflow/.local/lib/python3.12/site-packages/airflow/example_dags/example_latest_only_with_trigger.py
[2024-10-04T00:25:25.478+0000] {processor.py:914} INFO - Processing file /home/airflow/.local/lib/python3.12/site-packages/airflow/example_dags/example_latest_only_with_trigger.py for tasks to queue
[2024-10-04T00:25:25.480+0000] {logging_mixin.py:190} INFO - [2024-10-04T00:25:25.480+0000] {dagbag.py:588} INFO - Filling up the DagBag from /home/airflow/.local/lib/python3.12/site-packages/airflow/example_dags/example_latest_only_with_trigger.py
[2024-10-04T00:25:25.487+0000] {processor.py:925} INFO - DAG(s) 'latest_only_with_trigger' retrieved from /home/airflow/.local/lib/python3.12/site-packages/airflow/example_dags/example_latest_only_with_trigger.py
[2024-10-04T00:25:25.507+0000] {logging_mixin.py:190} INFO - [2024-10-04T00:25:25.507+0000] {dag.py:3239} INFO - Sync 1 DAGs
[2024-10-04T00:25:25.527+0000] {logging_mixin.py:190} INFO - [2024-10-04T00:25:25.527+0000] {dag.py:4180} INFO - Setting next_dagrun for latest_only_with_trigger to 2024-10-03 20:00:00+00:00, run_after=2024-10-04 00:00:00+00:00
[2024-10-04T00:25:25.549+0000] {processor.py:208} INFO - Processing /home/airflow/.local/lib/python3.12/site-packages/airflow/example_dags/example_latest_only_with_trigger.py took 0.079 seconds
[2024-10-04T00:25:56.131+0000] {processor.py:186} INFO - Started process (PID=7786) to work on /home/airflow/.local/lib/python3.12/site-packages/airflow/example_dags/example_latest_only_with_trigger.py
[2024-10-04T00:25:56.132+0000] {processor.py:914} INFO - Processing file /home/airflow/.local/lib/python3.12/site-packages/airflow/example_dags/example_latest_only_with_trigger.py for tasks to queue
[2024-10-04T00:25:56.134+0000] {logging_mixin.py:190} INFO - [2024-10-04T00:25:56.133+0000] {dagbag.py:588} INFO - Filling up the DagBag from /home/airflow/.local/lib/python3.12/site-packages/airflow/example_dags/example_latest_only_with_trigger.py
[2024-10-04T00:25:56.140+0000] {processor.py:925} INFO - DAG(s) 'latest_only_with_trigger' retrieved from /home/airflow/.local/lib/python3.12/site-packages/airflow/example_dags/example_latest_only_with_trigger.py
[2024-10-04T00:25:56.157+0000] {logging_mixin.py:190} INFO - [2024-10-04T00:25:56.157+0000] {dag.py:3239} INFO - Sync 1 DAGs
[2024-10-04T00:25:56.175+0000] {logging_mixin.py:190} INFO - [2024-10-04T00:25:56.175+0000] {dag.py:4180} INFO - Setting next_dagrun for latest_only_with_trigger to 2024-10-03 20:00:00+00:00, run_after=2024-10-04 00:00:00+00:00
[2024-10-04T00:25:56.188+0000] {processor.py:208} INFO - Processing /home/airflow/.local/lib/python3.12/site-packages/airflow/example_dags/example_latest_only_with_trigger.py took 0.062 seconds
[2024-10-04T00:26:26.427+0000] {processor.py:186} INFO - Started process (PID=8072) to work on /home/airflow/.local/lib/python3.12/site-packages/airflow/example_dags/example_latest_only_with_trigger.py
[2024-10-04T00:26:26.429+0000] {processor.py:914} INFO - Processing file /home/airflow/.local/lib/python3.12/site-packages/airflow/example_dags/example_latest_only_with_trigger.py for tasks to queue
[2024-10-04T00:26:26.430+0000] {logging_mixin.py:190} INFO - [2024-10-04T00:26:26.430+0000] {dagbag.py:588} INFO - Filling up the DagBag from /home/airflow/.local/lib/python3.12/site-packages/airflow/example_dags/example_latest_only_with_trigger.py
[2024-10-04T00:26:26.437+0000] {processor.py:925} INFO - DAG(s) 'latest_only_with_trigger' retrieved from /home/airflow/.local/lib/python3.12/site-packages/airflow/example_dags/example_latest_only_with_trigger.py
[2024-10-04T00:26:26.454+0000] {logging_mixin.py:190} INFO - [2024-10-04T00:26:26.454+0000] {dag.py:3239} INFO - Sync 1 DAGs
[2024-10-04T00:26:26.473+0000] {logging_mixin.py:190} INFO - [2024-10-04T00:26:26.472+0000] {dag.py:4180} INFO - Setting next_dagrun for latest_only_with_trigger to 2024-10-03 20:00:00+00:00, run_after=2024-10-04 00:00:00+00:00
[2024-10-04T00:26:26.490+0000] {processor.py:208} INFO - Processing /home/airflow/.local/lib/python3.12/site-packages/airflow/example_dags/example_latest_only_with_trigger.py took 0.068 seconds
[2024-10-04T00:26:56.685+0000] {processor.py:186} INFO - Started process (PID=8358) to work on /home/airflow/.local/lib/python3.12/site-packages/airflow/example_dags/example_latest_only_with_trigger.py
[2024-10-04T00:26:56.686+0000] {processor.py:914} INFO - Processing file /home/airflow/.local/lib/python3.12/site-packages/airflow/example_dags/example_latest_only_with_trigger.py for tasks to queue
[2024-10-04T00:26:56.688+0000] {logging_mixin.py:190} INFO - [2024-10-04T00:26:56.688+0000] {dagbag.py:588} INFO - Filling up the DagBag from /home/airflow/.local/lib/python3.12/site-packages/airflow/example_dags/example_latest_only_with_trigger.py
[2024-10-04T00:26:56.695+0000] {processor.py:925} INFO - DAG(s) 'latest_only_with_trigger' retrieved from /home/airflow/.local/lib/python3.12/site-packages/airflow/example_dags/example_latest_only_with_trigger.py
[2024-10-04T00:26:56.711+0000] {logging_mixin.py:190} INFO - [2024-10-04T00:26:56.711+0000] {dag.py:3239} INFO - Sync 1 DAGs
[2024-10-04T00:26:56.729+0000] {logging_mixin.py:190} INFO - [2024-10-04T00:26:56.729+0000] {dag.py:4180} INFO - Setting next_dagrun for latest_only_with_trigger to 2024-10-03 20:00:00+00:00, run_after=2024-10-04 00:00:00+00:00
[2024-10-04T00:26:56.743+0000] {processor.py:208} INFO - Processing /home/airflow/.local/lib/python3.12/site-packages/airflow/example_dags/example_latest_only_with_trigger.py took 0.063 seconds
[2024-10-04T00:27:26.859+0000] {processor.py:186} INFO - Started process (PID=8644) to work on /home/airflow/.local/lib/python3.12/site-packages/airflow/example_dags/example_latest_only_with_trigger.py
[2024-10-04T00:27:26.860+0000] {processor.py:914} INFO - Processing file /home/airflow/.local/lib/python3.12/site-packages/airflow/example_dags/example_latest_only_with_trigger.py for tasks to queue
[2024-10-04T00:27:26.862+0000] {logging_mixin.py:190} INFO - [2024-10-04T00:27:26.862+0000] {dagbag.py:588} INFO - Filling up the DagBag from /home/airflow/.local/lib/python3.12/site-packages/airflow/example_dags/example_latest_only_with_trigger.py
[2024-10-04T00:27:26.869+0000] {processor.py:925} INFO - DAG(s) 'latest_only_with_trigger' retrieved from /home/airflow/.local/lib/python3.12/site-packages/airflow/example_dags/example_latest_only_with_trigger.py
[2024-10-04T00:27:26.885+0000] {logging_mixin.py:190} INFO - [2024-10-04T00:27:26.885+0000] {dag.py:3239} INFO - Sync 1 DAGs
[2024-10-04T00:27:26.903+0000] {logging_mixin.py:190} INFO - [2024-10-04T00:27:26.903+0000] {dag.py:4180} INFO - Setting next_dagrun for latest_only_with_trigger to 2024-10-03 20:00:00+00:00, run_after=2024-10-04 00:00:00+00:00
[2024-10-04T00:27:26.917+0000] {processor.py:208} INFO - Processing /home/airflow/.local/lib/python3.12/site-packages/airflow/example_dags/example_latest_only_with_trigger.py took 0.064 seconds
[2024-10-04T00:27:57.397+0000] {processor.py:186} INFO - Started process (PID=8930) to work on /home/airflow/.local/lib/python3.12/site-packages/airflow/example_dags/example_latest_only_with_trigger.py
[2024-10-04T00:27:57.398+0000] {processor.py:914} INFO - Processing file /home/airflow/.local/lib/python3.12/site-packages/airflow/example_dags/example_latest_only_with_trigger.py for tasks to queue
[2024-10-04T00:27:57.400+0000] {logging_mixin.py:190} INFO - [2024-10-04T00:27:57.400+0000] {dagbag.py:588} INFO - Filling up the DagBag from /home/airflow/.local/lib/python3.12/site-packages/airflow/example_dags/example_latest_only_with_trigger.py
[2024-10-04T00:27:57.407+0000] {processor.py:925} INFO - DAG(s) 'latest_only_with_trigger' retrieved from /home/airflow/.local/lib/python3.12/site-packages/airflow/example_dags/example_latest_only_with_trigger.py
[2024-10-04T00:27:57.423+0000] {logging_mixin.py:190} INFO - [2024-10-04T00:27:57.423+0000] {dag.py:3239} INFO - Sync 1 DAGs
[2024-10-04T00:27:57.442+0000] {logging_mixin.py:190} INFO - [2024-10-04T00:27:57.441+0000] {dag.py:4180} INFO - Setting next_dagrun for latest_only_with_trigger to 2024-10-03 20:00:00+00:00, run_after=2024-10-04 00:00:00+00:00
[2024-10-04T00:27:57.455+0000] {processor.py:208} INFO - Processing /home/airflow/.local/lib/python3.12/site-packages/airflow/example_dags/example_latest_only_with_trigger.py took 0.064 seconds
[2024-10-04T00:28:27.653+0000] {processor.py:186} INFO - Started process (PID=9216) to work on /home/airflow/.local/lib/python3.12/site-packages/airflow/example_dags/example_latest_only_with_trigger.py
[2024-10-04T00:28:27.654+0000] {processor.py:914} INFO - Processing file /home/airflow/.local/lib/python3.12/site-packages/airflow/example_dags/example_latest_only_with_trigger.py for tasks to queue
[2024-10-04T00:28:27.656+0000] {logging_mixin.py:190} INFO - [2024-10-04T00:28:27.656+0000] {dagbag.py:588} INFO - Filling up the DagBag from /home/airflow/.local/lib/python3.12/site-packages/airflow/example_dags/example_latest_only_with_trigger.py
[2024-10-04T00:28:27.663+0000] {processor.py:925} INFO - DAG(s) 'latest_only_with_trigger' retrieved from /home/airflow/.local/lib/python3.12/site-packages/airflow/example_dags/example_latest_only_with_trigger.py
[2024-10-04T00:28:27.679+0000] {logging_mixin.py:190} INFO - [2024-10-04T00:28:27.679+0000] {dag.py:3239} INFO - Sync 1 DAGs
[2024-10-04T00:28:27.697+0000] {logging_mixin.py:190} INFO - [2024-10-04T00:28:27.697+0000] {dag.py:4180} INFO - Setting next_dagrun for latest_only_with_trigger to 2024-10-03 20:00:00+00:00, run_after=2024-10-04 00:00:00+00:00
[2024-10-04T00:28:27.710+0000] {processor.py:208} INFO - Processing /home/airflow/.local/lib/python3.12/site-packages/airflow/example_dags/example_latest_only_with_trigger.py took 0.062 seconds
