[2024-10-04T00:12:36.026+0000] {processor.py:186} INFO - Started process (PID=359) to work on /home/airflow/.local/lib/python3.12/site-packages/airflow/example_dags/example_branch_labels.py
[2024-10-04T00:12:36.027+0000] {processor.py:914} INFO - Processing file /home/airflow/.local/lib/python3.12/site-packages/airflow/example_dags/example_branch_labels.py for tasks to queue
[2024-10-04T00:12:36.031+0000] {logging_mixin.py:190} INFO - [2024-10-04T00:12:36.031+0000] {dagbag.py:588} INFO - Filling up the DagBag from /home/airflow/.local/lib/python3.12/site-packages/airflow/example_dags/example_branch_labels.py
[2024-10-04T00:12:36.052+0000] {processor.py:925} INFO - DAG(s) 'example_branch_labels' retrieved from /home/airflow/.local/lib/python3.12/site-packages/airflow/example_dags/example_branch_labels.py
[2024-10-04T00:12:36.286+0000] {logging_mixin.py:190} INFO - [2024-10-04T00:12:36.285+0000] {override.py:1900} INFO - Created Permission View: can read on DAG:example_branch_labels
[2024-10-04T00:12:36.295+0000] {logging_mixin.py:190} INFO - [2024-10-04T00:12:36.295+0000] {override.py:1900} INFO - Created Permission View: can delete on DAG:example_branch_labels
[2024-10-04T00:12:36.301+0000] {logging_mixin.py:190} INFO - [2024-10-04T00:12:36.301+0000] {override.py:1900} INFO - Created Permission View: can edit on DAG:example_branch_labels
[2024-10-04T00:12:36.307+0000] {logging_mixin.py:190} INFO - [2024-10-04T00:12:36.307+0000] {override.py:1900} INFO - Created Permission View: menu access on DAG Run:example_branch_labels
[2024-10-04T00:12:36.312+0000] {logging_mixin.py:190} INFO - [2024-10-04T00:12:36.312+0000] {override.py:1900} INFO - Created Permission View: can read on DAG Run:example_branch_labels
[2024-10-04T00:12:36.318+0000] {logging_mixin.py:190} INFO - [2024-10-04T00:12:36.318+0000] {override.py:1900} INFO - Created Permission View: can delete on DAG Run:example_branch_labels
[2024-10-04T00:12:36.325+0000] {logging_mixin.py:190} INFO - [2024-10-04T00:12:36.324+0000] {override.py:1900} INFO - Created Permission View: can create on DAG Run:example_branch_labels
[2024-10-04T00:12:36.326+0000] {logging_mixin.py:190} INFO - [2024-10-04T00:12:36.326+0000] {dag.py:3239} INFO - Sync 1 DAGs
[2024-10-04T00:12:36.343+0000] {logging_mixin.py:190} INFO - [2024-10-04T00:12:36.343+0000] {dag.py:3262} INFO - Creating ORM DAG for example_branch_labels
[2024-10-04T00:12:36.355+0000] {logging_mixin.py:190} INFO - [2024-10-04T00:12:36.354+0000] {dag.py:4180} INFO - Setting next_dagrun for example_branch_labels to 2024-10-03 00:00:00+00:00, run_after=2024-10-04 00:00:00+00:00
[2024-10-04T00:12:36.369+0000] {processor.py:208} INFO - Processing /home/airflow/.local/lib/python3.12/site-packages/airflow/example_dags/example_branch_labels.py took 0.350 seconds
[2024-10-04T00:13:06.545+0000] {processor.py:186} INFO - Started process (PID=645) to work on /home/airflow/.local/lib/python3.12/site-packages/airflow/example_dags/example_branch_labels.py
[2024-10-04T00:13:06.546+0000] {processor.py:914} INFO - Processing file /home/airflow/.local/lib/python3.12/site-packages/airflow/example_dags/example_branch_labels.py for tasks to queue
[2024-10-04T00:13:06.548+0000] {logging_mixin.py:190} INFO - [2024-10-04T00:13:06.548+0000] {dagbag.py:588} INFO - Filling up the DagBag from /home/airflow/.local/lib/python3.12/site-packages/airflow/example_dags/example_branch_labels.py
[2024-10-04T00:13:06.557+0000] {processor.py:925} INFO - DAG(s) 'example_branch_labels' retrieved from /home/airflow/.local/lib/python3.12/site-packages/airflow/example_dags/example_branch_labels.py
[2024-10-04T00:13:06.575+0000] {logging_mixin.py:190} INFO - [2024-10-04T00:13:06.575+0000] {dag.py:3239} INFO - Sync 1 DAGs
[2024-10-04T00:13:06.595+0000] {logging_mixin.py:190} INFO - [2024-10-04T00:13:06.594+0000] {dag.py:4180} INFO - Setting next_dagrun for example_branch_labels to 2024-10-03 00:00:00+00:00, run_after=2024-10-04 00:00:00+00:00
[2024-10-04T00:13:06.608+0000] {processor.py:208} INFO - Processing /home/airflow/.local/lib/python3.12/site-packages/airflow/example_dags/example_branch_labels.py took 0.069 seconds
[2024-10-04T00:13:37.117+0000] {processor.py:186} INFO - Started process (PID=931) to work on /home/airflow/.local/lib/python3.12/site-packages/airflow/example_dags/example_branch_labels.py
[2024-10-04T00:13:37.119+0000] {processor.py:914} INFO - Processing file /home/airflow/.local/lib/python3.12/site-packages/airflow/example_dags/example_branch_labels.py for tasks to queue
[2024-10-04T00:13:37.121+0000] {logging_mixin.py:190} INFO - [2024-10-04T00:13:37.120+0000] {dagbag.py:588} INFO - Filling up the DagBag from /home/airflow/.local/lib/python3.12/site-packages/airflow/example_dags/example_branch_labels.py
[2024-10-04T00:13:37.129+0000] {processor.py:925} INFO - DAG(s) 'example_branch_labels' retrieved from /home/airflow/.local/lib/python3.12/site-packages/airflow/example_dags/example_branch_labels.py
[2024-10-04T00:13:37.146+0000] {logging_mixin.py:190} INFO - [2024-10-04T00:13:37.145+0000] {dag.py:3239} INFO - Sync 1 DAGs
[2024-10-04T00:13:37.164+0000] {logging_mixin.py:190} INFO - [2024-10-04T00:13:37.164+0000] {dag.py:4180} INFO - Setting next_dagrun for example_branch_labels to 2024-10-03 00:00:00+00:00, run_after=2024-10-04 00:00:00+00:00
[2024-10-04T00:13:37.176+0000] {processor.py:208} INFO - Processing /home/airflow/.local/lib/python3.12/site-packages/airflow/example_dags/example_branch_labels.py took 0.064 seconds
[2024-10-04T00:14:07.892+0000] {processor.py:186} INFO - Started process (PID=1218) to work on /home/airflow/.local/lib/python3.12/site-packages/airflow/example_dags/example_branch_labels.py
[2024-10-04T00:14:07.893+0000] {processor.py:914} INFO - Processing file /home/airflow/.local/lib/python3.12/site-packages/airflow/example_dags/example_branch_labels.py for tasks to queue
[2024-10-04T00:14:07.896+0000] {logging_mixin.py:190} INFO - [2024-10-04T00:14:07.895+0000] {dagbag.py:588} INFO - Filling up the DagBag from /home/airflow/.local/lib/python3.12/site-packages/airflow/example_dags/example_branch_labels.py
[2024-10-04T00:14:07.904+0000] {processor.py:925} INFO - DAG(s) 'example_branch_labels' retrieved from /home/airflow/.local/lib/python3.12/site-packages/airflow/example_dags/example_branch_labels.py
[2024-10-04T00:14:07.921+0000] {logging_mixin.py:190} INFO - [2024-10-04T00:14:07.921+0000] {dag.py:3239} INFO - Sync 1 DAGs
[2024-10-04T00:14:07.939+0000] {logging_mixin.py:190} INFO - [2024-10-04T00:14:07.939+0000] {dag.py:4180} INFO - Setting next_dagrun for example_branch_labels to 2024-10-03 00:00:00+00:00, run_after=2024-10-04 00:00:00+00:00
[2024-10-04T00:14:07.951+0000] {processor.py:208} INFO - Processing /home/airflow/.local/lib/python3.12/site-packages/airflow/example_dags/example_branch_labels.py took 0.064 seconds
[2024-10-04T00:14:38.344+0000] {processor.py:186} INFO - Started process (PID=1503) to work on /home/airflow/.local/lib/python3.12/site-packages/airflow/example_dags/example_branch_labels.py
[2024-10-04T00:14:38.345+0000] {processor.py:914} INFO - Processing file /home/airflow/.local/lib/python3.12/site-packages/airflow/example_dags/example_branch_labels.py for tasks to queue
[2024-10-04T00:14:38.347+0000] {logging_mixin.py:190} INFO - [2024-10-04T00:14:38.347+0000] {dagbag.py:588} INFO - Filling up the DagBag from /home/airflow/.local/lib/python3.12/site-packages/airflow/example_dags/example_branch_labels.py
[2024-10-04T00:14:38.356+0000] {processor.py:925} INFO - DAG(s) 'example_branch_labels' retrieved from /home/airflow/.local/lib/python3.12/site-packages/airflow/example_dags/example_branch_labels.py
[2024-10-04T00:14:38.372+0000] {logging_mixin.py:190} INFO - [2024-10-04T00:14:38.372+0000] {dag.py:3239} INFO - Sync 1 DAGs
[2024-10-04T00:14:38.390+0000] {logging_mixin.py:190} INFO - [2024-10-04T00:14:38.389+0000] {dag.py:4180} INFO - Setting next_dagrun for example_branch_labels to 2024-10-03 00:00:00+00:00, run_after=2024-10-04 00:00:00+00:00
[2024-10-04T00:14:38.402+0000] {processor.py:208} INFO - Processing /home/airflow/.local/lib/python3.12/site-packages/airflow/example_dags/example_branch_labels.py took 0.064 seconds
[2024-10-04T00:15:08.847+0000] {processor.py:186} INFO - Started process (PID=1791) to work on /home/airflow/.local/lib/python3.12/site-packages/airflow/example_dags/example_branch_labels.py
[2024-10-04T00:15:08.848+0000] {processor.py:914} INFO - Processing file /home/airflow/.local/lib/python3.12/site-packages/airflow/example_dags/example_branch_labels.py for tasks to queue
[2024-10-04T00:15:08.850+0000] {logging_mixin.py:190} INFO - [2024-10-04T00:15:08.850+0000] {dagbag.py:588} INFO - Filling up the DagBag from /home/airflow/.local/lib/python3.12/site-packages/airflow/example_dags/example_branch_labels.py
[2024-10-04T00:15:08.861+0000] {processor.py:925} INFO - DAG(s) 'example_branch_labels' retrieved from /home/airflow/.local/lib/python3.12/site-packages/airflow/example_dags/example_branch_labels.py
[2024-10-04T00:15:08.879+0000] {logging_mixin.py:190} INFO - [2024-10-04T00:15:08.879+0000] {dag.py:3239} INFO - Sync 1 DAGs
[2024-10-04T00:15:08.899+0000] {logging_mixin.py:190} INFO - [2024-10-04T00:15:08.898+0000] {dag.py:4180} INFO - Setting next_dagrun for example_branch_labels to 2024-10-03 00:00:00+00:00, run_after=2024-10-04 00:00:00+00:00
[2024-10-04T00:15:08.914+0000] {processor.py:208} INFO - Processing /home/airflow/.local/lib/python3.12/site-packages/airflow/example_dags/example_branch_labels.py took 0.073 seconds
[2024-10-04T00:15:39.892+0000] {processor.py:186} INFO - Started process (PID=2075) to work on /home/airflow/.local/lib/python3.12/site-packages/airflow/example_dags/example_branch_labels.py
[2024-10-04T00:15:39.893+0000] {processor.py:914} INFO - Processing file /home/airflow/.local/lib/python3.12/site-packages/airflow/example_dags/example_branch_labels.py for tasks to queue
[2024-10-04T00:15:39.896+0000] {logging_mixin.py:190} INFO - [2024-10-04T00:15:39.895+0000] {dagbag.py:588} INFO - Filling up the DagBag from /home/airflow/.local/lib/python3.12/site-packages/airflow/example_dags/example_branch_labels.py
[2024-10-04T00:15:39.905+0000] {processor.py:925} INFO - DAG(s) 'example_branch_labels' retrieved from /home/airflow/.local/lib/python3.12/site-packages/airflow/example_dags/example_branch_labels.py
[2024-10-04T00:15:39.924+0000] {logging_mixin.py:190} INFO - [2024-10-04T00:15:39.924+0000] {dag.py:3239} INFO - Sync 1 DAGs
[2024-10-04T00:15:39.944+0000] {logging_mixin.py:190} INFO - [2024-10-04T00:15:39.944+0000] {dag.py:4180} INFO - Setting next_dagrun for example_branch_labels to 2024-10-03 00:00:00+00:00, run_after=2024-10-04 00:00:00+00:00
[2024-10-04T00:15:39.958+0000] {processor.py:208} INFO - Processing /home/airflow/.local/lib/python3.12/site-packages/airflow/example_dags/example_branch_labels.py took 0.072 seconds
[2024-10-04T00:16:10.223+0000] {processor.py:186} INFO - Started process (PID=2361) to work on /home/airflow/.local/lib/python3.12/site-packages/airflow/example_dags/example_branch_labels.py
[2024-10-04T00:16:10.224+0000] {processor.py:914} INFO - Processing file /home/airflow/.local/lib/python3.12/site-packages/airflow/example_dags/example_branch_labels.py for tasks to queue
[2024-10-04T00:16:10.226+0000] {logging_mixin.py:190} INFO - [2024-10-04T00:16:10.226+0000] {dagbag.py:588} INFO - Filling up the DagBag from /home/airflow/.local/lib/python3.12/site-packages/airflow/example_dags/example_branch_labels.py
[2024-10-04T00:16:10.236+0000] {processor.py:925} INFO - DAG(s) 'example_branch_labels' retrieved from /home/airflow/.local/lib/python3.12/site-packages/airflow/example_dags/example_branch_labels.py
[2024-10-04T00:16:10.254+0000] {logging_mixin.py:190} INFO - [2024-10-04T00:16:10.254+0000] {dag.py:3239} INFO - Sync 1 DAGs
[2024-10-04T00:16:10.275+0000] {logging_mixin.py:190} INFO - [2024-10-04T00:16:10.275+0000] {dag.py:4180} INFO - Setting next_dagrun for example_branch_labels to 2024-10-03 00:00:00+00:00, run_after=2024-10-04 00:00:00+00:00
[2024-10-04T00:16:10.288+0000] {processor.py:208} INFO - Processing /home/airflow/.local/lib/python3.12/site-packages/airflow/example_dags/example_branch_labels.py took 0.071 seconds
[2024-10-04T00:16:40.929+0000] {processor.py:186} INFO - Started process (PID=2647) to work on /home/airflow/.local/lib/python3.12/site-packages/airflow/example_dags/example_branch_labels.py
[2024-10-04T00:16:40.930+0000] {processor.py:914} INFO - Processing file /home/airflow/.local/lib/python3.12/site-packages/airflow/example_dags/example_branch_labels.py for tasks to queue
[2024-10-04T00:16:40.932+0000] {logging_mixin.py:190} INFO - [2024-10-04T00:16:40.932+0000] {dagbag.py:588} INFO - Filling up the DagBag from /home/airflow/.local/lib/python3.12/site-packages/airflow/example_dags/example_branch_labels.py
[2024-10-04T00:16:40.941+0000] {processor.py:925} INFO - DAG(s) 'example_branch_labels' retrieved from /home/airflow/.local/lib/python3.12/site-packages/airflow/example_dags/example_branch_labels.py
[2024-10-04T00:16:40.958+0000] {logging_mixin.py:190} INFO - [2024-10-04T00:16:40.957+0000] {dag.py:3239} INFO - Sync 1 DAGs
[2024-10-04T00:16:40.975+0000] {logging_mixin.py:190} INFO - [2024-10-04T00:16:40.975+0000] {dag.py:4180} INFO - Setting next_dagrun for example_branch_labels to 2024-10-03 00:00:00+00:00, run_after=2024-10-04 00:00:00+00:00
[2024-10-04T00:16:40.988+0000] {processor.py:208} INFO - Processing /home/airflow/.local/lib/python3.12/site-packages/airflow/example_dags/example_branch_labels.py took 0.064 seconds
[2024-10-04T00:17:11.286+0000] {processor.py:186} INFO - Started process (PID=2935) to work on /home/airflow/.local/lib/python3.12/site-packages/airflow/example_dags/example_branch_labels.py
[2024-10-04T00:17:11.288+0000] {processor.py:914} INFO - Processing file /home/airflow/.local/lib/python3.12/site-packages/airflow/example_dags/example_branch_labels.py for tasks to queue
[2024-10-04T00:17:11.290+0000] {logging_mixin.py:190} INFO - [2024-10-04T00:17:11.290+0000] {dagbag.py:588} INFO - Filling up the DagBag from /home/airflow/.local/lib/python3.12/site-packages/airflow/example_dags/example_branch_labels.py
[2024-10-04T00:17:11.302+0000] {processor.py:925} INFO - DAG(s) 'example_branch_labels' retrieved from /home/airflow/.local/lib/python3.12/site-packages/airflow/example_dags/example_branch_labels.py
[2024-10-04T00:17:11.326+0000] {logging_mixin.py:190} INFO - [2024-10-04T00:17:11.326+0000] {dag.py:3239} INFO - Sync 1 DAGs
[2024-10-04T00:17:11.352+0000] {logging_mixin.py:190} INFO - [2024-10-04T00:17:11.352+0000] {dag.py:4180} INFO - Setting next_dagrun for example_branch_labels to 2024-10-03 00:00:00+00:00, run_after=2024-10-04 00:00:00+00:00
[2024-10-04T00:17:11.367+0000] {processor.py:208} INFO - Processing /home/airflow/.local/lib/python3.12/site-packages/airflow/example_dags/example_branch_labels.py took 0.087 seconds
[2024-10-04T00:17:42.719+0000] {processor.py:186} INFO - Started process (PID=3225) to work on /home/airflow/.local/lib/python3.12/site-packages/airflow/example_dags/example_branch_labels.py
[2024-10-04T00:17:42.721+0000] {processor.py:914} INFO - Processing file /home/airflow/.local/lib/python3.12/site-packages/airflow/example_dags/example_branch_labels.py for tasks to queue
[2024-10-04T00:17:42.725+0000] {logging_mixin.py:190} INFO - [2024-10-04T00:17:42.725+0000] {dagbag.py:588} INFO - Filling up the DagBag from /home/airflow/.local/lib/python3.12/site-packages/airflow/example_dags/example_branch_labels.py
[2024-10-04T00:17:42.745+0000] {processor.py:925} INFO - DAG(s) 'example_branch_labels' retrieved from /home/airflow/.local/lib/python3.12/site-packages/airflow/example_dags/example_branch_labels.py
[2024-10-04T00:17:42.780+0000] {logging_mixin.py:190} INFO - [2024-10-04T00:17:42.780+0000] {dag.py:3239} INFO - Sync 1 DAGs
[2024-10-04T00:17:42.817+0000] {logging_mixin.py:190} INFO - [2024-10-04T00:17:42.817+0000] {dag.py:4180} INFO - Setting next_dagrun for example_branch_labels to 2024-10-03 00:00:00+00:00, run_after=2024-10-04 00:00:00+00:00
[2024-10-04T00:17:42.838+0000] {processor.py:208} INFO - Processing /home/airflow/.local/lib/python3.12/site-packages/airflow/example_dags/example_branch_labels.py took 0.131 seconds
[2024-10-04T00:18:13.420+0000] {processor.py:186} INFO - Started process (PID=3511) to work on /home/airflow/.local/lib/python3.12/site-packages/airflow/example_dags/example_branch_labels.py
[2024-10-04T00:18:13.421+0000] {processor.py:914} INFO - Processing file /home/airflow/.local/lib/python3.12/site-packages/airflow/example_dags/example_branch_labels.py for tasks to queue
[2024-10-04T00:18:13.423+0000] {logging_mixin.py:190} INFO - [2024-10-04T00:18:13.423+0000] {dagbag.py:588} INFO - Filling up the DagBag from /home/airflow/.local/lib/python3.12/site-packages/airflow/example_dags/example_branch_labels.py
[2024-10-04T00:18:13.432+0000] {processor.py:925} INFO - DAG(s) 'example_branch_labels' retrieved from /home/airflow/.local/lib/python3.12/site-packages/airflow/example_dags/example_branch_labels.py
[2024-10-04T00:18:13.449+0000] {logging_mixin.py:190} INFO - [2024-10-04T00:18:13.449+0000] {dag.py:3239} INFO - Sync 1 DAGs
[2024-10-04T00:18:13.467+0000] {logging_mixin.py:190} INFO - [2024-10-04T00:18:13.467+0000] {dag.py:4180} INFO - Setting next_dagrun for example_branch_labels to 2024-10-03 00:00:00+00:00, run_after=2024-10-04 00:00:00+00:00
[2024-10-04T00:18:13.491+0000] {processor.py:208} INFO - Processing /home/airflow/.local/lib/python3.12/site-packages/airflow/example_dags/example_branch_labels.py took 0.077 seconds
[2024-10-04T00:18:44.149+0000] {processor.py:186} INFO - Started process (PID=3799) to work on /home/airflow/.local/lib/python3.12/site-packages/airflow/example_dags/example_branch_labels.py
[2024-10-04T00:18:44.151+0000] {processor.py:914} INFO - Processing file /home/airflow/.local/lib/python3.12/site-packages/airflow/example_dags/example_branch_labels.py for tasks to queue
[2024-10-04T00:18:44.153+0000] {logging_mixin.py:190} INFO - [2024-10-04T00:18:44.152+0000] {dagbag.py:588} INFO - Filling up the DagBag from /home/airflow/.local/lib/python3.12/site-packages/airflow/example_dags/example_branch_labels.py
[2024-10-04T00:18:44.162+0000] {processor.py:925} INFO - DAG(s) 'example_branch_labels' retrieved from /home/airflow/.local/lib/python3.12/site-packages/airflow/example_dags/example_branch_labels.py
[2024-10-04T00:18:44.182+0000] {logging_mixin.py:190} INFO - [2024-10-04T00:18:44.182+0000] {dag.py:3239} INFO - Sync 1 DAGs
[2024-10-04T00:18:44.202+0000] {logging_mixin.py:190} INFO - [2024-10-04T00:18:44.202+0000] {dag.py:4180} INFO - Setting next_dagrun for example_branch_labels to 2024-10-03 00:00:00+00:00, run_after=2024-10-04 00:00:00+00:00
[2024-10-04T00:18:44.216+0000] {processor.py:208} INFO - Processing /home/airflow/.local/lib/python3.12/site-packages/airflow/example_dags/example_branch_labels.py took 0.074 seconds
[2024-10-04T00:19:14.845+0000] {processor.py:186} INFO - Started process (PID=4085) to work on /home/airflow/.local/lib/python3.12/site-packages/airflow/example_dags/example_branch_labels.py
[2024-10-04T00:19:14.846+0000] {processor.py:914} INFO - Processing file /home/airflow/.local/lib/python3.12/site-packages/airflow/example_dags/example_branch_labels.py for tasks to queue
[2024-10-04T00:19:14.848+0000] {logging_mixin.py:190} INFO - [2024-10-04T00:19:14.848+0000] {dagbag.py:588} INFO - Filling up the DagBag from /home/airflow/.local/lib/python3.12/site-packages/airflow/example_dags/example_branch_labels.py
[2024-10-04T00:19:14.857+0000] {processor.py:925} INFO - DAG(s) 'example_branch_labels' retrieved from /home/airflow/.local/lib/python3.12/site-packages/airflow/example_dags/example_branch_labels.py
[2024-10-04T00:19:14.874+0000] {logging_mixin.py:190} INFO - [2024-10-04T00:19:14.873+0000] {dag.py:3239} INFO - Sync 1 DAGs
[2024-10-04T00:19:14.891+0000] {logging_mixin.py:190} INFO - [2024-10-04T00:19:14.891+0000] {dag.py:4180} INFO - Setting next_dagrun for example_branch_labels to 2024-10-03 00:00:00+00:00, run_after=2024-10-04 00:00:00+00:00
[2024-10-04T00:19:14.903+0000] {processor.py:208} INFO - Processing /home/airflow/.local/lib/python3.12/site-packages/airflow/example_dags/example_branch_labels.py took 0.064 seconds
[2024-10-04T00:19:45.112+0000] {processor.py:186} INFO - Started process (PID=4371) to work on /home/airflow/.local/lib/python3.12/site-packages/airflow/example_dags/example_branch_labels.py
[2024-10-04T00:19:45.113+0000] {processor.py:914} INFO - Processing file /home/airflow/.local/lib/python3.12/site-packages/airflow/example_dags/example_branch_labels.py for tasks to queue
[2024-10-04T00:19:45.115+0000] {logging_mixin.py:190} INFO - [2024-10-04T00:19:45.115+0000] {dagbag.py:588} INFO - Filling up the DagBag from /home/airflow/.local/lib/python3.12/site-packages/airflow/example_dags/example_branch_labels.py
[2024-10-04T00:19:45.124+0000] {processor.py:925} INFO - DAG(s) 'example_branch_labels' retrieved from /home/airflow/.local/lib/python3.12/site-packages/airflow/example_dags/example_branch_labels.py
[2024-10-04T00:19:45.141+0000] {logging_mixin.py:190} INFO - [2024-10-04T00:19:45.141+0000] {dag.py:3239} INFO - Sync 1 DAGs
[2024-10-04T00:19:45.159+0000] {logging_mixin.py:190} INFO - [2024-10-04T00:19:45.159+0000] {dag.py:4180} INFO - Setting next_dagrun for example_branch_labels to 2024-10-03 00:00:00+00:00, run_after=2024-10-04 00:00:00+00:00
[2024-10-04T00:19:45.171+0000] {processor.py:208} INFO - Processing /home/airflow/.local/lib/python3.12/site-packages/airflow/example_dags/example_branch_labels.py took 0.065 seconds
[2024-10-04T00:20:16.180+0000] {processor.py:186} INFO - Started process (PID=4655) to work on /home/airflow/.local/lib/python3.12/site-packages/airflow/example_dags/example_branch_labels.py
[2024-10-04T00:20:16.182+0000] {processor.py:914} INFO - Processing file /home/airflow/.local/lib/python3.12/site-packages/airflow/example_dags/example_branch_labels.py for tasks to queue
[2024-10-04T00:20:16.184+0000] {logging_mixin.py:190} INFO - [2024-10-04T00:20:16.184+0000] {dagbag.py:588} INFO - Filling up the DagBag from /home/airflow/.local/lib/python3.12/site-packages/airflow/example_dags/example_branch_labels.py
[2024-10-04T00:20:16.198+0000] {processor.py:925} INFO - DAG(s) 'example_branch_labels' retrieved from /home/airflow/.local/lib/python3.12/site-packages/airflow/example_dags/example_branch_labels.py
[2024-10-04T00:20:16.224+0000] {logging_mixin.py:190} INFO - [2024-10-04T00:20:16.223+0000] {dag.py:3239} INFO - Sync 1 DAGs
[2024-10-04T00:20:16.248+0000] {logging_mixin.py:190} INFO - [2024-10-04T00:20:16.248+0000] {dag.py:4180} INFO - Setting next_dagrun for example_branch_labels to 2024-10-03 00:00:00+00:00, run_after=2024-10-04 00:00:00+00:00
[2024-10-04T00:20:16.264+0000] {processor.py:208} INFO - Processing /home/airflow/.local/lib/python3.12/site-packages/airflow/example_dags/example_branch_labels.py took 0.090 seconds
[2024-10-04T00:20:46.452+0000] {processor.py:186} INFO - Started process (PID=4941) to work on /home/airflow/.local/lib/python3.12/site-packages/airflow/example_dags/example_branch_labels.py
[2024-10-04T00:20:46.453+0000] {processor.py:914} INFO - Processing file /home/airflow/.local/lib/python3.12/site-packages/airflow/example_dags/example_branch_labels.py for tasks to queue
[2024-10-04T00:20:46.456+0000] {logging_mixin.py:190} INFO - [2024-10-04T00:20:46.455+0000] {dagbag.py:588} INFO - Filling up the DagBag from /home/airflow/.local/lib/python3.12/site-packages/airflow/example_dags/example_branch_labels.py
[2024-10-04T00:20:46.464+0000] {processor.py:925} INFO - DAG(s) 'example_branch_labels' retrieved from /home/airflow/.local/lib/python3.12/site-packages/airflow/example_dags/example_branch_labels.py
[2024-10-04T00:20:46.481+0000] {logging_mixin.py:190} INFO - [2024-10-04T00:20:46.480+0000] {dag.py:3239} INFO - Sync 1 DAGs
[2024-10-04T00:20:46.500+0000] {logging_mixin.py:190} INFO - [2024-10-04T00:20:46.500+0000] {dag.py:4180} INFO - Setting next_dagrun for example_branch_labels to 2024-10-03 00:00:00+00:00, run_after=2024-10-04 00:00:00+00:00
[2024-10-04T00:20:46.511+0000] {processor.py:208} INFO - Processing /home/airflow/.local/lib/python3.12/site-packages/airflow/example_dags/example_branch_labels.py took 0.065 seconds
[2024-10-04T00:21:16.989+0000] {processor.py:186} INFO - Started process (PID=5229) to work on /home/airflow/.local/lib/python3.12/site-packages/airflow/example_dags/example_branch_labels.py
[2024-10-04T00:21:16.990+0000] {processor.py:914} INFO - Processing file /home/airflow/.local/lib/python3.12/site-packages/airflow/example_dags/example_branch_labels.py for tasks to queue
[2024-10-04T00:21:16.992+0000] {logging_mixin.py:190} INFO - [2024-10-04T00:21:16.992+0000] {dagbag.py:588} INFO - Filling up the DagBag from /home/airflow/.local/lib/python3.12/site-packages/airflow/example_dags/example_branch_labels.py
[2024-10-04T00:21:17.000+0000] {processor.py:925} INFO - DAG(s) 'example_branch_labels' retrieved from /home/airflow/.local/lib/python3.12/site-packages/airflow/example_dags/example_branch_labels.py
[2024-10-04T00:21:17.017+0000] {logging_mixin.py:190} INFO - [2024-10-04T00:21:17.017+0000] {dag.py:3239} INFO - Sync 1 DAGs
[2024-10-04T00:21:17.034+0000] {logging_mixin.py:190} INFO - [2024-10-04T00:21:17.034+0000] {dag.py:4180} INFO - Setting next_dagrun for example_branch_labels to 2024-10-03 00:00:00+00:00, run_after=2024-10-04 00:00:00+00:00
[2024-10-04T00:21:17.047+0000] {processor.py:208} INFO - Processing /home/airflow/.local/lib/python3.12/site-packages/airflow/example_dags/example_branch_labels.py took 0.064 seconds
[2024-10-04T00:21:47.254+0000] {processor.py:186} INFO - Started process (PID=5515) to work on /home/airflow/.local/lib/python3.12/site-packages/airflow/example_dags/example_branch_labels.py
[2024-10-04T00:21:47.255+0000] {processor.py:914} INFO - Processing file /home/airflow/.local/lib/python3.12/site-packages/airflow/example_dags/example_branch_labels.py for tasks to queue
[2024-10-04T00:21:47.257+0000] {logging_mixin.py:190} INFO - [2024-10-04T00:21:47.257+0000] {dagbag.py:588} INFO - Filling up the DagBag from /home/airflow/.local/lib/python3.12/site-packages/airflow/example_dags/example_branch_labels.py
[2024-10-04T00:21:47.265+0000] {processor.py:925} INFO - DAG(s) 'example_branch_labels' retrieved from /home/airflow/.local/lib/python3.12/site-packages/airflow/example_dags/example_branch_labels.py
[2024-10-04T00:21:47.282+0000] {logging_mixin.py:190} INFO - [2024-10-04T00:21:47.282+0000] {dag.py:3239} INFO - Sync 1 DAGs
[2024-10-04T00:21:47.299+0000] {logging_mixin.py:190} INFO - [2024-10-04T00:21:47.299+0000] {dag.py:4180} INFO - Setting next_dagrun for example_branch_labels to 2024-10-03 00:00:00+00:00, run_after=2024-10-04 00:00:00+00:00
[2024-10-04T00:21:47.312+0000] {processor.py:208} INFO - Processing /home/airflow/.local/lib/python3.12/site-packages/airflow/example_dags/example_branch_labels.py took 0.063 seconds
[2024-10-04T00:22:17.499+0000] {processor.py:186} INFO - Started process (PID=5799) to work on /home/airflow/.local/lib/python3.12/site-packages/airflow/example_dags/example_branch_labels.py
[2024-10-04T00:22:17.500+0000] {processor.py:914} INFO - Processing file /home/airflow/.local/lib/python3.12/site-packages/airflow/example_dags/example_branch_labels.py for tasks to queue
[2024-10-04T00:22:17.502+0000] {logging_mixin.py:190} INFO - [2024-10-04T00:22:17.502+0000] {dagbag.py:588} INFO - Filling up the DagBag from /home/airflow/.local/lib/python3.12/site-packages/airflow/example_dags/example_branch_labels.py
[2024-10-04T00:22:17.511+0000] {processor.py:925} INFO - DAG(s) 'example_branch_labels' retrieved from /home/airflow/.local/lib/python3.12/site-packages/airflow/example_dags/example_branch_labels.py
[2024-10-04T00:22:17.528+0000] {logging_mixin.py:190} INFO - [2024-10-04T00:22:17.528+0000] {dag.py:3239} INFO - Sync 1 DAGs
[2024-10-04T00:22:17.546+0000] {logging_mixin.py:190} INFO - [2024-10-04T00:22:17.545+0000] {dag.py:4180} INFO - Setting next_dagrun for example_branch_labels to 2024-10-03 00:00:00+00:00, run_after=2024-10-04 00:00:00+00:00
[2024-10-04T00:22:17.558+0000] {processor.py:208} INFO - Processing /home/airflow/.local/lib/python3.12/site-packages/airflow/example_dags/example_branch_labels.py took 0.064 seconds
[2024-10-04T00:22:52.842+0000] {processor.py:186} INFO - Started process (PID=6087) to work on /home/airflow/.local/lib/python3.12/site-packages/airflow/example_dags/example_branch_labels.py
[2024-10-04T00:22:52.844+0000] {processor.py:914} INFO - Processing file /home/airflow/.local/lib/python3.12/site-packages/airflow/example_dags/example_branch_labels.py for tasks to queue
[2024-10-04T00:22:52.846+0000] {logging_mixin.py:190} INFO - [2024-10-04T00:22:52.846+0000] {dagbag.py:588} INFO - Filling up the DagBag from /home/airflow/.local/lib/python3.12/site-packages/airflow/example_dags/example_branch_labels.py
[2024-10-04T00:22:52.856+0000] {processor.py:925} INFO - DAG(s) 'example_branch_labels' retrieved from /home/airflow/.local/lib/python3.12/site-packages/airflow/example_dags/example_branch_labels.py
[2024-10-04T00:22:52.876+0000] {logging_mixin.py:190} INFO - [2024-10-04T00:22:52.876+0000] {dag.py:3239} INFO - Sync 1 DAGs
[2024-10-04T00:22:52.898+0000] {logging_mixin.py:190} INFO - [2024-10-04T00:22:52.897+0000] {dag.py:4180} INFO - Setting next_dagrun for example_branch_labels to 2024-10-03 00:00:00+00:00, run_after=2024-10-04 00:00:00+00:00
[2024-10-04T00:22:52.916+0000] {processor.py:208} INFO - Processing /home/airflow/.local/lib/python3.12/site-packages/airflow/example_dags/example_branch_labels.py took 0.080 seconds
[2024-10-04T00:23:23.321+0000] {processor.py:186} INFO - Started process (PID=6373) to work on /home/airflow/.local/lib/python3.12/site-packages/airflow/example_dags/example_branch_labels.py
[2024-10-04T00:23:23.323+0000] {processor.py:914} INFO - Processing file /home/airflow/.local/lib/python3.12/site-packages/airflow/example_dags/example_branch_labels.py for tasks to queue
[2024-10-04T00:23:23.325+0000] {logging_mixin.py:190} INFO - [2024-10-04T00:23:23.324+0000] {dagbag.py:588} INFO - Filling up the DagBag from /home/airflow/.local/lib/python3.12/site-packages/airflow/example_dags/example_branch_labels.py
[2024-10-04T00:23:23.333+0000] {processor.py:925} INFO - DAG(s) 'example_branch_labels' retrieved from /home/airflow/.local/lib/python3.12/site-packages/airflow/example_dags/example_branch_labels.py
[2024-10-04T00:23:23.350+0000] {logging_mixin.py:190} INFO - [2024-10-04T00:23:23.350+0000] {dag.py:3239} INFO - Sync 1 DAGs
[2024-10-04T00:23:23.368+0000] {logging_mixin.py:190} INFO - [2024-10-04T00:23:23.368+0000] {dag.py:4180} INFO - Setting next_dagrun for example_branch_labels to 2024-10-03 00:00:00+00:00, run_after=2024-10-04 00:00:00+00:00
[2024-10-04T00:23:23.380+0000] {processor.py:208} INFO - Processing /home/airflow/.local/lib/python3.12/site-packages/airflow/example_dags/example_branch_labels.py took 0.066 seconds
[2024-10-04T00:23:53.513+0000] {processor.py:186} INFO - Started process (PID=6657) to work on /home/airflow/.local/lib/python3.12/site-packages/airflow/example_dags/example_branch_labels.py
[2024-10-04T00:23:53.515+0000] {processor.py:914} INFO - Processing file /home/airflow/.local/lib/python3.12/site-packages/airflow/example_dags/example_branch_labels.py for tasks to queue
[2024-10-04T00:23:53.518+0000] {logging_mixin.py:190} INFO - [2024-10-04T00:23:53.517+0000] {dagbag.py:588} INFO - Filling up the DagBag from /home/airflow/.local/lib/python3.12/site-packages/airflow/example_dags/example_branch_labels.py
[2024-10-04T00:23:53.528+0000] {processor.py:925} INFO - DAG(s) 'example_branch_labels' retrieved from /home/airflow/.local/lib/python3.12/site-packages/airflow/example_dags/example_branch_labels.py
[2024-10-04T00:23:53.549+0000] {logging_mixin.py:190} INFO - [2024-10-04T00:23:53.549+0000] {dag.py:3239} INFO - Sync 1 DAGs
[2024-10-04T00:23:53.569+0000] {logging_mixin.py:190} INFO - [2024-10-04T00:23:53.569+0000] {dag.py:4180} INFO - Setting next_dagrun for example_branch_labels to 2024-10-03 00:00:00+00:00, run_after=2024-10-04 00:00:00+00:00
[2024-10-04T00:23:53.583+0000] {processor.py:208} INFO - Processing /home/airflow/.local/lib/python3.12/site-packages/airflow/example_dags/example_branch_labels.py took 0.077 seconds
[2024-10-04T00:24:24.245+0000] {processor.py:186} INFO - Started process (PID=6945) to work on /home/airflow/.local/lib/python3.12/site-packages/airflow/example_dags/example_branch_labels.py
[2024-10-04T00:24:24.246+0000] {processor.py:914} INFO - Processing file /home/airflow/.local/lib/python3.12/site-packages/airflow/example_dags/example_branch_labels.py for tasks to queue
[2024-10-04T00:24:24.248+0000] {logging_mixin.py:190} INFO - [2024-10-04T00:24:24.248+0000] {dagbag.py:588} INFO - Filling up the DagBag from /home/airflow/.local/lib/python3.12/site-packages/airflow/example_dags/example_branch_labels.py
[2024-10-04T00:24:24.257+0000] {processor.py:925} INFO - DAG(s) 'example_branch_labels' retrieved from /home/airflow/.local/lib/python3.12/site-packages/airflow/example_dags/example_branch_labels.py
[2024-10-04T00:24:24.273+0000] {logging_mixin.py:190} INFO - [2024-10-04T00:24:24.273+0000] {dag.py:3239} INFO - Sync 1 DAGs
[2024-10-04T00:24:24.291+0000] {logging_mixin.py:190} INFO - [2024-10-04T00:24:24.291+0000] {dag.py:4180} INFO - Setting next_dagrun for example_branch_labels to 2024-10-03 00:00:00+00:00, run_after=2024-10-04 00:00:00+00:00
[2024-10-04T00:24:24.303+0000] {processor.py:208} INFO - Processing /home/airflow/.local/lib/python3.12/site-packages/airflow/example_dags/example_branch_labels.py took 0.063 seconds
[2024-10-04T00:24:54.735+0000] {processor.py:186} INFO - Started process (PID=7229) to work on /home/airflow/.local/lib/python3.12/site-packages/airflow/example_dags/example_branch_labels.py
[2024-10-04T00:24:54.737+0000] {processor.py:914} INFO - Processing file /home/airflow/.local/lib/python3.12/site-packages/airflow/example_dags/example_branch_labels.py for tasks to queue
[2024-10-04T00:24:54.740+0000] {logging_mixin.py:190} INFO - [2024-10-04T00:24:54.740+0000] {dagbag.py:588} INFO - Filling up the DagBag from /home/airflow/.local/lib/python3.12/site-packages/airflow/example_dags/example_branch_labels.py
[2024-10-04T00:24:54.755+0000] {processor.py:925} INFO - DAG(s) 'example_branch_labels' retrieved from /home/airflow/.local/lib/python3.12/site-packages/airflow/example_dags/example_branch_labels.py
[2024-10-04T00:24:54.799+0000] {logging_mixin.py:190} INFO - [2024-10-04T00:24:54.798+0000] {dag.py:3239} INFO - Sync 1 DAGs
[2024-10-04T00:24:54.828+0000] {logging_mixin.py:190} INFO - [2024-10-04T00:24:54.828+0000] {dag.py:4180} INFO - Setting next_dagrun for example_branch_labels to 2024-10-03 00:00:00+00:00, run_after=2024-10-04 00:00:00+00:00
[2024-10-04T00:24:54.854+0000] {processor.py:208} INFO - Processing /home/airflow/.local/lib/python3.12/site-packages/airflow/example_dags/example_branch_labels.py took 0.129 seconds
[2024-10-04T00:25:25.686+0000] {processor.py:186} INFO - Started process (PID=7517) to work on /home/airflow/.local/lib/python3.12/site-packages/airflow/example_dags/example_branch_labels.py
[2024-10-04T00:25:25.687+0000] {processor.py:914} INFO - Processing file /home/airflow/.local/lib/python3.12/site-packages/airflow/example_dags/example_branch_labels.py for tasks to queue
[2024-10-04T00:25:25.689+0000] {logging_mixin.py:190} INFO - [2024-10-04T00:25:25.689+0000] {dagbag.py:588} INFO - Filling up the DagBag from /home/airflow/.local/lib/python3.12/site-packages/airflow/example_dags/example_branch_labels.py
[2024-10-04T00:25:25.698+0000] {processor.py:925} INFO - DAG(s) 'example_branch_labels' retrieved from /home/airflow/.local/lib/python3.12/site-packages/airflow/example_dags/example_branch_labels.py
[2024-10-04T00:25:25.719+0000] {logging_mixin.py:190} INFO - [2024-10-04T00:25:25.719+0000] {dag.py:3239} INFO - Sync 1 DAGs
[2024-10-04T00:25:25.742+0000] {logging_mixin.py:190} INFO - [2024-10-04T00:25:25.741+0000] {dag.py:4180} INFO - Setting next_dagrun for example_branch_labels to 2024-10-03 00:00:00+00:00, run_after=2024-10-04 00:00:00+00:00
[2024-10-04T00:25:25.756+0000] {processor.py:208} INFO - Processing /home/airflow/.local/lib/python3.12/site-packages/airflow/example_dags/example_branch_labels.py took 0.076 seconds
[2024-10-04T00:25:56.313+0000] {processor.py:186} INFO - Started process (PID=7803) to work on /home/airflow/.local/lib/python3.12/site-packages/airflow/example_dags/example_branch_labels.py
[2024-10-04T00:25:56.315+0000] {processor.py:914} INFO - Processing file /home/airflow/.local/lib/python3.12/site-packages/airflow/example_dags/example_branch_labels.py for tasks to queue
[2024-10-04T00:25:56.317+0000] {logging_mixin.py:190} INFO - [2024-10-04T00:25:56.317+0000] {dagbag.py:588} INFO - Filling up the DagBag from /home/airflow/.local/lib/python3.12/site-packages/airflow/example_dags/example_branch_labels.py
[2024-10-04T00:25:56.326+0000] {processor.py:925} INFO - DAG(s) 'example_branch_labels' retrieved from /home/airflow/.local/lib/python3.12/site-packages/airflow/example_dags/example_branch_labels.py
[2024-10-04T00:25:56.344+0000] {logging_mixin.py:190} INFO - [2024-10-04T00:25:56.344+0000] {dag.py:3239} INFO - Sync 1 DAGs
[2024-10-04T00:25:56.364+0000] {logging_mixin.py:190} INFO - [2024-10-04T00:25:56.364+0000] {dag.py:4180} INFO - Setting next_dagrun for example_branch_labels to 2024-10-03 00:00:00+00:00, run_after=2024-10-04 00:00:00+00:00
[2024-10-04T00:25:56.376+0000] {processor.py:208} INFO - Processing /home/airflow/.local/lib/python3.12/site-packages/airflow/example_dags/example_branch_labels.py took 0.068 seconds
[2024-10-04T00:26:26.599+0000] {processor.py:186} INFO - Started process (PID=8089) to work on /home/airflow/.local/lib/python3.12/site-packages/airflow/example_dags/example_branch_labels.py
[2024-10-04T00:26:26.600+0000] {processor.py:914} INFO - Processing file /home/airflow/.local/lib/python3.12/site-packages/airflow/example_dags/example_branch_labels.py for tasks to queue
[2024-10-04T00:26:26.602+0000] {logging_mixin.py:190} INFO - [2024-10-04T00:26:26.602+0000] {dagbag.py:588} INFO - Filling up the DagBag from /home/airflow/.local/lib/python3.12/site-packages/airflow/example_dags/example_branch_labels.py
[2024-10-04T00:26:26.611+0000] {processor.py:925} INFO - DAG(s) 'example_branch_labels' retrieved from /home/airflow/.local/lib/python3.12/site-packages/airflow/example_dags/example_branch_labels.py
[2024-10-04T00:26:26.627+0000] {logging_mixin.py:190} INFO - [2024-10-04T00:26:26.626+0000] {dag.py:3239} INFO - Sync 1 DAGs
[2024-10-04T00:26:26.645+0000] {logging_mixin.py:190} INFO - [2024-10-04T00:26:26.645+0000] {dag.py:4180} INFO - Setting next_dagrun for example_branch_labels to 2024-10-03 00:00:00+00:00, run_after=2024-10-04 00:00:00+00:00
[2024-10-04T00:26:26.657+0000] {processor.py:208} INFO - Processing /home/airflow/.local/lib/python3.12/site-packages/airflow/example_dags/example_branch_labels.py took 0.064 seconds
[2024-10-04T00:26:56.855+0000] {processor.py:186} INFO - Started process (PID=8373) to work on /home/airflow/.local/lib/python3.12/site-packages/airflow/example_dags/example_branch_labels.py
[2024-10-04T00:26:56.856+0000] {processor.py:914} INFO - Processing file /home/airflow/.local/lib/python3.12/site-packages/airflow/example_dags/example_branch_labels.py for tasks to queue
[2024-10-04T00:26:56.858+0000] {logging_mixin.py:190} INFO - [2024-10-04T00:26:56.858+0000] {dagbag.py:588} INFO - Filling up the DagBag from /home/airflow/.local/lib/python3.12/site-packages/airflow/example_dags/example_branch_labels.py
[2024-10-04T00:26:56.867+0000] {processor.py:925} INFO - DAG(s) 'example_branch_labels' retrieved from /home/airflow/.local/lib/python3.12/site-packages/airflow/example_dags/example_branch_labels.py
[2024-10-04T00:26:56.884+0000] {logging_mixin.py:190} INFO - [2024-10-04T00:26:56.884+0000] {dag.py:3239} INFO - Sync 1 DAGs
[2024-10-04T00:26:56.905+0000] {logging_mixin.py:190} INFO - [2024-10-04T00:26:56.905+0000] {dag.py:4180} INFO - Setting next_dagrun for example_branch_labels to 2024-10-03 00:00:00+00:00, run_after=2024-10-04 00:00:00+00:00
[2024-10-04T00:26:56.919+0000] {processor.py:208} INFO - Processing /home/airflow/.local/lib/python3.12/site-packages/airflow/example_dags/example_branch_labels.py took 0.069 seconds
[2024-10-04T00:27:27.012+0000] {processor.py:186} INFO - Started process (PID=8659) to work on /home/airflow/.local/lib/python3.12/site-packages/airflow/example_dags/example_branch_labels.py
[2024-10-04T00:27:27.013+0000] {processor.py:914} INFO - Processing file /home/airflow/.local/lib/python3.12/site-packages/airflow/example_dags/example_branch_labels.py for tasks to queue
[2024-10-04T00:27:27.015+0000] {logging_mixin.py:190} INFO - [2024-10-04T00:27:27.015+0000] {dagbag.py:588} INFO - Filling up the DagBag from /home/airflow/.local/lib/python3.12/site-packages/airflow/example_dags/example_branch_labels.py
[2024-10-04T00:27:27.024+0000] {processor.py:925} INFO - DAG(s) 'example_branch_labels' retrieved from /home/airflow/.local/lib/python3.12/site-packages/airflow/example_dags/example_branch_labels.py
[2024-10-04T00:27:27.042+0000] {logging_mixin.py:190} INFO - [2024-10-04T00:27:27.041+0000] {dag.py:3239} INFO - Sync 1 DAGs
[2024-10-04T00:27:27.059+0000] {logging_mixin.py:190} INFO - [2024-10-04T00:27:27.059+0000] {dag.py:4180} INFO - Setting next_dagrun for example_branch_labels to 2024-10-03 00:00:00+00:00, run_after=2024-10-04 00:00:00+00:00
[2024-10-04T00:27:27.073+0000] {processor.py:208} INFO - Processing /home/airflow/.local/lib/python3.12/site-packages/airflow/example_dags/example_branch_labels.py took 0.066 seconds
[2024-10-04T00:27:57.585+0000] {processor.py:186} INFO - Started process (PID=8947) to work on /home/airflow/.local/lib/python3.12/site-packages/airflow/example_dags/example_branch_labels.py
[2024-10-04T00:27:57.586+0000] {processor.py:914} INFO - Processing file /home/airflow/.local/lib/python3.12/site-packages/airflow/example_dags/example_branch_labels.py for tasks to queue
[2024-10-04T00:27:57.588+0000] {logging_mixin.py:190} INFO - [2024-10-04T00:27:57.587+0000] {dagbag.py:588} INFO - Filling up the DagBag from /home/airflow/.local/lib/python3.12/site-packages/airflow/example_dags/example_branch_labels.py
[2024-10-04T00:27:57.596+0000] {processor.py:925} INFO - DAG(s) 'example_branch_labels' retrieved from /home/airflow/.local/lib/python3.12/site-packages/airflow/example_dags/example_branch_labels.py
[2024-10-04T00:27:57.613+0000] {logging_mixin.py:190} INFO - [2024-10-04T00:27:57.613+0000] {dag.py:3239} INFO - Sync 1 DAGs
[2024-10-04T00:27:57.630+0000] {logging_mixin.py:190} INFO - [2024-10-04T00:27:57.630+0000] {dag.py:4180} INFO - Setting next_dagrun for example_branch_labels to 2024-10-03 00:00:00+00:00, run_after=2024-10-04 00:00:00+00:00
[2024-10-04T00:27:57.642+0000] {processor.py:208} INFO - Processing /home/airflow/.local/lib/python3.12/site-packages/airflow/example_dags/example_branch_labels.py took 0.063 seconds
[2024-10-04T00:28:27.809+0000] {processor.py:186} INFO - Started process (PID=9233) to work on /home/airflow/.local/lib/python3.12/site-packages/airflow/example_dags/example_branch_labels.py
[2024-10-04T00:28:27.810+0000] {processor.py:914} INFO - Processing file /home/airflow/.local/lib/python3.12/site-packages/airflow/example_dags/example_branch_labels.py for tasks to queue
[2024-10-04T00:28:27.812+0000] {logging_mixin.py:190} INFO - [2024-10-04T00:28:27.812+0000] {dagbag.py:588} INFO - Filling up the DagBag from /home/airflow/.local/lib/python3.12/site-packages/airflow/example_dags/example_branch_labels.py
[2024-10-04T00:28:27.821+0000] {processor.py:925} INFO - DAG(s) 'example_branch_labels' retrieved from /home/airflow/.local/lib/python3.12/site-packages/airflow/example_dags/example_branch_labels.py
[2024-10-04T00:28:27.839+0000] {logging_mixin.py:190} INFO - [2024-10-04T00:28:27.839+0000] {dag.py:3239} INFO - Sync 1 DAGs
[2024-10-04T00:28:27.858+0000] {logging_mixin.py:190} INFO - [2024-10-04T00:28:27.858+0000] {dag.py:4180} INFO - Setting next_dagrun for example_branch_labels to 2024-10-03 00:00:00+00:00, run_after=2024-10-04 00:00:00+00:00
[2024-10-04T00:28:27.870+0000] {processor.py:208} INFO - Processing /home/airflow/.local/lib/python3.12/site-packages/airflow/example_dags/example_branch_labels.py took 0.066 seconds
