[2024-10-04T00:12:30.720+0000] {processor.py:186} INFO - Started process (PID=176) to work on /home/airflow/.local/lib/python3.12/site-packages/airflow/example_dags/example_dataset_alias_with_no_taskflow.py
[2024-10-04T00:12:30.721+0000] {processor.py:914} INFO - Processing file /home/airflow/.local/lib/python3.12/site-packages/airflow/example_dags/example_dataset_alias_with_no_taskflow.py for tasks to queue
[2024-10-04T00:12:30.724+0000] {logging_mixin.py:190} INFO - [2024-10-04T00:12:30.723+0000] {dagbag.py:588} INFO - Filling up the DagBag from /home/airflow/.local/lib/python3.12/site-packages/airflow/example_dags/example_dataset_alias_with_no_taskflow.py
[2024-10-04T00:12:31.227+0000] {processor.py:925} INFO - DAG(s) 'dataset_alias_example_alias_producer_with_no_taskflow', 'dataset_s3_bucket_consumer_with_no_taskflow', 'dataset_alias_example_alias_consumer_with_no_taskflow', 'dataset_s3_bucket_producer_with_no_taskflow' retrieved from /home/airflow/.local/lib/python3.12/site-packages/airflow/example_dags/example_dataset_alias_with_no_taskflow.py
[2024-10-04T00:12:31.317+0000] {logging_mixin.py:190} INFO - [2024-10-04T00:12:31.316+0000] {override.py:1900} INFO - Created Permission View: can read on DAG:dataset_alias_example_alias_producer_with_no_taskflow
[2024-10-04T00:12:31.323+0000] {logging_mixin.py:190} INFO - [2024-10-04T00:12:31.323+0000] {override.py:1900} INFO - Created Permission View: can delete on DAG:dataset_alias_example_alias_producer_with_no_taskflow
[2024-10-04T00:12:31.327+0000] {logging_mixin.py:190} INFO - [2024-10-04T00:12:31.327+0000] {override.py:1900} INFO - Created Permission View: can edit on DAG:dataset_alias_example_alias_producer_with_no_taskflow
[2024-10-04T00:12:31.331+0000] {logging_mixin.py:190} INFO - [2024-10-04T00:12:31.331+0000] {override.py:1900} INFO - Created Permission View: menu access on DAG Run:dataset_alias_example_alias_producer_with_no_taskflow
[2024-10-04T00:12:31.335+0000] {logging_mixin.py:190} INFO - [2024-10-04T00:12:31.334+0000] {override.py:1900} INFO - Created Permission View: can read on DAG Run:dataset_alias_example_alias_producer_with_no_taskflow
[2024-10-04T00:12:31.339+0000] {logging_mixin.py:190} INFO - [2024-10-04T00:12:31.338+0000] {override.py:1900} INFO - Created Permission View: can delete on DAG Run:dataset_alias_example_alias_producer_with_no_taskflow
[2024-10-04T00:12:31.342+0000] {logging_mixin.py:190} INFO - [2024-10-04T00:12:31.342+0000] {override.py:1900} INFO - Created Permission View: can create on DAG Run:dataset_alias_example_alias_producer_with_no_taskflow
[2024-10-04T00:12:31.361+0000] {logging_mixin.py:190} INFO - [2024-10-04T00:12:31.361+0000] {override.py:1900} INFO - Created Permission View: can read on DAG:dataset_s3_bucket_consumer_with_no_taskflow
[2024-10-04T00:12:31.370+0000] {logging_mixin.py:190} INFO - [2024-10-04T00:12:31.369+0000] {override.py:1900} INFO - Created Permission View: can delete on DAG:dataset_s3_bucket_consumer_with_no_taskflow
[2024-10-04T00:12:31.393+0000] {logging_mixin.py:190} INFO - [2024-10-04T00:12:31.393+0000] {override.py:1900} INFO - Created Permission View: can edit on DAG:dataset_s3_bucket_consumer_with_no_taskflow
[2024-10-04T00:12:31.401+0000] {logging_mixin.py:190} INFO - [2024-10-04T00:12:31.400+0000] {override.py:1900} INFO - Created Permission View: menu access on DAG Run:dataset_s3_bucket_consumer_with_no_taskflow
[2024-10-04T00:12:31.405+0000] {logging_mixin.py:190} INFO - [2024-10-04T00:12:31.405+0000] {override.py:1900} INFO - Created Permission View: can read on DAG Run:dataset_s3_bucket_consumer_with_no_taskflow
[2024-10-04T00:12:31.409+0000] {logging_mixin.py:190} INFO - [2024-10-04T00:12:31.409+0000] {override.py:1900} INFO - Created Permission View: can delete on DAG Run:dataset_s3_bucket_consumer_with_no_taskflow
[2024-10-04T00:12:31.414+0000] {logging_mixin.py:190} INFO - [2024-10-04T00:12:31.413+0000] {override.py:1900} INFO - Created Permission View: can create on DAG Run:dataset_s3_bucket_consumer_with_no_taskflow
[2024-10-04T00:12:31.421+0000] {logging_mixin.py:190} INFO - [2024-10-04T00:12:31.421+0000] {override.py:1900} INFO - Created Permission View: can read on DAG:dataset_alias_example_alias_consumer_with_no_taskflow
[2024-10-04T00:12:31.425+0000] {logging_mixin.py:190} INFO - [2024-10-04T00:12:31.425+0000] {override.py:1900} INFO - Created Permission View: can delete on DAG:dataset_alias_example_alias_consumer_with_no_taskflow
[2024-10-04T00:12:31.429+0000] {logging_mixin.py:190} INFO - [2024-10-04T00:12:31.429+0000] {override.py:1900} INFO - Created Permission View: can edit on DAG:dataset_alias_example_alias_consumer_with_no_taskflow
[2024-10-04T00:12:31.434+0000] {logging_mixin.py:190} INFO - [2024-10-04T00:12:31.433+0000] {override.py:1900} INFO - Created Permission View: menu access on DAG Run:dataset_alias_example_alias_consumer_with_no_taskflow
[2024-10-04T00:12:31.438+0000] {logging_mixin.py:190} INFO - [2024-10-04T00:12:31.438+0000] {override.py:1900} INFO - Created Permission View: can read on DAG Run:dataset_alias_example_alias_consumer_with_no_taskflow
[2024-10-04T00:12:31.443+0000] {logging_mixin.py:190} INFO - [2024-10-04T00:12:31.442+0000] {override.py:1900} INFO - Created Permission View: can delete on DAG Run:dataset_alias_example_alias_consumer_with_no_taskflow
[2024-10-04T00:12:31.447+0000] {logging_mixin.py:190} INFO - [2024-10-04T00:12:31.446+0000] {override.py:1900} INFO - Created Permission View: can create on DAG Run:dataset_alias_example_alias_consumer_with_no_taskflow
[2024-10-04T00:12:31.454+0000] {logging_mixin.py:190} INFO - [2024-10-04T00:12:31.454+0000] {override.py:1900} INFO - Created Permission View: can read on DAG:dataset_s3_bucket_producer_with_no_taskflow
[2024-10-04T00:12:31.458+0000] {logging_mixin.py:190} INFO - [2024-10-04T00:12:31.457+0000] {override.py:1900} INFO - Created Permission View: can delete on DAG:dataset_s3_bucket_producer_with_no_taskflow
[2024-10-04T00:12:31.461+0000] {logging_mixin.py:190} INFO - [2024-10-04T00:12:31.461+0000] {override.py:1900} INFO - Created Permission View: can edit on DAG:dataset_s3_bucket_producer_with_no_taskflow
[2024-10-04T00:12:31.465+0000] {logging_mixin.py:190} INFO - [2024-10-04T00:12:31.465+0000] {override.py:1900} INFO - Created Permission View: menu access on DAG Run:dataset_s3_bucket_producer_with_no_taskflow
[2024-10-04T00:12:31.469+0000] {logging_mixin.py:190} INFO - [2024-10-04T00:12:31.469+0000] {override.py:1900} INFO - Created Permission View: can read on DAG Run:dataset_s3_bucket_producer_with_no_taskflow
[2024-10-04T00:12:31.472+0000] {logging_mixin.py:190} INFO - [2024-10-04T00:12:31.472+0000] {override.py:1900} INFO - Created Permission View: can delete on DAG Run:dataset_s3_bucket_producer_with_no_taskflow
[2024-10-04T00:12:31.476+0000] {logging_mixin.py:190} INFO - [2024-10-04T00:12:31.476+0000] {override.py:1900} INFO - Created Permission View: can create on DAG Run:dataset_s3_bucket_producer_with_no_taskflow
[2024-10-04T00:12:31.477+0000] {logging_mixin.py:190} INFO - [2024-10-04T00:12:31.476+0000] {dag.py:3239} INFO - Sync 4 DAGs
[2024-10-04T00:12:31.487+0000] {logging_mixin.py:190} INFO - [2024-10-04T00:12:31.487+0000] {dag.py:3262} INFO - Creating ORM DAG for dataset_s3_bucket_producer_with_no_taskflow
[2024-10-04T00:12:31.488+0000] {logging_mixin.py:190} INFO - [2024-10-04T00:12:31.488+0000] {dag.py:3262} INFO - Creating ORM DAG for dataset_alias_example_alias_producer_with_no_taskflow
[2024-10-04T00:12:31.488+0000] {logging_mixin.py:190} INFO - [2024-10-04T00:12:31.488+0000] {dag.py:3262} INFO - Creating ORM DAG for dataset_alias_example_alias_consumer_with_no_taskflow
[2024-10-04T00:12:31.489+0000] {logging_mixin.py:190} INFO - [2024-10-04T00:12:31.489+0000] {dag.py:3262} INFO - Creating ORM DAG for dataset_s3_bucket_consumer_with_no_taskflow
[2024-10-04T00:12:31.498+0000] {logging_mixin.py:190} INFO - [2024-10-04T00:12:31.498+0000] {dag.py:4180} INFO - Setting next_dagrun for dataset_alias_example_alias_consumer_with_no_taskflow to None, run_after=None
[2024-10-04T00:12:31.499+0000] {logging_mixin.py:190} INFO - [2024-10-04T00:12:31.499+0000] {dag.py:4180} INFO - Setting next_dagrun for dataset_alias_example_alias_producer_with_no_taskflow to None, run_after=None
[2024-10-04T00:12:31.500+0000] {logging_mixin.py:190} INFO - [2024-10-04T00:12:31.500+0000] {dag.py:4180} INFO - Setting next_dagrun for dataset_s3_bucket_consumer_with_no_taskflow to None, run_after=None
[2024-10-04T00:12:31.500+0000] {logging_mixin.py:190} INFO - [2024-10-04T00:12:31.500+0000] {dag.py:4180} INFO - Setting next_dagrun for dataset_s3_bucket_producer_with_no_taskflow to None, run_after=None
[2024-10-04T00:12:31.527+0000] {processor.py:208} INFO - Processing /home/airflow/.local/lib/python3.12/site-packages/airflow/example_dags/example_dataset_alias_with_no_taskflow.py took 0.813 seconds
[2024-10-04T00:13:02.488+0000] {processor.py:186} INFO - Started process (PID=477) to work on /home/airflow/.local/lib/python3.12/site-packages/airflow/example_dags/example_dataset_alias_with_no_taskflow.py
[2024-10-04T00:13:02.490+0000] {processor.py:914} INFO - Processing file /home/airflow/.local/lib/python3.12/site-packages/airflow/example_dags/example_dataset_alias_with_no_taskflow.py for tasks to queue
[2024-10-04T00:13:02.493+0000] {logging_mixin.py:190} INFO - [2024-10-04T00:13:02.493+0000] {dagbag.py:588} INFO - Filling up the DagBag from /home/airflow/.local/lib/python3.12/site-packages/airflow/example_dags/example_dataset_alias_with_no_taskflow.py
[2024-10-04T00:13:02.683+0000] {processor.py:925} INFO - DAG(s) 'dataset_s3_bucket_producer_with_no_taskflow', 'dataset_s3_bucket_consumer_with_no_taskflow', 'dataset_alias_example_alias_producer_with_no_taskflow', 'dataset_alias_example_alias_consumer_with_no_taskflow' retrieved from /home/airflow/.local/lib/python3.12/site-packages/airflow/example_dags/example_dataset_alias_with_no_taskflow.py
[2024-10-04T00:13:02.700+0000] {logging_mixin.py:190} INFO - [2024-10-04T00:13:02.700+0000] {dag.py:3239} INFO - Sync 4 DAGs
[2024-10-04T00:13:02.722+0000] {logging_mixin.py:190} INFO - [2024-10-04T00:13:02.722+0000] {dag.py:4180} INFO - Setting next_dagrun for dataset_alias_example_alias_consumer_with_no_taskflow to None, run_after=None
[2024-10-04T00:13:02.725+0000] {logging_mixin.py:190} INFO - [2024-10-04T00:13:02.725+0000] {dag.py:4180} INFO - Setting next_dagrun for dataset_alias_example_alias_producer_with_no_taskflow to None, run_after=None
[2024-10-04T00:13:02.726+0000] {logging_mixin.py:190} INFO - [2024-10-04T00:13:02.726+0000] {dag.py:4180} INFO - Setting next_dagrun for dataset_s3_bucket_consumer_with_no_taskflow to None, run_after=None
[2024-10-04T00:13:02.727+0000] {logging_mixin.py:190} INFO - [2024-10-04T00:13:02.727+0000] {dag.py:4180} INFO - Setting next_dagrun for dataset_s3_bucket_producer_with_no_taskflow to None, run_after=None
[2024-10-04T00:13:02.743+0000] {processor.py:208} INFO - Processing /home/airflow/.local/lib/python3.12/site-packages/airflow/example_dags/example_dataset_alias_with_no_taskflow.py took 0.264 seconds
[2024-10-04T00:13:33.198+0000] {processor.py:186} INFO - Started process (PID=763) to work on /home/airflow/.local/lib/python3.12/site-packages/airflow/example_dags/example_dataset_alias_with_no_taskflow.py
[2024-10-04T00:13:33.200+0000] {processor.py:914} INFO - Processing file /home/airflow/.local/lib/python3.12/site-packages/airflow/example_dags/example_dataset_alias_with_no_taskflow.py for tasks to queue
[2024-10-04T00:13:33.202+0000] {logging_mixin.py:190} INFO - [2024-10-04T00:13:33.202+0000] {dagbag.py:588} INFO - Filling up the DagBag from /home/airflow/.local/lib/python3.12/site-packages/airflow/example_dags/example_dataset_alias_with_no_taskflow.py
[2024-10-04T00:13:33.349+0000] {processor.py:925} INFO - DAG(s) 'dataset_s3_bucket_consumer_with_no_taskflow', 'dataset_alias_example_alias_producer_with_no_taskflow', 'dataset_alias_example_alias_consumer_with_no_taskflow', 'dataset_s3_bucket_producer_with_no_taskflow' retrieved from /home/airflow/.local/lib/python3.12/site-packages/airflow/example_dags/example_dataset_alias_with_no_taskflow.py
[2024-10-04T00:13:33.365+0000] {logging_mixin.py:190} INFO - [2024-10-04T00:13:33.365+0000] {dag.py:3239} INFO - Sync 4 DAGs
[2024-10-04T00:13:33.385+0000] {logging_mixin.py:190} INFO - [2024-10-04T00:13:33.385+0000] {dag.py:4180} INFO - Setting next_dagrun for dataset_alias_example_alias_consumer_with_no_taskflow to None, run_after=None
[2024-10-04T00:13:33.387+0000] {logging_mixin.py:190} INFO - [2024-10-04T00:13:33.387+0000] {dag.py:4180} INFO - Setting next_dagrun for dataset_alias_example_alias_producer_with_no_taskflow to None, run_after=None
[2024-10-04T00:13:33.388+0000] {logging_mixin.py:190} INFO - [2024-10-04T00:13:33.388+0000] {dag.py:4180} INFO - Setting next_dagrun for dataset_s3_bucket_consumer_with_no_taskflow to None, run_after=None
[2024-10-04T00:13:33.389+0000] {logging_mixin.py:190} INFO - [2024-10-04T00:13:33.389+0000] {dag.py:4180} INFO - Setting next_dagrun for dataset_s3_bucket_producer_with_no_taskflow to None, run_after=None
[2024-10-04T00:13:33.416+0000] {processor.py:208} INFO - Processing /home/airflow/.local/lib/python3.12/site-packages/airflow/example_dags/example_dataset_alias_with_no_taskflow.py took 0.226 seconds
[2024-10-04T00:14:03.631+0000] {processor.py:186} INFO - Started process (PID=1049) to work on /home/airflow/.local/lib/python3.12/site-packages/airflow/example_dags/example_dataset_alias_with_no_taskflow.py
[2024-10-04T00:14:03.633+0000] {processor.py:914} INFO - Processing file /home/airflow/.local/lib/python3.12/site-packages/airflow/example_dags/example_dataset_alias_with_no_taskflow.py for tasks to queue
[2024-10-04T00:14:03.636+0000] {logging_mixin.py:190} INFO - [2024-10-04T00:14:03.635+0000] {dagbag.py:588} INFO - Filling up the DagBag from /home/airflow/.local/lib/python3.12/site-packages/airflow/example_dags/example_dataset_alias_with_no_taskflow.py
[2024-10-04T00:14:03.807+0000] {processor.py:925} INFO - DAG(s) 'dataset_s3_bucket_consumer_with_no_taskflow', 'dataset_s3_bucket_producer_with_no_taskflow', 'dataset_alias_example_alias_consumer_with_no_taskflow', 'dataset_alias_example_alias_producer_with_no_taskflow' retrieved from /home/airflow/.local/lib/python3.12/site-packages/airflow/example_dags/example_dataset_alias_with_no_taskflow.py
[2024-10-04T00:14:03.823+0000] {logging_mixin.py:190} INFO - [2024-10-04T00:14:03.823+0000] {dag.py:3239} INFO - Sync 4 DAGs
[2024-10-04T00:14:03.843+0000] {logging_mixin.py:190} INFO - [2024-10-04T00:14:03.843+0000] {dag.py:4180} INFO - Setting next_dagrun for dataset_alias_example_alias_consumer_with_no_taskflow to None, run_after=None
[2024-10-04T00:14:03.845+0000] {logging_mixin.py:190} INFO - [2024-10-04T00:14:03.845+0000] {dag.py:4180} INFO - Setting next_dagrun for dataset_alias_example_alias_producer_with_no_taskflow to None, run_after=None
[2024-10-04T00:14:03.846+0000] {logging_mixin.py:190} INFO - [2024-10-04T00:14:03.846+0000] {dag.py:4180} INFO - Setting next_dagrun for dataset_s3_bucket_consumer_with_no_taskflow to None, run_after=None
[2024-10-04T00:14:03.847+0000] {logging_mixin.py:190} INFO - [2024-10-04T00:14:03.847+0000] {dag.py:4180} INFO - Setting next_dagrun for dataset_s3_bucket_producer_with_no_taskflow to None, run_after=None
[2024-10-04T00:14:03.863+0000] {processor.py:208} INFO - Processing /home/airflow/.local/lib/python3.12/site-packages/airflow/example_dags/example_dataset_alias_with_no_taskflow.py took 0.241 seconds
[2024-10-04T00:14:34.460+0000] {processor.py:186} INFO - Started process (PID=1335) to work on /home/airflow/.local/lib/python3.12/site-packages/airflow/example_dags/example_dataset_alias_with_no_taskflow.py
[2024-10-04T00:14:34.461+0000] {processor.py:914} INFO - Processing file /home/airflow/.local/lib/python3.12/site-packages/airflow/example_dags/example_dataset_alias_with_no_taskflow.py for tasks to queue
[2024-10-04T00:14:34.464+0000] {logging_mixin.py:190} INFO - [2024-10-04T00:14:34.464+0000] {dagbag.py:588} INFO - Filling up the DagBag from /home/airflow/.local/lib/python3.12/site-packages/airflow/example_dags/example_dataset_alias_with_no_taskflow.py
[2024-10-04T00:14:34.624+0000] {processor.py:925} INFO - DAG(s) 'dataset_alias_example_alias_producer_with_no_taskflow', 'dataset_s3_bucket_consumer_with_no_taskflow', 'dataset_alias_example_alias_consumer_with_no_taskflow', 'dataset_s3_bucket_producer_with_no_taskflow' retrieved from /home/airflow/.local/lib/python3.12/site-packages/airflow/example_dags/example_dataset_alias_with_no_taskflow.py
[2024-10-04T00:14:34.642+0000] {logging_mixin.py:190} INFO - [2024-10-04T00:14:34.642+0000] {dag.py:3239} INFO - Sync 4 DAGs
[2024-10-04T00:14:34.671+0000] {logging_mixin.py:190} INFO - [2024-10-04T00:14:34.671+0000] {dag.py:4180} INFO - Setting next_dagrun for dataset_alias_example_alias_consumer_with_no_taskflow to None, run_after=None
[2024-10-04T00:14:34.674+0000] {logging_mixin.py:190} INFO - [2024-10-04T00:14:34.674+0000] {dag.py:4180} INFO - Setting next_dagrun for dataset_alias_example_alias_producer_with_no_taskflow to None, run_after=None
[2024-10-04T00:14:34.675+0000] {logging_mixin.py:190} INFO - [2024-10-04T00:14:34.675+0000] {dag.py:4180} INFO - Setting next_dagrun for dataset_s3_bucket_consumer_with_no_taskflow to None, run_after=None
[2024-10-04T00:14:34.676+0000] {logging_mixin.py:190} INFO - [2024-10-04T00:14:34.676+0000] {dag.py:4180} INFO - Setting next_dagrun for dataset_s3_bucket_producer_with_no_taskflow to None, run_after=None
[2024-10-04T00:14:34.692+0000] {processor.py:208} INFO - Processing /home/airflow/.local/lib/python3.12/site-packages/airflow/example_dags/example_dataset_alias_with_no_taskflow.py took 0.240 seconds
[2024-10-04T00:15:04.813+0000] {processor.py:186} INFO - Started process (PID=1621) to work on /home/airflow/.local/lib/python3.12/site-packages/airflow/example_dags/example_dataset_alias_with_no_taskflow.py
[2024-10-04T00:15:04.815+0000] {processor.py:914} INFO - Processing file /home/airflow/.local/lib/python3.12/site-packages/airflow/example_dags/example_dataset_alias_with_no_taskflow.py for tasks to queue
[2024-10-04T00:15:04.817+0000] {logging_mixin.py:190} INFO - [2024-10-04T00:15:04.817+0000] {dagbag.py:588} INFO - Filling up the DagBag from /home/airflow/.local/lib/python3.12/site-packages/airflow/example_dags/example_dataset_alias_with_no_taskflow.py
[2024-10-04T00:15:04.997+0000] {processor.py:925} INFO - DAG(s) 'dataset_alias_example_alias_producer_with_no_taskflow', 'dataset_s3_bucket_producer_with_no_taskflow', 'dataset_alias_example_alias_consumer_with_no_taskflow', 'dataset_s3_bucket_consumer_with_no_taskflow' retrieved from /home/airflow/.local/lib/python3.12/site-packages/airflow/example_dags/example_dataset_alias_with_no_taskflow.py
[2024-10-04T00:15:05.024+0000] {logging_mixin.py:190} INFO - [2024-10-04T00:15:05.023+0000] {dag.py:3239} INFO - Sync 4 DAGs
[2024-10-04T00:15:05.051+0000] {logging_mixin.py:190} INFO - [2024-10-04T00:15:05.050+0000] {dag.py:4180} INFO - Setting next_dagrun for dataset_alias_example_alias_consumer_with_no_taskflow to None, run_after=None
[2024-10-04T00:15:05.053+0000] {logging_mixin.py:190} INFO - [2024-10-04T00:15:05.053+0000] {dag.py:4180} INFO - Setting next_dagrun for dataset_alias_example_alias_producer_with_no_taskflow to None, run_after=None
[2024-10-04T00:15:05.054+0000] {logging_mixin.py:190} INFO - [2024-10-04T00:15:05.054+0000] {dag.py:4180} INFO - Setting next_dagrun for dataset_s3_bucket_consumer_with_no_taskflow to None, run_after=None
[2024-10-04T00:15:05.055+0000] {logging_mixin.py:190} INFO - [2024-10-04T00:15:05.055+0000] {dag.py:4180} INFO - Setting next_dagrun for dataset_s3_bucket_producer_with_no_taskflow to None, run_after=None
[2024-10-04T00:15:05.071+0000] {processor.py:208} INFO - Processing /home/airflow/.local/lib/python3.12/site-packages/airflow/example_dags/example_dataset_alias_with_no_taskflow.py took 0.264 seconds
[2024-10-04T00:15:35.770+0000] {processor.py:186} INFO - Started process (PID=1907) to work on /home/airflow/.local/lib/python3.12/site-packages/airflow/example_dags/example_dataset_alias_with_no_taskflow.py
[2024-10-04T00:15:35.772+0000] {processor.py:914} INFO - Processing file /home/airflow/.local/lib/python3.12/site-packages/airflow/example_dags/example_dataset_alias_with_no_taskflow.py for tasks to queue
[2024-10-04T00:15:35.775+0000] {logging_mixin.py:190} INFO - [2024-10-04T00:15:35.775+0000] {dagbag.py:588} INFO - Filling up the DagBag from /home/airflow/.local/lib/python3.12/site-packages/airflow/example_dags/example_dataset_alias_with_no_taskflow.py
[2024-10-04T00:15:35.922+0000] {processor.py:925} INFO - DAG(s) 'dataset_s3_bucket_producer_with_no_taskflow', 'dataset_s3_bucket_consumer_with_no_taskflow', 'dataset_alias_example_alias_consumer_with_no_taskflow', 'dataset_alias_example_alias_producer_with_no_taskflow' retrieved from /home/airflow/.local/lib/python3.12/site-packages/airflow/example_dags/example_dataset_alias_with_no_taskflow.py
[2024-10-04T00:15:35.943+0000] {logging_mixin.py:190} INFO - [2024-10-04T00:15:35.943+0000] {dag.py:3239} INFO - Sync 4 DAGs
[2024-10-04T00:15:35.961+0000] {logging_mixin.py:190} INFO - [2024-10-04T00:15:35.961+0000] {dag.py:4180} INFO - Setting next_dagrun for dataset_alias_example_alias_consumer_with_no_taskflow to None, run_after=None
[2024-10-04T00:15:35.964+0000] {logging_mixin.py:190} INFO - [2024-10-04T00:15:35.964+0000] {dag.py:4180} INFO - Setting next_dagrun for dataset_alias_example_alias_producer_with_no_taskflow to None, run_after=None
[2024-10-04T00:15:35.965+0000] {logging_mixin.py:190} INFO - [2024-10-04T00:15:35.965+0000] {dag.py:4180} INFO - Setting next_dagrun for dataset_s3_bucket_consumer_with_no_taskflow to None, run_after=None
[2024-10-04T00:15:35.966+0000] {logging_mixin.py:190} INFO - [2024-10-04T00:15:35.966+0000] {dag.py:4180} INFO - Setting next_dagrun for dataset_s3_bucket_producer_with_no_taskflow to None, run_after=None
[2024-10-04T00:15:35.983+0000] {processor.py:208} INFO - Processing /home/airflow/.local/lib/python3.12/site-packages/airflow/example_dags/example_dataset_alias_with_no_taskflow.py took 0.221 seconds
[2024-10-04T00:16:06.115+0000] {processor.py:186} INFO - Started process (PID=2193) to work on /home/airflow/.local/lib/python3.12/site-packages/airflow/example_dags/example_dataset_alias_with_no_taskflow.py
[2024-10-04T00:16:06.117+0000] {processor.py:914} INFO - Processing file /home/airflow/.local/lib/python3.12/site-packages/airflow/example_dags/example_dataset_alias_with_no_taskflow.py for tasks to queue
[2024-10-04T00:16:06.120+0000] {logging_mixin.py:190} INFO - [2024-10-04T00:16:06.119+0000] {dagbag.py:588} INFO - Filling up the DagBag from /home/airflow/.local/lib/python3.12/site-packages/airflow/example_dags/example_dataset_alias_with_no_taskflow.py
[2024-10-04T00:16:06.274+0000] {processor.py:925} INFO - DAG(s) 'dataset_alias_example_alias_producer_with_no_taskflow', 'dataset_s3_bucket_consumer_with_no_taskflow', 'dataset_alias_example_alias_consumer_with_no_taskflow', 'dataset_s3_bucket_producer_with_no_taskflow' retrieved from /home/airflow/.local/lib/python3.12/site-packages/airflow/example_dags/example_dataset_alias_with_no_taskflow.py
[2024-10-04T00:16:06.291+0000] {logging_mixin.py:190} INFO - [2024-10-04T00:16:06.291+0000] {dag.py:3239} INFO - Sync 4 DAGs
[2024-10-04T00:16:06.310+0000] {logging_mixin.py:190} INFO - [2024-10-04T00:16:06.310+0000] {dag.py:4180} INFO - Setting next_dagrun for dataset_alias_example_alias_consumer_with_no_taskflow to None, run_after=None
[2024-10-04T00:16:06.312+0000] {logging_mixin.py:190} INFO - [2024-10-04T00:16:06.312+0000] {dag.py:4180} INFO - Setting next_dagrun for dataset_alias_example_alias_producer_with_no_taskflow to None, run_after=None
[2024-10-04T00:16:06.314+0000] {logging_mixin.py:190} INFO - [2024-10-04T00:16:06.313+0000] {dag.py:4180} INFO - Setting next_dagrun for dataset_s3_bucket_consumer_with_no_taskflow to None, run_after=None
[2024-10-04T00:16:06.315+0000] {logging_mixin.py:190} INFO - [2024-10-04T00:16:06.315+0000] {dag.py:4180} INFO - Setting next_dagrun for dataset_s3_bucket_producer_with_no_taskflow to None, run_after=None
[2024-10-04T00:16:06.332+0000] {processor.py:208} INFO - Processing /home/airflow/.local/lib/python3.12/site-packages/airflow/example_dags/example_dataset_alias_with_no_taskflow.py took 0.224 seconds
[2024-10-04T00:16:36.676+0000] {processor.py:186} INFO - Started process (PID=2479) to work on /home/airflow/.local/lib/python3.12/site-packages/airflow/example_dags/example_dataset_alias_with_no_taskflow.py
[2024-10-04T00:16:36.677+0000] {processor.py:914} INFO - Processing file /home/airflow/.local/lib/python3.12/site-packages/airflow/example_dags/example_dataset_alias_with_no_taskflow.py for tasks to queue
[2024-10-04T00:16:36.680+0000] {logging_mixin.py:190} INFO - [2024-10-04T00:16:36.680+0000] {dagbag.py:588} INFO - Filling up the DagBag from /home/airflow/.local/lib/python3.12/site-packages/airflow/example_dags/example_dataset_alias_with_no_taskflow.py
[2024-10-04T00:16:36.882+0000] {processor.py:925} INFO - DAG(s) 'dataset_alias_example_alias_consumer_with_no_taskflow', 'dataset_alias_example_alias_producer_with_no_taskflow', 'dataset_s3_bucket_consumer_with_no_taskflow', 'dataset_s3_bucket_producer_with_no_taskflow' retrieved from /home/airflow/.local/lib/python3.12/site-packages/airflow/example_dags/example_dataset_alias_with_no_taskflow.py
[2024-10-04T00:16:36.909+0000] {logging_mixin.py:190} INFO - [2024-10-04T00:16:36.909+0000] {dag.py:3239} INFO - Sync 4 DAGs
[2024-10-04T00:16:36.938+0000] {logging_mixin.py:190} INFO - [2024-10-04T00:16:36.938+0000] {dag.py:4180} INFO - Setting next_dagrun for dataset_alias_example_alias_consumer_with_no_taskflow to None, run_after=None
[2024-10-04T00:16:36.941+0000] {logging_mixin.py:190} INFO - [2024-10-04T00:16:36.940+0000] {dag.py:4180} INFO - Setting next_dagrun for dataset_alias_example_alias_producer_with_no_taskflow to None, run_after=None
[2024-10-04T00:16:36.942+0000] {logging_mixin.py:190} INFO - [2024-10-04T00:16:36.942+0000] {dag.py:4180} INFO - Setting next_dagrun for dataset_s3_bucket_consumer_with_no_taskflow to None, run_after=None
[2024-10-04T00:16:36.943+0000] {logging_mixin.py:190} INFO - [2024-10-04T00:16:36.943+0000] {dag.py:4180} INFO - Setting next_dagrun for dataset_s3_bucket_producer_with_no_taskflow to None, run_after=None
[2024-10-04T00:16:36.963+0000] {processor.py:208} INFO - Processing /home/airflow/.local/lib/python3.12/site-packages/airflow/example_dags/example_dataset_alias_with_no_taskflow.py took 0.294 seconds
[2024-10-04T00:17:07.498+0000] {processor.py:186} INFO - Started process (PID=2765) to work on /home/airflow/.local/lib/python3.12/site-packages/airflow/example_dags/example_dataset_alias_with_no_taskflow.py
[2024-10-04T00:17:07.500+0000] {processor.py:914} INFO - Processing file /home/airflow/.local/lib/python3.12/site-packages/airflow/example_dags/example_dataset_alias_with_no_taskflow.py for tasks to queue
[2024-10-04T00:17:07.503+0000] {logging_mixin.py:190} INFO - [2024-10-04T00:17:07.503+0000] {dagbag.py:588} INFO - Filling up the DagBag from /home/airflow/.local/lib/python3.12/site-packages/airflow/example_dags/example_dataset_alias_with_no_taskflow.py
[2024-10-04T00:17:07.684+0000] {processor.py:925} INFO - DAG(s) 'dataset_alias_example_alias_producer_with_no_taskflow', 'dataset_alias_example_alias_consumer_with_no_taskflow', 'dataset_s3_bucket_producer_with_no_taskflow', 'dataset_s3_bucket_consumer_with_no_taskflow' retrieved from /home/airflow/.local/lib/python3.12/site-packages/airflow/example_dags/example_dataset_alias_with_no_taskflow.py
[2024-10-04T00:17:07.708+0000] {logging_mixin.py:190} INFO - [2024-10-04T00:17:07.708+0000] {dag.py:3239} INFO - Sync 4 DAGs
[2024-10-04T00:17:07.734+0000] {logging_mixin.py:190} INFO - [2024-10-04T00:17:07.733+0000] {dag.py:4180} INFO - Setting next_dagrun for dataset_alias_example_alias_consumer_with_no_taskflow to None, run_after=None
[2024-10-04T00:17:07.736+0000] {logging_mixin.py:190} INFO - [2024-10-04T00:17:07.736+0000] {dag.py:4180} INFO - Setting next_dagrun for dataset_alias_example_alias_producer_with_no_taskflow to None, run_after=None
[2024-10-04T00:17:07.737+0000] {logging_mixin.py:190} INFO - [2024-10-04T00:17:07.737+0000] {dag.py:4180} INFO - Setting next_dagrun for dataset_s3_bucket_consumer_with_no_taskflow to None, run_after=None
[2024-10-04T00:17:07.738+0000] {logging_mixin.py:190} INFO - [2024-10-04T00:17:07.738+0000] {dag.py:4180} INFO - Setting next_dagrun for dataset_s3_bucket_producer_with_no_taskflow to None, run_after=None
[2024-10-04T00:17:07.755+0000] {processor.py:208} INFO - Processing /home/airflow/.local/lib/python3.12/site-packages/airflow/example_dags/example_dataset_alias_with_no_taskflow.py took 0.267 seconds
[2024-10-04T00:17:38.064+0000] {processor.py:186} INFO - Started process (PID=3051) to work on /home/airflow/.local/lib/python3.12/site-packages/airflow/example_dags/example_dataset_alias_with_no_taskflow.py
[2024-10-04T00:17:38.069+0000] {processor.py:914} INFO - Processing file /home/airflow/.local/lib/python3.12/site-packages/airflow/example_dags/example_dataset_alias_with_no_taskflow.py for tasks to queue
[2024-10-04T00:17:38.075+0000] {logging_mixin.py:190} INFO - [2024-10-04T00:17:38.074+0000] {dagbag.py:588} INFO - Filling up the DagBag from /home/airflow/.local/lib/python3.12/site-packages/airflow/example_dags/example_dataset_alias_with_no_taskflow.py
[2024-10-04T00:17:38.575+0000] {processor.py:925} INFO - DAG(s) 'dataset_alias_example_alias_producer_with_no_taskflow', 'dataset_s3_bucket_consumer_with_no_taskflow', 'dataset_s3_bucket_producer_with_no_taskflow', 'dataset_alias_example_alias_consumer_with_no_taskflow' retrieved from /home/airflow/.local/lib/python3.12/site-packages/airflow/example_dags/example_dataset_alias_with_no_taskflow.py
[2024-10-04T00:17:38.639+0000] {logging_mixin.py:190} INFO - [2024-10-04T00:17:38.638+0000] {dag.py:3239} INFO - Sync 4 DAGs
[2024-10-04T00:17:38.722+0000] {logging_mixin.py:190} INFO - [2024-10-04T00:17:38.721+0000] {dag.py:4180} INFO - Setting next_dagrun for dataset_alias_example_alias_consumer_with_no_taskflow to None, run_after=None
[2024-10-04T00:17:38.734+0000] {logging_mixin.py:190} INFO - [2024-10-04T00:17:38.733+0000] {dag.py:4180} INFO - Setting next_dagrun for dataset_alias_example_alias_producer_with_no_taskflow to None, run_after=None
[2024-10-04T00:17:38.738+0000] {logging_mixin.py:190} INFO - [2024-10-04T00:17:38.738+0000] {dag.py:4180} INFO - Setting next_dagrun for dataset_s3_bucket_consumer_with_no_taskflow to None, run_after=None
[2024-10-04T00:17:38.742+0000] {logging_mixin.py:190} INFO - [2024-10-04T00:17:38.742+0000] {dag.py:4180} INFO - Setting next_dagrun for dataset_s3_bucket_producer_with_no_taskflow to None, run_after=None
[2024-10-04T00:17:38.807+0000] {processor.py:208} INFO - Processing /home/airflow/.local/lib/python3.12/site-packages/airflow/example_dags/example_dataset_alias_with_no_taskflow.py took 0.763 seconds
[2024-10-04T00:18:09.875+0000] {processor.py:186} INFO - Started process (PID=3337) to work on /home/airflow/.local/lib/python3.12/site-packages/airflow/example_dags/example_dataset_alias_with_no_taskflow.py
[2024-10-04T00:18:09.878+0000] {processor.py:914} INFO - Processing file /home/airflow/.local/lib/python3.12/site-packages/airflow/example_dags/example_dataset_alias_with_no_taskflow.py for tasks to queue
[2024-10-04T00:18:09.899+0000] {logging_mixin.py:190} INFO - [2024-10-04T00:18:09.897+0000] {dagbag.py:588} INFO - Filling up the DagBag from /home/airflow/.local/lib/python3.12/site-packages/airflow/example_dags/example_dataset_alias_with_no_taskflow.py
[2024-10-04T00:18:10.572+0000] {processor.py:925} INFO - DAG(s) 'dataset_s3_bucket_consumer_with_no_taskflow', 'dataset_s3_bucket_producer_with_no_taskflow', 'dataset_alias_example_alias_consumer_with_no_taskflow', 'dataset_alias_example_alias_producer_with_no_taskflow' retrieved from /home/airflow/.local/lib/python3.12/site-packages/airflow/example_dags/example_dataset_alias_with_no_taskflow.py
[2024-10-04T00:18:10.604+0000] {logging_mixin.py:190} INFO - [2024-10-04T00:18:10.604+0000] {dag.py:3239} INFO - Sync 4 DAGs
[2024-10-04T00:18:10.646+0000] {logging_mixin.py:190} INFO - [2024-10-04T00:18:10.646+0000] {dag.py:4180} INFO - Setting next_dagrun for dataset_alias_example_alias_consumer_with_no_taskflow to None, run_after=None
[2024-10-04T00:18:10.652+0000] {logging_mixin.py:190} INFO - [2024-10-04T00:18:10.652+0000] {dag.py:4180} INFO - Setting next_dagrun for dataset_alias_example_alias_producer_with_no_taskflow to None, run_after=None
[2024-10-04T00:18:10.654+0000] {logging_mixin.py:190} INFO - [2024-10-04T00:18:10.654+0000] {dag.py:4180} INFO - Setting next_dagrun for dataset_s3_bucket_consumer_with_no_taskflow to None, run_after=None
[2024-10-04T00:18:10.657+0000] {logging_mixin.py:190} INFO - [2024-10-04T00:18:10.657+0000] {dag.py:4180} INFO - Setting next_dagrun for dataset_s3_bucket_producer_with_no_taskflow to None, run_after=None
[2024-10-04T00:18:10.688+0000] {processor.py:208} INFO - Processing /home/airflow/.local/lib/python3.12/site-packages/airflow/example_dags/example_dataset_alias_with_no_taskflow.py took 0.840 seconds
[2024-10-04T00:18:41.041+0000] {processor.py:186} INFO - Started process (PID=3623) to work on /home/airflow/.local/lib/python3.12/site-packages/airflow/example_dags/example_dataset_alias_with_no_taskflow.py
[2024-10-04T00:18:41.043+0000] {processor.py:914} INFO - Processing file /home/airflow/.local/lib/python3.12/site-packages/airflow/example_dags/example_dataset_alias_with_no_taskflow.py for tasks to queue
[2024-10-04T00:18:41.056+0000] {logging_mixin.py:190} INFO - [2024-10-04T00:18:41.051+0000] {dagbag.py:588} INFO - Filling up the DagBag from /home/airflow/.local/lib/python3.12/site-packages/airflow/example_dags/example_dataset_alias_with_no_taskflow.py
[2024-10-04T00:18:41.276+0000] {processor.py:925} INFO - DAG(s) 'dataset_alias_example_alias_consumer_with_no_taskflow', 'dataset_s3_bucket_producer_with_no_taskflow', 'dataset_alias_example_alias_producer_with_no_taskflow', 'dataset_s3_bucket_consumer_with_no_taskflow' retrieved from /home/airflow/.local/lib/python3.12/site-packages/airflow/example_dags/example_dataset_alias_with_no_taskflow.py
[2024-10-04T00:18:41.300+0000] {logging_mixin.py:190} INFO - [2024-10-04T00:18:41.299+0000] {dag.py:3239} INFO - Sync 4 DAGs
[2024-10-04T00:18:41.330+0000] {logging_mixin.py:190} INFO - [2024-10-04T00:18:41.329+0000] {dag.py:4180} INFO - Setting next_dagrun for dataset_alias_example_alias_consumer_with_no_taskflow to None, run_after=None
[2024-10-04T00:18:41.334+0000] {logging_mixin.py:190} INFO - [2024-10-04T00:18:41.334+0000] {dag.py:4180} INFO - Setting next_dagrun for dataset_alias_example_alias_producer_with_no_taskflow to None, run_after=None
[2024-10-04T00:18:41.337+0000] {logging_mixin.py:190} INFO - [2024-10-04T00:18:41.337+0000] {dag.py:4180} INFO - Setting next_dagrun for dataset_s3_bucket_consumer_with_no_taskflow to None, run_after=None
[2024-10-04T00:18:41.340+0000] {logging_mixin.py:190} INFO - [2024-10-04T00:18:41.339+0000] {dag.py:4180} INFO - Setting next_dagrun for dataset_s3_bucket_producer_with_no_taskflow to None, run_after=None
[2024-10-04T00:18:41.366+0000] {processor.py:208} INFO - Processing /home/airflow/.local/lib/python3.12/site-packages/airflow/example_dags/example_dataset_alias_with_no_taskflow.py took 0.335 seconds
[2024-10-04T00:19:11.843+0000] {processor.py:186} INFO - Started process (PID=3909) to work on /home/airflow/.local/lib/python3.12/site-packages/airflow/example_dags/example_dataset_alias_with_no_taskflow.py
[2024-10-04T00:19:11.845+0000] {processor.py:914} INFO - Processing file /home/airflow/.local/lib/python3.12/site-packages/airflow/example_dags/example_dataset_alias_with_no_taskflow.py for tasks to queue
[2024-10-04T00:19:11.848+0000] {logging_mixin.py:190} INFO - [2024-10-04T00:19:11.847+0000] {dagbag.py:588} INFO - Filling up the DagBag from /home/airflow/.local/lib/python3.12/site-packages/airflow/example_dags/example_dataset_alias_with_no_taskflow.py
[2024-10-04T00:19:12.011+0000] {processor.py:925} INFO - DAG(s) 'dataset_s3_bucket_producer_with_no_taskflow', 'dataset_alias_example_alias_consumer_with_no_taskflow', 'dataset_s3_bucket_consumer_with_no_taskflow', 'dataset_alias_example_alias_producer_with_no_taskflow' retrieved from /home/airflow/.local/lib/python3.12/site-packages/airflow/example_dags/example_dataset_alias_with_no_taskflow.py
[2024-10-04T00:19:12.032+0000] {logging_mixin.py:190} INFO - [2024-10-04T00:19:12.031+0000] {dag.py:3239} INFO - Sync 4 DAGs
[2024-10-04T00:19:12.052+0000] {logging_mixin.py:190} INFO - [2024-10-04T00:19:12.052+0000] {dag.py:4180} INFO - Setting next_dagrun for dataset_alias_example_alias_consumer_with_no_taskflow to None, run_after=None
[2024-10-04T00:19:12.054+0000] {logging_mixin.py:190} INFO - [2024-10-04T00:19:12.054+0000] {dag.py:4180} INFO - Setting next_dagrun for dataset_alias_example_alias_producer_with_no_taskflow to None, run_after=None
[2024-10-04T00:19:12.056+0000] {logging_mixin.py:190} INFO - [2024-10-04T00:19:12.056+0000] {dag.py:4180} INFO - Setting next_dagrun for dataset_s3_bucket_consumer_with_no_taskflow to None, run_after=None
[2024-10-04T00:19:12.057+0000] {logging_mixin.py:190} INFO - [2024-10-04T00:19:12.057+0000] {dag.py:4180} INFO - Setting next_dagrun for dataset_s3_bucket_producer_with_no_taskflow to None, run_after=None
[2024-10-04T00:19:12.073+0000] {processor.py:208} INFO - Processing /home/airflow/.local/lib/python3.12/site-packages/airflow/example_dags/example_dataset_alias_with_no_taskflow.py took 0.240 seconds
[2024-10-04T00:19:42.182+0000] {processor.py:186} INFO - Started process (PID=4195) to work on /home/airflow/.local/lib/python3.12/site-packages/airflow/example_dags/example_dataset_alias_with_no_taskflow.py
[2024-10-04T00:19:42.184+0000] {processor.py:914} INFO - Processing file /home/airflow/.local/lib/python3.12/site-packages/airflow/example_dags/example_dataset_alias_with_no_taskflow.py for tasks to queue
[2024-10-04T00:19:42.187+0000] {logging_mixin.py:190} INFO - [2024-10-04T00:19:42.186+0000] {dagbag.py:588} INFO - Filling up the DagBag from /home/airflow/.local/lib/python3.12/site-packages/airflow/example_dags/example_dataset_alias_with_no_taskflow.py
[2024-10-04T00:19:42.364+0000] {processor.py:925} INFO - DAG(s) 'dataset_alias_example_alias_consumer_with_no_taskflow', 'dataset_alias_example_alias_producer_with_no_taskflow', 'dataset_s3_bucket_consumer_with_no_taskflow', 'dataset_s3_bucket_producer_with_no_taskflow' retrieved from /home/airflow/.local/lib/python3.12/site-packages/airflow/example_dags/example_dataset_alias_with_no_taskflow.py
[2024-10-04T00:19:42.389+0000] {logging_mixin.py:190} INFO - [2024-10-04T00:19:42.389+0000] {dag.py:3239} INFO - Sync 4 DAGs
[2024-10-04T00:19:42.413+0000] {logging_mixin.py:190} INFO - [2024-10-04T00:19:42.413+0000] {dag.py:4180} INFO - Setting next_dagrun for dataset_alias_example_alias_consumer_with_no_taskflow to None, run_after=None
[2024-10-04T00:19:42.416+0000] {logging_mixin.py:190} INFO - [2024-10-04T00:19:42.416+0000] {dag.py:4180} INFO - Setting next_dagrun for dataset_alias_example_alias_producer_with_no_taskflow to None, run_after=None
[2024-10-04T00:19:42.417+0000] {logging_mixin.py:190} INFO - [2024-10-04T00:19:42.417+0000] {dag.py:4180} INFO - Setting next_dagrun for dataset_s3_bucket_consumer_with_no_taskflow to None, run_after=None
[2024-10-04T00:19:42.419+0000] {logging_mixin.py:190} INFO - [2024-10-04T00:19:42.419+0000] {dag.py:4180} INFO - Setting next_dagrun for dataset_s3_bucket_producer_with_no_taskflow to None, run_after=None
[2024-10-04T00:19:42.439+0000] {processor.py:208} INFO - Processing /home/airflow/.local/lib/python3.12/site-packages/airflow/example_dags/example_dataset_alias_with_no_taskflow.py took 0.263 seconds
[2024-10-04T00:20:12.855+0000] {processor.py:186} INFO - Started process (PID=4481) to work on /home/airflow/.local/lib/python3.12/site-packages/airflow/example_dags/example_dataset_alias_with_no_taskflow.py
[2024-10-04T00:20:12.857+0000] {processor.py:914} INFO - Processing file /home/airflow/.local/lib/python3.12/site-packages/airflow/example_dags/example_dataset_alias_with_no_taskflow.py for tasks to queue
[2024-10-04T00:20:12.860+0000] {logging_mixin.py:190} INFO - [2024-10-04T00:20:12.859+0000] {dagbag.py:588} INFO - Filling up the DagBag from /home/airflow/.local/lib/python3.12/site-packages/airflow/example_dags/example_dataset_alias_with_no_taskflow.py
[2024-10-04T00:20:13.012+0000] {processor.py:925} INFO - DAG(s) 'dataset_s3_bucket_consumer_with_no_taskflow', 'dataset_alias_example_alias_producer_with_no_taskflow', 'dataset_s3_bucket_producer_with_no_taskflow', 'dataset_alias_example_alias_consumer_with_no_taskflow' retrieved from /home/airflow/.local/lib/python3.12/site-packages/airflow/example_dags/example_dataset_alias_with_no_taskflow.py
[2024-10-04T00:20:13.031+0000] {logging_mixin.py:190} INFO - [2024-10-04T00:20:13.031+0000] {dag.py:3239} INFO - Sync 4 DAGs
[2024-10-04T00:20:13.059+0000] {logging_mixin.py:190} INFO - [2024-10-04T00:20:13.059+0000] {dag.py:4180} INFO - Setting next_dagrun for dataset_alias_example_alias_consumer_with_no_taskflow to None, run_after=None
[2024-10-04T00:20:13.063+0000] {logging_mixin.py:190} INFO - [2024-10-04T00:20:13.062+0000] {dag.py:4180} INFO - Setting next_dagrun for dataset_alias_example_alias_producer_with_no_taskflow to None, run_after=None
[2024-10-04T00:20:13.064+0000] {logging_mixin.py:190} INFO - [2024-10-04T00:20:13.064+0000] {dag.py:4180} INFO - Setting next_dagrun for dataset_s3_bucket_consumer_with_no_taskflow to None, run_after=None
[2024-10-04T00:20:13.065+0000] {logging_mixin.py:190} INFO - [2024-10-04T00:20:13.065+0000] {dag.py:4180} INFO - Setting next_dagrun for dataset_s3_bucket_producer_with_no_taskflow to None, run_after=None
[2024-10-04T00:20:13.084+0000] {processor.py:208} INFO - Processing /home/airflow/.local/lib/python3.12/site-packages/airflow/example_dags/example_dataset_alias_with_no_taskflow.py took 0.234 seconds
[2024-10-04T00:20:43.668+0000] {processor.py:186} INFO - Started process (PID=4773) to work on /home/airflow/.local/lib/python3.12/site-packages/airflow/example_dags/example_dataset_alias_with_no_taskflow.py
[2024-10-04T00:20:43.670+0000] {processor.py:914} INFO - Processing file /home/airflow/.local/lib/python3.12/site-packages/airflow/example_dags/example_dataset_alias_with_no_taskflow.py for tasks to queue
[2024-10-04T00:20:43.673+0000] {logging_mixin.py:190} INFO - [2024-10-04T00:20:43.673+0000] {dagbag.py:588} INFO - Filling up the DagBag from /home/airflow/.local/lib/python3.12/site-packages/airflow/example_dags/example_dataset_alias_with_no_taskflow.py
[2024-10-04T00:20:43.819+0000] {processor.py:925} INFO - DAG(s) 'dataset_alias_example_alias_consumer_with_no_taskflow', 'dataset_s3_bucket_consumer_with_no_taskflow', 'dataset_alias_example_alias_producer_with_no_taskflow', 'dataset_s3_bucket_producer_with_no_taskflow' retrieved from /home/airflow/.local/lib/python3.12/site-packages/airflow/example_dags/example_dataset_alias_with_no_taskflow.py
[2024-10-04T00:20:43.835+0000] {logging_mixin.py:190} INFO - [2024-10-04T00:20:43.835+0000] {dag.py:3239} INFO - Sync 4 DAGs
[2024-10-04T00:20:43.853+0000] {logging_mixin.py:190} INFO - [2024-10-04T00:20:43.853+0000] {dag.py:4180} INFO - Setting next_dagrun for dataset_alias_example_alias_consumer_with_no_taskflow to None, run_after=None
[2024-10-04T00:20:43.856+0000] {logging_mixin.py:190} INFO - [2024-10-04T00:20:43.855+0000] {dag.py:4180} INFO - Setting next_dagrun for dataset_alias_example_alias_producer_with_no_taskflow to None, run_after=None
[2024-10-04T00:20:43.857+0000] {logging_mixin.py:190} INFO - [2024-10-04T00:20:43.857+0000] {dag.py:4180} INFO - Setting next_dagrun for dataset_s3_bucket_consumer_with_no_taskflow to None, run_after=None
[2024-10-04T00:20:43.858+0000] {logging_mixin.py:190} INFO - [2024-10-04T00:20:43.858+0000] {dag.py:4180} INFO - Setting next_dagrun for dataset_s3_bucket_producer_with_no_taskflow to None, run_after=None
[2024-10-04T00:20:43.873+0000] {processor.py:208} INFO - Processing /home/airflow/.local/lib/python3.12/site-packages/airflow/example_dags/example_dataset_alias_with_no_taskflow.py took 0.212 seconds
[2024-10-04T00:21:13.964+0000] {processor.py:186} INFO - Started process (PID=5064) to work on /home/airflow/.local/lib/python3.12/site-packages/airflow/example_dags/example_dataset_alias_with_no_taskflow.py
[2024-10-04T00:21:13.965+0000] {processor.py:914} INFO - Processing file /home/airflow/.local/lib/python3.12/site-packages/airflow/example_dags/example_dataset_alias_with_no_taskflow.py for tasks to queue
[2024-10-04T00:21:13.967+0000] {logging_mixin.py:190} INFO - [2024-10-04T00:21:13.967+0000] {dagbag.py:588} INFO - Filling up the DagBag from /home/airflow/.local/lib/python3.12/site-packages/airflow/example_dags/example_dataset_alias_with_no_taskflow.py
[2024-10-04T00:21:14.129+0000] {processor.py:925} INFO - DAG(s) 'dataset_alias_example_alias_producer_with_no_taskflow', 'dataset_alias_example_alias_consumer_with_no_taskflow', 'dataset_s3_bucket_producer_with_no_taskflow', 'dataset_s3_bucket_consumer_with_no_taskflow' retrieved from /home/airflow/.local/lib/python3.12/site-packages/airflow/example_dags/example_dataset_alias_with_no_taskflow.py
[2024-10-04T00:21:14.150+0000] {logging_mixin.py:190} INFO - [2024-10-04T00:21:14.150+0000] {dag.py:3239} INFO - Sync 4 DAGs
[2024-10-04T00:21:14.175+0000] {logging_mixin.py:190} INFO - [2024-10-04T00:21:14.174+0000] {dag.py:4180} INFO - Setting next_dagrun for dataset_alias_example_alias_consumer_with_no_taskflow to None, run_after=None
[2024-10-04T00:21:14.177+0000] {logging_mixin.py:190} INFO - [2024-10-04T00:21:14.177+0000] {dag.py:4180} INFO - Setting next_dagrun for dataset_alias_example_alias_producer_with_no_taskflow to None, run_after=None
[2024-10-04T00:21:14.179+0000] {logging_mixin.py:190} INFO - [2024-10-04T00:21:14.179+0000] {dag.py:4180} INFO - Setting next_dagrun for dataset_s3_bucket_consumer_with_no_taskflow to None, run_after=None
[2024-10-04T00:21:14.180+0000] {logging_mixin.py:190} INFO - [2024-10-04T00:21:14.180+0000] {dag.py:4180} INFO - Setting next_dagrun for dataset_s3_bucket_producer_with_no_taskflow to None, run_after=None
[2024-10-04T00:21:14.205+0000] {processor.py:208} INFO - Processing /home/airflow/.local/lib/python3.12/site-packages/airflow/example_dags/example_dataset_alias_with_no_taskflow.py took 0.246 seconds
[2024-10-04T00:21:44.434+0000] {processor.py:186} INFO - Started process (PID=5345) to work on /home/airflow/.local/lib/python3.12/site-packages/airflow/example_dags/example_dataset_alias_with_no_taskflow.py
[2024-10-04T00:21:44.436+0000] {processor.py:914} INFO - Processing file /home/airflow/.local/lib/python3.12/site-packages/airflow/example_dags/example_dataset_alias_with_no_taskflow.py for tasks to queue
[2024-10-04T00:21:44.439+0000] {logging_mixin.py:190} INFO - [2024-10-04T00:21:44.439+0000] {dagbag.py:588} INFO - Filling up the DagBag from /home/airflow/.local/lib/python3.12/site-packages/airflow/example_dags/example_dataset_alias_with_no_taskflow.py
[2024-10-04T00:21:44.556+0000] {processor.py:925} INFO - DAG(s) 'dataset_alias_example_alias_consumer_with_no_taskflow', 'dataset_alias_example_alias_producer_with_no_taskflow', 'dataset_s3_bucket_producer_with_no_taskflow', 'dataset_s3_bucket_consumer_with_no_taskflow' retrieved from /home/airflow/.local/lib/python3.12/site-packages/airflow/example_dags/example_dataset_alias_with_no_taskflow.py
[2024-10-04T00:21:44.571+0000] {logging_mixin.py:190} INFO - [2024-10-04T00:21:44.570+0000] {dag.py:3239} INFO - Sync 4 DAGs
[2024-10-04T00:21:44.588+0000] {logging_mixin.py:190} INFO - [2024-10-04T00:21:44.588+0000] {dag.py:4180} INFO - Setting next_dagrun for dataset_alias_example_alias_consumer_with_no_taskflow to None, run_after=None
[2024-10-04T00:21:44.592+0000] {logging_mixin.py:190} INFO - [2024-10-04T00:21:44.592+0000] {dag.py:4180} INFO - Setting next_dagrun for dataset_alias_example_alias_producer_with_no_taskflow to None, run_after=None
[2024-10-04T00:21:44.593+0000] {logging_mixin.py:190} INFO - [2024-10-04T00:21:44.593+0000] {dag.py:4180} INFO - Setting next_dagrun for dataset_s3_bucket_consumer_with_no_taskflow to None, run_after=None
[2024-10-04T00:21:44.594+0000] {logging_mixin.py:190} INFO - [2024-10-04T00:21:44.594+0000] {dag.py:4180} INFO - Setting next_dagrun for dataset_s3_bucket_producer_with_no_taskflow to None, run_after=None
[2024-10-04T00:21:44.608+0000] {processor.py:208} INFO - Processing /home/airflow/.local/lib/python3.12/site-packages/airflow/example_dags/example_dataset_alias_with_no_taskflow.py took 0.182 seconds
[2024-10-04T00:22:14.726+0000] {processor.py:186} INFO - Started process (PID=5636) to work on /home/airflow/.local/lib/python3.12/site-packages/airflow/example_dags/example_dataset_alias_with_no_taskflow.py
[2024-10-04T00:22:14.727+0000] {processor.py:914} INFO - Processing file /home/airflow/.local/lib/python3.12/site-packages/airflow/example_dags/example_dataset_alias_with_no_taskflow.py for tasks to queue
[2024-10-04T00:22:14.730+0000] {logging_mixin.py:190} INFO - [2024-10-04T00:22:14.729+0000] {dagbag.py:588} INFO - Filling up the DagBag from /home/airflow/.local/lib/python3.12/site-packages/airflow/example_dags/example_dataset_alias_with_no_taskflow.py
[2024-10-04T00:22:14.878+0000] {processor.py:925} INFO - DAG(s) 'dataset_s3_bucket_producer_with_no_taskflow', 'dataset_s3_bucket_consumer_with_no_taskflow', 'dataset_alias_example_alias_producer_with_no_taskflow', 'dataset_alias_example_alias_consumer_with_no_taskflow' retrieved from /home/airflow/.local/lib/python3.12/site-packages/airflow/example_dags/example_dataset_alias_with_no_taskflow.py
[2024-10-04T00:22:14.894+0000] {logging_mixin.py:190} INFO - [2024-10-04T00:22:14.893+0000] {dag.py:3239} INFO - Sync 4 DAGs
[2024-10-04T00:22:14.911+0000] {logging_mixin.py:190} INFO - [2024-10-04T00:22:14.911+0000] {dag.py:4180} INFO - Setting next_dagrun for dataset_alias_example_alias_consumer_with_no_taskflow to None, run_after=None
[2024-10-04T00:22:14.913+0000] {logging_mixin.py:190} INFO - [2024-10-04T00:22:14.913+0000] {dag.py:4180} INFO - Setting next_dagrun for dataset_alias_example_alias_producer_with_no_taskflow to None, run_after=None
[2024-10-04T00:22:14.914+0000] {logging_mixin.py:190} INFO - [2024-10-04T00:22:14.914+0000] {dag.py:4180} INFO - Setting next_dagrun for dataset_s3_bucket_consumer_with_no_taskflow to None, run_after=None
[2024-10-04T00:22:14.915+0000] {logging_mixin.py:190} INFO - [2024-10-04T00:22:14.914+0000] {dag.py:4180} INFO - Setting next_dagrun for dataset_s3_bucket_producer_with_no_taskflow to None, run_after=None
[2024-10-04T00:22:14.931+0000] {processor.py:208} INFO - Processing /home/airflow/.local/lib/python3.12/site-packages/airflow/example_dags/example_dataset_alias_with_no_taskflow.py took 0.212 seconds
[2024-10-04T00:22:45.559+0000] {processor.py:186} INFO - Started process (PID=5917) to work on /home/airflow/.local/lib/python3.12/site-packages/airflow/example_dags/example_dataset_alias_with_no_taskflow.py
[2024-10-04T00:22:45.562+0000] {processor.py:914} INFO - Processing file /home/airflow/.local/lib/python3.12/site-packages/airflow/example_dags/example_dataset_alias_with_no_taskflow.py for tasks to queue
[2024-10-04T00:22:45.568+0000] {logging_mixin.py:190} INFO - [2024-10-04T00:22:45.568+0000] {dagbag.py:588} INFO - Filling up the DagBag from /home/airflow/.local/lib/python3.12/site-packages/airflow/example_dags/example_dataset_alias_with_no_taskflow.py
[2024-10-04T00:22:46.018+0000] {processor.py:925} INFO - DAG(s) 'dataset_s3_bucket_producer_with_no_taskflow', 'dataset_alias_example_alias_consumer_with_no_taskflow', 'dataset_s3_bucket_consumer_with_no_taskflow', 'dataset_alias_example_alias_producer_with_no_taskflow' retrieved from /home/airflow/.local/lib/python3.12/site-packages/airflow/example_dags/example_dataset_alias_with_no_taskflow.py
[2024-10-04T00:22:46.069+0000] {logging_mixin.py:190} INFO - [2024-10-04T00:22:46.069+0000] {dag.py:3239} INFO - Sync 4 DAGs
[2024-10-04T00:22:46.160+0000] {logging_mixin.py:190} INFO - [2024-10-04T00:22:46.160+0000] {dag.py:4180} INFO - Setting next_dagrun for dataset_alias_example_alias_consumer_with_no_taskflow to None, run_after=None
[2024-10-04T00:22:46.174+0000] {logging_mixin.py:190} INFO - [2024-10-04T00:22:46.173+0000] {dag.py:4180} INFO - Setting next_dagrun for dataset_alias_example_alias_producer_with_no_taskflow to None, run_after=None
[2024-10-04T00:22:46.179+0000] {logging_mixin.py:190} INFO - [2024-10-04T00:22:46.179+0000] {dag.py:4180} INFO - Setting next_dagrun for dataset_s3_bucket_consumer_with_no_taskflow to None, run_after=None
[2024-10-04T00:22:46.186+0000] {logging_mixin.py:190} INFO - [2024-10-04T00:22:46.185+0000] {dag.py:4180} INFO - Setting next_dagrun for dataset_s3_bucket_producer_with_no_taskflow to None, run_after=None
[2024-10-04T00:22:46.324+0000] {processor.py:208} INFO - Processing /home/airflow/.local/lib/python3.12/site-packages/airflow/example_dags/example_dataset_alias_with_no_taskflow.py took 0.782 seconds
[2024-10-04T00:23:16.743+0000] {processor.py:186} INFO - Started process (PID=6203) to work on /home/airflow/.local/lib/python3.12/site-packages/airflow/example_dags/example_dataset_alias_with_no_taskflow.py
[2024-10-04T00:23:16.746+0000] {processor.py:914} INFO - Processing file /home/airflow/.local/lib/python3.12/site-packages/airflow/example_dags/example_dataset_alias_with_no_taskflow.py for tasks to queue
[2024-10-04T00:23:16.755+0000] {logging_mixin.py:190} INFO - [2024-10-04T00:23:16.754+0000] {dagbag.py:588} INFO - Filling up the DagBag from /home/airflow/.local/lib/python3.12/site-packages/airflow/example_dags/example_dataset_alias_with_no_taskflow.py
[2024-10-04T00:23:16.954+0000] {processor.py:925} INFO - DAG(s) 'dataset_s3_bucket_producer_with_no_taskflow', 'dataset_s3_bucket_consumer_with_no_taskflow', 'dataset_alias_example_alias_producer_with_no_taskflow', 'dataset_alias_example_alias_consumer_with_no_taskflow' retrieved from /home/airflow/.local/lib/python3.12/site-packages/airflow/example_dags/example_dataset_alias_with_no_taskflow.py
[2024-10-04T00:23:16.975+0000] {logging_mixin.py:190} INFO - [2024-10-04T00:23:16.975+0000] {dag.py:3239} INFO - Sync 4 DAGs
[2024-10-04T00:23:16.999+0000] {logging_mixin.py:190} INFO - [2024-10-04T00:23:16.998+0000] {dag.py:4180} INFO - Setting next_dagrun for dataset_alias_example_alias_consumer_with_no_taskflow to None, run_after=None
[2024-10-04T00:23:17.001+0000] {logging_mixin.py:190} INFO - [2024-10-04T00:23:17.001+0000] {dag.py:4180} INFO - Setting next_dagrun for dataset_alias_example_alias_producer_with_no_taskflow to None, run_after=None
[2024-10-04T00:23:17.002+0000] {logging_mixin.py:190} INFO - [2024-10-04T00:23:17.002+0000] {dag.py:4180} INFO - Setting next_dagrun for dataset_s3_bucket_consumer_with_no_taskflow to None, run_after=None
[2024-10-04T00:23:17.003+0000] {logging_mixin.py:190} INFO - [2024-10-04T00:23:17.003+0000] {dag.py:4180} INFO - Setting next_dagrun for dataset_s3_bucket_producer_with_no_taskflow to None, run_after=None
[2024-10-04T00:23:17.024+0000] {processor.py:208} INFO - Processing /home/airflow/.local/lib/python3.12/site-packages/airflow/example_dags/example_dataset_alias_with_no_taskflow.py took 0.296 seconds
[2024-10-04T00:23:47.628+0000] {processor.py:186} INFO - Started process (PID=6492) to work on /home/airflow/.local/lib/python3.12/site-packages/airflow/example_dags/example_dataset_alias_with_no_taskflow.py
[2024-10-04T00:23:47.644+0000] {processor.py:914} INFO - Processing file /home/airflow/.local/lib/python3.12/site-packages/airflow/example_dags/example_dataset_alias_with_no_taskflow.py for tasks to queue
[2024-10-04T00:23:47.667+0000] {logging_mixin.py:190} INFO - [2024-10-04T00:23:47.665+0000] {dagbag.py:588} INFO - Filling up the DagBag from /home/airflow/.local/lib/python3.12/site-packages/airflow/example_dags/example_dataset_alias_with_no_taskflow.py
[2024-10-04T00:23:48.143+0000] {processor.py:925} INFO - DAG(s) 'dataset_alias_example_alias_consumer_with_no_taskflow', 'dataset_s3_bucket_producer_with_no_taskflow', 'dataset_s3_bucket_consumer_with_no_taskflow', 'dataset_alias_example_alias_producer_with_no_taskflow' retrieved from /home/airflow/.local/lib/python3.12/site-packages/airflow/example_dags/example_dataset_alias_with_no_taskflow.py
[2024-10-04T00:23:48.183+0000] {logging_mixin.py:190} INFO - [2024-10-04T00:23:48.183+0000] {dag.py:3239} INFO - Sync 4 DAGs
[2024-10-04T00:23:48.225+0000] {logging_mixin.py:190} INFO - [2024-10-04T00:23:48.225+0000] {dag.py:4180} INFO - Setting next_dagrun for dataset_alias_example_alias_consumer_with_no_taskflow to None, run_after=None
[2024-10-04T00:23:48.229+0000] {logging_mixin.py:190} INFO - [2024-10-04T00:23:48.229+0000] {dag.py:4180} INFO - Setting next_dagrun for dataset_alias_example_alias_producer_with_no_taskflow to None, run_after=None
[2024-10-04T00:23:48.231+0000] {logging_mixin.py:190} INFO - [2024-10-04T00:23:48.231+0000] {dag.py:4180} INFO - Setting next_dagrun for dataset_s3_bucket_consumer_with_no_taskflow to None, run_after=None
[2024-10-04T00:23:48.233+0000] {logging_mixin.py:190} INFO - [2024-10-04T00:23:48.233+0000] {dag.py:4180} INFO - Setting next_dagrun for dataset_s3_bucket_producer_with_no_taskflow to None, run_after=None
[2024-10-04T00:23:48.271+0000] {processor.py:208} INFO - Processing /home/airflow/.local/lib/python3.12/site-packages/airflow/example_dags/example_dataset_alias_with_no_taskflow.py took 0.675 seconds
[2024-10-04T00:24:18.989+0000] {processor.py:186} INFO - Started process (PID=6775) to work on /home/airflow/.local/lib/python3.12/site-packages/airflow/example_dags/example_dataset_alias_with_no_taskflow.py
[2024-10-04T00:24:18.994+0000] {processor.py:914} INFO - Processing file /home/airflow/.local/lib/python3.12/site-packages/airflow/example_dags/example_dataset_alias_with_no_taskflow.py for tasks to queue
[2024-10-04T00:24:19.000+0000] {logging_mixin.py:190} INFO - [2024-10-04T00:24:18.998+0000] {dagbag.py:588} INFO - Filling up the DagBag from /home/airflow/.local/lib/python3.12/site-packages/airflow/example_dags/example_dataset_alias_with_no_taskflow.py
[2024-10-04T00:24:19.205+0000] {processor.py:925} INFO - DAG(s) 'dataset_alias_example_alias_consumer_with_no_taskflow', 'dataset_s3_bucket_consumer_with_no_taskflow', 'dataset_s3_bucket_producer_with_no_taskflow', 'dataset_alias_example_alias_producer_with_no_taskflow' retrieved from /home/airflow/.local/lib/python3.12/site-packages/airflow/example_dags/example_dataset_alias_with_no_taskflow.py
[2024-10-04T00:24:19.227+0000] {logging_mixin.py:190} INFO - [2024-10-04T00:24:19.227+0000] {dag.py:3239} INFO - Sync 4 DAGs
[2024-10-04T00:24:19.254+0000] {logging_mixin.py:190} INFO - [2024-10-04T00:24:19.254+0000] {dag.py:4180} INFO - Setting next_dagrun for dataset_alias_example_alias_consumer_with_no_taskflow to None, run_after=None
[2024-10-04T00:24:19.256+0000] {logging_mixin.py:190} INFO - [2024-10-04T00:24:19.256+0000] {dag.py:4180} INFO - Setting next_dagrun for dataset_alias_example_alias_producer_with_no_taskflow to None, run_after=None
[2024-10-04T00:24:19.258+0000] {logging_mixin.py:190} INFO - [2024-10-04T00:24:19.257+0000] {dag.py:4180} INFO - Setting next_dagrun for dataset_s3_bucket_consumer_with_no_taskflow to None, run_after=None
[2024-10-04T00:24:19.259+0000] {logging_mixin.py:190} INFO - [2024-10-04T00:24:19.259+0000] {dag.py:4180} INFO - Setting next_dagrun for dataset_s3_bucket_producer_with_no_taskflow to None, run_after=None
[2024-10-04T00:24:19.279+0000] {processor.py:208} INFO - Processing /home/airflow/.local/lib/python3.12/site-packages/airflow/example_dags/example_dataset_alias_with_no_taskflow.py took 0.304 seconds
[2024-10-04T00:24:49.774+0000] {processor.py:186} INFO - Started process (PID=7061) to work on /home/airflow/.local/lib/python3.12/site-packages/airflow/example_dags/example_dataset_alias_with_no_taskflow.py
[2024-10-04T00:24:49.776+0000] {processor.py:914} INFO - Processing file /home/airflow/.local/lib/python3.12/site-packages/airflow/example_dags/example_dataset_alias_with_no_taskflow.py for tasks to queue
[2024-10-04T00:24:49.779+0000] {logging_mixin.py:190} INFO - [2024-10-04T00:24:49.779+0000] {dagbag.py:588} INFO - Filling up the DagBag from /home/airflow/.local/lib/python3.12/site-packages/airflow/example_dags/example_dataset_alias_with_no_taskflow.py
[2024-10-04T00:24:49.927+0000] {processor.py:925} INFO - DAG(s) 'dataset_alias_example_alias_consumer_with_no_taskflow', 'dataset_alias_example_alias_producer_with_no_taskflow', 'dataset_s3_bucket_producer_with_no_taskflow', 'dataset_s3_bucket_consumer_with_no_taskflow' retrieved from /home/airflow/.local/lib/python3.12/site-packages/airflow/example_dags/example_dataset_alias_with_no_taskflow.py
[2024-10-04T00:24:49.949+0000] {logging_mixin.py:190} INFO - [2024-10-04T00:24:49.949+0000] {dag.py:3239} INFO - Sync 4 DAGs
[2024-10-04T00:24:49.969+0000] {logging_mixin.py:190} INFO - [2024-10-04T00:24:49.969+0000] {dag.py:4180} INFO - Setting next_dagrun for dataset_alias_example_alias_consumer_with_no_taskflow to None, run_after=None
[2024-10-04T00:24:49.973+0000] {logging_mixin.py:190} INFO - [2024-10-04T00:24:49.972+0000] {dag.py:4180} INFO - Setting next_dagrun for dataset_alias_example_alias_producer_with_no_taskflow to None, run_after=None
[2024-10-04T00:24:49.974+0000] {logging_mixin.py:190} INFO - [2024-10-04T00:24:49.974+0000] {dag.py:4180} INFO - Setting next_dagrun for dataset_s3_bucket_consumer_with_no_taskflow to None, run_after=None
[2024-10-04T00:24:49.975+0000] {logging_mixin.py:190} INFO - [2024-10-04T00:24:49.975+0000] {dag.py:4180} INFO - Setting next_dagrun for dataset_s3_bucket_producer_with_no_taskflow to None, run_after=None
[2024-10-04T00:24:49.990+0000] {processor.py:208} INFO - Processing /home/airflow/.local/lib/python3.12/site-packages/airflow/example_dags/example_dataset_alias_with_no_taskflow.py took 0.225 seconds
[2024-10-04T00:25:20.397+0000] {processor.py:186} INFO - Started process (PID=7347) to work on /home/airflow/.local/lib/python3.12/site-packages/airflow/example_dags/example_dataset_alias_with_no_taskflow.py
[2024-10-04T00:25:20.399+0000] {processor.py:914} INFO - Processing file /home/airflow/.local/lib/python3.12/site-packages/airflow/example_dags/example_dataset_alias_with_no_taskflow.py for tasks to queue
[2024-10-04T00:25:20.402+0000] {logging_mixin.py:190} INFO - [2024-10-04T00:25:20.402+0000] {dagbag.py:588} INFO - Filling up the DagBag from /home/airflow/.local/lib/python3.12/site-packages/airflow/example_dags/example_dataset_alias_with_no_taskflow.py
[2024-10-04T00:25:20.586+0000] {processor.py:925} INFO - DAG(s) 'dataset_s3_bucket_consumer_with_no_taskflow', 'dataset_alias_example_alias_producer_with_no_taskflow', 'dataset_s3_bucket_producer_with_no_taskflow', 'dataset_alias_example_alias_consumer_with_no_taskflow' retrieved from /home/airflow/.local/lib/python3.12/site-packages/airflow/example_dags/example_dataset_alias_with_no_taskflow.py
[2024-10-04T00:25:20.610+0000] {logging_mixin.py:190} INFO - [2024-10-04T00:25:20.610+0000] {dag.py:3239} INFO - Sync 4 DAGs
[2024-10-04T00:25:20.641+0000] {logging_mixin.py:190} INFO - [2024-10-04T00:25:20.641+0000] {dag.py:4180} INFO - Setting next_dagrun for dataset_alias_example_alias_consumer_with_no_taskflow to None, run_after=None
[2024-10-04T00:25:20.644+0000] {logging_mixin.py:190} INFO - [2024-10-04T00:25:20.644+0000] {dag.py:4180} INFO - Setting next_dagrun for dataset_alias_example_alias_producer_with_no_taskflow to None, run_after=None
[2024-10-04T00:25:20.645+0000] {logging_mixin.py:190} INFO - [2024-10-04T00:25:20.645+0000] {dag.py:4180} INFO - Setting next_dagrun for dataset_s3_bucket_consumer_with_no_taskflow to None, run_after=None
[2024-10-04T00:25:20.646+0000] {logging_mixin.py:190} INFO - [2024-10-04T00:25:20.646+0000] {dag.py:4180} INFO - Setting next_dagrun for dataset_s3_bucket_producer_with_no_taskflow to None, run_after=None
[2024-10-04T00:25:20.668+0000] {processor.py:208} INFO - Processing /home/airflow/.local/lib/python3.12/site-packages/airflow/example_dags/example_dataset_alias_with_no_taskflow.py took 0.283 seconds
[2024-10-04T00:25:51.406+0000] {processor.py:186} INFO - Started process (PID=7633) to work on /home/airflow/.local/lib/python3.12/site-packages/airflow/example_dags/example_dataset_alias_with_no_taskflow.py
[2024-10-04T00:25:51.407+0000] {processor.py:914} INFO - Processing file /home/airflow/.local/lib/python3.12/site-packages/airflow/example_dags/example_dataset_alias_with_no_taskflow.py for tasks to queue
[2024-10-04T00:25:51.410+0000] {logging_mixin.py:190} INFO - [2024-10-04T00:25:51.409+0000] {dagbag.py:588} INFO - Filling up the DagBag from /home/airflow/.local/lib/python3.12/site-packages/airflow/example_dags/example_dataset_alias_with_no_taskflow.py
[2024-10-04T00:25:51.566+0000] {processor.py:925} INFO - DAG(s) 'dataset_s3_bucket_consumer_with_no_taskflow', 'dataset_s3_bucket_producer_with_no_taskflow', 'dataset_alias_example_alias_consumer_with_no_taskflow', 'dataset_alias_example_alias_producer_with_no_taskflow' retrieved from /home/airflow/.local/lib/python3.12/site-packages/airflow/example_dags/example_dataset_alias_with_no_taskflow.py
[2024-10-04T00:25:51.599+0000] {logging_mixin.py:190} INFO - [2024-10-04T00:25:51.599+0000] {dag.py:3239} INFO - Sync 4 DAGs
[2024-10-04T00:25:51.627+0000] {logging_mixin.py:190} INFO - [2024-10-04T00:25:51.627+0000] {dag.py:4180} INFO - Setting next_dagrun for dataset_alias_example_alias_consumer_with_no_taskflow to None, run_after=None
[2024-10-04T00:25:51.630+0000] {logging_mixin.py:190} INFO - [2024-10-04T00:25:51.629+0000] {dag.py:4180} INFO - Setting next_dagrun for dataset_alias_example_alias_producer_with_no_taskflow to None, run_after=None
[2024-10-04T00:25:51.631+0000] {logging_mixin.py:190} INFO - [2024-10-04T00:25:51.631+0000] {dag.py:4180} INFO - Setting next_dagrun for dataset_s3_bucket_consumer_with_no_taskflow to None, run_after=None
[2024-10-04T00:25:51.632+0000] {logging_mixin.py:190} INFO - [2024-10-04T00:25:51.632+0000] {dag.py:4180} INFO - Setting next_dagrun for dataset_s3_bucket_producer_with_no_taskflow to None, run_after=None
[2024-10-04T00:25:51.651+0000] {processor.py:208} INFO - Processing /home/airflow/.local/lib/python3.12/site-packages/airflow/example_dags/example_dataset_alias_with_no_taskflow.py took 0.250 seconds
[2024-10-04T00:26:21.702+0000] {processor.py:186} INFO - Started process (PID=7919) to work on /home/airflow/.local/lib/python3.12/site-packages/airflow/example_dags/example_dataset_alias_with_no_taskflow.py
[2024-10-04T00:26:21.703+0000] {processor.py:914} INFO - Processing file /home/airflow/.local/lib/python3.12/site-packages/airflow/example_dags/example_dataset_alias_with_no_taskflow.py for tasks to queue
[2024-10-04T00:26:21.706+0000] {logging_mixin.py:190} INFO - [2024-10-04T00:26:21.705+0000] {dagbag.py:588} INFO - Filling up the DagBag from /home/airflow/.local/lib/python3.12/site-packages/airflow/example_dags/example_dataset_alias_with_no_taskflow.py
[2024-10-04T00:26:21.855+0000] {processor.py:925} INFO - DAG(s) 'dataset_s3_bucket_producer_with_no_taskflow', 'dataset_alias_example_alias_consumer_with_no_taskflow', 'dataset_alias_example_alias_producer_with_no_taskflow', 'dataset_s3_bucket_consumer_with_no_taskflow' retrieved from /home/airflow/.local/lib/python3.12/site-packages/airflow/example_dags/example_dataset_alias_with_no_taskflow.py
[2024-10-04T00:26:21.875+0000] {logging_mixin.py:190} INFO - [2024-10-04T00:26:21.875+0000] {dag.py:3239} INFO - Sync 4 DAGs
[2024-10-04T00:26:21.907+0000] {logging_mixin.py:190} INFO - [2024-10-04T00:26:21.907+0000] {dag.py:4180} INFO - Setting next_dagrun for dataset_alias_example_alias_consumer_with_no_taskflow to None, run_after=None
[2024-10-04T00:26:21.910+0000] {logging_mixin.py:190} INFO - [2024-10-04T00:26:21.910+0000] {dag.py:4180} INFO - Setting next_dagrun for dataset_alias_example_alias_producer_with_no_taskflow to None, run_after=None
[2024-10-04T00:26:21.911+0000] {logging_mixin.py:190} INFO - [2024-10-04T00:26:21.911+0000] {dag.py:4180} INFO - Setting next_dagrun for dataset_s3_bucket_consumer_with_no_taskflow to None, run_after=None
[2024-10-04T00:26:21.912+0000] {logging_mixin.py:190} INFO - [2024-10-04T00:26:21.912+0000] {dag.py:4180} INFO - Setting next_dagrun for dataset_s3_bucket_producer_with_no_taskflow to None, run_after=None
[2024-10-04T00:26:21.934+0000] {processor.py:208} INFO - Processing /home/airflow/.local/lib/python3.12/site-packages/airflow/example_dags/example_dataset_alias_with_no_taskflow.py took 0.239 seconds
[2024-10-04T00:26:51.970+0000] {processor.py:186} INFO - Started process (PID=8208) to work on /home/airflow/.local/lib/python3.12/site-packages/airflow/example_dags/example_dataset_alias_with_no_taskflow.py
[2024-10-04T00:26:51.971+0000] {processor.py:914} INFO - Processing file /home/airflow/.local/lib/python3.12/site-packages/airflow/example_dags/example_dataset_alias_with_no_taskflow.py for tasks to queue
[2024-10-04T00:26:51.974+0000] {logging_mixin.py:190} INFO - [2024-10-04T00:26:51.973+0000] {dagbag.py:588} INFO - Filling up the DagBag from /home/airflow/.local/lib/python3.12/site-packages/airflow/example_dags/example_dataset_alias_with_no_taskflow.py
[2024-10-04T00:26:52.124+0000] {processor.py:925} INFO - DAG(s) 'dataset_alias_example_alias_producer_with_no_taskflow', 'dataset_s3_bucket_consumer_with_no_taskflow', 'dataset_s3_bucket_producer_with_no_taskflow', 'dataset_alias_example_alias_consumer_with_no_taskflow' retrieved from /home/airflow/.local/lib/python3.12/site-packages/airflow/example_dags/example_dataset_alias_with_no_taskflow.py
[2024-10-04T00:26:52.162+0000] {logging_mixin.py:190} INFO - [2024-10-04T00:26:52.161+0000] {dag.py:3239} INFO - Sync 4 DAGs
[2024-10-04T00:26:52.190+0000] {logging_mixin.py:190} INFO - [2024-10-04T00:26:52.189+0000] {dag.py:4180} INFO - Setting next_dagrun for dataset_alias_example_alias_consumer_with_no_taskflow to None, run_after=None
[2024-10-04T00:26:52.192+0000] {logging_mixin.py:190} INFO - [2024-10-04T00:26:52.192+0000] {dag.py:4180} INFO - Setting next_dagrun for dataset_alias_example_alias_producer_with_no_taskflow to None, run_after=None
[2024-10-04T00:26:52.193+0000] {logging_mixin.py:190} INFO - [2024-10-04T00:26:52.193+0000] {dag.py:4180} INFO - Setting next_dagrun for dataset_s3_bucket_consumer_with_no_taskflow to None, run_after=None
[2024-10-04T00:26:52.194+0000] {logging_mixin.py:190} INFO - [2024-10-04T00:26:52.194+0000] {dag.py:4180} INFO - Setting next_dagrun for dataset_s3_bucket_producer_with_no_taskflow to None, run_after=None
[2024-10-04T00:26:52.214+0000] {processor.py:208} INFO - Processing /home/airflow/.local/lib/python3.12/site-packages/airflow/example_dags/example_dataset_alias_with_no_taskflow.py took 0.250 seconds
[2024-10-04T00:27:22.306+0000] {processor.py:186} INFO - Started process (PID=8499) to work on /home/airflow/.local/lib/python3.12/site-packages/airflow/example_dags/example_dataset_alias_with_no_taskflow.py
[2024-10-04T00:27:22.307+0000] {processor.py:914} INFO - Processing file /home/airflow/.local/lib/python3.12/site-packages/airflow/example_dags/example_dataset_alias_with_no_taskflow.py for tasks to queue
[2024-10-04T00:27:22.311+0000] {logging_mixin.py:190} INFO - [2024-10-04T00:27:22.310+0000] {dagbag.py:588} INFO - Filling up the DagBag from /home/airflow/.local/lib/python3.12/site-packages/airflow/example_dags/example_dataset_alias_with_no_taskflow.py
[2024-10-04T00:27:22.463+0000] {processor.py:925} INFO - DAG(s) 'dataset_s3_bucket_producer_with_no_taskflow', 'dataset_s3_bucket_consumer_with_no_taskflow', 'dataset_alias_example_alias_consumer_with_no_taskflow', 'dataset_alias_example_alias_producer_with_no_taskflow' retrieved from /home/airflow/.local/lib/python3.12/site-packages/airflow/example_dags/example_dataset_alias_with_no_taskflow.py
[2024-10-04T00:27:22.479+0000] {logging_mixin.py:190} INFO - [2024-10-04T00:27:22.479+0000] {dag.py:3239} INFO - Sync 4 DAGs
[2024-10-04T00:27:22.497+0000] {logging_mixin.py:190} INFO - [2024-10-04T00:27:22.497+0000] {dag.py:4180} INFO - Setting next_dagrun for dataset_alias_example_alias_consumer_with_no_taskflow to None, run_after=None
[2024-10-04T00:27:22.499+0000] {logging_mixin.py:190} INFO - [2024-10-04T00:27:22.499+0000] {dag.py:4180} INFO - Setting next_dagrun for dataset_alias_example_alias_producer_with_no_taskflow to None, run_after=None
[2024-10-04T00:27:22.500+0000] {logging_mixin.py:190} INFO - [2024-10-04T00:27:22.500+0000] {dag.py:4180} INFO - Setting next_dagrun for dataset_s3_bucket_consumer_with_no_taskflow to None, run_after=None
[2024-10-04T00:27:22.502+0000] {logging_mixin.py:190} INFO - [2024-10-04T00:27:22.501+0000] {dag.py:4180} INFO - Setting next_dagrun for dataset_s3_bucket_producer_with_no_taskflow to None, run_after=None
[2024-10-04T00:27:22.517+0000] {processor.py:208} INFO - Processing /home/airflow/.local/lib/python3.12/site-packages/airflow/example_dags/example_dataset_alias_with_no_taskflow.py took 0.217 seconds
[2024-10-04T00:27:52.666+0000] {processor.py:186} INFO - Started process (PID=8790) to work on /home/airflow/.local/lib/python3.12/site-packages/airflow/example_dags/example_dataset_alias_with_no_taskflow.py
[2024-10-04T00:27:52.667+0000] {processor.py:914} INFO - Processing file /home/airflow/.local/lib/python3.12/site-packages/airflow/example_dags/example_dataset_alias_with_no_taskflow.py for tasks to queue
[2024-10-04T00:27:52.669+0000] {logging_mixin.py:190} INFO - [2024-10-04T00:27:52.669+0000] {dagbag.py:588} INFO - Filling up the DagBag from /home/airflow/.local/lib/python3.12/site-packages/airflow/example_dags/example_dataset_alias_with_no_taskflow.py
[2024-10-04T00:27:52.804+0000] {processor.py:925} INFO - DAG(s) 'dataset_s3_bucket_consumer_with_no_taskflow', 'dataset_s3_bucket_producer_with_no_taskflow', 'dataset_alias_example_alias_consumer_with_no_taskflow', 'dataset_alias_example_alias_producer_with_no_taskflow' retrieved from /home/airflow/.local/lib/python3.12/site-packages/airflow/example_dags/example_dataset_alias_with_no_taskflow.py
[2024-10-04T00:27:52.820+0000] {logging_mixin.py:190} INFO - [2024-10-04T00:27:52.820+0000] {dag.py:3239} INFO - Sync 4 DAGs
[2024-10-04T00:27:52.846+0000] {logging_mixin.py:190} INFO - [2024-10-04T00:27:52.846+0000] {dag.py:4180} INFO - Setting next_dagrun for dataset_alias_example_alias_consumer_with_no_taskflow to None, run_after=None
[2024-10-04T00:27:52.848+0000] {logging_mixin.py:190} INFO - [2024-10-04T00:27:52.848+0000] {dag.py:4180} INFO - Setting next_dagrun for dataset_alias_example_alias_producer_with_no_taskflow to None, run_after=None
[2024-10-04T00:27:52.849+0000] {logging_mixin.py:190} INFO - [2024-10-04T00:27:52.849+0000] {dag.py:4180} INFO - Setting next_dagrun for dataset_s3_bucket_consumer_with_no_taskflow to None, run_after=None
[2024-10-04T00:27:52.850+0000] {logging_mixin.py:190} INFO - [2024-10-04T00:27:52.850+0000] {dag.py:4180} INFO - Setting next_dagrun for dataset_s3_bucket_producer_with_no_taskflow to None, run_after=None
[2024-10-04T00:27:52.866+0000] {processor.py:208} INFO - Processing /home/airflow/.local/lib/python3.12/site-packages/airflow/example_dags/example_dataset_alias_with_no_taskflow.py took 0.206 seconds
[2024-10-04T00:28:22.995+0000] {processor.py:186} INFO - Started process (PID=9063) to work on /home/airflow/.local/lib/python3.12/site-packages/airflow/example_dags/example_dataset_alias_with_no_taskflow.py
[2024-10-04T00:28:22.996+0000] {processor.py:914} INFO - Processing file /home/airflow/.local/lib/python3.12/site-packages/airflow/example_dags/example_dataset_alias_with_no_taskflow.py for tasks to queue
[2024-10-04T00:28:22.999+0000] {logging_mixin.py:190} INFO - [2024-10-04T00:28:22.998+0000] {dagbag.py:588} INFO - Filling up the DagBag from /home/airflow/.local/lib/python3.12/site-packages/airflow/example_dags/example_dataset_alias_with_no_taskflow.py
[2024-10-04T00:28:23.142+0000] {processor.py:925} INFO - DAG(s) 'dataset_s3_bucket_consumer_with_no_taskflow', 'dataset_alias_example_alias_consumer_with_no_taskflow', 'dataset_alias_example_alias_producer_with_no_taskflow', 'dataset_s3_bucket_producer_with_no_taskflow' retrieved from /home/airflow/.local/lib/python3.12/site-packages/airflow/example_dags/example_dataset_alias_with_no_taskflow.py
[2024-10-04T00:28:23.158+0000] {logging_mixin.py:190} INFO - [2024-10-04T00:28:23.158+0000] {dag.py:3239} INFO - Sync 4 DAGs
[2024-10-04T00:28:23.177+0000] {logging_mixin.py:190} INFO - [2024-10-04T00:28:23.177+0000] {dag.py:4180} INFO - Setting next_dagrun for dataset_alias_example_alias_consumer_with_no_taskflow to None, run_after=None
[2024-10-04T00:28:23.180+0000] {logging_mixin.py:190} INFO - [2024-10-04T00:28:23.180+0000] {dag.py:4180} INFO - Setting next_dagrun for dataset_alias_example_alias_producer_with_no_taskflow to None, run_after=None
[2024-10-04T00:28:23.182+0000] {logging_mixin.py:190} INFO - [2024-10-04T00:28:23.182+0000] {dag.py:4180} INFO - Setting next_dagrun for dataset_s3_bucket_consumer_with_no_taskflow to None, run_after=None
[2024-10-04T00:28:23.183+0000] {logging_mixin.py:190} INFO - [2024-10-04T00:28:23.182+0000] {dag.py:4180} INFO - Setting next_dagrun for dataset_s3_bucket_producer_with_no_taskflow to None, run_after=None
[2024-10-04T00:28:23.198+0000] {processor.py:208} INFO - Processing /home/airflow/.local/lib/python3.12/site-packages/airflow/example_dags/example_dataset_alias_with_no_taskflow.py took 0.212 seconds
[2024-10-04T00:28:53.261+0000] {processor.py:186} INFO - Started process (PID=9352) to work on /home/airflow/.local/lib/python3.12/site-packages/airflow/example_dags/example_dataset_alias_with_no_taskflow.py
[2024-10-04T00:28:53.263+0000] {processor.py:914} INFO - Processing file /home/airflow/.local/lib/python3.12/site-packages/airflow/example_dags/example_dataset_alias_with_no_taskflow.py for tasks to queue
[2024-10-04T00:28:53.267+0000] {logging_mixin.py:190} INFO - [2024-10-04T00:28:53.267+0000] {dagbag.py:588} INFO - Filling up the DagBag from /home/airflow/.local/lib/python3.12/site-packages/airflow/example_dags/example_dataset_alias_with_no_taskflow.py
[2024-10-04T00:28:53.451+0000] {processor.py:925} INFO - DAG(s) 'dataset_alias_example_alias_consumer_with_no_taskflow', 'dataset_alias_example_alias_producer_with_no_taskflow', 'dataset_s3_bucket_producer_with_no_taskflow', 'dataset_s3_bucket_consumer_with_no_taskflow' retrieved from /home/airflow/.local/lib/python3.12/site-packages/airflow/example_dags/example_dataset_alias_with_no_taskflow.py
[2024-10-04T00:28:53.473+0000] {logging_mixin.py:190} INFO - [2024-10-04T00:28:53.472+0000] {dag.py:3239} INFO - Sync 4 DAGs
[2024-10-04T00:28:53.500+0000] {logging_mixin.py:190} INFO - [2024-10-04T00:28:53.500+0000] {dag.py:4180} INFO - Setting next_dagrun for dataset_alias_example_alias_consumer_with_no_taskflow to None, run_after=None
[2024-10-04T00:28:53.503+0000] {logging_mixin.py:190} INFO - [2024-10-04T00:28:53.503+0000] {dag.py:4180} INFO - Setting next_dagrun for dataset_alias_example_alias_producer_with_no_taskflow to None, run_after=None
[2024-10-04T00:28:53.505+0000] {logging_mixin.py:190} INFO - [2024-10-04T00:28:53.504+0000] {dag.py:4180} INFO - Setting next_dagrun for dataset_s3_bucket_consumer_with_no_taskflow to None, run_after=None
[2024-10-04T00:28:53.506+0000] {logging_mixin.py:190} INFO - [2024-10-04T00:28:53.506+0000] {dag.py:4180} INFO - Setting next_dagrun for dataset_s3_bucket_producer_with_no_taskflow to None, run_after=None
[2024-10-04T00:28:53.527+0000] {processor.py:208} INFO - Processing /home/airflow/.local/lib/python3.12/site-packages/airflow/example_dags/example_dataset_alias_with_no_taskflow.py took 0.273 seconds
