[2024-10-04T00:12:31.563+0000] {processor.py:186} INFO - Started process (PID=199) to work on /home/airflow/.local/lib/python3.12/site-packages/airflow/example_dags/example_dag_decorator.py
[2024-10-04T00:12:31.565+0000] {processor.py:914} INFO - Processing file /home/airflow/.local/lib/python3.12/site-packages/airflow/example_dags/example_dag_decorator.py for tasks to queue
[2024-10-04T00:12:31.567+0000] {logging_mixin.py:190} INFO - [2024-10-04T00:12:31.567+0000] {dagbag.py:588} INFO - Filling up the DagBag from /home/airflow/.local/lib/python3.12/site-packages/airflow/example_dags/example_dag_decorator.py
[2024-10-04T00:12:31.584+0000] {processor.py:925} INFO - DAG(s) 'example_dag_decorator' retrieved from /home/airflow/.local/lib/python3.12/site-packages/airflow/example_dags/example_dag_decorator.py
[2024-10-04T00:12:31.683+0000] {logging_mixin.py:190} INFO - [2024-10-04T00:12:31.682+0000] {override.py:1900} INFO - Created Permission View: can read on DAG:example_dag_decorator
[2024-10-04T00:12:31.690+0000] {logging_mixin.py:190} INFO - [2024-10-04T00:12:31.690+0000] {override.py:1900} INFO - Created Permission View: can delete on DAG:example_dag_decorator
[2024-10-04T00:12:31.694+0000] {logging_mixin.py:190} INFO - [2024-10-04T00:12:31.694+0000] {override.py:1900} INFO - Created Permission View: can edit on DAG:example_dag_decorator
[2024-10-04T00:12:31.699+0000] {logging_mixin.py:190} INFO - [2024-10-04T00:12:31.698+0000] {override.py:1900} INFO - Created Permission View: menu access on DAG Run:example_dag_decorator
[2024-10-04T00:12:31.702+0000] {logging_mixin.py:190} INFO - [2024-10-04T00:12:31.702+0000] {override.py:1900} INFO - Created Permission View: can read on DAG Run:example_dag_decorator
[2024-10-04T00:12:31.706+0000] {logging_mixin.py:190} INFO - [2024-10-04T00:12:31.706+0000] {override.py:1900} INFO - Created Permission View: can delete on DAG Run:example_dag_decorator
[2024-10-04T00:12:31.710+0000] {logging_mixin.py:190} INFO - [2024-10-04T00:12:31.710+0000] {override.py:1900} INFO - Created Permission View: can create on DAG Run:example_dag_decorator
[2024-10-04T00:12:31.711+0000] {logging_mixin.py:190} INFO - [2024-10-04T00:12:31.711+0000] {dag.py:3239} INFO - Sync 1 DAGs
[2024-10-04T00:12:31.721+0000] {logging_mixin.py:190} INFO - [2024-10-04T00:12:31.720+0000] {dag.py:3262} INFO - Creating ORM DAG for example_dag_decorator
[2024-10-04T00:12:31.721+0000] {logging_mixin.py:190} INFO - [2024-10-04T00:12:31.721+0000] {dag.py:4180} INFO - Setting next_dagrun for example_dag_decorator to None, run_after=None
[2024-10-04T00:12:31.733+0000] {processor.py:208} INFO - Processing /home/airflow/.local/lib/python3.12/site-packages/airflow/example_dags/example_dag_decorator.py took 0.176 seconds
[2024-10-04T00:13:02.614+0000] {processor.py:186} INFO - Started process (PID=485) to work on /home/airflow/.local/lib/python3.12/site-packages/airflow/example_dags/example_dag_decorator.py
[2024-10-04T00:13:02.616+0000] {processor.py:914} INFO - Processing file /home/airflow/.local/lib/python3.12/site-packages/airflow/example_dags/example_dag_decorator.py for tasks to queue
[2024-10-04T00:13:02.620+0000] {logging_mixin.py:190} INFO - [2024-10-04T00:13:02.619+0000] {dagbag.py:588} INFO - Filling up the DagBag from /home/airflow/.local/lib/python3.12/site-packages/airflow/example_dags/example_dag_decorator.py
[2024-10-04T00:13:02.634+0000] {processor.py:925} INFO - DAG(s) 'example_dag_decorator' retrieved from /home/airflow/.local/lib/python3.12/site-packages/airflow/example_dags/example_dag_decorator.py
[2024-10-04T00:13:02.755+0000] {logging_mixin.py:190} INFO - [2024-10-04T00:13:02.755+0000] {dag.py:3239} INFO - Sync 1 DAGs
[2024-10-04T00:13:02.765+0000] {logging_mixin.py:190} INFO - [2024-10-04T00:13:02.765+0000] {dag.py:4180} INFO - Setting next_dagrun for example_dag_decorator to None, run_after=None
[2024-10-04T00:13:02.779+0000] {processor.py:208} INFO - Processing /home/airflow/.local/lib/python3.12/site-packages/airflow/example_dags/example_dag_decorator.py took 0.177 seconds
[2024-10-04T00:13:33.299+0000] {processor.py:186} INFO - Started process (PID=771) to work on /home/airflow/.local/lib/python3.12/site-packages/airflow/example_dags/example_dag_decorator.py
[2024-10-04T00:13:33.300+0000] {processor.py:914} INFO - Processing file /home/airflow/.local/lib/python3.12/site-packages/airflow/example_dags/example_dag_decorator.py for tasks to queue
[2024-10-04T00:13:33.302+0000] {logging_mixin.py:190} INFO - [2024-10-04T00:13:33.302+0000] {dagbag.py:588} INFO - Filling up the DagBag from /home/airflow/.local/lib/python3.12/site-packages/airflow/example_dags/example_dag_decorator.py
[2024-10-04T00:13:33.314+0000] {processor.py:925} INFO - DAG(s) 'example_dag_decorator' retrieved from /home/airflow/.local/lib/python3.12/site-packages/airflow/example_dags/example_dag_decorator.py
[2024-10-04T00:13:33.432+0000] {logging_mixin.py:190} INFO - [2024-10-04T00:13:33.432+0000] {dag.py:3239} INFO - Sync 1 DAGs
[2024-10-04T00:13:33.443+0000] {logging_mixin.py:190} INFO - [2024-10-04T00:13:33.443+0000] {dag.py:4180} INFO - Setting next_dagrun for example_dag_decorator to None, run_after=None
[2024-10-04T00:13:33.456+0000] {processor.py:208} INFO - Processing /home/airflow/.local/lib/python3.12/site-packages/airflow/example_dags/example_dag_decorator.py took 0.163 seconds
[2024-10-04T00:14:03.731+0000] {processor.py:186} INFO - Started process (PID=1057) to work on /home/airflow/.local/lib/python3.12/site-packages/airflow/example_dags/example_dag_decorator.py
[2024-10-04T00:14:03.732+0000] {processor.py:914} INFO - Processing file /home/airflow/.local/lib/python3.12/site-packages/airflow/example_dags/example_dag_decorator.py for tasks to queue
[2024-10-04T00:14:03.734+0000] {logging_mixin.py:190} INFO - [2024-10-04T00:14:03.734+0000] {dagbag.py:588} INFO - Filling up the DagBag from /home/airflow/.local/lib/python3.12/site-packages/airflow/example_dags/example_dag_decorator.py
[2024-10-04T00:14:03.746+0000] {processor.py:925} INFO - DAG(s) 'example_dag_decorator' retrieved from /home/airflow/.local/lib/python3.12/site-packages/airflow/example_dags/example_dag_decorator.py
[2024-10-04T00:14:03.866+0000] {logging_mixin.py:190} INFO - [2024-10-04T00:14:03.866+0000] {dag.py:3239} INFO - Sync 1 DAGs
[2024-10-04T00:14:03.875+0000] {logging_mixin.py:190} INFO - [2024-10-04T00:14:03.875+0000] {dag.py:4180} INFO - Setting next_dagrun for example_dag_decorator to None, run_after=None
[2024-10-04T00:14:03.891+0000] {processor.py:208} INFO - Processing /home/airflow/.local/lib/python3.12/site-packages/airflow/example_dags/example_dag_decorator.py took 0.167 seconds
[2024-10-04T00:14:34.561+0000] {processor.py:186} INFO - Started process (PID=1343) to work on /home/airflow/.local/lib/python3.12/site-packages/airflow/example_dags/example_dag_decorator.py
[2024-10-04T00:14:34.563+0000] {processor.py:914} INFO - Processing file /home/airflow/.local/lib/python3.12/site-packages/airflow/example_dags/example_dag_decorator.py for tasks to queue
[2024-10-04T00:14:34.566+0000] {logging_mixin.py:190} INFO - [2024-10-04T00:14:34.565+0000] {dagbag.py:588} INFO - Filling up the DagBag from /home/airflow/.local/lib/python3.12/site-packages/airflow/example_dags/example_dag_decorator.py
[2024-10-04T00:14:34.580+0000] {processor.py:925} INFO - DAG(s) 'example_dag_decorator' retrieved from /home/airflow/.local/lib/python3.12/site-packages/airflow/example_dags/example_dag_decorator.py
[2024-10-04T00:14:34.700+0000] {logging_mixin.py:190} INFO - [2024-10-04T00:14:34.699+0000] {dag.py:3239} INFO - Sync 1 DAGs
[2024-10-04T00:14:34.710+0000] {logging_mixin.py:190} INFO - [2024-10-04T00:14:34.710+0000] {dag.py:4180} INFO - Setting next_dagrun for example_dag_decorator to None, run_after=None
[2024-10-04T00:14:34.726+0000] {processor.py:208} INFO - Processing /home/airflow/.local/lib/python3.12/site-packages/airflow/example_dags/example_dag_decorator.py took 0.171 seconds
[2024-10-04T00:15:04.928+0000] {processor.py:186} INFO - Started process (PID=1629) to work on /home/airflow/.local/lib/python3.12/site-packages/airflow/example_dags/example_dag_decorator.py
[2024-10-04T00:15:04.930+0000] {processor.py:914} INFO - Processing file /home/airflow/.local/lib/python3.12/site-packages/airflow/example_dags/example_dag_decorator.py for tasks to queue
[2024-10-04T00:15:04.934+0000] {logging_mixin.py:190} INFO - [2024-10-04T00:15:04.933+0000] {dagbag.py:588} INFO - Filling up the DagBag from /home/airflow/.local/lib/python3.12/site-packages/airflow/example_dags/example_dag_decorator.py
[2024-10-04T00:15:04.947+0000] {processor.py:925} INFO - DAG(s) 'example_dag_decorator' retrieved from /home/airflow/.local/lib/python3.12/site-packages/airflow/example_dags/example_dag_decorator.py
[2024-10-04T00:15:05.083+0000] {logging_mixin.py:190} INFO - [2024-10-04T00:15:05.082+0000] {dag.py:3239} INFO - Sync 1 DAGs
[2024-10-04T00:15:05.094+0000] {logging_mixin.py:190} INFO - [2024-10-04T00:15:05.093+0000] {dag.py:4180} INFO - Setting next_dagrun for example_dag_decorator to None, run_after=None
[2024-10-04T00:15:05.110+0000] {processor.py:208} INFO - Processing /home/airflow/.local/lib/python3.12/site-packages/airflow/example_dags/example_dag_decorator.py took 0.193 seconds
[2024-10-04T00:15:35.878+0000] {processor.py:186} INFO - Started process (PID=1915) to work on /home/airflow/.local/lib/python3.12/site-packages/airflow/example_dags/example_dag_decorator.py
[2024-10-04T00:15:35.880+0000] {processor.py:914} INFO - Processing file /home/airflow/.local/lib/python3.12/site-packages/airflow/example_dags/example_dag_decorator.py for tasks to queue
[2024-10-04T00:15:35.882+0000] {logging_mixin.py:190} INFO - [2024-10-04T00:15:35.881+0000] {dagbag.py:588} INFO - Filling up the DagBag from /home/airflow/.local/lib/python3.12/site-packages/airflow/example_dags/example_dag_decorator.py
[2024-10-04T00:15:35.893+0000] {processor.py:925} INFO - DAG(s) 'example_dag_decorator' retrieved from /home/airflow/.local/lib/python3.12/site-packages/airflow/example_dags/example_dag_decorator.py
[2024-10-04T00:15:36.001+0000] {logging_mixin.py:190} INFO - [2024-10-04T00:15:36.001+0000] {dag.py:3239} INFO - Sync 1 DAGs
[2024-10-04T00:15:36.014+0000] {logging_mixin.py:190} INFO - [2024-10-04T00:15:36.013+0000] {dag.py:4180} INFO - Setting next_dagrun for example_dag_decorator to None, run_after=None
[2024-10-04T00:15:36.027+0000] {processor.py:208} INFO - Processing /home/airflow/.local/lib/python3.12/site-packages/airflow/example_dags/example_dag_decorator.py took 0.155 seconds
[2024-10-04T00:16:06.221+0000] {processor.py:186} INFO - Started process (PID=2201) to work on /home/airflow/.local/lib/python3.12/site-packages/airflow/example_dags/example_dag_decorator.py
[2024-10-04T00:16:06.222+0000] {processor.py:914} INFO - Processing file /home/airflow/.local/lib/python3.12/site-packages/airflow/example_dags/example_dag_decorator.py for tasks to queue
[2024-10-04T00:16:06.224+0000] {logging_mixin.py:190} INFO - [2024-10-04T00:16:06.224+0000] {dagbag.py:588} INFO - Filling up the DagBag from /home/airflow/.local/lib/python3.12/site-packages/airflow/example_dags/example_dag_decorator.py
[2024-10-04T00:16:06.238+0000] {processor.py:925} INFO - DAG(s) 'example_dag_decorator' retrieved from /home/airflow/.local/lib/python3.12/site-packages/airflow/example_dags/example_dag_decorator.py
[2024-10-04T00:16:06.348+0000] {logging_mixin.py:190} INFO - [2024-10-04T00:16:06.348+0000] {dag.py:3239} INFO - Sync 1 DAGs
[2024-10-04T00:16:06.358+0000] {logging_mixin.py:190} INFO - [2024-10-04T00:16:06.358+0000] {dag.py:4180} INFO - Setting next_dagrun for example_dag_decorator to None, run_after=None
[2024-10-04T00:16:06.372+0000] {processor.py:208} INFO - Processing /home/airflow/.local/lib/python3.12/site-packages/airflow/example_dags/example_dag_decorator.py took 0.157 seconds
[2024-10-04T00:16:36.826+0000] {processor.py:186} INFO - Started process (PID=2487) to work on /home/airflow/.local/lib/python3.12/site-packages/airflow/example_dags/example_dag_decorator.py
[2024-10-04T00:16:36.828+0000] {processor.py:914} INFO - Processing file /home/airflow/.local/lib/python3.12/site-packages/airflow/example_dags/example_dag_decorator.py for tasks to queue
[2024-10-04T00:16:36.830+0000] {logging_mixin.py:190} INFO - [2024-10-04T00:16:36.829+0000] {dagbag.py:588} INFO - Filling up the DagBag from /home/airflow/.local/lib/python3.12/site-packages/airflow/example_dags/example_dag_decorator.py
[2024-10-04T00:16:36.841+0000] {processor.py:925} INFO - DAG(s) 'example_dag_decorator' retrieved from /home/airflow/.local/lib/python3.12/site-packages/airflow/example_dags/example_dag_decorator.py
[2024-10-04T00:16:36.992+0000] {logging_mixin.py:190} INFO - [2024-10-04T00:16:36.992+0000] {dag.py:3239} INFO - Sync 1 DAGs
[2024-10-04T00:16:37.005+0000] {logging_mixin.py:190} INFO - [2024-10-04T00:16:37.005+0000] {dag.py:4180} INFO - Setting next_dagrun for example_dag_decorator to None, run_after=None
[2024-10-04T00:16:37.030+0000] {processor.py:208} INFO - Processing /home/airflow/.local/lib/python3.12/site-packages/airflow/example_dags/example_dag_decorator.py took 0.209 seconds
[2024-10-04T00:17:07.629+0000] {processor.py:186} INFO - Started process (PID=2773) to work on /home/airflow/.local/lib/python3.12/site-packages/airflow/example_dags/example_dag_decorator.py
[2024-10-04T00:17:07.631+0000] {processor.py:914} INFO - Processing file /home/airflow/.local/lib/python3.12/site-packages/airflow/example_dags/example_dag_decorator.py for tasks to queue
[2024-10-04T00:17:07.633+0000] {logging_mixin.py:190} INFO - [2024-10-04T00:17:07.633+0000] {dagbag.py:588} INFO - Filling up the DagBag from /home/airflow/.local/lib/python3.12/site-packages/airflow/example_dags/example_dag_decorator.py
[2024-10-04T00:17:07.644+0000] {processor.py:925} INFO - DAG(s) 'example_dag_decorator' retrieved from /home/airflow/.local/lib/python3.12/site-packages/airflow/example_dags/example_dag_decorator.py
[2024-10-04T00:17:07.768+0000] {logging_mixin.py:190} INFO - [2024-10-04T00:17:07.768+0000] {dag.py:3239} INFO - Sync 1 DAGs
[2024-10-04T00:17:07.778+0000] {logging_mixin.py:190} INFO - [2024-10-04T00:17:07.778+0000] {dag.py:4180} INFO - Setting next_dagrun for example_dag_decorator to None, run_after=None
[2024-10-04T00:17:07.793+0000] {processor.py:208} INFO - Processing /home/airflow/.local/lib/python3.12/site-packages/airflow/example_dags/example_dag_decorator.py took 0.170 seconds
[2024-10-04T00:17:38.903+0000] {processor.py:186} INFO - Started process (PID=3059) to work on /home/airflow/.local/lib/python3.12/site-packages/airflow/example_dags/example_dag_decorator.py
[2024-10-04T00:17:38.906+0000] {processor.py:914} INFO - Processing file /home/airflow/.local/lib/python3.12/site-packages/airflow/example_dags/example_dag_decorator.py for tasks to queue
[2024-10-04T00:17:38.913+0000] {logging_mixin.py:190} INFO - [2024-10-04T00:17:38.912+0000] {dagbag.py:588} INFO - Filling up the DagBag from /home/airflow/.local/lib/python3.12/site-packages/airflow/example_dags/example_dag_decorator.py
[2024-10-04T00:17:38.946+0000] {processor.py:925} INFO - DAG(s) 'example_dag_decorator' retrieved from /home/airflow/.local/lib/python3.12/site-packages/airflow/example_dags/example_dag_decorator.py
[2024-10-04T00:17:39.204+0000] {logging_mixin.py:190} INFO - [2024-10-04T00:17:39.204+0000] {dag.py:3239} INFO - Sync 1 DAGs
[2024-10-04T00:17:39.230+0000] {logging_mixin.py:190} INFO - [2024-10-04T00:17:39.230+0000] {dag.py:4180} INFO - Setting next_dagrun for example_dag_decorator to None, run_after=None
[2024-10-04T00:17:39.303+0000] {processor.py:208} INFO - Processing /home/airflow/.local/lib/python3.12/site-packages/airflow/example_dags/example_dag_decorator.py took 0.415 seconds
[2024-10-04T00:18:10.477+0000] {processor.py:186} INFO - Started process (PID=3345) to work on /home/airflow/.local/lib/python3.12/site-packages/airflow/example_dags/example_dag_decorator.py
[2024-10-04T00:18:10.482+0000] {processor.py:914} INFO - Processing file /home/airflow/.local/lib/python3.12/site-packages/airflow/example_dags/example_dag_decorator.py for tasks to queue
[2024-10-04T00:18:10.488+0000] {logging_mixin.py:190} INFO - [2024-10-04T00:18:10.487+0000] {dagbag.py:588} INFO - Filling up the DagBag from /home/airflow/.local/lib/python3.12/site-packages/airflow/example_dags/example_dag_decorator.py
[2024-10-04T00:18:10.523+0000] {processor.py:925} INFO - DAG(s) 'example_dag_decorator' retrieved from /home/airflow/.local/lib/python3.12/site-packages/airflow/example_dags/example_dag_decorator.py
[2024-10-04T00:18:10.737+0000] {logging_mixin.py:190} INFO - [2024-10-04T00:18:10.737+0000] {dag.py:3239} INFO - Sync 1 DAGs
[2024-10-04T00:18:10.751+0000] {logging_mixin.py:190} INFO - [2024-10-04T00:18:10.751+0000] {dag.py:4180} INFO - Setting next_dagrun for example_dag_decorator to None, run_after=None
[2024-10-04T00:18:10.781+0000] {processor.py:208} INFO - Processing /home/airflow/.local/lib/python3.12/site-packages/airflow/example_dags/example_dag_decorator.py took 0.334 seconds
[2024-10-04T00:18:41.202+0000] {processor.py:186} INFO - Started process (PID=3631) to work on /home/airflow/.local/lib/python3.12/site-packages/airflow/example_dags/example_dag_decorator.py
[2024-10-04T00:18:41.203+0000] {processor.py:914} INFO - Processing file /home/airflow/.local/lib/python3.12/site-packages/airflow/example_dags/example_dag_decorator.py for tasks to queue
[2024-10-04T00:18:41.205+0000] {logging_mixin.py:190} INFO - [2024-10-04T00:18:41.205+0000] {dagbag.py:588} INFO - Filling up the DagBag from /home/airflow/.local/lib/python3.12/site-packages/airflow/example_dags/example_dag_decorator.py
[2024-10-04T00:18:41.220+0000] {processor.py:925} INFO - DAG(s) 'example_dag_decorator' retrieved from /home/airflow/.local/lib/python3.12/site-packages/airflow/example_dags/example_dag_decorator.py
[2024-10-04T00:18:41.389+0000] {logging_mixin.py:190} INFO - [2024-10-04T00:18:41.388+0000] {dag.py:3239} INFO - Sync 1 DAGs
[2024-10-04T00:18:41.403+0000] {logging_mixin.py:190} INFO - [2024-10-04T00:18:41.403+0000] {dag.py:4180} INFO - Setting next_dagrun for example_dag_decorator to None, run_after=None
[2024-10-04T00:18:41.428+0000] {processor.py:208} INFO - Processing /home/airflow/.local/lib/python3.12/site-packages/airflow/example_dags/example_dag_decorator.py took 0.234 seconds
[2024-10-04T00:19:11.952+0000] {processor.py:186} INFO - Started process (PID=3917) to work on /home/airflow/.local/lib/python3.12/site-packages/airflow/example_dags/example_dag_decorator.py
[2024-10-04T00:19:11.953+0000] {processor.py:914} INFO - Processing file /home/airflow/.local/lib/python3.12/site-packages/airflow/example_dags/example_dag_decorator.py for tasks to queue
[2024-10-04T00:19:11.955+0000] {logging_mixin.py:190} INFO - [2024-10-04T00:19:11.955+0000] {dagbag.py:588} INFO - Filling up the DagBag from /home/airflow/.local/lib/python3.12/site-packages/airflow/example_dags/example_dag_decorator.py
[2024-10-04T00:19:11.967+0000] {processor.py:925} INFO - DAG(s) 'example_dag_decorator' retrieved from /home/airflow/.local/lib/python3.12/site-packages/airflow/example_dags/example_dag_decorator.py
[2024-10-04T00:19:12.092+0000] {logging_mixin.py:190} INFO - [2024-10-04T00:19:12.091+0000] {dag.py:3239} INFO - Sync 1 DAGs
[2024-10-04T00:19:12.102+0000] {logging_mixin.py:190} INFO - [2024-10-04T00:19:12.102+0000] {dag.py:4180} INFO - Setting next_dagrun for example_dag_decorator to None, run_after=None
[2024-10-04T00:19:12.116+0000] {processor.py:208} INFO - Processing /home/airflow/.local/lib/python3.12/site-packages/airflow/example_dags/example_dag_decorator.py took 0.170 seconds
[2024-10-04T00:19:42.293+0000] {processor.py:186} INFO - Started process (PID=4203) to work on /home/airflow/.local/lib/python3.12/site-packages/airflow/example_dags/example_dag_decorator.py
[2024-10-04T00:19:42.295+0000] {processor.py:914} INFO - Processing file /home/airflow/.local/lib/python3.12/site-packages/airflow/example_dags/example_dag_decorator.py for tasks to queue
[2024-10-04T00:19:42.297+0000] {logging_mixin.py:190} INFO - [2024-10-04T00:19:42.297+0000] {dagbag.py:588} INFO - Filling up the DagBag from /home/airflow/.local/lib/python3.12/site-packages/airflow/example_dags/example_dag_decorator.py
[2024-10-04T00:19:42.308+0000] {processor.py:925} INFO - DAG(s) 'example_dag_decorator' retrieved from /home/airflow/.local/lib/python3.12/site-packages/airflow/example_dags/example_dag_decorator.py
[2024-10-04T00:19:42.456+0000] {logging_mixin.py:190} INFO - [2024-10-04T00:19:42.456+0000] {dag.py:3239} INFO - Sync 1 DAGs
[2024-10-04T00:19:42.467+0000] {logging_mixin.py:190} INFO - [2024-10-04T00:19:42.467+0000] {dag.py:4180} INFO - Setting next_dagrun for example_dag_decorator to None, run_after=None
[2024-10-04T00:19:42.481+0000] {processor.py:208} INFO - Processing /home/airflow/.local/lib/python3.12/site-packages/airflow/example_dags/example_dag_decorator.py took 0.198 seconds
[2024-10-04T00:20:12.963+0000] {processor.py:186} INFO - Started process (PID=4489) to work on /home/airflow/.local/lib/python3.12/site-packages/airflow/example_dags/example_dag_decorator.py
[2024-10-04T00:20:12.964+0000] {processor.py:914} INFO - Processing file /home/airflow/.local/lib/python3.12/site-packages/airflow/example_dags/example_dag_decorator.py for tasks to queue
[2024-10-04T00:20:12.966+0000] {logging_mixin.py:190} INFO - [2024-10-04T00:20:12.966+0000] {dagbag.py:588} INFO - Filling up the DagBag from /home/airflow/.local/lib/python3.12/site-packages/airflow/example_dags/example_dag_decorator.py
[2024-10-04T00:20:12.978+0000] {processor.py:925} INFO - DAG(s) 'example_dag_decorator' retrieved from /home/airflow/.local/lib/python3.12/site-packages/airflow/example_dags/example_dag_decorator.py
[2024-10-04T00:20:13.108+0000] {logging_mixin.py:190} INFO - [2024-10-04T00:20:13.108+0000] {dag.py:3239} INFO - Sync 1 DAGs
[2024-10-04T00:20:13.120+0000] {logging_mixin.py:190} INFO - [2024-10-04T00:20:13.119+0000] {dag.py:4180} INFO - Setting next_dagrun for example_dag_decorator to None, run_after=None
[2024-10-04T00:20:13.139+0000] {processor.py:208} INFO - Processing /home/airflow/.local/lib/python3.12/site-packages/airflow/example_dags/example_dag_decorator.py took 0.182 seconds
[2024-10-04T00:20:43.777+0000] {processor.py:186} INFO - Started process (PID=4781) to work on /home/airflow/.local/lib/python3.12/site-packages/airflow/example_dags/example_dag_decorator.py
[2024-10-04T00:20:43.779+0000] {processor.py:914} INFO - Processing file /home/airflow/.local/lib/python3.12/site-packages/airflow/example_dags/example_dag_decorator.py for tasks to queue
[2024-10-04T00:20:43.781+0000] {logging_mixin.py:190} INFO - [2024-10-04T00:20:43.780+0000] {dagbag.py:588} INFO - Filling up the DagBag from /home/airflow/.local/lib/python3.12/site-packages/airflow/example_dags/example_dag_decorator.py
[2024-10-04T00:20:43.791+0000] {processor.py:925} INFO - DAG(s) 'example_dag_decorator' retrieved from /home/airflow/.local/lib/python3.12/site-packages/airflow/example_dags/example_dag_decorator.py
[2024-10-04T00:20:43.888+0000] {logging_mixin.py:190} INFO - [2024-10-04T00:20:43.888+0000] {dag.py:3239} INFO - Sync 1 DAGs
[2024-10-04T00:20:43.898+0000] {logging_mixin.py:190} INFO - [2024-10-04T00:20:43.898+0000] {dag.py:4180} INFO - Setting next_dagrun for example_dag_decorator to None, run_after=None
[2024-10-04T00:20:43.912+0000] {processor.py:208} INFO - Processing /home/airflow/.local/lib/python3.12/site-packages/airflow/example_dags/example_dag_decorator.py took 0.141 seconds
[2024-10-04T00:21:13.970+0000] {processor.py:186} INFO - Started process (PID=5067) to work on /home/airflow/.local/lib/python3.12/site-packages/airflow/example_dags/example_dag_decorator.py
[2024-10-04T00:21:13.971+0000] {processor.py:914} INFO - Processing file /home/airflow/.local/lib/python3.12/site-packages/airflow/example_dags/example_dag_decorator.py for tasks to queue
[2024-10-04T00:21:13.973+0000] {logging_mixin.py:190} INFO - [2024-10-04T00:21:13.972+0000] {dagbag.py:588} INFO - Filling up the DagBag from /home/airflow/.local/lib/python3.12/site-packages/airflow/example_dags/example_dag_decorator.py
[2024-10-04T00:21:13.983+0000] {processor.py:925} INFO - DAG(s) 'example_dag_decorator' retrieved from /home/airflow/.local/lib/python3.12/site-packages/airflow/example_dags/example_dag_decorator.py
[2024-10-04T00:21:14.120+0000] {logging_mixin.py:190} INFO - [2024-10-04T00:21:14.120+0000] {dag.py:3239} INFO - Sync 1 DAGs
[2024-10-04T00:21:14.136+0000] {logging_mixin.py:190} INFO - [2024-10-04T00:21:14.136+0000] {dag.py:4180} INFO - Setting next_dagrun for example_dag_decorator to None, run_after=None
[2024-10-04T00:21:14.153+0000] {processor.py:208} INFO - Processing /home/airflow/.local/lib/python3.12/site-packages/airflow/example_dags/example_dag_decorator.py took 0.189 seconds
[2024-10-04T00:21:44.532+0000] {processor.py:186} INFO - Started process (PID=5353) to work on /home/airflow/.local/lib/python3.12/site-packages/airflow/example_dags/example_dag_decorator.py
[2024-10-04T00:21:44.533+0000] {processor.py:914} INFO - Processing file /home/airflow/.local/lib/python3.12/site-packages/airflow/example_dags/example_dag_decorator.py for tasks to queue
[2024-10-04T00:21:44.535+0000] {logging_mixin.py:190} INFO - [2024-10-04T00:21:44.534+0000] {dagbag.py:588} INFO - Filling up the DagBag from /home/airflow/.local/lib/python3.12/site-packages/airflow/example_dags/example_dag_decorator.py
[2024-10-04T00:21:44.545+0000] {processor.py:925} INFO - DAG(s) 'example_dag_decorator' retrieved from /home/airflow/.local/lib/python3.12/site-packages/airflow/example_dags/example_dag_decorator.py
[2024-10-04T00:21:44.641+0000] {logging_mixin.py:190} INFO - [2024-10-04T00:21:44.641+0000] {dag.py:3239} INFO - Sync 1 DAGs
[2024-10-04T00:21:44.651+0000] {logging_mixin.py:190} INFO - [2024-10-04T00:21:44.651+0000] {dag.py:4180} INFO - Setting next_dagrun for example_dag_decorator to None, run_after=None
[2024-10-04T00:21:44.668+0000] {processor.py:208} INFO - Processing /home/airflow/.local/lib/python3.12/site-packages/airflow/example_dags/example_dag_decorator.py took 0.141 seconds
[2024-10-04T00:22:14.731+0000] {processor.py:186} INFO - Started process (PID=5639) to work on /home/airflow/.local/lib/python3.12/site-packages/airflow/example_dags/example_dag_decorator.py
[2024-10-04T00:22:14.732+0000] {processor.py:914} INFO - Processing file /home/airflow/.local/lib/python3.12/site-packages/airflow/example_dags/example_dag_decorator.py for tasks to queue
[2024-10-04T00:22:14.735+0000] {logging_mixin.py:190} INFO - [2024-10-04T00:22:14.734+0000] {dagbag.py:588} INFO - Filling up the DagBag from /home/airflow/.local/lib/python3.12/site-packages/airflow/example_dags/example_dag_decorator.py
[2024-10-04T00:22:14.748+0000] {processor.py:925} INFO - DAG(s) 'example_dag_decorator' retrieved from /home/airflow/.local/lib/python3.12/site-packages/airflow/example_dags/example_dag_decorator.py
[2024-10-04T00:22:14.857+0000] {logging_mixin.py:190} INFO - [2024-10-04T00:22:14.856+0000] {dag.py:3239} INFO - Sync 1 DAGs
[2024-10-04T00:22:14.866+0000] {logging_mixin.py:190} INFO - [2024-10-04T00:22:14.866+0000] {dag.py:4180} INFO - Setting next_dagrun for example_dag_decorator to None, run_after=None
[2024-10-04T00:22:14.880+0000] {processor.py:208} INFO - Processing /home/airflow/.local/lib/python3.12/site-packages/airflow/example_dags/example_dag_decorator.py took 0.155 seconds
[2024-10-04T00:22:45.982+0000] {processor.py:186} INFO - Started process (PID=5925) to work on /home/airflow/.local/lib/python3.12/site-packages/airflow/example_dags/example_dag_decorator.py
[2024-10-04T00:22:45.986+0000] {processor.py:914} INFO - Processing file /home/airflow/.local/lib/python3.12/site-packages/airflow/example_dags/example_dag_decorator.py for tasks to queue
[2024-10-04T00:22:45.993+0000] {logging_mixin.py:190} INFO - [2024-10-04T00:22:45.992+0000] {dagbag.py:588} INFO - Filling up the DagBag from /home/airflow/.local/lib/python3.12/site-packages/airflow/example_dags/example_dag_decorator.py
[2024-10-04T00:22:46.021+0000] {processor.py:925} INFO - DAG(s) 'example_dag_decorator' retrieved from /home/airflow/.local/lib/python3.12/site-packages/airflow/example_dags/example_dag_decorator.py
[2024-10-04T00:22:46.490+0000] {logging_mixin.py:190} INFO - [2024-10-04T00:22:46.489+0000] {dag.py:3239} INFO - Sync 1 DAGs
[2024-10-04T00:22:46.523+0000] {logging_mixin.py:190} INFO - [2024-10-04T00:22:46.522+0000] {dag.py:4180} INFO - Setting next_dagrun for example_dag_decorator to None, run_after=None
[2024-10-04T00:22:46.556+0000] {processor.py:208} INFO - Processing /home/airflow/.local/lib/python3.12/site-packages/airflow/example_dags/example_dag_decorator.py took 0.587 seconds
[2024-10-04T00:23:16.906+0000] {processor.py:186} INFO - Started process (PID=6211) to work on /home/airflow/.local/lib/python3.12/site-packages/airflow/example_dags/example_dag_decorator.py
[2024-10-04T00:23:16.907+0000] {processor.py:914} INFO - Processing file /home/airflow/.local/lib/python3.12/site-packages/airflow/example_dags/example_dag_decorator.py for tasks to queue
[2024-10-04T00:23:16.910+0000] {logging_mixin.py:190} INFO - [2024-10-04T00:23:16.910+0000] {dagbag.py:588} INFO - Filling up the DagBag from /home/airflow/.local/lib/python3.12/site-packages/airflow/example_dags/example_dag_decorator.py
[2024-10-04T00:23:16.923+0000] {processor.py:925} INFO - DAG(s) 'example_dag_decorator' retrieved from /home/airflow/.local/lib/python3.12/site-packages/airflow/example_dags/example_dag_decorator.py
[2024-10-04T00:23:17.049+0000] {logging_mixin.py:190} INFO - [2024-10-04T00:23:17.048+0000] {dag.py:3239} INFO - Sync 1 DAGs
[2024-10-04T00:23:17.060+0000] {logging_mixin.py:190} INFO - [2024-10-04T00:23:17.059+0000] {dag.py:4180} INFO - Setting next_dagrun for example_dag_decorator to None, run_after=None
[2024-10-04T00:23:17.073+0000] {processor.py:208} INFO - Processing /home/airflow/.local/lib/python3.12/site-packages/airflow/example_dags/example_dag_decorator.py took 0.173 seconds
[2024-10-04T00:23:48.120+0000] {processor.py:186} INFO - Started process (PID=6497) to work on /home/airflow/.local/lib/python3.12/site-packages/airflow/example_dags/example_dag_decorator.py
[2024-10-04T00:23:48.122+0000] {processor.py:914} INFO - Processing file /home/airflow/.local/lib/python3.12/site-packages/airflow/example_dags/example_dag_decorator.py for tasks to queue
[2024-10-04T00:23:48.125+0000] {logging_mixin.py:190} INFO - [2024-10-04T00:23:48.125+0000] {dagbag.py:588} INFO - Filling up the DagBag from /home/airflow/.local/lib/python3.12/site-packages/airflow/example_dags/example_dag_decorator.py
[2024-10-04T00:23:48.154+0000] {processor.py:925} INFO - DAG(s) 'example_dag_decorator' retrieved from /home/airflow/.local/lib/python3.12/site-packages/airflow/example_dags/example_dag_decorator.py
[2024-10-04T00:23:48.384+0000] {logging_mixin.py:190} INFO - [2024-10-04T00:23:48.383+0000] {dag.py:3239} INFO - Sync 1 DAGs
[2024-10-04T00:23:48.409+0000] {logging_mixin.py:190} INFO - [2024-10-04T00:23:48.408+0000] {dag.py:4180} INFO - Setting next_dagrun for example_dag_decorator to None, run_after=None
[2024-10-04T00:23:48.432+0000] {processor.py:208} INFO - Processing /home/airflow/.local/lib/python3.12/site-packages/airflow/example_dags/example_dag_decorator.py took 0.320 seconds
[2024-10-04T00:24:19.137+0000] {processor.py:186} INFO - Started process (PID=6783) to work on /home/airflow/.local/lib/python3.12/site-packages/airflow/example_dags/example_dag_decorator.py
[2024-10-04T00:24:19.138+0000] {processor.py:914} INFO - Processing file /home/airflow/.local/lib/python3.12/site-packages/airflow/example_dags/example_dag_decorator.py for tasks to queue
[2024-10-04T00:24:19.141+0000] {logging_mixin.py:190} INFO - [2024-10-04T00:24:19.140+0000] {dagbag.py:588} INFO - Filling up the DagBag from /home/airflow/.local/lib/python3.12/site-packages/airflow/example_dags/example_dag_decorator.py
[2024-10-04T00:24:19.152+0000] {processor.py:925} INFO - DAG(s) 'example_dag_decorator' retrieved from /home/airflow/.local/lib/python3.12/site-packages/airflow/example_dags/example_dag_decorator.py
[2024-10-04T00:24:19.305+0000] {logging_mixin.py:190} INFO - [2024-10-04T00:24:19.305+0000] {dag.py:3239} INFO - Sync 1 DAGs
[2024-10-04T00:24:19.318+0000] {logging_mixin.py:190} INFO - [2024-10-04T00:24:19.318+0000] {dag.py:4180} INFO - Setting next_dagrun for example_dag_decorator to None, run_after=None
[2024-10-04T00:24:19.334+0000] {processor.py:208} INFO - Processing /home/airflow/.local/lib/python3.12/site-packages/airflow/example_dags/example_dag_decorator.py took 0.203 seconds
[2024-10-04T00:24:49.882+0000] {processor.py:186} INFO - Started process (PID=7069) to work on /home/airflow/.local/lib/python3.12/site-packages/airflow/example_dags/example_dag_decorator.py
[2024-10-04T00:24:49.884+0000] {processor.py:914} INFO - Processing file /home/airflow/.local/lib/python3.12/site-packages/airflow/example_dags/example_dag_decorator.py for tasks to queue
[2024-10-04T00:24:49.886+0000] {logging_mixin.py:190} INFO - [2024-10-04T00:24:49.886+0000] {dagbag.py:588} INFO - Filling up the DagBag from /home/airflow/.local/lib/python3.12/site-packages/airflow/example_dags/example_dag_decorator.py
[2024-10-04T00:24:49.896+0000] {processor.py:925} INFO - DAG(s) 'example_dag_decorator' retrieved from /home/airflow/.local/lib/python3.12/site-packages/airflow/example_dags/example_dag_decorator.py
[2024-10-04T00:24:49.917+0000] {logging_mixin.py:190} INFO - [2024-10-04T00:24:49.917+0000] {dag.py:3239} INFO - Sync 1 DAGs
[2024-10-04T00:24:49.930+0000] {logging_mixin.py:190} INFO - [2024-10-04T00:24:49.930+0000] {dag.py:4180} INFO - Setting next_dagrun for example_dag_decorator to None, run_after=None
[2024-10-04T00:24:49.949+0000] {processor.py:208} INFO - Processing /home/airflow/.local/lib/python3.12/site-packages/airflow/example_dags/example_dag_decorator.py took 0.073 seconds
[2024-10-04T00:25:20.518+0000] {processor.py:186} INFO - Started process (PID=7355) to work on /home/airflow/.local/lib/python3.12/site-packages/airflow/example_dags/example_dag_decorator.py
[2024-10-04T00:25:20.519+0000] {processor.py:914} INFO - Processing file /home/airflow/.local/lib/python3.12/site-packages/airflow/example_dags/example_dag_decorator.py for tasks to queue
[2024-10-04T00:25:20.522+0000] {logging_mixin.py:190} INFO - [2024-10-04T00:25:20.522+0000] {dagbag.py:588} INFO - Filling up the DagBag from /home/airflow/.local/lib/python3.12/site-packages/airflow/example_dags/example_dag_decorator.py
[2024-10-04T00:25:20.536+0000] {processor.py:925} INFO - DAG(s) 'example_dag_decorator' retrieved from /home/airflow/.local/lib/python3.12/site-packages/airflow/example_dags/example_dag_decorator.py
[2024-10-04T00:25:20.686+0000] {logging_mixin.py:190} INFO - [2024-10-04T00:25:20.685+0000] {dag.py:3239} INFO - Sync 1 DAGs
[2024-10-04T00:25:20.698+0000] {logging_mixin.py:190} INFO - [2024-10-04T00:25:20.698+0000] {dag.py:4180} INFO - Setting next_dagrun for example_dag_decorator to None, run_after=None
[2024-10-04T00:25:20.712+0000] {processor.py:208} INFO - Processing /home/airflow/.local/lib/python3.12/site-packages/airflow/example_dags/example_dag_decorator.py took 0.201 seconds
[2024-10-04T00:25:51.506+0000] {processor.py:186} INFO - Started process (PID=7641) to work on /home/airflow/.local/lib/python3.12/site-packages/airflow/example_dags/example_dag_decorator.py
[2024-10-04T00:25:51.507+0000] {processor.py:914} INFO - Processing file /home/airflow/.local/lib/python3.12/site-packages/airflow/example_dags/example_dag_decorator.py for tasks to queue
[2024-10-04T00:25:51.510+0000] {logging_mixin.py:190} INFO - [2024-10-04T00:25:51.509+0000] {dagbag.py:588} INFO - Filling up the DagBag from /home/airflow/.local/lib/python3.12/site-packages/airflow/example_dags/example_dag_decorator.py
[2024-10-04T00:25:51.520+0000] {processor.py:925} INFO - DAG(s) 'example_dag_decorator' retrieved from /home/airflow/.local/lib/python3.12/site-packages/airflow/example_dags/example_dag_decorator.py
[2024-10-04T00:25:51.659+0000] {logging_mixin.py:190} INFO - [2024-10-04T00:25:51.658+0000] {dag.py:3239} INFO - Sync 1 DAGs
[2024-10-04T00:25:51.668+0000] {logging_mixin.py:190} INFO - [2024-10-04T00:25:51.668+0000] {dag.py:4180} INFO - Setting next_dagrun for example_dag_decorator to None, run_after=None
[2024-10-04T00:25:51.683+0000] {processor.py:208} INFO - Processing /home/airflow/.local/lib/python3.12/site-packages/airflow/example_dags/example_dag_decorator.py took 0.183 seconds
[2024-10-04T00:26:21.802+0000] {processor.py:186} INFO - Started process (PID=7927) to work on /home/airflow/.local/lib/python3.12/site-packages/airflow/example_dags/example_dag_decorator.py
[2024-10-04T00:26:21.803+0000] {processor.py:914} INFO - Processing file /home/airflow/.local/lib/python3.12/site-packages/airflow/example_dags/example_dag_decorator.py for tasks to queue
[2024-10-04T00:26:21.806+0000] {logging_mixin.py:190} INFO - [2024-10-04T00:26:21.806+0000] {dagbag.py:588} INFO - Filling up the DagBag from /home/airflow/.local/lib/python3.12/site-packages/airflow/example_dags/example_dag_decorator.py
[2024-10-04T00:26:21.816+0000] {processor.py:925} INFO - DAG(s) 'example_dag_decorator' retrieved from /home/airflow/.local/lib/python3.12/site-packages/airflow/example_dags/example_dag_decorator.py
[2024-10-04T00:26:21.948+0000] {logging_mixin.py:190} INFO - [2024-10-04T00:26:21.947+0000] {dag.py:3239} INFO - Sync 1 DAGs
[2024-10-04T00:26:21.958+0000] {logging_mixin.py:190} INFO - [2024-10-04T00:26:21.958+0000] {dag.py:4180} INFO - Setting next_dagrun for example_dag_decorator to None, run_after=None
[2024-10-04T00:26:21.972+0000] {processor.py:208} INFO - Processing /home/airflow/.local/lib/python3.12/site-packages/airflow/example_dags/example_dag_decorator.py took 0.176 seconds
[2024-10-04T00:26:52.034+0000] {processor.py:186} INFO - Started process (PID=8213) to work on /home/airflow/.local/lib/python3.12/site-packages/airflow/example_dags/example_dag_decorator.py
[2024-10-04T00:26:52.035+0000] {processor.py:914} INFO - Processing file /home/airflow/.local/lib/python3.12/site-packages/airflow/example_dags/example_dag_decorator.py for tasks to queue
[2024-10-04T00:26:52.038+0000] {logging_mixin.py:190} INFO - [2024-10-04T00:26:52.037+0000] {dagbag.py:588} INFO - Filling up the DagBag from /home/airflow/.local/lib/python3.12/site-packages/airflow/example_dags/example_dag_decorator.py
[2024-10-04T00:26:52.049+0000] {processor.py:925} INFO - DAG(s) 'example_dag_decorator' retrieved from /home/airflow/.local/lib/python3.12/site-packages/airflow/example_dags/example_dag_decorator.py
[2024-10-04T00:26:52.182+0000] {logging_mixin.py:190} INFO - [2024-10-04T00:26:52.182+0000] {dag.py:3239} INFO - Sync 1 DAGs
[2024-10-04T00:26:52.195+0000] {logging_mixin.py:190} INFO - [2024-10-04T00:26:52.195+0000] {dag.py:4180} INFO - Setting next_dagrun for example_dag_decorator to None, run_after=None
[2024-10-04T00:26:52.212+0000] {processor.py:208} INFO - Processing /home/airflow/.local/lib/python3.12/site-packages/airflow/example_dags/example_dag_decorator.py took 0.184 seconds
[2024-10-04T00:27:22.254+0000] {processor.py:186} INFO - Started process (PID=8494) to work on /home/airflow/.local/lib/python3.12/site-packages/airflow/example_dags/example_dag_decorator.py
[2024-10-04T00:27:22.255+0000] {processor.py:914} INFO - Processing file /home/airflow/.local/lib/python3.12/site-packages/airflow/example_dags/example_dag_decorator.py for tasks to queue
[2024-10-04T00:27:22.258+0000] {logging_mixin.py:190} INFO - [2024-10-04T00:27:22.258+0000] {dagbag.py:588} INFO - Filling up the DagBag from /home/airflow/.local/lib/python3.12/site-packages/airflow/example_dags/example_dag_decorator.py
[2024-10-04T00:27:22.273+0000] {processor.py:925} INFO - DAG(s) 'example_dag_decorator' retrieved from /home/airflow/.local/lib/python3.12/site-packages/airflow/example_dags/example_dag_decorator.py
[2024-10-04T00:27:22.294+0000] {logging_mixin.py:190} INFO - [2024-10-04T00:27:22.293+0000] {dag.py:3239} INFO - Sync 1 DAGs
[2024-10-04T00:27:22.308+0000] {logging_mixin.py:190} INFO - [2024-10-04T00:27:22.308+0000] {dag.py:4180} INFO - Setting next_dagrun for example_dag_decorator to None, run_after=None
[2024-10-04T00:27:22.324+0000] {processor.py:208} INFO - Processing /home/airflow/.local/lib/python3.12/site-packages/airflow/example_dags/example_dag_decorator.py took 0.076 seconds
[2024-10-04T00:27:52.442+0000] {processor.py:186} INFO - Started process (PID=8780) to work on /home/airflow/.local/lib/python3.12/site-packages/airflow/example_dags/example_dag_decorator.py
[2024-10-04T00:27:52.445+0000] {processor.py:914} INFO - Processing file /home/airflow/.local/lib/python3.12/site-packages/airflow/example_dags/example_dag_decorator.py for tasks to queue
[2024-10-04T00:27:52.449+0000] {logging_mixin.py:190} INFO - [2024-10-04T00:27:52.448+0000] {dagbag.py:588} INFO - Filling up the DagBag from /home/airflow/.local/lib/python3.12/site-packages/airflow/example_dags/example_dag_decorator.py
[2024-10-04T00:27:52.464+0000] {processor.py:925} INFO - DAG(s) 'example_dag_decorator' retrieved from /home/airflow/.local/lib/python3.12/site-packages/airflow/example_dags/example_dag_decorator.py
[2024-10-04T00:27:52.585+0000] {logging_mixin.py:190} INFO - [2024-10-04T00:27:52.584+0000] {dag.py:3239} INFO - Sync 1 DAGs
[2024-10-04T00:27:52.599+0000] {logging_mixin.py:190} INFO - [2024-10-04T00:27:52.599+0000] {dag.py:4180} INFO - Setting next_dagrun for example_dag_decorator to None, run_after=None
[2024-10-04T00:27:52.630+0000] {processor.py:208} INFO - Processing /home/airflow/.local/lib/python3.12/site-packages/airflow/example_dags/example_dag_decorator.py took 0.195 seconds
[2024-10-04T00:28:23.096+0000] {processor.py:186} INFO - Started process (PID=9071) to work on /home/airflow/.local/lib/python3.12/site-packages/airflow/example_dags/example_dag_decorator.py
[2024-10-04T00:28:23.097+0000] {processor.py:914} INFO - Processing file /home/airflow/.local/lib/python3.12/site-packages/airflow/example_dags/example_dag_decorator.py for tasks to queue
[2024-10-04T00:28:23.100+0000] {logging_mixin.py:190} INFO - [2024-10-04T00:28:23.099+0000] {dagbag.py:588} INFO - Filling up the DagBag from /home/airflow/.local/lib/python3.12/site-packages/airflow/example_dags/example_dag_decorator.py
[2024-10-04T00:28:23.110+0000] {processor.py:925} INFO - DAG(s) 'example_dag_decorator' retrieved from /home/airflow/.local/lib/python3.12/site-packages/airflow/example_dags/example_dag_decorator.py
[2024-10-04T00:28:23.210+0000] {logging_mixin.py:190} INFO - [2024-10-04T00:28:23.210+0000] {dag.py:3239} INFO - Sync 1 DAGs
[2024-10-04T00:28:23.222+0000] {logging_mixin.py:190} INFO - [2024-10-04T00:28:23.221+0000] {dag.py:4180} INFO - Setting next_dagrun for example_dag_decorator to None, run_after=None
[2024-10-04T00:28:23.236+0000] {processor.py:208} INFO - Processing /home/airflow/.local/lib/python3.12/site-packages/airflow/example_dags/example_dag_decorator.py took 0.147 seconds
[2024-10-04T00:28:53.329+0000] {processor.py:186} INFO - Started process (PID=9357) to work on /home/airflow/.local/lib/python3.12/site-packages/airflow/example_dags/example_dag_decorator.py
[2024-10-04T00:28:53.330+0000] {processor.py:914} INFO - Processing file /home/airflow/.local/lib/python3.12/site-packages/airflow/example_dags/example_dag_decorator.py for tasks to queue
[2024-10-04T00:28:53.333+0000] {logging_mixin.py:190} INFO - [2024-10-04T00:28:53.332+0000] {dagbag.py:588} INFO - Filling up the DagBag from /home/airflow/.local/lib/python3.12/site-packages/airflow/example_dags/example_dag_decorator.py
[2024-10-04T00:28:53.345+0000] {processor.py:925} INFO - DAG(s) 'example_dag_decorator' retrieved from /home/airflow/.local/lib/python3.12/site-packages/airflow/example_dags/example_dag_decorator.py
[2024-10-04T00:28:53.482+0000] {logging_mixin.py:190} INFO - [2024-10-04T00:28:53.482+0000] {dag.py:3239} INFO - Sync 1 DAGs
[2024-10-04T00:28:53.498+0000] {logging_mixin.py:190} INFO - [2024-10-04T00:28:53.498+0000] {dag.py:4180} INFO - Setting next_dagrun for example_dag_decorator to None, run_after=None
[2024-10-04T00:28:53.516+0000] {processor.py:208} INFO - Processing /home/airflow/.local/lib/python3.12/site-packages/airflow/example_dags/example_dag_decorator.py took 0.193 seconds
