[2024-10-04T00:12:34.646+0000] {processor.py:186} INFO - Started process (PID=309) to work on /home/airflow/.local/lib/python3.12/site-packages/airflow/example_dags/example_branch_python_dop_operator_3.py
[2024-10-04T00:12:34.647+0000] {processor.py:914} INFO - Processing file /home/airflow/.local/lib/python3.12/site-packages/airflow/example_dags/example_branch_python_dop_operator_3.py for tasks to queue
[2024-10-04T00:12:34.650+0000] {logging_mixin.py:190} INFO - [2024-10-04T00:12:34.650+0000] {dagbag.py:588} INFO - Filling up the DagBag from /home/airflow/.local/lib/python3.12/site-packages/airflow/example_dags/example_branch_python_dop_operator_3.py
[2024-10-04T00:12:34.663+0000] {processor.py:925} INFO - DAG(s) 'example_branch_dop_operator_v3' retrieved from /home/airflow/.local/lib/python3.12/site-packages/airflow/example_dags/example_branch_python_dop_operator_3.py
[2024-10-04T00:12:34.784+0000] {logging_mixin.py:190} INFO - [2024-10-04T00:12:34.783+0000] {override.py:1900} INFO - Created Permission View: can read on DAG:example_branch_dop_operator_v3
[2024-10-04T00:12:34.792+0000] {logging_mixin.py:190} INFO - [2024-10-04T00:12:34.791+0000] {override.py:1900} INFO - Created Permission View: can delete on DAG:example_branch_dop_operator_v3
[2024-10-04T00:12:34.796+0000] {logging_mixin.py:190} INFO - [2024-10-04T00:12:34.796+0000] {override.py:1900} INFO - Created Permission View: can edit on DAG:example_branch_dop_operator_v3
[2024-10-04T00:12:34.801+0000] {logging_mixin.py:190} INFO - [2024-10-04T00:12:34.801+0000] {override.py:1900} INFO - Created Permission View: menu access on DAG Run:example_branch_dop_operator_v3
[2024-10-04T00:12:34.807+0000] {logging_mixin.py:190} INFO - [2024-10-04T00:12:34.806+0000] {override.py:1900} INFO - Created Permission View: can read on DAG Run:example_branch_dop_operator_v3
[2024-10-04T00:12:34.812+0000] {logging_mixin.py:190} INFO - [2024-10-04T00:12:34.812+0000] {override.py:1900} INFO - Created Permission View: can delete on DAG Run:example_branch_dop_operator_v3
[2024-10-04T00:12:34.823+0000] {logging_mixin.py:190} INFO - [2024-10-04T00:12:34.823+0000] {override.py:1900} INFO - Created Permission View: can create on DAG Run:example_branch_dop_operator_v3
[2024-10-04T00:12:34.824+0000] {logging_mixin.py:190} INFO - [2024-10-04T00:12:34.824+0000] {dag.py:3239} INFO - Sync 1 DAGs
[2024-10-04T00:12:34.841+0000] {logging_mixin.py:190} INFO - [2024-10-04T00:12:34.841+0000] {dag.py:3262} INFO - Creating ORM DAG for example_branch_dop_operator_v3
[2024-10-04T00:12:34.861+0000] {logging_mixin.py:190} INFO - [2024-10-04T00:12:34.860+0000] {dag.py:4180} INFO - Setting next_dagrun for example_branch_dop_operator_v3 to 2024-10-04 00:11:00+00:00, run_after=2024-10-04 00:12:00+00:00
[2024-10-04T00:12:34.878+0000] {processor.py:208} INFO - Processing /home/airflow/.local/lib/python3.12/site-packages/airflow/example_dags/example_branch_python_dop_operator_3.py took 0.246 seconds
[2024-10-04T00:13:05.851+0000] {processor.py:186} INFO - Started process (PID=595) to work on /home/airflow/.local/lib/python3.12/site-packages/airflow/example_dags/example_branch_python_dop_operator_3.py
[2024-10-04T00:13:05.853+0000] {processor.py:914} INFO - Processing file /home/airflow/.local/lib/python3.12/site-packages/airflow/example_dags/example_branch_python_dop_operator_3.py for tasks to queue
[2024-10-04T00:13:05.856+0000] {logging_mixin.py:190} INFO - [2024-10-04T00:13:05.856+0000] {dagbag.py:588} INFO - Filling up the DagBag from /home/airflow/.local/lib/python3.12/site-packages/airflow/example_dags/example_branch_python_dop_operator_3.py
[2024-10-04T00:13:05.865+0000] {processor.py:925} INFO - DAG(s) 'example_branch_dop_operator_v3' retrieved from /home/airflow/.local/lib/python3.12/site-packages/airflow/example_dags/example_branch_python_dop_operator_3.py
[2024-10-04T00:13:05.883+0000] {logging_mixin.py:190} INFO - [2024-10-04T00:13:05.883+0000] {dag.py:3239} INFO - Sync 1 DAGs
[2024-10-04T00:13:05.903+0000] {logging_mixin.py:190} INFO - [2024-10-04T00:13:05.902+0000] {dag.py:4180} INFO - Setting next_dagrun for example_branch_dop_operator_v3 to 2024-10-04 00:12:00+00:00, run_after=2024-10-04 00:13:00+00:00
[2024-10-04T00:13:05.916+0000] {processor.py:208} INFO - Processing /home/airflow/.local/lib/python3.12/site-packages/airflow/example_dags/example_branch_python_dop_operator_3.py took 0.073 seconds
[2024-10-04T00:13:36.474+0000] {processor.py:186} INFO - Started process (PID=881) to work on /home/airflow/.local/lib/python3.12/site-packages/airflow/example_dags/example_branch_python_dop_operator_3.py
[2024-10-04T00:13:36.475+0000] {processor.py:914} INFO - Processing file /home/airflow/.local/lib/python3.12/site-packages/airflow/example_dags/example_branch_python_dop_operator_3.py for tasks to queue
[2024-10-04T00:13:36.478+0000] {logging_mixin.py:190} INFO - [2024-10-04T00:13:36.477+0000] {dagbag.py:588} INFO - Filling up the DagBag from /home/airflow/.local/lib/python3.12/site-packages/airflow/example_dags/example_branch_python_dop_operator_3.py
[2024-10-04T00:13:36.486+0000] {processor.py:925} INFO - DAG(s) 'example_branch_dop_operator_v3' retrieved from /home/airflow/.local/lib/python3.12/site-packages/airflow/example_dags/example_branch_python_dop_operator_3.py
[2024-10-04T00:13:36.503+0000] {logging_mixin.py:190} INFO - [2024-10-04T00:13:36.503+0000] {dag.py:3239} INFO - Sync 1 DAGs
[2024-10-04T00:13:36.522+0000] {logging_mixin.py:190} INFO - [2024-10-04T00:13:36.521+0000] {dag.py:4180} INFO - Setting next_dagrun for example_branch_dop_operator_v3 to 2024-10-04 00:12:00+00:00, run_after=2024-10-04 00:13:00+00:00
[2024-10-04T00:13:36.534+0000] {processor.py:208} INFO - Processing /home/airflow/.local/lib/python3.12/site-packages/airflow/example_dags/example_branch_python_dop_operator_3.py took 0.067 seconds
[2024-10-04T00:14:07.011+0000] {processor.py:186} INFO - Started process (PID=1167) to work on /home/airflow/.local/lib/python3.12/site-packages/airflow/example_dags/example_branch_python_dop_operator_3.py
[2024-10-04T00:14:07.012+0000] {processor.py:914} INFO - Processing file /home/airflow/.local/lib/python3.12/site-packages/airflow/example_dags/example_branch_python_dop_operator_3.py for tasks to queue
[2024-10-04T00:14:07.016+0000] {logging_mixin.py:190} INFO - [2024-10-04T00:14:07.015+0000] {dagbag.py:588} INFO - Filling up the DagBag from /home/airflow/.local/lib/python3.12/site-packages/airflow/example_dags/example_branch_python_dop_operator_3.py
[2024-10-04T00:14:07.026+0000] {processor.py:925} INFO - DAG(s) 'example_branch_dop_operator_v3' retrieved from /home/airflow/.local/lib/python3.12/site-packages/airflow/example_dags/example_branch_python_dop_operator_3.py
[2024-10-04T00:14:07.055+0000] {logging_mixin.py:190} INFO - [2024-10-04T00:14:07.055+0000] {dag.py:3239} INFO - Sync 1 DAGs
[2024-10-04T00:14:07.096+0000] {logging_mixin.py:190} INFO - [2024-10-04T00:14:07.096+0000] {dag.py:4180} INFO - Setting next_dagrun for example_branch_dop_operator_v3 to 2024-10-04 00:13:00+00:00, run_after=2024-10-04 00:14:00+00:00
[2024-10-04T00:14:07.129+0000] {processor.py:208} INFO - Processing /home/airflow/.local/lib/python3.12/site-packages/airflow/example_dags/example_branch_python_dop_operator_3.py took 0.125 seconds
[2024-10-04T00:14:37.727+0000] {processor.py:186} INFO - Started process (PID=1453) to work on /home/airflow/.local/lib/python3.12/site-packages/airflow/example_dags/example_branch_python_dop_operator_3.py
[2024-10-04T00:14:37.728+0000] {processor.py:914} INFO - Processing file /home/airflow/.local/lib/python3.12/site-packages/airflow/example_dags/example_branch_python_dop_operator_3.py for tasks to queue
[2024-10-04T00:14:37.731+0000] {logging_mixin.py:190} INFO - [2024-10-04T00:14:37.731+0000] {dagbag.py:588} INFO - Filling up the DagBag from /home/airflow/.local/lib/python3.12/site-packages/airflow/example_dags/example_branch_python_dop_operator_3.py
[2024-10-04T00:14:37.740+0000] {processor.py:925} INFO - DAG(s) 'example_branch_dop_operator_v3' retrieved from /home/airflow/.local/lib/python3.12/site-packages/airflow/example_dags/example_branch_python_dop_operator_3.py
[2024-10-04T00:14:37.757+0000] {logging_mixin.py:190} INFO - [2024-10-04T00:14:37.757+0000] {dag.py:3239} INFO - Sync 1 DAGs
[2024-10-04T00:14:37.776+0000] {logging_mixin.py:190} INFO - [2024-10-04T00:14:37.776+0000] {dag.py:4180} INFO - Setting next_dagrun for example_branch_dop_operator_v3 to 2024-10-04 00:13:00+00:00, run_after=2024-10-04 00:14:00+00:00
[2024-10-04T00:14:37.789+0000] {processor.py:208} INFO - Processing /home/airflow/.local/lib/python3.12/site-packages/airflow/example_dags/example_branch_python_dop_operator_3.py took 0.068 seconds
[2024-10-04T00:15:08.213+0000] {processor.py:186} INFO - Started process (PID=1739) to work on /home/airflow/.local/lib/python3.12/site-packages/airflow/example_dags/example_branch_python_dop_operator_3.py
[2024-10-04T00:15:08.214+0000] {processor.py:914} INFO - Processing file /home/airflow/.local/lib/python3.12/site-packages/airflow/example_dags/example_branch_python_dop_operator_3.py for tasks to queue
[2024-10-04T00:15:08.216+0000] {logging_mixin.py:190} INFO - [2024-10-04T00:15:08.216+0000] {dagbag.py:588} INFO - Filling up the DagBag from /home/airflow/.local/lib/python3.12/site-packages/airflow/example_dags/example_branch_python_dop_operator_3.py
[2024-10-04T00:15:08.226+0000] {processor.py:925} INFO - DAG(s) 'example_branch_dop_operator_v3' retrieved from /home/airflow/.local/lib/python3.12/site-packages/airflow/example_dags/example_branch_python_dop_operator_3.py
[2024-10-04T00:15:08.246+0000] {logging_mixin.py:190} INFO - [2024-10-04T00:15:08.246+0000] {dag.py:3239} INFO - Sync 1 DAGs
[2024-10-04T00:15:08.267+0000] {logging_mixin.py:190} INFO - [2024-10-04T00:15:08.267+0000] {dag.py:4180} INFO - Setting next_dagrun for example_branch_dop_operator_v3 to 2024-10-04 00:14:00+00:00, run_after=2024-10-04 00:15:00+00:00
[2024-10-04T00:15:08.282+0000] {processor.py:208} INFO - Processing /home/airflow/.local/lib/python3.12/site-packages/airflow/example_dags/example_branch_python_dop_operator_3.py took 0.075 seconds
[2024-10-04T00:15:39.074+0000] {processor.py:186} INFO - Started process (PID=2025) to work on /home/airflow/.local/lib/python3.12/site-packages/airflow/example_dags/example_branch_python_dop_operator_3.py
[2024-10-04T00:15:39.076+0000] {processor.py:914} INFO - Processing file /home/airflow/.local/lib/python3.12/site-packages/airflow/example_dags/example_branch_python_dop_operator_3.py for tasks to queue
[2024-10-04T00:15:39.079+0000] {logging_mixin.py:190} INFO - [2024-10-04T00:15:39.078+0000] {dagbag.py:588} INFO - Filling up the DagBag from /home/airflow/.local/lib/python3.12/site-packages/airflow/example_dags/example_branch_python_dop_operator_3.py
[2024-10-04T00:15:39.088+0000] {processor.py:925} INFO - DAG(s) 'example_branch_dop_operator_v3' retrieved from /home/airflow/.local/lib/python3.12/site-packages/airflow/example_dags/example_branch_python_dop_operator_3.py
[2024-10-04T00:15:39.107+0000] {logging_mixin.py:190} INFO - [2024-10-04T00:15:39.106+0000] {dag.py:3239} INFO - Sync 1 DAGs
[2024-10-04T00:15:39.127+0000] {logging_mixin.py:190} INFO - [2024-10-04T00:15:39.126+0000] {dag.py:4180} INFO - Setting next_dagrun for example_branch_dop_operator_v3 to 2024-10-04 00:14:00+00:00, run_after=2024-10-04 00:15:00+00:00
[2024-10-04T00:15:39.141+0000] {processor.py:208} INFO - Processing /home/airflow/.local/lib/python3.12/site-packages/airflow/example_dags/example_branch_python_dop_operator_3.py took 0.074 seconds
[2024-10-04T00:16:09.500+0000] {processor.py:186} INFO - Started process (PID=2311) to work on /home/airflow/.local/lib/python3.12/site-packages/airflow/example_dags/example_branch_python_dop_operator_3.py
[2024-10-04T00:16:09.502+0000] {processor.py:914} INFO - Processing file /home/airflow/.local/lib/python3.12/site-packages/airflow/example_dags/example_branch_python_dop_operator_3.py for tasks to queue
[2024-10-04T00:16:09.505+0000] {logging_mixin.py:190} INFO - [2024-10-04T00:16:09.505+0000] {dagbag.py:588} INFO - Filling up the DagBag from /home/airflow/.local/lib/python3.12/site-packages/airflow/example_dags/example_branch_python_dop_operator_3.py
[2024-10-04T00:16:09.523+0000] {processor.py:925} INFO - DAG(s) 'example_branch_dop_operator_v3' retrieved from /home/airflow/.local/lib/python3.12/site-packages/airflow/example_dags/example_branch_python_dop_operator_3.py
[2024-10-04T00:16:09.550+0000] {logging_mixin.py:190} INFO - [2024-10-04T00:16:09.550+0000] {dag.py:3239} INFO - Sync 1 DAGs
[2024-10-04T00:16:09.577+0000] {logging_mixin.py:190} INFO - [2024-10-04T00:16:09.577+0000] {dag.py:4180} INFO - Setting next_dagrun for example_branch_dop_operator_v3 to 2024-10-04 00:15:00+00:00, run_after=2024-10-04 00:16:00+00:00
[2024-10-04T00:16:09.593+0000] {processor.py:208} INFO - Processing /home/airflow/.local/lib/python3.12/site-packages/airflow/example_dags/example_branch_python_dop_operator_3.py took 0.101 seconds
[2024-10-04T00:16:40.273+0000] {processor.py:186} INFO - Started process (PID=2597) to work on /home/airflow/.local/lib/python3.12/site-packages/airflow/example_dags/example_branch_python_dop_operator_3.py
[2024-10-04T00:16:40.274+0000] {processor.py:914} INFO - Processing file /home/airflow/.local/lib/python3.12/site-packages/airflow/example_dags/example_branch_python_dop_operator_3.py for tasks to queue
[2024-10-04T00:16:40.278+0000] {logging_mixin.py:190} INFO - [2024-10-04T00:16:40.278+0000] {dagbag.py:588} INFO - Filling up the DagBag from /home/airflow/.local/lib/python3.12/site-packages/airflow/example_dags/example_branch_python_dop_operator_3.py
[2024-10-04T00:16:40.288+0000] {processor.py:925} INFO - DAG(s) 'example_branch_dop_operator_v3' retrieved from /home/airflow/.local/lib/python3.12/site-packages/airflow/example_dags/example_branch_python_dop_operator_3.py
[2024-10-04T00:16:40.305+0000] {logging_mixin.py:190} INFO - [2024-10-04T00:16:40.305+0000] {dag.py:3239} INFO - Sync 1 DAGs
[2024-10-04T00:16:40.327+0000] {logging_mixin.py:190} INFO - [2024-10-04T00:16:40.327+0000] {dag.py:4180} INFO - Setting next_dagrun for example_branch_dop_operator_v3 to 2024-10-04 00:15:00+00:00, run_after=2024-10-04 00:16:00+00:00
[2024-10-04T00:16:40.343+0000] {processor.py:208} INFO - Processing /home/airflow/.local/lib/python3.12/site-packages/airflow/example_dags/example_branch_python_dop_operator_3.py took 0.078 seconds
[2024-10-04T00:17:10.492+0000] {processor.py:186} INFO - Started process (PID=2878) to work on /home/airflow/.local/lib/python3.12/site-packages/airflow/example_dags/example_branch_python_dop_operator_3.py
[2024-10-04T00:17:10.494+0000] {processor.py:914} INFO - Processing file /home/airflow/.local/lib/python3.12/site-packages/airflow/example_dags/example_branch_python_dop_operator_3.py for tasks to queue
[2024-10-04T00:17:10.497+0000] {logging_mixin.py:190} INFO - [2024-10-04T00:17:10.497+0000] {dagbag.py:588} INFO - Filling up the DagBag from /home/airflow/.local/lib/python3.12/site-packages/airflow/example_dags/example_branch_python_dop_operator_3.py
[2024-10-04T00:17:10.509+0000] {processor.py:925} INFO - DAG(s) 'example_branch_dop_operator_v3' retrieved from /home/airflow/.local/lib/python3.12/site-packages/airflow/example_dags/example_branch_python_dop_operator_3.py
[2024-10-04T00:17:10.530+0000] {logging_mixin.py:190} INFO - [2024-10-04T00:17:10.530+0000] {dag.py:3239} INFO - Sync 1 DAGs
[2024-10-04T00:17:10.554+0000] {logging_mixin.py:190} INFO - [2024-10-04T00:17:10.554+0000] {dag.py:4180} INFO - Setting next_dagrun for example_branch_dop_operator_v3 to 2024-10-04 00:16:00+00:00, run_after=2024-10-04 00:17:00+00:00
[2024-10-04T00:17:10.572+0000] {processor.py:208} INFO - Processing /home/airflow/.local/lib/python3.12/site-packages/airflow/example_dags/example_branch_python_dop_operator_3.py took 0.090 seconds
[2024-10-04T00:17:41.558+0000] {processor.py:186} INFO - Started process (PID=3169) to work on /home/airflow/.local/lib/python3.12/site-packages/airflow/example_dags/example_branch_python_dop_operator_3.py
[2024-10-04T00:17:41.559+0000] {processor.py:914} INFO - Processing file /home/airflow/.local/lib/python3.12/site-packages/airflow/example_dags/example_branch_python_dop_operator_3.py for tasks to queue
[2024-10-04T00:17:41.562+0000] {logging_mixin.py:190} INFO - [2024-10-04T00:17:41.562+0000] {dagbag.py:588} INFO - Filling up the DagBag from /home/airflow/.local/lib/python3.12/site-packages/airflow/example_dags/example_branch_python_dop_operator_3.py
[2024-10-04T00:17:41.572+0000] {processor.py:925} INFO - DAG(s) 'example_branch_dop_operator_v3' retrieved from /home/airflow/.local/lib/python3.12/site-packages/airflow/example_dags/example_branch_python_dop_operator_3.py
[2024-10-04T00:17:41.592+0000] {logging_mixin.py:190} INFO - [2024-10-04T00:17:41.592+0000] {dag.py:3239} INFO - Sync 1 DAGs
[2024-10-04T00:17:41.614+0000] {logging_mixin.py:190} INFO - [2024-10-04T00:17:41.613+0000] {dag.py:4180} INFO - Setting next_dagrun for example_branch_dop_operator_v3 to 2024-10-04 00:16:00+00:00, run_after=2024-10-04 00:17:00+00:00
[2024-10-04T00:17:41.627+0000] {processor.py:208} INFO - Processing /home/airflow/.local/lib/python3.12/site-packages/airflow/example_dags/example_branch_python_dop_operator_3.py took 0.076 seconds
[2024-10-04T00:18:12.211+0000] {processor.py:186} INFO - Started process (PID=3452) to work on /home/airflow/.local/lib/python3.12/site-packages/airflow/example_dags/example_branch_python_dop_operator_3.py
[2024-10-04T00:18:12.213+0000] {processor.py:914} INFO - Processing file /home/airflow/.local/lib/python3.12/site-packages/airflow/example_dags/example_branch_python_dop_operator_3.py for tasks to queue
[2024-10-04T00:18:12.216+0000] {logging_mixin.py:190} INFO - [2024-10-04T00:18:12.216+0000] {dagbag.py:588} INFO - Filling up the DagBag from /home/airflow/.local/lib/python3.12/site-packages/airflow/example_dags/example_branch_python_dop_operator_3.py
[2024-10-04T00:18:12.231+0000] {processor.py:925} INFO - DAG(s) 'example_branch_dop_operator_v3' retrieved from /home/airflow/.local/lib/python3.12/site-packages/airflow/example_dags/example_branch_python_dop_operator_3.py
[2024-10-04T00:18:12.254+0000] {logging_mixin.py:190} INFO - [2024-10-04T00:18:12.254+0000] {dag.py:3239} INFO - Sync 1 DAGs
[2024-10-04T00:18:12.285+0000] {logging_mixin.py:190} INFO - [2024-10-04T00:18:12.285+0000] {dag.py:4180} INFO - Setting next_dagrun for example_branch_dop_operator_v3 to 2024-10-04 00:17:00+00:00, run_after=2024-10-04 00:18:00+00:00
[2024-10-04T00:18:12.302+0000] {processor.py:208} INFO - Processing /home/airflow/.local/lib/python3.12/site-packages/airflow/example_dags/example_branch_python_dop_operator_3.py took 0.101 seconds
[2024-10-04T00:18:43.453+0000] {processor.py:186} INFO - Started process (PID=3742) to work on /home/airflow/.local/lib/python3.12/site-packages/airflow/example_dags/example_branch_python_dop_operator_3.py
[2024-10-04T00:18:43.454+0000] {processor.py:914} INFO - Processing file /home/airflow/.local/lib/python3.12/site-packages/airflow/example_dags/example_branch_python_dop_operator_3.py for tasks to queue
[2024-10-04T00:18:43.457+0000] {logging_mixin.py:190} INFO - [2024-10-04T00:18:43.456+0000] {dagbag.py:588} INFO - Filling up the DagBag from /home/airflow/.local/lib/python3.12/site-packages/airflow/example_dags/example_branch_python_dop_operator_3.py
[2024-10-04T00:18:43.466+0000] {processor.py:925} INFO - DAG(s) 'example_branch_dop_operator_v3' retrieved from /home/airflow/.local/lib/python3.12/site-packages/airflow/example_dags/example_branch_python_dop_operator_3.py
[2024-10-04T00:18:43.483+0000] {logging_mixin.py:190} INFO - [2024-10-04T00:18:43.483+0000] {dag.py:3239} INFO - Sync 1 DAGs
[2024-10-04T00:18:43.504+0000] {logging_mixin.py:190} INFO - [2024-10-04T00:18:43.504+0000] {dag.py:4180} INFO - Setting next_dagrun for example_branch_dop_operator_v3 to 2024-10-04 00:17:00+00:00, run_after=2024-10-04 00:18:00+00:00
[2024-10-04T00:18:43.518+0000] {processor.py:208} INFO - Processing /home/airflow/.local/lib/python3.12/site-packages/airflow/example_dags/example_branch_python_dop_operator_3.py took 0.074 seconds
[2024-10-04T00:19:14.288+0000] {processor.py:186} INFO - Started process (PID=4033) to work on /home/airflow/.local/lib/python3.12/site-packages/airflow/example_dags/example_branch_python_dop_operator_3.py
[2024-10-04T00:19:14.289+0000] {processor.py:914} INFO - Processing file /home/airflow/.local/lib/python3.12/site-packages/airflow/example_dags/example_branch_python_dop_operator_3.py for tasks to queue
[2024-10-04T00:19:14.291+0000] {logging_mixin.py:190} INFO - [2024-10-04T00:19:14.291+0000] {dagbag.py:588} INFO - Filling up the DagBag from /home/airflow/.local/lib/python3.12/site-packages/airflow/example_dags/example_branch_python_dop_operator_3.py
[2024-10-04T00:19:14.300+0000] {processor.py:925} INFO - DAG(s) 'example_branch_dop_operator_v3' retrieved from /home/airflow/.local/lib/python3.12/site-packages/airflow/example_dags/example_branch_python_dop_operator_3.py
[2024-10-04T00:19:14.318+0000] {logging_mixin.py:190} INFO - [2024-10-04T00:19:14.317+0000] {dag.py:3239} INFO - Sync 1 DAGs
[2024-10-04T00:19:14.337+0000] {logging_mixin.py:190} INFO - [2024-10-04T00:19:14.337+0000] {dag.py:4180} INFO - Setting next_dagrun for example_branch_dop_operator_v3 to 2024-10-04 00:18:00+00:00, run_after=2024-10-04 00:19:00+00:00
[2024-10-04T00:19:14.350+0000] {processor.py:208} INFO - Processing /home/airflow/.local/lib/python3.12/site-packages/airflow/example_dags/example_branch_python_dop_operator_3.py took 0.067 seconds
[2024-10-04T00:19:44.545+0000] {processor.py:186} INFO - Started process (PID=4319) to work on /home/airflow/.local/lib/python3.12/site-packages/airflow/example_dags/example_branch_python_dop_operator_3.py
[2024-10-04T00:19:44.546+0000] {processor.py:914} INFO - Processing file /home/airflow/.local/lib/python3.12/site-packages/airflow/example_dags/example_branch_python_dop_operator_3.py for tasks to queue
[2024-10-04T00:19:44.548+0000] {logging_mixin.py:190} INFO - [2024-10-04T00:19:44.547+0000] {dagbag.py:588} INFO - Filling up the DagBag from /home/airflow/.local/lib/python3.12/site-packages/airflow/example_dags/example_branch_python_dop_operator_3.py
[2024-10-04T00:19:44.557+0000] {processor.py:925} INFO - DAG(s) 'example_branch_dop_operator_v3' retrieved from /home/airflow/.local/lib/python3.12/site-packages/airflow/example_dags/example_branch_python_dop_operator_3.py
[2024-10-04T00:19:44.575+0000] {logging_mixin.py:190} INFO - [2024-10-04T00:19:44.575+0000] {dag.py:3239} INFO - Sync 1 DAGs
[2024-10-04T00:19:44.597+0000] {logging_mixin.py:190} INFO - [2024-10-04T00:19:44.597+0000] {dag.py:4180} INFO - Setting next_dagrun for example_branch_dop_operator_v3 to 2024-10-04 00:18:00+00:00, run_after=2024-10-04 00:19:00+00:00
[2024-10-04T00:19:44.614+0000] {processor.py:208} INFO - Processing /home/airflow/.local/lib/python3.12/site-packages/airflow/example_dags/example_branch_python_dop_operator_3.py took 0.074 seconds
[2024-10-04T00:20:15.578+0000] {processor.py:186} INFO - Started process (PID=4605) to work on /home/airflow/.local/lib/python3.12/site-packages/airflow/example_dags/example_branch_python_dop_operator_3.py
[2024-10-04T00:20:15.579+0000] {processor.py:914} INFO - Processing file /home/airflow/.local/lib/python3.12/site-packages/airflow/example_dags/example_branch_python_dop_operator_3.py for tasks to queue
[2024-10-04T00:20:15.581+0000] {logging_mixin.py:190} INFO - [2024-10-04T00:20:15.581+0000] {dagbag.py:588} INFO - Filling up the DagBag from /home/airflow/.local/lib/python3.12/site-packages/airflow/example_dags/example_branch_python_dop_operator_3.py
[2024-10-04T00:20:15.590+0000] {processor.py:925} INFO - DAG(s) 'example_branch_dop_operator_v3' retrieved from /home/airflow/.local/lib/python3.12/site-packages/airflow/example_dags/example_branch_python_dop_operator_3.py
[2024-10-04T00:20:15.607+0000] {logging_mixin.py:190} INFO - [2024-10-04T00:20:15.607+0000] {dag.py:3239} INFO - Sync 1 DAGs
[2024-10-04T00:20:15.628+0000] {logging_mixin.py:190} INFO - [2024-10-04T00:20:15.627+0000] {dag.py:4180} INFO - Setting next_dagrun for example_branch_dop_operator_v3 to 2024-10-04 00:19:00+00:00, run_after=2024-10-04 00:20:00+00:00
[2024-10-04T00:20:15.642+0000] {processor.py:208} INFO - Processing /home/airflow/.local/lib/python3.12/site-packages/airflow/example_dags/example_branch_python_dop_operator_3.py took 0.070 seconds
[2024-10-04T00:20:45.931+0000] {processor.py:186} INFO - Started process (PID=4891) to work on /home/airflow/.local/lib/python3.12/site-packages/airflow/example_dags/example_branch_python_dop_operator_3.py
[2024-10-04T00:20:45.933+0000] {processor.py:914} INFO - Processing file /home/airflow/.local/lib/python3.12/site-packages/airflow/example_dags/example_branch_python_dop_operator_3.py for tasks to queue
[2024-10-04T00:20:45.934+0000] {logging_mixin.py:190} INFO - [2024-10-04T00:20:45.934+0000] {dagbag.py:588} INFO - Filling up the DagBag from /home/airflow/.local/lib/python3.12/site-packages/airflow/example_dags/example_branch_python_dop_operator_3.py
[2024-10-04T00:20:45.943+0000] {processor.py:925} INFO - DAG(s) 'example_branch_dop_operator_v3' retrieved from /home/airflow/.local/lib/python3.12/site-packages/airflow/example_dags/example_branch_python_dop_operator_3.py
[2024-10-04T00:20:45.959+0000] {logging_mixin.py:190} INFO - [2024-10-04T00:20:45.959+0000] {dag.py:3239} INFO - Sync 1 DAGs
[2024-10-04T00:20:45.978+0000] {logging_mixin.py:190} INFO - [2024-10-04T00:20:45.978+0000] {dag.py:4180} INFO - Setting next_dagrun for example_branch_dop_operator_v3 to 2024-10-04 00:19:00+00:00, run_after=2024-10-04 00:20:00+00:00
[2024-10-04T00:20:45.991+0000] {processor.py:208} INFO - Processing /home/airflow/.local/lib/python3.12/site-packages/airflow/example_dags/example_branch_python_dop_operator_3.py took 0.065 seconds
[2024-10-04T00:21:16.468+0000] {processor.py:186} INFO - Started process (PID=5177) to work on /home/airflow/.local/lib/python3.12/site-packages/airflow/example_dags/example_branch_python_dop_operator_3.py
[2024-10-04T00:21:16.469+0000] {processor.py:914} INFO - Processing file /home/airflow/.local/lib/python3.12/site-packages/airflow/example_dags/example_branch_python_dop_operator_3.py for tasks to queue
[2024-10-04T00:21:16.471+0000] {logging_mixin.py:190} INFO - [2024-10-04T00:21:16.471+0000] {dagbag.py:588} INFO - Filling up the DagBag from /home/airflow/.local/lib/python3.12/site-packages/airflow/example_dags/example_branch_python_dop_operator_3.py
[2024-10-04T00:21:16.479+0000] {processor.py:925} INFO - DAG(s) 'example_branch_dop_operator_v3' retrieved from /home/airflow/.local/lib/python3.12/site-packages/airflow/example_dags/example_branch_python_dop_operator_3.py
[2024-10-04T00:21:16.496+0000] {logging_mixin.py:190} INFO - [2024-10-04T00:21:16.495+0000] {dag.py:3239} INFO - Sync 1 DAGs
[2024-10-04T00:21:16.514+0000] {logging_mixin.py:190} INFO - [2024-10-04T00:21:16.514+0000] {dag.py:4180} INFO - Setting next_dagrun for example_branch_dop_operator_v3 to 2024-10-04 00:20:00+00:00, run_after=2024-10-04 00:21:00+00:00
[2024-10-04T00:21:16.528+0000] {processor.py:208} INFO - Processing /home/airflow/.local/lib/python3.12/site-packages/airflow/example_dags/example_branch_python_dop_operator_3.py took 0.065 seconds
[2024-10-04T00:21:46.727+0000] {processor.py:186} INFO - Started process (PID=5463) to work on /home/airflow/.local/lib/python3.12/site-packages/airflow/example_dags/example_branch_python_dop_operator_3.py
[2024-10-04T00:21:46.728+0000] {processor.py:914} INFO - Processing file /home/airflow/.local/lib/python3.12/site-packages/airflow/example_dags/example_branch_python_dop_operator_3.py for tasks to queue
[2024-10-04T00:21:46.730+0000] {logging_mixin.py:190} INFO - [2024-10-04T00:21:46.730+0000] {dagbag.py:588} INFO - Filling up the DagBag from /home/airflow/.local/lib/python3.12/site-packages/airflow/example_dags/example_branch_python_dop_operator_3.py
[2024-10-04T00:21:46.738+0000] {processor.py:925} INFO - DAG(s) 'example_branch_dop_operator_v3' retrieved from /home/airflow/.local/lib/python3.12/site-packages/airflow/example_dags/example_branch_python_dop_operator_3.py
[2024-10-04T00:21:46.754+0000] {logging_mixin.py:190} INFO - [2024-10-04T00:21:46.754+0000] {dag.py:3239} INFO - Sync 1 DAGs
[2024-10-04T00:21:46.773+0000] {logging_mixin.py:190} INFO - [2024-10-04T00:21:46.773+0000] {dag.py:4180} INFO - Setting next_dagrun for example_branch_dop_operator_v3 to 2024-10-04 00:20:00+00:00, run_after=2024-10-04 00:21:00+00:00
[2024-10-04T00:21:46.786+0000] {processor.py:208} INFO - Processing /home/airflow/.local/lib/python3.12/site-packages/airflow/example_dags/example_branch_python_dop_operator_3.py took 0.065 seconds
[2024-10-04T00:22:16.980+0000] {processor.py:186} INFO - Started process (PID=5749) to work on /home/airflow/.local/lib/python3.12/site-packages/airflow/example_dags/example_branch_python_dop_operator_3.py
[2024-10-04T00:22:16.981+0000] {processor.py:914} INFO - Processing file /home/airflow/.local/lib/python3.12/site-packages/airflow/example_dags/example_branch_python_dop_operator_3.py for tasks to queue
[2024-10-04T00:22:16.983+0000] {logging_mixin.py:190} INFO - [2024-10-04T00:22:16.983+0000] {dagbag.py:588} INFO - Filling up the DagBag from /home/airflow/.local/lib/python3.12/site-packages/airflow/example_dags/example_branch_python_dop_operator_3.py
[2024-10-04T00:22:16.992+0000] {processor.py:925} INFO - DAG(s) 'example_branch_dop_operator_v3' retrieved from /home/airflow/.local/lib/python3.12/site-packages/airflow/example_dags/example_branch_python_dop_operator_3.py
[2024-10-04T00:22:17.008+0000] {logging_mixin.py:190} INFO - [2024-10-04T00:22:17.008+0000] {dag.py:3239} INFO - Sync 1 DAGs
[2024-10-04T00:22:17.027+0000] {logging_mixin.py:190} INFO - [2024-10-04T00:22:17.027+0000] {dag.py:4180} INFO - Setting next_dagrun for example_branch_dop_operator_v3 to 2024-10-04 00:21:00+00:00, run_after=2024-10-04 00:22:00+00:00
[2024-10-04T00:22:17.040+0000] {processor.py:208} INFO - Processing /home/airflow/.local/lib/python3.12/site-packages/airflow/example_dags/example_branch_python_dop_operator_3.py took 0.065 seconds
[2024-10-04T00:22:51.806+0000] {processor.py:186} INFO - Started process (PID=6035) to work on /home/airflow/.local/lib/python3.12/site-packages/airflow/example_dags/example_branch_python_dop_operator_3.py
[2024-10-04T00:22:51.808+0000] {processor.py:914} INFO - Processing file /home/airflow/.local/lib/python3.12/site-packages/airflow/example_dags/example_branch_python_dop_operator_3.py for tasks to queue
[2024-10-04T00:22:51.811+0000] {logging_mixin.py:190} INFO - [2024-10-04T00:22:51.811+0000] {dagbag.py:588} INFO - Filling up the DagBag from /home/airflow/.local/lib/python3.12/site-packages/airflow/example_dags/example_branch_python_dop_operator_3.py
[2024-10-04T00:22:51.833+0000] {processor.py:925} INFO - DAG(s) 'example_branch_dop_operator_v3' retrieved from /home/airflow/.local/lib/python3.12/site-packages/airflow/example_dags/example_branch_python_dop_operator_3.py
[2024-10-04T00:22:51.874+0000] {logging_mixin.py:190} INFO - [2024-10-04T00:22:51.873+0000] {dag.py:3239} INFO - Sync 1 DAGs
[2024-10-04T00:22:51.911+0000] {logging_mixin.py:190} INFO - [2024-10-04T00:22:51.910+0000] {dag.py:4180} INFO - Setting next_dagrun for example_branch_dop_operator_v3 to 2024-10-04 00:21:00+00:00, run_after=2024-10-04 00:22:00+00:00
[2024-10-04T00:22:51.936+0000] {processor.py:208} INFO - Processing /home/airflow/.local/lib/python3.12/site-packages/airflow/example_dags/example_branch_python_dop_operator_3.py took 0.140 seconds
[2024-10-04T00:23:22.507+0000] {processor.py:186} INFO - Started process (PID=6321) to work on /home/airflow/.local/lib/python3.12/site-packages/airflow/example_dags/example_branch_python_dop_operator_3.py
[2024-10-04T00:23:22.509+0000] {processor.py:914} INFO - Processing file /home/airflow/.local/lib/python3.12/site-packages/airflow/example_dags/example_branch_python_dop_operator_3.py for tasks to queue
[2024-10-04T00:23:22.512+0000] {logging_mixin.py:190} INFO - [2024-10-04T00:23:22.512+0000] {dagbag.py:588} INFO - Filling up the DagBag from /home/airflow/.local/lib/python3.12/site-packages/airflow/example_dags/example_branch_python_dop_operator_3.py
[2024-10-04T00:23:22.524+0000] {processor.py:925} INFO - DAG(s) 'example_branch_dop_operator_v3' retrieved from /home/airflow/.local/lib/python3.12/site-packages/airflow/example_dags/example_branch_python_dop_operator_3.py
[2024-10-04T00:23:22.549+0000] {logging_mixin.py:190} INFO - [2024-10-04T00:23:22.549+0000] {dag.py:3239} INFO - Sync 1 DAGs
[2024-10-04T00:23:22.584+0000] {logging_mixin.py:190} INFO - [2024-10-04T00:23:22.584+0000] {dag.py:4180} INFO - Setting next_dagrun for example_branch_dop_operator_v3 to 2024-10-04 00:22:00+00:00, run_after=2024-10-04 00:23:00+00:00
[2024-10-04T00:23:22.607+0000] {processor.py:208} INFO - Processing /home/airflow/.local/lib/python3.12/site-packages/airflow/example_dags/example_branch_python_dop_operator_3.py took 0.106 seconds
[2024-10-04T00:23:52.850+0000] {processor.py:186} INFO - Started process (PID=6602) to work on /home/airflow/.local/lib/python3.12/site-packages/airflow/example_dags/example_branch_python_dop_operator_3.py
[2024-10-04T00:23:52.852+0000] {processor.py:914} INFO - Processing file /home/airflow/.local/lib/python3.12/site-packages/airflow/example_dags/example_branch_python_dop_operator_3.py for tasks to queue
[2024-10-04T00:23:52.853+0000] {logging_mixin.py:190} INFO - [2024-10-04T00:23:52.853+0000] {dagbag.py:588} INFO - Filling up the DagBag from /home/airflow/.local/lib/python3.12/site-packages/airflow/example_dags/example_branch_python_dop_operator_3.py
[2024-10-04T00:23:52.862+0000] {processor.py:925} INFO - DAG(s) 'example_branch_dop_operator_v3' retrieved from /home/airflow/.local/lib/python3.12/site-packages/airflow/example_dags/example_branch_python_dop_operator_3.py
[2024-10-04T00:23:52.881+0000] {logging_mixin.py:190} INFO - [2024-10-04T00:23:52.880+0000] {dag.py:3239} INFO - Sync 1 DAGs
[2024-10-04T00:23:52.901+0000] {logging_mixin.py:190} INFO - [2024-10-04T00:23:52.901+0000] {dag.py:4180} INFO - Setting next_dagrun for example_branch_dop_operator_v3 to 2024-10-04 00:22:00+00:00, run_after=2024-10-04 00:23:00+00:00
[2024-10-04T00:23:52.915+0000] {processor.py:208} INFO - Processing /home/airflow/.local/lib/python3.12/site-packages/airflow/example_dags/example_branch_python_dop_operator_3.py took 0.072 seconds
[2024-10-04T00:24:23.483+0000] {processor.py:186} INFO - Started process (PID=6893) to work on /home/airflow/.local/lib/python3.12/site-packages/airflow/example_dags/example_branch_python_dop_operator_3.py
[2024-10-04T00:24:23.484+0000] {processor.py:914} INFO - Processing file /home/airflow/.local/lib/python3.12/site-packages/airflow/example_dags/example_branch_python_dop_operator_3.py for tasks to queue
[2024-10-04T00:24:23.487+0000] {logging_mixin.py:190} INFO - [2024-10-04T00:24:23.487+0000] {dagbag.py:588} INFO - Filling up the DagBag from /home/airflow/.local/lib/python3.12/site-packages/airflow/example_dags/example_branch_python_dop_operator_3.py
[2024-10-04T00:24:23.497+0000] {processor.py:925} INFO - DAG(s) 'example_branch_dop_operator_v3' retrieved from /home/airflow/.local/lib/python3.12/site-packages/airflow/example_dags/example_branch_python_dop_operator_3.py
[2024-10-04T00:24:23.521+0000] {logging_mixin.py:190} INFO - [2024-10-04T00:24:23.521+0000] {dag.py:3239} INFO - Sync 1 DAGs
[2024-10-04T00:24:23.595+0000] {logging_mixin.py:190} INFO - [2024-10-04T00:24:23.594+0000] {dag.py:4180} INFO - Setting next_dagrun for example_branch_dop_operator_v3 to 2024-10-04 00:23:00+00:00, run_after=2024-10-04 00:24:00+00:00
[2024-10-04T00:24:23.639+0000] {processor.py:208} INFO - Processing /home/airflow/.local/lib/python3.12/site-packages/airflow/example_dags/example_branch_python_dop_operator_3.py took 0.163 seconds
[2024-10-04T00:24:54.030+0000] {processor.py:186} INFO - Started process (PID=7179) to work on /home/airflow/.local/lib/python3.12/site-packages/airflow/example_dags/example_branch_python_dop_operator_3.py
[2024-10-04T00:24:54.031+0000] {processor.py:914} INFO - Processing file /home/airflow/.local/lib/python3.12/site-packages/airflow/example_dags/example_branch_python_dop_operator_3.py for tasks to queue
[2024-10-04T00:24:54.033+0000] {logging_mixin.py:190} INFO - [2024-10-04T00:24:54.033+0000] {dagbag.py:588} INFO - Filling up the DagBag from /home/airflow/.local/lib/python3.12/site-packages/airflow/example_dags/example_branch_python_dop_operator_3.py
[2024-10-04T00:24:54.042+0000] {processor.py:925} INFO - DAG(s) 'example_branch_dop_operator_v3' retrieved from /home/airflow/.local/lib/python3.12/site-packages/airflow/example_dags/example_branch_python_dop_operator_3.py
[2024-10-04T00:24:54.059+0000] {logging_mixin.py:190} INFO - [2024-10-04T00:24:54.059+0000] {dag.py:3239} INFO - Sync 1 DAGs
[2024-10-04T00:24:54.083+0000] {logging_mixin.py:190} INFO - [2024-10-04T00:24:54.083+0000] {dag.py:4180} INFO - Setting next_dagrun for example_branch_dop_operator_v3 to 2024-10-04 00:23:00+00:00, run_after=2024-10-04 00:24:00+00:00
[2024-10-04T00:24:54.098+0000] {processor.py:208} INFO - Processing /home/airflow/.local/lib/python3.12/site-packages/airflow/example_dags/example_branch_python_dop_operator_3.py took 0.074 seconds
[2024-10-04T00:25:24.967+0000] {processor.py:186} INFO - Started process (PID=7465) to work on /home/airflow/.local/lib/python3.12/site-packages/airflow/example_dags/example_branch_python_dop_operator_3.py
[2024-10-04T00:25:24.969+0000] {processor.py:914} INFO - Processing file /home/airflow/.local/lib/python3.12/site-packages/airflow/example_dags/example_branch_python_dop_operator_3.py for tasks to queue
[2024-10-04T00:25:24.972+0000] {logging_mixin.py:190} INFO - [2024-10-04T00:25:24.971+0000] {dagbag.py:588} INFO - Filling up the DagBag from /home/airflow/.local/lib/python3.12/site-packages/airflow/example_dags/example_branch_python_dop_operator_3.py
[2024-10-04T00:25:24.984+0000] {processor.py:925} INFO - DAG(s) 'example_branch_dop_operator_v3' retrieved from /home/airflow/.local/lib/python3.12/site-packages/airflow/example_dags/example_branch_python_dop_operator_3.py
[2024-10-04T00:25:25.013+0000] {logging_mixin.py:190} INFO - [2024-10-04T00:25:25.013+0000] {dag.py:3239} INFO - Sync 1 DAGs
[2024-10-04T00:25:25.042+0000] {logging_mixin.py:190} INFO - [2024-10-04T00:25:25.042+0000] {dag.py:4180} INFO - Setting next_dagrun for example_branch_dop_operator_v3 to 2024-10-04 00:24:00+00:00, run_after=2024-10-04 00:25:00+00:00
[2024-10-04T00:25:25.066+0000] {processor.py:208} INFO - Processing /home/airflow/.local/lib/python3.12/site-packages/airflow/example_dags/example_branch_python_dop_operator_3.py took 0.108 seconds
[2024-10-04T00:25:55.702+0000] {processor.py:186} INFO - Started process (PID=7751) to work on /home/airflow/.local/lib/python3.12/site-packages/airflow/example_dags/example_branch_python_dop_operator_3.py
[2024-10-04T00:25:55.703+0000] {processor.py:914} INFO - Processing file /home/airflow/.local/lib/python3.12/site-packages/airflow/example_dags/example_branch_python_dop_operator_3.py for tasks to queue
[2024-10-04T00:25:55.706+0000] {logging_mixin.py:190} INFO - [2024-10-04T00:25:55.705+0000] {dagbag.py:588} INFO - Filling up the DagBag from /home/airflow/.local/lib/python3.12/site-packages/airflow/example_dags/example_branch_python_dop_operator_3.py
[2024-10-04T00:25:55.723+0000] {processor.py:925} INFO - DAG(s) 'example_branch_dop_operator_v3' retrieved from /home/airflow/.local/lib/python3.12/site-packages/airflow/example_dags/example_branch_python_dop_operator_3.py
[2024-10-04T00:25:55.745+0000] {logging_mixin.py:190} INFO - [2024-10-04T00:25:55.745+0000] {dag.py:3239} INFO - Sync 1 DAGs
[2024-10-04T00:25:55.771+0000] {logging_mixin.py:190} INFO - [2024-10-04T00:25:55.770+0000] {dag.py:4180} INFO - Setting next_dagrun for example_branch_dop_operator_v3 to 2024-10-04 00:24:00+00:00, run_after=2024-10-04 00:25:00+00:00
[2024-10-04T00:25:55.789+0000] {processor.py:208} INFO - Processing /home/airflow/.local/lib/python3.12/site-packages/airflow/example_dags/example_branch_python_dop_operator_3.py took 0.093 seconds
[2024-10-04T00:26:26.058+0000] {processor.py:186} INFO - Started process (PID=8037) to work on /home/airflow/.local/lib/python3.12/site-packages/airflow/example_dags/example_branch_python_dop_operator_3.py
[2024-10-04T00:26:26.059+0000] {processor.py:914} INFO - Processing file /home/airflow/.local/lib/python3.12/site-packages/airflow/example_dags/example_branch_python_dop_operator_3.py for tasks to queue
[2024-10-04T00:26:26.062+0000] {logging_mixin.py:190} INFO - [2024-10-04T00:26:26.061+0000] {dagbag.py:588} INFO - Filling up the DagBag from /home/airflow/.local/lib/python3.12/site-packages/airflow/example_dags/example_branch_python_dop_operator_3.py
[2024-10-04T00:26:26.070+0000] {processor.py:925} INFO - DAG(s) 'example_branch_dop_operator_v3' retrieved from /home/airflow/.local/lib/python3.12/site-packages/airflow/example_dags/example_branch_python_dop_operator_3.py
[2024-10-04T00:26:26.086+0000] {logging_mixin.py:190} INFO - [2024-10-04T00:26:26.086+0000] {dag.py:3239} INFO - Sync 1 DAGs
[2024-10-04T00:26:26.107+0000] {logging_mixin.py:190} INFO - [2024-10-04T00:26:26.107+0000] {dag.py:4180} INFO - Setting next_dagrun for example_branch_dop_operator_v3 to 2024-10-04 00:25:00+00:00, run_after=2024-10-04 00:26:00+00:00
[2024-10-04T00:26:26.120+0000] {processor.py:208} INFO - Processing /home/airflow/.local/lib/python3.12/site-packages/airflow/example_dags/example_branch_python_dop_operator_3.py took 0.067 seconds
[2024-10-04T00:26:56.289+0000] {processor.py:186} INFO - Started process (PID=8323) to work on /home/airflow/.local/lib/python3.12/site-packages/airflow/example_dags/example_branch_python_dop_operator_3.py
[2024-10-04T00:26:56.290+0000] {processor.py:914} INFO - Processing file /home/airflow/.local/lib/python3.12/site-packages/airflow/example_dags/example_branch_python_dop_operator_3.py for tasks to queue
[2024-10-04T00:26:56.292+0000] {logging_mixin.py:190} INFO - [2024-10-04T00:26:56.292+0000] {dagbag.py:588} INFO - Filling up the DagBag from /home/airflow/.local/lib/python3.12/site-packages/airflow/example_dags/example_branch_python_dop_operator_3.py
[2024-10-04T00:26:56.300+0000] {processor.py:925} INFO - DAG(s) 'example_branch_dop_operator_v3' retrieved from /home/airflow/.local/lib/python3.12/site-packages/airflow/example_dags/example_branch_python_dop_operator_3.py
[2024-10-04T00:26:56.317+0000] {logging_mixin.py:190} INFO - [2024-10-04T00:26:56.317+0000] {dag.py:3239} INFO - Sync 1 DAGs
[2024-10-04T00:26:56.339+0000] {logging_mixin.py:190} INFO - [2024-10-04T00:26:56.339+0000] {dag.py:4180} INFO - Setting next_dagrun for example_branch_dop_operator_v3 to 2024-10-04 00:25:00+00:00, run_after=2024-10-04 00:26:00+00:00
[2024-10-04T00:26:56.356+0000] {processor.py:208} INFO - Processing /home/airflow/.local/lib/python3.12/site-packages/airflow/example_dags/example_branch_python_dop_operator_3.py took 0.073 seconds
[2024-10-04T00:27:26.403+0000] {processor.py:186} INFO - Started process (PID=8604) to work on /home/airflow/.local/lib/python3.12/site-packages/airflow/example_dags/example_branch_python_dop_operator_3.py
[2024-10-04T00:27:26.405+0000] {processor.py:914} INFO - Processing file /home/airflow/.local/lib/python3.12/site-packages/airflow/example_dags/example_branch_python_dop_operator_3.py for tasks to queue
[2024-10-04T00:27:26.407+0000] {logging_mixin.py:190} INFO - [2024-10-04T00:27:26.406+0000] {dagbag.py:588} INFO - Filling up the DagBag from /home/airflow/.local/lib/python3.12/site-packages/airflow/example_dags/example_branch_python_dop_operator_3.py
[2024-10-04T00:27:26.415+0000] {processor.py:925} INFO - DAG(s) 'example_branch_dop_operator_v3' retrieved from /home/airflow/.local/lib/python3.12/site-packages/airflow/example_dags/example_branch_python_dop_operator_3.py
[2024-10-04T00:27:26.431+0000] {logging_mixin.py:190} INFO - [2024-10-04T00:27:26.431+0000] {dag.py:3239} INFO - Sync 1 DAGs
[2024-10-04T00:27:26.451+0000] {logging_mixin.py:190} INFO - [2024-10-04T00:27:26.451+0000] {dag.py:4180} INFO - Setting next_dagrun for example_branch_dop_operator_v3 to 2024-10-04 00:26:00+00:00, run_after=2024-10-04 00:27:00+00:00
[2024-10-04T00:27:26.465+0000] {processor.py:208} INFO - Processing /home/airflow/.local/lib/python3.12/site-packages/airflow/example_dags/example_branch_python_dop_operator_3.py took 0.067 seconds
[2024-10-04T00:27:56.981+0000] {processor.py:186} INFO - Started process (PID=8895) to work on /home/airflow/.local/lib/python3.12/site-packages/airflow/example_dags/example_branch_python_dop_operator_3.py
[2024-10-04T00:27:56.982+0000] {processor.py:914} INFO - Processing file /home/airflow/.local/lib/python3.12/site-packages/airflow/example_dags/example_branch_python_dop_operator_3.py for tasks to queue
[2024-10-04T00:27:56.984+0000] {logging_mixin.py:190} INFO - [2024-10-04T00:27:56.984+0000] {dagbag.py:588} INFO - Filling up the DagBag from /home/airflow/.local/lib/python3.12/site-packages/airflow/example_dags/example_branch_python_dop_operator_3.py
[2024-10-04T00:27:56.993+0000] {processor.py:925} INFO - DAG(s) 'example_branch_dop_operator_v3' retrieved from /home/airflow/.local/lib/python3.12/site-packages/airflow/example_dags/example_branch_python_dop_operator_3.py
[2024-10-04T00:27:57.018+0000] {logging_mixin.py:190} INFO - [2024-10-04T00:27:57.018+0000] {dag.py:3239} INFO - Sync 1 DAGs
[2024-10-04T00:27:57.056+0000] {logging_mixin.py:190} INFO - [2024-10-04T00:27:57.056+0000] {dag.py:4180} INFO - Setting next_dagrun for example_branch_dop_operator_v3 to 2024-10-04 00:26:00+00:00, run_after=2024-10-04 00:27:00+00:00
[2024-10-04T00:27:57.076+0000] {processor.py:208} INFO - Processing /home/airflow/.local/lib/python3.12/site-packages/airflow/example_dags/example_branch_python_dop_operator_3.py took 0.100 seconds
[2024-10-04T00:28:27.260+0000] {processor.py:186} INFO - Started process (PID=9181) to work on /home/airflow/.local/lib/python3.12/site-packages/airflow/example_dags/example_branch_python_dop_operator_3.py
[2024-10-04T00:28:27.262+0000] {processor.py:914} INFO - Processing file /home/airflow/.local/lib/python3.12/site-packages/airflow/example_dags/example_branch_python_dop_operator_3.py for tasks to queue
[2024-10-04T00:28:27.265+0000] {logging_mixin.py:190} INFO - [2024-10-04T00:28:27.264+0000] {dagbag.py:588} INFO - Filling up the DagBag from /home/airflow/.local/lib/python3.12/site-packages/airflow/example_dags/example_branch_python_dop_operator_3.py
[2024-10-04T00:28:27.274+0000] {processor.py:925} INFO - DAG(s) 'example_branch_dop_operator_v3' retrieved from /home/airflow/.local/lib/python3.12/site-packages/airflow/example_dags/example_branch_python_dop_operator_3.py
[2024-10-04T00:28:27.292+0000] {logging_mixin.py:190} INFO - [2024-10-04T00:28:27.291+0000] {dag.py:3239} INFO - Sync 1 DAGs
[2024-10-04T00:28:27.317+0000] {logging_mixin.py:190} INFO - [2024-10-04T00:28:27.317+0000] {dag.py:4180} INFO - Setting next_dagrun for example_branch_dop_operator_v3 to 2024-10-04 00:27:00+00:00, run_after=2024-10-04 00:28:00+00:00
[2024-10-04T00:28:27.334+0000] {processor.py:208} INFO - Processing /home/airflow/.local/lib/python3.12/site-packages/airflow/example_dags/example_branch_python_dop_operator_3.py took 0.080 seconds
