[2024-10-04T00:12:33.810+0000] {processor.py:186} INFO - Started process (PID=281) to work on /home/airflow/.local/lib/python3.12/site-packages/airflow/example_dags/example_inlet_event_extra.py
[2024-10-04T00:12:33.811+0000] {processor.py:914} INFO - Processing file /home/airflow/.local/lib/python3.12/site-packages/airflow/example_dags/example_inlet_event_extra.py for tasks to queue
[2024-10-04T00:12:33.814+0000] {logging_mixin.py:190} INFO - [2024-10-04T00:12:33.814+0000] {dagbag.py:588} INFO - Filling up the DagBag from /home/airflow/.local/lib/python3.12/site-packages/airflow/example_dags/example_inlet_event_extra.py
[2024-10-04T00:12:33.938+0000] {processor.py:925} INFO - DAG(s) 'read_dataset_event_from_classic', 'read_dataset_event' retrieved from /home/airflow/.local/lib/python3.12/site-packages/airflow/example_dags/example_inlet_event_extra.py
[2024-10-04T00:12:34.035+0000] {logging_mixin.py:190} INFO - [2024-10-04T00:12:34.035+0000] {override.py:1900} INFO - Created Permission View: can read on DAG:read_dataset_event_from_classic
[2024-10-04T00:12:34.042+0000] {logging_mixin.py:190} INFO - [2024-10-04T00:12:34.042+0000] {override.py:1900} INFO - Created Permission View: can delete on DAG:read_dataset_event_from_classic
[2024-10-04T00:12:34.046+0000] {logging_mixin.py:190} INFO - [2024-10-04T00:12:34.046+0000] {override.py:1900} INFO - Created Permission View: can edit on DAG:read_dataset_event_from_classic
[2024-10-04T00:12:34.050+0000] {logging_mixin.py:190} INFO - [2024-10-04T00:12:34.049+0000] {override.py:1900} INFO - Created Permission View: menu access on DAG Run:read_dataset_event_from_classic
[2024-10-04T00:12:34.053+0000] {logging_mixin.py:190} INFO - [2024-10-04T00:12:34.053+0000] {override.py:1900} INFO - Created Permission View: can read on DAG Run:read_dataset_event_from_classic
[2024-10-04T00:12:34.057+0000] {logging_mixin.py:190} INFO - [2024-10-04T00:12:34.057+0000] {override.py:1900} INFO - Created Permission View: can delete on DAG Run:read_dataset_event_from_classic
[2024-10-04T00:12:34.060+0000] {logging_mixin.py:190} INFO - [2024-10-04T00:12:34.060+0000] {override.py:1900} INFO - Created Permission View: can create on DAG Run:read_dataset_event_from_classic
[2024-10-04T00:12:34.068+0000] {logging_mixin.py:190} INFO - [2024-10-04T00:12:34.067+0000] {override.py:1900} INFO - Created Permission View: can read on DAG:read_dataset_event
[2024-10-04T00:12:34.071+0000] {logging_mixin.py:190} INFO - [2024-10-04T00:12:34.071+0000] {override.py:1900} INFO - Created Permission View: can delete on DAG:read_dataset_event
[2024-10-04T00:12:34.075+0000] {logging_mixin.py:190} INFO - [2024-10-04T00:12:34.075+0000] {override.py:1900} INFO - Created Permission View: can edit on DAG:read_dataset_event
[2024-10-04T00:12:34.079+0000] {logging_mixin.py:190} INFO - [2024-10-04T00:12:34.079+0000] {override.py:1900} INFO - Created Permission View: menu access on DAG Run:read_dataset_event
[2024-10-04T00:12:34.082+0000] {logging_mixin.py:190} INFO - [2024-10-04T00:12:34.082+0000] {override.py:1900} INFO - Created Permission View: can read on DAG Run:read_dataset_event
[2024-10-04T00:12:34.085+0000] {logging_mixin.py:190} INFO - [2024-10-04T00:12:34.085+0000] {override.py:1900} INFO - Created Permission View: can delete on DAG Run:read_dataset_event
[2024-10-04T00:12:34.089+0000] {logging_mixin.py:190} INFO - [2024-10-04T00:12:34.089+0000] {override.py:1900} INFO - Created Permission View: can create on DAG Run:read_dataset_event
[2024-10-04T00:12:34.090+0000] {logging_mixin.py:190} INFO - [2024-10-04T00:12:34.089+0000] {dag.py:3239} INFO - Sync 2 DAGs
[2024-10-04T00:12:34.099+0000] {logging_mixin.py:190} INFO - [2024-10-04T00:12:34.099+0000] {dag.py:3262} INFO - Creating ORM DAG for read_dataset_event
[2024-10-04T00:12:34.100+0000] {logging_mixin.py:190} INFO - [2024-10-04T00:12:34.100+0000] {dag.py:3262} INFO - Creating ORM DAG for read_dataset_event_from_classic
[2024-10-04T00:12:34.107+0000] {logging_mixin.py:190} INFO - [2024-10-04T00:12:34.107+0000] {dag.py:4180} INFO - Setting next_dagrun for read_dataset_event to 2024-10-03 00:00:00+00:00, run_after=2024-10-04 00:00:00+00:00
[2024-10-04T00:12:34.109+0000] {logging_mixin.py:190} INFO - [2024-10-04T00:12:34.109+0000] {dag.py:4180} INFO - Setting next_dagrun for read_dataset_event_from_classic to 2024-10-03 00:00:00+00:00, run_after=2024-10-04 00:00:00+00:00
[2024-10-04T00:12:34.120+0000] {processor.py:208} INFO - Processing /home/airflow/.local/lib/python3.12/site-packages/airflow/example_dags/example_inlet_event_extra.py took 0.319 seconds
[2024-10-04T00:13:04.553+0000] {processor.py:186} INFO - Started process (PID=565) to work on /home/airflow/.local/lib/python3.12/site-packages/airflow/example_dags/example_inlet_event_extra.py
[2024-10-04T00:13:04.554+0000] {processor.py:914} INFO - Processing file /home/airflow/.local/lib/python3.12/site-packages/airflow/example_dags/example_inlet_event_extra.py for tasks to queue
[2024-10-04T00:13:04.556+0000] {logging_mixin.py:190} INFO - [2024-10-04T00:13:04.556+0000] {dagbag.py:588} INFO - Filling up the DagBag from /home/airflow/.local/lib/python3.12/site-packages/airflow/example_dags/example_inlet_event_extra.py
[2024-10-04T00:13:04.653+0000] {processor.py:925} INFO - DAG(s) 'read_dataset_event', 'read_dataset_event_from_classic' retrieved from /home/airflow/.local/lib/python3.12/site-packages/airflow/example_dags/example_inlet_event_extra.py
[2024-10-04T00:13:04.671+0000] {logging_mixin.py:190} INFO - [2024-10-04T00:13:04.671+0000] {dag.py:3239} INFO - Sync 2 DAGs
[2024-10-04T00:13:04.689+0000] {logging_mixin.py:190} INFO - [2024-10-04T00:13:04.688+0000] {dag.py:4180} INFO - Setting next_dagrun for read_dataset_event to 2024-10-03 00:00:00+00:00, run_after=2024-10-04 00:00:00+00:00
[2024-10-04T00:13:04.692+0000] {logging_mixin.py:190} INFO - [2024-10-04T00:13:04.692+0000] {dag.py:4180} INFO - Setting next_dagrun for read_dataset_event_from_classic to 2024-10-03 00:00:00+00:00, run_after=2024-10-04 00:00:00+00:00
[2024-10-04T00:13:04.703+0000] {processor.py:208} INFO - Processing /home/airflow/.local/lib/python3.12/site-packages/airflow/example_dags/example_inlet_event_extra.py took 0.155 seconds
[2024-10-04T00:13:35.176+0000] {processor.py:186} INFO - Started process (PID=851) to work on /home/airflow/.local/lib/python3.12/site-packages/airflow/example_dags/example_inlet_event_extra.py
[2024-10-04T00:13:35.177+0000] {processor.py:914} INFO - Processing file /home/airflow/.local/lib/python3.12/site-packages/airflow/example_dags/example_inlet_event_extra.py for tasks to queue
[2024-10-04T00:13:35.179+0000] {logging_mixin.py:190} INFO - [2024-10-04T00:13:35.179+0000] {dagbag.py:588} INFO - Filling up the DagBag from /home/airflow/.local/lib/python3.12/site-packages/airflow/example_dags/example_inlet_event_extra.py
[2024-10-04T00:13:35.275+0000] {processor.py:925} INFO - DAG(s) 'read_dataset_event_from_classic', 'read_dataset_event' retrieved from /home/airflow/.local/lib/python3.12/site-packages/airflow/example_dags/example_inlet_event_extra.py
[2024-10-04T00:13:35.291+0000] {logging_mixin.py:190} INFO - [2024-10-04T00:13:35.291+0000] {dag.py:3239} INFO - Sync 2 DAGs
[2024-10-04T00:13:35.310+0000] {logging_mixin.py:190} INFO - [2024-10-04T00:13:35.310+0000] {dag.py:4180} INFO - Setting next_dagrun for read_dataset_event to 2024-10-03 00:00:00+00:00, run_after=2024-10-04 00:00:00+00:00
[2024-10-04T00:13:35.313+0000] {logging_mixin.py:190} INFO - [2024-10-04T00:13:35.313+0000] {dag.py:4180} INFO - Setting next_dagrun for read_dataset_event_from_classic to 2024-10-03 00:00:00+00:00, run_after=2024-10-04 00:00:00+00:00
[2024-10-04T00:13:35.324+0000] {processor.py:208} INFO - Processing /home/airflow/.local/lib/python3.12/site-packages/airflow/example_dags/example_inlet_event_extra.py took 0.153 seconds
[2024-10-04T00:14:05.732+0000] {processor.py:186} INFO - Started process (PID=1142) to work on /home/airflow/.local/lib/python3.12/site-packages/airflow/example_dags/example_inlet_event_extra.py
[2024-10-04T00:14:05.733+0000] {processor.py:914} INFO - Processing file /home/airflow/.local/lib/python3.12/site-packages/airflow/example_dags/example_inlet_event_extra.py for tasks to queue
[2024-10-04T00:14:05.735+0000] {logging_mixin.py:190} INFO - [2024-10-04T00:14:05.735+0000] {dagbag.py:588} INFO - Filling up the DagBag from /home/airflow/.local/lib/python3.12/site-packages/airflow/example_dags/example_inlet_event_extra.py
[2024-10-04T00:14:05.832+0000] {processor.py:925} INFO - DAG(s) 'read_dataset_event_from_classic', 'read_dataset_event' retrieved from /home/airflow/.local/lib/python3.12/site-packages/airflow/example_dags/example_inlet_event_extra.py
[2024-10-04T00:14:05.849+0000] {logging_mixin.py:190} INFO - [2024-10-04T00:14:05.849+0000] {dag.py:3239} INFO - Sync 2 DAGs
[2024-10-04T00:14:05.867+0000] {logging_mixin.py:190} INFO - [2024-10-04T00:14:05.867+0000] {dag.py:4180} INFO - Setting next_dagrun for read_dataset_event to 2024-10-03 00:00:00+00:00, run_after=2024-10-04 00:00:00+00:00
[2024-10-04T00:14:05.871+0000] {logging_mixin.py:190} INFO - [2024-10-04T00:14:05.871+0000] {dag.py:4180} INFO - Setting next_dagrun for read_dataset_event_from_classic to 2024-10-03 00:00:00+00:00, run_after=2024-10-04 00:00:00+00:00
[2024-10-04T00:14:05.883+0000] {processor.py:208} INFO - Processing /home/airflow/.local/lib/python3.12/site-packages/airflow/example_dags/example_inlet_event_extra.py took 0.157 seconds
[2024-10-04T00:14:36.441+0000] {processor.py:186} INFO - Started process (PID=1423) to work on /home/airflow/.local/lib/python3.12/site-packages/airflow/example_dags/example_inlet_event_extra.py
[2024-10-04T00:14:36.442+0000] {processor.py:914} INFO - Processing file /home/airflow/.local/lib/python3.12/site-packages/airflow/example_dags/example_inlet_event_extra.py for tasks to queue
[2024-10-04T00:14:36.444+0000] {logging_mixin.py:190} INFO - [2024-10-04T00:14:36.444+0000] {dagbag.py:588} INFO - Filling up the DagBag from /home/airflow/.local/lib/python3.12/site-packages/airflow/example_dags/example_inlet_event_extra.py
[2024-10-04T00:14:36.540+0000] {processor.py:925} INFO - DAG(s) 'read_dataset_event_from_classic', 'read_dataset_event' retrieved from /home/airflow/.local/lib/python3.12/site-packages/airflow/example_dags/example_inlet_event_extra.py
[2024-10-04T00:14:36.557+0000] {logging_mixin.py:190} INFO - [2024-10-04T00:14:36.557+0000] {dag.py:3239} INFO - Sync 2 DAGs
[2024-10-04T00:14:36.574+0000] {logging_mixin.py:190} INFO - [2024-10-04T00:14:36.574+0000] {dag.py:4180} INFO - Setting next_dagrun for read_dataset_event to 2024-10-03 00:00:00+00:00, run_after=2024-10-04 00:00:00+00:00
[2024-10-04T00:14:36.578+0000] {logging_mixin.py:190} INFO - [2024-10-04T00:14:36.578+0000] {dag.py:4180} INFO - Setting next_dagrun for read_dataset_event_from_classic to 2024-10-03 00:00:00+00:00, run_after=2024-10-04 00:00:00+00:00
[2024-10-04T00:14:36.588+0000] {processor.py:208} INFO - Processing /home/airflow/.local/lib/python3.12/site-packages/airflow/example_dags/example_inlet_event_extra.py took 0.153 seconds
[2024-10-04T00:15:06.928+0000] {processor.py:186} INFO - Started process (PID=1714) to work on /home/airflow/.local/lib/python3.12/site-packages/airflow/example_dags/example_inlet_event_extra.py
[2024-10-04T00:15:06.929+0000] {processor.py:914} INFO - Processing file /home/airflow/.local/lib/python3.12/site-packages/airflow/example_dags/example_inlet_event_extra.py for tasks to queue
[2024-10-04T00:15:06.931+0000] {logging_mixin.py:190} INFO - [2024-10-04T00:15:06.931+0000] {dagbag.py:588} INFO - Filling up the DagBag from /home/airflow/.local/lib/python3.12/site-packages/airflow/example_dags/example_inlet_event_extra.py
[2024-10-04T00:15:07.026+0000] {processor.py:925} INFO - DAG(s) 'read_dataset_event', 'read_dataset_event_from_classic' retrieved from /home/airflow/.local/lib/python3.12/site-packages/airflow/example_dags/example_inlet_event_extra.py
[2024-10-04T00:15:07.044+0000] {logging_mixin.py:190} INFO - [2024-10-04T00:15:07.044+0000] {dag.py:3239} INFO - Sync 2 DAGs
[2024-10-04T00:15:07.062+0000] {logging_mixin.py:190} INFO - [2024-10-04T00:15:07.062+0000] {dag.py:4180} INFO - Setting next_dagrun for read_dataset_event to 2024-10-03 00:00:00+00:00, run_after=2024-10-04 00:00:00+00:00
[2024-10-04T00:15:07.066+0000] {logging_mixin.py:190} INFO - [2024-10-04T00:15:07.066+0000] {dag.py:4180} INFO - Setting next_dagrun for read_dataset_event_from_classic to 2024-10-03 00:00:00+00:00, run_after=2024-10-04 00:00:00+00:00
[2024-10-04T00:15:07.077+0000] {processor.py:208} INFO - Processing /home/airflow/.local/lib/python3.12/site-packages/airflow/example_dags/example_inlet_event_extra.py took 0.154 seconds
[2024-10-04T00:15:37.782+0000] {processor.py:186} INFO - Started process (PID=1995) to work on /home/airflow/.local/lib/python3.12/site-packages/airflow/example_dags/example_inlet_event_extra.py
[2024-10-04T00:15:37.783+0000] {processor.py:914} INFO - Processing file /home/airflow/.local/lib/python3.12/site-packages/airflow/example_dags/example_inlet_event_extra.py for tasks to queue
[2024-10-04T00:15:37.785+0000] {logging_mixin.py:190} INFO - [2024-10-04T00:15:37.785+0000] {dagbag.py:588} INFO - Filling up the DagBag from /home/airflow/.local/lib/python3.12/site-packages/airflow/example_dags/example_inlet_event_extra.py
[2024-10-04T00:15:37.881+0000] {processor.py:925} INFO - DAG(s) 'read_dataset_event_from_classic', 'read_dataset_event' retrieved from /home/airflow/.local/lib/python3.12/site-packages/airflow/example_dags/example_inlet_event_extra.py
[2024-10-04T00:15:37.898+0000] {logging_mixin.py:190} INFO - [2024-10-04T00:15:37.898+0000] {dag.py:3239} INFO - Sync 2 DAGs
[2024-10-04T00:15:37.916+0000] {logging_mixin.py:190} INFO - [2024-10-04T00:15:37.915+0000] {dag.py:4180} INFO - Setting next_dagrun for read_dataset_event to 2024-10-03 00:00:00+00:00, run_after=2024-10-04 00:00:00+00:00
[2024-10-04T00:15:37.920+0000] {logging_mixin.py:190} INFO - [2024-10-04T00:15:37.920+0000] {dag.py:4180} INFO - Setting next_dagrun for read_dataset_event_from_classic to 2024-10-03 00:00:00+00:00, run_after=2024-10-04 00:00:00+00:00
[2024-10-04T00:15:37.931+0000] {processor.py:208} INFO - Processing /home/airflow/.local/lib/python3.12/site-packages/airflow/example_dags/example_inlet_event_extra.py took 0.155 seconds
[2024-10-04T00:16:08.162+0000] {processor.py:186} INFO - Started process (PID=2281) to work on /home/airflow/.local/lib/python3.12/site-packages/airflow/example_dags/example_inlet_event_extra.py
[2024-10-04T00:16:08.163+0000] {processor.py:914} INFO - Processing file /home/airflow/.local/lib/python3.12/site-packages/airflow/example_dags/example_inlet_event_extra.py for tasks to queue
[2024-10-04T00:16:08.165+0000] {logging_mixin.py:190} INFO - [2024-10-04T00:16:08.165+0000] {dagbag.py:588} INFO - Filling up the DagBag from /home/airflow/.local/lib/python3.12/site-packages/airflow/example_dags/example_inlet_event_extra.py
[2024-10-04T00:16:08.262+0000] {processor.py:925} INFO - DAG(s) 'read_dataset_event_from_classic', 'read_dataset_event' retrieved from /home/airflow/.local/lib/python3.12/site-packages/airflow/example_dags/example_inlet_event_extra.py
[2024-10-04T00:16:08.279+0000] {logging_mixin.py:190} INFO - [2024-10-04T00:16:08.279+0000] {dag.py:3239} INFO - Sync 2 DAGs
[2024-10-04T00:16:08.298+0000] {logging_mixin.py:190} INFO - [2024-10-04T00:16:08.297+0000] {dag.py:4180} INFO - Setting next_dagrun for read_dataset_event to 2024-10-03 00:00:00+00:00, run_after=2024-10-04 00:00:00+00:00
[2024-10-04T00:16:08.302+0000] {logging_mixin.py:190} INFO - [2024-10-04T00:16:08.302+0000] {dag.py:4180} INFO - Setting next_dagrun for read_dataset_event_from_classic to 2024-10-03 00:00:00+00:00, run_after=2024-10-04 00:00:00+00:00
[2024-10-04T00:16:08.313+0000] {processor.py:208} INFO - Processing /home/airflow/.local/lib/python3.12/site-packages/airflow/example_dags/example_inlet_event_extra.py took 0.158 seconds
[2024-10-04T00:16:38.962+0000] {processor.py:186} INFO - Started process (PID=2567) to work on /home/airflow/.local/lib/python3.12/site-packages/airflow/example_dags/example_inlet_event_extra.py
[2024-10-04T00:16:38.964+0000] {processor.py:914} INFO - Processing file /home/airflow/.local/lib/python3.12/site-packages/airflow/example_dags/example_inlet_event_extra.py for tasks to queue
[2024-10-04T00:16:38.966+0000] {logging_mixin.py:190} INFO - [2024-10-04T00:16:38.965+0000] {dagbag.py:588} INFO - Filling up the DagBag from /home/airflow/.local/lib/python3.12/site-packages/airflow/example_dags/example_inlet_event_extra.py
[2024-10-04T00:16:39.063+0000] {processor.py:925} INFO - DAG(s) 'read_dataset_event', 'read_dataset_event_from_classic' retrieved from /home/airflow/.local/lib/python3.12/site-packages/airflow/example_dags/example_inlet_event_extra.py
[2024-10-04T00:16:39.080+0000] {logging_mixin.py:190} INFO - [2024-10-04T00:16:39.080+0000] {dag.py:3239} INFO - Sync 2 DAGs
[2024-10-04T00:16:39.098+0000] {logging_mixin.py:190} INFO - [2024-10-04T00:16:39.098+0000] {dag.py:4180} INFO - Setting next_dagrun for read_dataset_event to 2024-10-03 00:00:00+00:00, run_after=2024-10-04 00:00:00+00:00
[2024-10-04T00:16:39.101+0000] {logging_mixin.py:190} INFO - [2024-10-04T00:16:39.101+0000] {dag.py:4180} INFO - Setting next_dagrun for read_dataset_event_from_classic to 2024-10-03 00:00:00+00:00, run_after=2024-10-04 00:00:00+00:00
[2024-10-04T00:16:39.112+0000] {processor.py:208} INFO - Processing /home/airflow/.local/lib/python3.12/site-packages/airflow/example_dags/example_inlet_event_extra.py took 0.155 seconds
[2024-10-04T00:17:09.929+0000] {processor.py:186} INFO - Started process (PID=2853) to work on /home/airflow/.local/lib/python3.12/site-packages/airflow/example_dags/example_inlet_event_extra.py
[2024-10-04T00:17:09.934+0000] {processor.py:914} INFO - Processing file /home/airflow/.local/lib/python3.12/site-packages/airflow/example_dags/example_inlet_event_extra.py for tasks to queue
[2024-10-04T00:17:09.940+0000] {logging_mixin.py:190} INFO - [2024-10-04T00:17:09.939+0000] {dagbag.py:588} INFO - Filling up the DagBag from /home/airflow/.local/lib/python3.12/site-packages/airflow/example_dags/example_inlet_event_extra.py
[2024-10-04T00:17:10.153+0000] {processor.py:925} INFO - DAG(s) 'read_dataset_event_from_classic', 'read_dataset_event' retrieved from /home/airflow/.local/lib/python3.12/site-packages/airflow/example_dags/example_inlet_event_extra.py
[2024-10-04T00:17:10.195+0000] {logging_mixin.py:190} INFO - [2024-10-04T00:17:10.195+0000] {dag.py:3239} INFO - Sync 2 DAGs
[2024-10-04T00:17:10.232+0000] {logging_mixin.py:190} INFO - [2024-10-04T00:17:10.232+0000] {dag.py:4180} INFO - Setting next_dagrun for read_dataset_event to 2024-10-03 00:00:00+00:00, run_after=2024-10-04 00:00:00+00:00
[2024-10-04T00:17:10.239+0000] {logging_mixin.py:190} INFO - [2024-10-04T00:17:10.238+0000] {dag.py:4180} INFO - Setting next_dagrun for read_dataset_event_from_classic to 2024-10-03 00:00:00+00:00, run_after=2024-10-04 00:00:00+00:00
[2024-10-04T00:17:10.297+0000] {processor.py:208} INFO - Processing /home/airflow/.local/lib/python3.12/site-packages/airflow/example_dags/example_inlet_event_extra.py took 0.393 seconds
[2024-10-04T00:17:41.193+0000] {processor.py:186} INFO - Started process (PID=3139) to work on /home/airflow/.local/lib/python3.12/site-packages/airflow/example_dags/example_inlet_event_extra.py
[2024-10-04T00:17:41.194+0000] {processor.py:914} INFO - Processing file /home/airflow/.local/lib/python3.12/site-packages/airflow/example_dags/example_inlet_event_extra.py for tasks to queue
[2024-10-04T00:17:41.197+0000] {logging_mixin.py:190} INFO - [2024-10-04T00:17:41.197+0000] {dagbag.py:588} INFO - Filling up the DagBag from /home/airflow/.local/lib/python3.12/site-packages/airflow/example_dags/example_inlet_event_extra.py
[2024-10-04T00:17:41.371+0000] {processor.py:925} INFO - DAG(s) 'read_dataset_event_from_classic', 'read_dataset_event' retrieved from /home/airflow/.local/lib/python3.12/site-packages/airflow/example_dags/example_inlet_event_extra.py
[2024-10-04T00:17:41.393+0000] {logging_mixin.py:190} INFO - [2024-10-04T00:17:41.393+0000] {dag.py:3239} INFO - Sync 2 DAGs
[2024-10-04T00:17:41.414+0000] {logging_mixin.py:190} INFO - [2024-10-04T00:17:41.414+0000] {dag.py:4180} INFO - Setting next_dagrun for read_dataset_event to 2024-10-03 00:00:00+00:00, run_after=2024-10-04 00:00:00+00:00
[2024-10-04T00:17:41.418+0000] {logging_mixin.py:190} INFO - [2024-10-04T00:17:41.418+0000] {dag.py:4180} INFO - Setting next_dagrun for read_dataset_event_from_classic to 2024-10-03 00:00:00+00:00, run_after=2024-10-04 00:00:00+00:00
[2024-10-04T00:17:41.429+0000] {processor.py:208} INFO - Processing /home/airflow/.local/lib/python3.12/site-packages/airflow/example_dags/example_inlet_event_extra.py took 0.244 seconds
[2024-10-04T00:18:11.731+0000] {processor.py:186} INFO - Started process (PID=3432) to work on /home/airflow/.local/lib/python3.12/site-packages/airflow/example_dags/example_inlet_event_extra.py
[2024-10-04T00:18:11.732+0000] {processor.py:914} INFO - Processing file /home/airflow/.local/lib/python3.12/site-packages/airflow/example_dags/example_inlet_event_extra.py for tasks to queue
[2024-10-04T00:18:11.734+0000] {logging_mixin.py:190} INFO - [2024-10-04T00:18:11.734+0000] {dagbag.py:588} INFO - Filling up the DagBag from /home/airflow/.local/lib/python3.12/site-packages/airflow/example_dags/example_inlet_event_extra.py
[2024-10-04T00:18:11.861+0000] {processor.py:925} INFO - DAG(s) 'read_dataset_event', 'read_dataset_event_from_classic' retrieved from /home/airflow/.local/lib/python3.12/site-packages/airflow/example_dags/example_inlet_event_extra.py
[2024-10-04T00:18:11.885+0000] {logging_mixin.py:190} INFO - [2024-10-04T00:18:11.884+0000] {dag.py:3239} INFO - Sync 2 DAGs
[2024-10-04T00:18:11.908+0000] {logging_mixin.py:190} INFO - [2024-10-04T00:18:11.908+0000] {dag.py:4180} INFO - Setting next_dagrun for read_dataset_event to 2024-10-03 00:00:00+00:00, run_after=2024-10-04 00:00:00+00:00
[2024-10-04T00:18:11.918+0000] {logging_mixin.py:190} INFO - [2024-10-04T00:18:11.917+0000] {dag.py:4180} INFO - Setting next_dagrun for read_dataset_event_from_classic to 2024-10-03 00:00:00+00:00, run_after=2024-10-04 00:00:00+00:00
[2024-10-04T00:18:11.966+0000] {processor.py:208} INFO - Processing /home/airflow/.local/lib/python3.12/site-packages/airflow/example_dags/example_inlet_event_extra.py took 0.240 seconds
[2024-10-04T00:18:42.953+0000] {processor.py:186} INFO - Started process (PID=3717) to work on /home/airflow/.local/lib/python3.12/site-packages/airflow/example_dags/example_inlet_event_extra.py
[2024-10-04T00:18:42.957+0000] {processor.py:914} INFO - Processing file /home/airflow/.local/lib/python3.12/site-packages/airflow/example_dags/example_inlet_event_extra.py for tasks to queue
[2024-10-04T00:18:42.961+0000] {logging_mixin.py:190} INFO - [2024-10-04T00:18:42.961+0000] {dagbag.py:588} INFO - Filling up the DagBag from /home/airflow/.local/lib/python3.12/site-packages/airflow/example_dags/example_inlet_event_extra.py
[2024-10-04T00:18:43.176+0000] {processor.py:925} INFO - DAG(s) 'read_dataset_event', 'read_dataset_event_from_classic' retrieved from /home/airflow/.local/lib/python3.12/site-packages/airflow/example_dags/example_inlet_event_extra.py
[2024-10-04T00:18:43.205+0000] {logging_mixin.py:190} INFO - [2024-10-04T00:18:43.205+0000] {dag.py:3239} INFO - Sync 2 DAGs
[2024-10-04T00:18:43.235+0000] {logging_mixin.py:190} INFO - [2024-10-04T00:18:43.234+0000] {dag.py:4180} INFO - Setting next_dagrun for read_dataset_event to 2024-10-03 00:00:00+00:00, run_after=2024-10-04 00:00:00+00:00
[2024-10-04T00:18:43.239+0000] {logging_mixin.py:190} INFO - [2024-10-04T00:18:43.239+0000] {dag.py:4180} INFO - Setting next_dagrun for read_dataset_event_from_classic to 2024-10-03 00:00:00+00:00, run_after=2024-10-04 00:00:00+00:00
[2024-10-04T00:18:43.254+0000] {processor.py:208} INFO - Processing /home/airflow/.local/lib/python3.12/site-packages/airflow/example_dags/example_inlet_event_extra.py took 0.320 seconds
[2024-10-04T00:19:13.929+0000] {processor.py:186} INFO - Started process (PID=4003) to work on /home/airflow/.local/lib/python3.12/site-packages/airflow/example_dags/example_inlet_event_extra.py
[2024-10-04T00:19:13.930+0000] {processor.py:914} INFO - Processing file /home/airflow/.local/lib/python3.12/site-packages/airflow/example_dags/example_inlet_event_extra.py for tasks to queue
[2024-10-04T00:19:13.932+0000] {logging_mixin.py:190} INFO - [2024-10-04T00:19:13.931+0000] {dagbag.py:588} INFO - Filling up the DagBag from /home/airflow/.local/lib/python3.12/site-packages/airflow/example_dags/example_inlet_event_extra.py
[2024-10-04T00:19:14.028+0000] {processor.py:925} INFO - DAG(s) 'read_dataset_event', 'read_dataset_event_from_classic' retrieved from /home/airflow/.local/lib/python3.12/site-packages/airflow/example_dags/example_inlet_event_extra.py
[2024-10-04T00:19:14.048+0000] {logging_mixin.py:190} INFO - [2024-10-04T00:19:14.048+0000] {dag.py:3239} INFO - Sync 2 DAGs
[2024-10-04T00:19:14.067+0000] {logging_mixin.py:190} INFO - [2024-10-04T00:19:14.067+0000] {dag.py:4180} INFO - Setting next_dagrun for read_dataset_event to 2024-10-03 00:00:00+00:00, run_after=2024-10-04 00:00:00+00:00
[2024-10-04T00:19:14.071+0000] {logging_mixin.py:190} INFO - [2024-10-04T00:19:14.071+0000] {dag.py:4180} INFO - Setting next_dagrun for read_dataset_event_from_classic to 2024-10-03 00:00:00+00:00, run_after=2024-10-04 00:00:00+00:00
[2024-10-04T00:19:14.082+0000] {processor.py:208} INFO - Processing /home/airflow/.local/lib/python3.12/site-packages/airflow/example_dags/example_inlet_event_extra.py took 0.159 seconds
[2024-10-04T00:19:44.184+0000] {processor.py:186} INFO - Started process (PID=4289) to work on /home/airflow/.local/lib/python3.12/site-packages/airflow/example_dags/example_inlet_event_extra.py
[2024-10-04T00:19:44.185+0000] {processor.py:914} INFO - Processing file /home/airflow/.local/lib/python3.12/site-packages/airflow/example_dags/example_inlet_event_extra.py for tasks to queue
[2024-10-04T00:19:44.188+0000] {logging_mixin.py:190} INFO - [2024-10-04T00:19:44.187+0000] {dagbag.py:588} INFO - Filling up the DagBag from /home/airflow/.local/lib/python3.12/site-packages/airflow/example_dags/example_inlet_event_extra.py
[2024-10-04T00:19:44.282+0000] {processor.py:925} INFO - DAG(s) 'read_dataset_event', 'read_dataset_event_from_classic' retrieved from /home/airflow/.local/lib/python3.12/site-packages/airflow/example_dags/example_inlet_event_extra.py
[2024-10-04T00:19:44.301+0000] {logging_mixin.py:190} INFO - [2024-10-04T00:19:44.301+0000] {dag.py:3239} INFO - Sync 2 DAGs
[2024-10-04T00:19:44.321+0000] {logging_mixin.py:190} INFO - [2024-10-04T00:19:44.321+0000] {dag.py:4180} INFO - Setting next_dagrun for read_dataset_event to 2024-10-03 00:00:00+00:00, run_after=2024-10-04 00:00:00+00:00
[2024-10-04T00:19:44.325+0000] {logging_mixin.py:190} INFO - [2024-10-04T00:19:44.325+0000] {dag.py:4180} INFO - Setting next_dagrun for read_dataset_event_from_classic to 2024-10-03 00:00:00+00:00, run_after=2024-10-04 00:00:00+00:00
[2024-10-04T00:19:44.336+0000] {processor.py:208} INFO - Processing /home/airflow/.local/lib/python3.12/site-packages/airflow/example_dags/example_inlet_event_extra.py took 0.158 seconds
[2024-10-04T00:20:15.187+0000] {processor.py:186} INFO - Started process (PID=4575) to work on /home/airflow/.local/lib/python3.12/site-packages/airflow/example_dags/example_inlet_event_extra.py
[2024-10-04T00:20:15.188+0000] {processor.py:914} INFO - Processing file /home/airflow/.local/lib/python3.12/site-packages/airflow/example_dags/example_inlet_event_extra.py for tasks to queue
[2024-10-04T00:20:15.190+0000] {logging_mixin.py:190} INFO - [2024-10-04T00:20:15.190+0000] {dagbag.py:588} INFO - Filling up the DagBag from /home/airflow/.local/lib/python3.12/site-packages/airflow/example_dags/example_inlet_event_extra.py
[2024-10-04T00:20:15.293+0000] {processor.py:925} INFO - DAG(s) 'read_dataset_event', 'read_dataset_event_from_classic' retrieved from /home/airflow/.local/lib/python3.12/site-packages/airflow/example_dags/example_inlet_event_extra.py
[2024-10-04T00:20:15.315+0000] {logging_mixin.py:190} INFO - [2024-10-04T00:20:15.315+0000] {dag.py:3239} INFO - Sync 2 DAGs
[2024-10-04T00:20:15.335+0000] {logging_mixin.py:190} INFO - [2024-10-04T00:20:15.335+0000] {dag.py:4180} INFO - Setting next_dagrun for read_dataset_event to 2024-10-03 00:00:00+00:00, run_after=2024-10-04 00:00:00+00:00
[2024-10-04T00:20:15.340+0000] {logging_mixin.py:190} INFO - [2024-10-04T00:20:15.340+0000] {dag.py:4180} INFO - Setting next_dagrun for read_dataset_event_from_classic to 2024-10-03 00:00:00+00:00, run_after=2024-10-04 00:00:00+00:00
[2024-10-04T00:20:15.353+0000] {processor.py:208} INFO - Processing /home/airflow/.local/lib/python3.12/site-packages/airflow/example_dags/example_inlet_event_extra.py took 0.172 seconds
[2024-10-04T00:20:45.581+0000] {processor.py:186} INFO - Started process (PID=4861) to work on /home/airflow/.local/lib/python3.12/site-packages/airflow/example_dags/example_inlet_event_extra.py
[2024-10-04T00:20:45.583+0000] {processor.py:914} INFO - Processing file /home/airflow/.local/lib/python3.12/site-packages/airflow/example_dags/example_inlet_event_extra.py for tasks to queue
[2024-10-04T00:20:45.584+0000] {logging_mixin.py:190} INFO - [2024-10-04T00:20:45.584+0000] {dagbag.py:588} INFO - Filling up the DagBag from /home/airflow/.local/lib/python3.12/site-packages/airflow/example_dags/example_inlet_event_extra.py
[2024-10-04T00:20:45.677+0000] {processor.py:925} INFO - DAG(s) 'read_dataset_event_from_classic', 'read_dataset_event' retrieved from /home/airflow/.local/lib/python3.12/site-packages/airflow/example_dags/example_inlet_event_extra.py
[2024-10-04T00:20:45.695+0000] {logging_mixin.py:190} INFO - [2024-10-04T00:20:45.695+0000] {dag.py:3239} INFO - Sync 2 DAGs
[2024-10-04T00:20:45.714+0000] {logging_mixin.py:190} INFO - [2024-10-04T00:20:45.714+0000] {dag.py:4180} INFO - Setting next_dagrun for read_dataset_event to 2024-10-03 00:00:00+00:00, run_after=2024-10-04 00:00:00+00:00
[2024-10-04T00:20:45.717+0000] {logging_mixin.py:190} INFO - [2024-10-04T00:20:45.717+0000] {dag.py:4180} INFO - Setting next_dagrun for read_dataset_event_from_classic to 2024-10-03 00:00:00+00:00, run_after=2024-10-04 00:00:00+00:00
[2024-10-04T00:20:45.728+0000] {processor.py:208} INFO - Processing /home/airflow/.local/lib/python3.12/site-packages/airflow/example_dags/example_inlet_event_extra.py took 0.152 seconds
[2024-10-04T00:21:16.083+0000] {processor.py:186} INFO - Started process (PID=5147) to work on /home/airflow/.local/lib/python3.12/site-packages/airflow/example_dags/example_inlet_event_extra.py
[2024-10-04T00:21:16.084+0000] {processor.py:914} INFO - Processing file /home/airflow/.local/lib/python3.12/site-packages/airflow/example_dags/example_inlet_event_extra.py for tasks to queue
[2024-10-04T00:21:16.086+0000] {logging_mixin.py:190} INFO - [2024-10-04T00:21:16.086+0000] {dagbag.py:588} INFO - Filling up the DagBag from /home/airflow/.local/lib/python3.12/site-packages/airflow/example_dags/example_inlet_event_extra.py
[2024-10-04T00:21:16.188+0000] {processor.py:925} INFO - DAG(s) 'read_dataset_event_from_classic', 'read_dataset_event' retrieved from /home/airflow/.local/lib/python3.12/site-packages/airflow/example_dags/example_inlet_event_extra.py
[2024-10-04T00:21:16.211+0000] {logging_mixin.py:190} INFO - [2024-10-04T00:21:16.210+0000] {dag.py:3239} INFO - Sync 2 DAGs
[2024-10-04T00:21:16.246+0000] {logging_mixin.py:190} INFO - [2024-10-04T00:21:16.246+0000] {dag.py:4180} INFO - Setting next_dagrun for read_dataset_event to 2024-10-03 00:00:00+00:00, run_after=2024-10-04 00:00:00+00:00
[2024-10-04T00:21:16.250+0000] {logging_mixin.py:190} INFO - [2024-10-04T00:21:16.250+0000] {dag.py:4180} INFO - Setting next_dagrun for read_dataset_event_from_classic to 2024-10-03 00:00:00+00:00, run_after=2024-10-04 00:00:00+00:00
[2024-10-04T00:21:16.261+0000] {processor.py:208} INFO - Processing /home/airflow/.local/lib/python3.12/site-packages/airflow/example_dags/example_inlet_event_extra.py took 0.184 seconds
[2024-10-04T00:21:46.358+0000] {processor.py:186} INFO - Started process (PID=5433) to work on /home/airflow/.local/lib/python3.12/site-packages/airflow/example_dags/example_inlet_event_extra.py
[2024-10-04T00:21:46.359+0000] {processor.py:914} INFO - Processing file /home/airflow/.local/lib/python3.12/site-packages/airflow/example_dags/example_inlet_event_extra.py for tasks to queue
[2024-10-04T00:21:46.361+0000] {logging_mixin.py:190} INFO - [2024-10-04T00:21:46.361+0000] {dagbag.py:588} INFO - Filling up the DagBag from /home/airflow/.local/lib/python3.12/site-packages/airflow/example_dags/example_inlet_event_extra.py
[2024-10-04T00:21:46.454+0000] {processor.py:925} INFO - DAG(s) 'read_dataset_event_from_classic', 'read_dataset_event' retrieved from /home/airflow/.local/lib/python3.12/site-packages/airflow/example_dags/example_inlet_event_extra.py
[2024-10-04T00:21:46.471+0000] {logging_mixin.py:190} INFO - [2024-10-04T00:21:46.471+0000] {dag.py:3239} INFO - Sync 2 DAGs
[2024-10-04T00:21:46.490+0000] {logging_mixin.py:190} INFO - [2024-10-04T00:21:46.490+0000] {dag.py:4180} INFO - Setting next_dagrun for read_dataset_event to 2024-10-03 00:00:00+00:00, run_after=2024-10-04 00:00:00+00:00
[2024-10-04T00:21:46.494+0000] {logging_mixin.py:190} INFO - [2024-10-04T00:21:46.494+0000] {dag.py:4180} INFO - Setting next_dagrun for read_dataset_event_from_classic to 2024-10-03 00:00:00+00:00, run_after=2024-10-04 00:00:00+00:00
[2024-10-04T00:21:46.505+0000] {processor.py:208} INFO - Processing /home/airflow/.local/lib/python3.12/site-packages/airflow/example_dags/example_inlet_event_extra.py took 0.152 seconds
[2024-10-04T00:22:16.590+0000] {processor.py:186} INFO - Started process (PID=5719) to work on /home/airflow/.local/lib/python3.12/site-packages/airflow/example_dags/example_inlet_event_extra.py
[2024-10-04T00:22:16.591+0000] {processor.py:914} INFO - Processing file /home/airflow/.local/lib/python3.12/site-packages/airflow/example_dags/example_inlet_event_extra.py for tasks to queue
[2024-10-04T00:22:16.593+0000] {logging_mixin.py:190} INFO - [2024-10-04T00:22:16.593+0000] {dagbag.py:588} INFO - Filling up the DagBag from /home/airflow/.local/lib/python3.12/site-packages/airflow/example_dags/example_inlet_event_extra.py
[2024-10-04T00:22:16.682+0000] {processor.py:925} INFO - DAG(s) 'read_dataset_event', 'read_dataset_event_from_classic' retrieved from /home/airflow/.local/lib/python3.12/site-packages/airflow/example_dags/example_inlet_event_extra.py
[2024-10-04T00:22:16.701+0000] {logging_mixin.py:190} INFO - [2024-10-04T00:22:16.700+0000] {dag.py:3239} INFO - Sync 2 DAGs
[2024-10-04T00:22:16.719+0000] {logging_mixin.py:190} INFO - [2024-10-04T00:22:16.719+0000] {dag.py:4180} INFO - Setting next_dagrun for read_dataset_event to 2024-10-03 00:00:00+00:00, run_after=2024-10-04 00:00:00+00:00
[2024-10-04T00:22:16.723+0000] {logging_mixin.py:190} INFO - [2024-10-04T00:22:16.723+0000] {dag.py:4180} INFO - Setting next_dagrun for read_dataset_event_from_classic to 2024-10-03 00:00:00+00:00, run_after=2024-10-04 00:00:00+00:00
[2024-10-04T00:22:16.734+0000] {processor.py:208} INFO - Processing /home/airflow/.local/lib/python3.12/site-packages/airflow/example_dags/example_inlet_event_extra.py took 0.148 seconds
[2024-10-04T00:22:49.347+0000] {processor.py:186} INFO - Started process (PID=6005) to work on /home/airflow/.local/lib/python3.12/site-packages/airflow/example_dags/example_inlet_event_extra.py
[2024-10-04T00:22:49.351+0000] {processor.py:914} INFO - Processing file /home/airflow/.local/lib/python3.12/site-packages/airflow/example_dags/example_inlet_event_extra.py for tasks to queue
[2024-10-04T00:22:49.362+0000] {logging_mixin.py:190} INFO - [2024-10-04T00:22:49.360+0000] {dagbag.py:588} INFO - Filling up the DagBag from /home/airflow/.local/lib/python3.12/site-packages/airflow/example_dags/example_inlet_event_extra.py
[2024-10-04T00:22:49.734+0000] {processor.py:925} INFO - DAG(s) 'read_dataset_event', 'read_dataset_event_from_classic' retrieved from /home/airflow/.local/lib/python3.12/site-packages/airflow/example_dags/example_inlet_event_extra.py
[2024-10-04T00:22:50.161+0000] {logging_mixin.py:190} INFO - [2024-10-04T00:22:50.142+0000] {dag.py:3239} INFO - Sync 2 DAGs
[2024-10-04T00:22:50.728+0000] {logging_mixin.py:190} INFO - [2024-10-04T00:22:50.726+0000] {dag.py:4180} INFO - Setting next_dagrun for read_dataset_event to 2024-10-03 00:00:00+00:00, run_after=2024-10-04 00:00:00+00:00
[2024-10-04T00:22:50.919+0000] {logging_mixin.py:190} INFO - [2024-10-04T00:22:50.916+0000] {dag.py:4180} INFO - Setting next_dagrun for read_dataset_event_from_classic to 2024-10-03 00:00:00+00:00, run_after=2024-10-04 00:00:00+00:00
[2024-10-04T00:22:51.111+0000] {processor.py:208} INFO - Processing /home/airflow/.local/lib/python3.12/site-packages/airflow/example_dags/example_inlet_event_extra.py took 1.782 seconds
[2024-10-04T00:23:21.264+0000] {processor.py:186} INFO - Started process (PID=6298) to work on /home/airflow/.local/lib/python3.12/site-packages/airflow/example_dags/example_inlet_event_extra.py
[2024-10-04T00:23:21.265+0000] {processor.py:914} INFO - Processing file /home/airflow/.local/lib/python3.12/site-packages/airflow/example_dags/example_inlet_event_extra.py for tasks to queue
[2024-10-04T00:23:21.267+0000] {logging_mixin.py:190} INFO - [2024-10-04T00:23:21.267+0000] {dagbag.py:588} INFO - Filling up the DagBag from /home/airflow/.local/lib/python3.12/site-packages/airflow/example_dags/example_inlet_event_extra.py
[2024-10-04T00:23:21.369+0000] {processor.py:925} INFO - DAG(s) 'read_dataset_event', 'read_dataset_event_from_classic' retrieved from /home/airflow/.local/lib/python3.12/site-packages/airflow/example_dags/example_inlet_event_extra.py
[2024-10-04T00:23:21.389+0000] {logging_mixin.py:190} INFO - [2024-10-04T00:23:21.388+0000] {dag.py:3239} INFO - Sync 2 DAGs
[2024-10-04T00:23:21.407+0000] {logging_mixin.py:190} INFO - [2024-10-04T00:23:21.407+0000] {dag.py:4180} INFO - Setting next_dagrun for read_dataset_event to 2024-10-03 00:00:00+00:00, run_after=2024-10-04 00:00:00+00:00
[2024-10-04T00:23:21.412+0000] {logging_mixin.py:190} INFO - [2024-10-04T00:23:21.411+0000] {dag.py:4180} INFO - Setting next_dagrun for read_dataset_event_from_classic to 2024-10-03 00:00:00+00:00, run_after=2024-10-04 00:00:00+00:00
[2024-10-04T00:23:21.423+0000] {processor.py:208} INFO - Processing /home/airflow/.local/lib/python3.12/site-packages/airflow/example_dags/example_inlet_event_extra.py took 0.165 seconds
[2024-10-04T00:23:51.566+0000] {processor.py:186} INFO - Started process (PID=6579) to work on /home/airflow/.local/lib/python3.12/site-packages/airflow/example_dags/example_inlet_event_extra.py
[2024-10-04T00:23:51.568+0000] {processor.py:914} INFO - Processing file /home/airflow/.local/lib/python3.12/site-packages/airflow/example_dags/example_inlet_event_extra.py for tasks to queue
[2024-10-04T00:23:51.571+0000] {logging_mixin.py:190} INFO - [2024-10-04T00:23:51.571+0000] {dagbag.py:588} INFO - Filling up the DagBag from /home/airflow/.local/lib/python3.12/site-packages/airflow/example_dags/example_inlet_event_extra.py
[2024-10-04T00:23:51.697+0000] {processor.py:925} INFO - DAG(s) 'read_dataset_event_from_classic', 'read_dataset_event' retrieved from /home/airflow/.local/lib/python3.12/site-packages/airflow/example_dags/example_inlet_event_extra.py
[2024-10-04T00:23:51.717+0000] {logging_mixin.py:190} INFO - [2024-10-04T00:23:51.717+0000] {dag.py:3239} INFO - Sync 2 DAGs
[2024-10-04T00:23:51.737+0000] {logging_mixin.py:190} INFO - [2024-10-04T00:23:51.737+0000] {dag.py:4180} INFO - Setting next_dagrun for read_dataset_event to 2024-10-03 00:00:00+00:00, run_after=2024-10-04 00:00:00+00:00
[2024-10-04T00:23:51.742+0000] {logging_mixin.py:190} INFO - [2024-10-04T00:23:51.742+0000] {dag.py:4180} INFO - Setting next_dagrun for read_dataset_event_from_classic to 2024-10-03 00:00:00+00:00, run_after=2024-10-04 00:00:00+00:00
[2024-10-04T00:23:51.757+0000] {processor.py:208} INFO - Processing /home/airflow/.local/lib/python3.12/site-packages/airflow/example_dags/example_inlet_event_extra.py took 0.200 seconds
[2024-10-04T00:24:22.046+0000] {processor.py:186} INFO - Started process (PID=6865) to work on /home/airflow/.local/lib/python3.12/site-packages/airflow/example_dags/example_inlet_event_extra.py
[2024-10-04T00:24:22.048+0000] {processor.py:914} INFO - Processing file /home/airflow/.local/lib/python3.12/site-packages/airflow/example_dags/example_inlet_event_extra.py for tasks to queue
[2024-10-04T00:24:22.051+0000] {logging_mixin.py:190} INFO - [2024-10-04T00:24:22.050+0000] {dagbag.py:588} INFO - Filling up the DagBag from /home/airflow/.local/lib/python3.12/site-packages/airflow/example_dags/example_inlet_event_extra.py
[2024-10-04T00:24:22.220+0000] {processor.py:925} INFO - DAG(s) 'read_dataset_event_from_classic', 'read_dataset_event' retrieved from /home/airflow/.local/lib/python3.12/site-packages/airflow/example_dags/example_inlet_event_extra.py
[2024-10-04T00:24:22.243+0000] {logging_mixin.py:190} INFO - [2024-10-04T00:24:22.242+0000] {dag.py:3239} INFO - Sync 2 DAGs
[2024-10-04T00:24:22.265+0000] {logging_mixin.py:190} INFO - [2024-10-04T00:24:22.265+0000] {dag.py:4180} INFO - Setting next_dagrun for read_dataset_event to 2024-10-03 00:00:00+00:00, run_after=2024-10-04 00:00:00+00:00
[2024-10-04T00:24:22.269+0000] {logging_mixin.py:190} INFO - [2024-10-04T00:24:22.269+0000] {dag.py:4180} INFO - Setting next_dagrun for read_dataset_event_from_classic to 2024-10-03 00:00:00+00:00, run_after=2024-10-04 00:00:00+00:00
[2024-10-04T00:24:22.282+0000] {processor.py:208} INFO - Processing /home/airflow/.local/lib/python3.12/site-packages/airflow/example_dags/example_inlet_event_extra.py took 0.243 seconds
[2024-10-04T00:24:52.742+0000] {processor.py:186} INFO - Started process (PID=7151) to work on /home/airflow/.local/lib/python3.12/site-packages/airflow/example_dags/example_inlet_event_extra.py
[2024-10-04T00:24:52.745+0000] {processor.py:914} INFO - Processing file /home/airflow/.local/lib/python3.12/site-packages/airflow/example_dags/example_inlet_event_extra.py for tasks to queue
[2024-10-04T00:24:52.749+0000] {logging_mixin.py:190} INFO - [2024-10-04T00:24:52.748+0000] {dagbag.py:588} INFO - Filling up the DagBag from /home/airflow/.local/lib/python3.12/site-packages/airflow/example_dags/example_inlet_event_extra.py
[2024-10-04T00:24:52.872+0000] {processor.py:925} INFO - DAG(s) 'read_dataset_event_from_classic', 'read_dataset_event' retrieved from /home/airflow/.local/lib/python3.12/site-packages/airflow/example_dags/example_inlet_event_extra.py
[2024-10-04T00:24:52.888+0000] {logging_mixin.py:190} INFO - [2024-10-04T00:24:52.888+0000] {dag.py:3239} INFO - Sync 2 DAGs
[2024-10-04T00:24:52.905+0000] {logging_mixin.py:190} INFO - [2024-10-04T00:24:52.905+0000] {dag.py:4180} INFO - Setting next_dagrun for read_dataset_event to 2024-10-03 00:00:00+00:00, run_after=2024-10-04 00:00:00+00:00
[2024-10-04T00:24:52.909+0000] {logging_mixin.py:190} INFO - [2024-10-04T00:24:52.909+0000] {dag.py:4180} INFO - Setting next_dagrun for read_dataset_event_from_classic to 2024-10-03 00:00:00+00:00, run_after=2024-10-04 00:00:00+00:00
[2024-10-04T00:24:52.920+0000] {processor.py:208} INFO - Processing /home/airflow/.local/lib/python3.12/site-packages/airflow/example_dags/example_inlet_event_extra.py took 0.190 seconds
[2024-10-04T00:25:23.577+0000] {processor.py:186} INFO - Started process (PID=7437) to work on /home/airflow/.local/lib/python3.12/site-packages/airflow/example_dags/example_inlet_event_extra.py
[2024-10-04T00:25:23.579+0000] {processor.py:914} INFO - Processing file /home/airflow/.local/lib/python3.12/site-packages/airflow/example_dags/example_inlet_event_extra.py for tasks to queue
[2024-10-04T00:25:23.581+0000] {logging_mixin.py:190} INFO - [2024-10-04T00:25:23.581+0000] {dagbag.py:588} INFO - Filling up the DagBag from /home/airflow/.local/lib/python3.12/site-packages/airflow/example_dags/example_inlet_event_extra.py
[2024-10-04T00:25:23.687+0000] {processor.py:925} INFO - DAG(s) 'read_dataset_event_from_classic', 'read_dataset_event' retrieved from /home/airflow/.local/lib/python3.12/site-packages/airflow/example_dags/example_inlet_event_extra.py
[2024-10-04T00:25:23.705+0000] {logging_mixin.py:190} INFO - [2024-10-04T00:25:23.704+0000] {dag.py:3239} INFO - Sync 2 DAGs
[2024-10-04T00:25:23.722+0000] {logging_mixin.py:190} INFO - [2024-10-04T00:25:23.722+0000] {dag.py:4180} INFO - Setting next_dagrun for read_dataset_event to 2024-10-03 00:00:00+00:00, run_after=2024-10-04 00:00:00+00:00
[2024-10-04T00:25:23.726+0000] {logging_mixin.py:190} INFO - [2024-10-04T00:25:23.726+0000] {dag.py:4180} INFO - Setting next_dagrun for read_dataset_event_from_classic to 2024-10-03 00:00:00+00:00, run_after=2024-10-04 00:00:00+00:00
[2024-10-04T00:25:23.738+0000] {processor.py:208} INFO - Processing /home/airflow/.local/lib/python3.12/site-packages/airflow/example_dags/example_inlet_event_extra.py took 0.170 seconds
[2024-10-04T00:25:54.389+0000] {processor.py:186} INFO - Started process (PID=7723) to work on /home/airflow/.local/lib/python3.12/site-packages/airflow/example_dags/example_inlet_event_extra.py
[2024-10-04T00:25:54.391+0000] {processor.py:914} INFO - Processing file /home/airflow/.local/lib/python3.12/site-packages/airflow/example_dags/example_inlet_event_extra.py for tasks to queue
[2024-10-04T00:25:54.393+0000] {logging_mixin.py:190} INFO - [2024-10-04T00:25:54.393+0000] {dagbag.py:588} INFO - Filling up the DagBag from /home/airflow/.local/lib/python3.12/site-packages/airflow/example_dags/example_inlet_event_extra.py
[2024-10-04T00:25:54.496+0000] {processor.py:925} INFO - DAG(s) 'read_dataset_event_from_classic', 'read_dataset_event' retrieved from /home/airflow/.local/lib/python3.12/site-packages/airflow/example_dags/example_inlet_event_extra.py
[2024-10-04T00:25:54.514+0000] {logging_mixin.py:190} INFO - [2024-10-04T00:25:54.514+0000] {dag.py:3239} INFO - Sync 2 DAGs
[2024-10-04T00:25:54.532+0000] {logging_mixin.py:190} INFO - [2024-10-04T00:25:54.532+0000] {dag.py:4180} INFO - Setting next_dagrun for read_dataset_event to 2024-10-03 00:00:00+00:00, run_after=2024-10-04 00:00:00+00:00
[2024-10-04T00:25:54.536+0000] {logging_mixin.py:190} INFO - [2024-10-04T00:25:54.536+0000] {dag.py:4180} INFO - Setting next_dagrun for read_dataset_event_from_classic to 2024-10-03 00:00:00+00:00, run_after=2024-10-04 00:00:00+00:00
[2024-10-04T00:25:54.546+0000] {processor.py:208} INFO - Processing /home/airflow/.local/lib/python3.12/site-packages/airflow/example_dags/example_inlet_event_extra.py took 0.163 seconds
[2024-10-04T00:26:24.749+0000] {processor.py:186} INFO - Started process (PID=8009) to work on /home/airflow/.local/lib/python3.12/site-packages/airflow/example_dags/example_inlet_event_extra.py
[2024-10-04T00:26:24.751+0000] {processor.py:914} INFO - Processing file /home/airflow/.local/lib/python3.12/site-packages/airflow/example_dags/example_inlet_event_extra.py for tasks to queue
[2024-10-04T00:26:24.753+0000] {logging_mixin.py:190} INFO - [2024-10-04T00:26:24.753+0000] {dagbag.py:588} INFO - Filling up the DagBag from /home/airflow/.local/lib/python3.12/site-packages/airflow/example_dags/example_inlet_event_extra.py
[2024-10-04T00:26:24.865+0000] {processor.py:925} INFO - DAG(s) 'read_dataset_event', 'read_dataset_event_from_classic' retrieved from /home/airflow/.local/lib/python3.12/site-packages/airflow/example_dags/example_inlet_event_extra.py
[2024-10-04T00:26:24.883+0000] {logging_mixin.py:190} INFO - [2024-10-04T00:26:24.883+0000] {dag.py:3239} INFO - Sync 2 DAGs
[2024-10-04T00:26:24.900+0000] {logging_mixin.py:190} INFO - [2024-10-04T00:26:24.900+0000] {dag.py:4180} INFO - Setting next_dagrun for read_dataset_event to 2024-10-03 00:00:00+00:00, run_after=2024-10-04 00:00:00+00:00
[2024-10-04T00:26:24.903+0000] {logging_mixin.py:190} INFO - [2024-10-04T00:26:24.903+0000] {dag.py:4180} INFO - Setting next_dagrun for read_dataset_event_from_classic to 2024-10-03 00:00:00+00:00, run_after=2024-10-04 00:00:00+00:00
[2024-10-04T00:26:24.914+0000] {processor.py:208} INFO - Processing /home/airflow/.local/lib/python3.12/site-packages/airflow/example_dags/example_inlet_event_extra.py took 0.173 seconds
[2024-10-04T00:26:54.996+0000] {processor.py:186} INFO - Started process (PID=8295) to work on /home/airflow/.local/lib/python3.12/site-packages/airflow/example_dags/example_inlet_event_extra.py
[2024-10-04T00:26:54.998+0000] {processor.py:914} INFO - Processing file /home/airflow/.local/lib/python3.12/site-packages/airflow/example_dags/example_inlet_event_extra.py for tasks to queue
[2024-10-04T00:26:55.000+0000] {logging_mixin.py:190} INFO - [2024-10-04T00:26:55.000+0000] {dagbag.py:588} INFO - Filling up the DagBag from /home/airflow/.local/lib/python3.12/site-packages/airflow/example_dags/example_inlet_event_extra.py
[2024-10-04T00:26:55.104+0000] {processor.py:925} INFO - DAG(s) 'read_dataset_event_from_classic', 'read_dataset_event' retrieved from /home/airflow/.local/lib/python3.12/site-packages/airflow/example_dags/example_inlet_event_extra.py
[2024-10-04T00:26:55.124+0000] {logging_mixin.py:190} INFO - [2024-10-04T00:26:55.124+0000] {dag.py:3239} INFO - Sync 2 DAGs
[2024-10-04T00:26:55.142+0000] {logging_mixin.py:190} INFO - [2024-10-04T00:26:55.142+0000] {dag.py:4180} INFO - Setting next_dagrun for read_dataset_event to 2024-10-03 00:00:00+00:00, run_after=2024-10-04 00:00:00+00:00
[2024-10-04T00:26:55.145+0000] {logging_mixin.py:190} INFO - [2024-10-04T00:26:55.145+0000] {dag.py:4180} INFO - Setting next_dagrun for read_dataset_event_from_classic to 2024-10-03 00:00:00+00:00, run_after=2024-10-04 00:00:00+00:00
[2024-10-04T00:26:55.157+0000] {processor.py:208} INFO - Processing /home/airflow/.local/lib/python3.12/site-packages/airflow/example_dags/example_inlet_event_extra.py took 0.166 seconds
[2024-10-04T00:27:25.271+0000] {processor.py:186} INFO - Started process (PID=8586) to work on /home/airflow/.local/lib/python3.12/site-packages/airflow/example_dags/example_inlet_event_extra.py
[2024-10-04T00:27:25.272+0000] {processor.py:914} INFO - Processing file /home/airflow/.local/lib/python3.12/site-packages/airflow/example_dags/example_inlet_event_extra.py for tasks to queue
[2024-10-04T00:27:25.274+0000] {logging_mixin.py:190} INFO - [2024-10-04T00:27:25.274+0000] {dagbag.py:588} INFO - Filling up the DagBag from /home/airflow/.local/lib/python3.12/site-packages/airflow/example_dags/example_inlet_event_extra.py
[2024-10-04T00:27:25.375+0000] {processor.py:925} INFO - DAG(s) 'read_dataset_event', 'read_dataset_event_from_classic' retrieved from /home/airflow/.local/lib/python3.12/site-packages/airflow/example_dags/example_inlet_event_extra.py
[2024-10-04T00:27:25.392+0000] {logging_mixin.py:190} INFO - [2024-10-04T00:27:25.392+0000] {dag.py:3239} INFO - Sync 2 DAGs
[2024-10-04T00:27:25.411+0000] {logging_mixin.py:190} INFO - [2024-10-04T00:27:25.410+0000] {dag.py:4180} INFO - Setting next_dagrun for read_dataset_event to 2024-10-03 00:00:00+00:00, run_after=2024-10-04 00:00:00+00:00
[2024-10-04T00:27:25.414+0000] {logging_mixin.py:190} INFO - [2024-10-04T00:27:25.414+0000] {dag.py:4180} INFO - Setting next_dagrun for read_dataset_event_from_classic to 2024-10-03 00:00:00+00:00, run_after=2024-10-04 00:00:00+00:00
[2024-10-04T00:27:25.425+0000] {processor.py:208} INFO - Processing /home/airflow/.local/lib/python3.12/site-packages/airflow/example_dags/example_inlet_event_extra.py took 0.159 seconds
[2024-10-04T00:27:55.618+0000] {processor.py:186} INFO - Started process (PID=8867) to work on /home/airflow/.local/lib/python3.12/site-packages/airflow/example_dags/example_inlet_event_extra.py
[2024-10-04T00:27:55.623+0000] {processor.py:914} INFO - Processing file /home/airflow/.local/lib/python3.12/site-packages/airflow/example_dags/example_inlet_event_extra.py for tasks to queue
[2024-10-04T00:27:55.628+0000] {logging_mixin.py:190} INFO - [2024-10-04T00:27:55.627+0000] {dagbag.py:588} INFO - Filling up the DagBag from /home/airflow/.local/lib/python3.12/site-packages/airflow/example_dags/example_inlet_event_extra.py
[2024-10-04T00:27:55.794+0000] {processor.py:925} INFO - DAG(s) 'read_dataset_event_from_classic', 'read_dataset_event' retrieved from /home/airflow/.local/lib/python3.12/site-packages/airflow/example_dags/example_inlet_event_extra.py
[2024-10-04T00:27:55.813+0000] {logging_mixin.py:190} INFO - [2024-10-04T00:27:55.813+0000] {dag.py:3239} INFO - Sync 2 DAGs
[2024-10-04T00:27:55.833+0000] {logging_mixin.py:190} INFO - [2024-10-04T00:27:55.833+0000] {dag.py:4180} INFO - Setting next_dagrun for read_dataset_event to 2024-10-03 00:00:00+00:00, run_after=2024-10-04 00:00:00+00:00
[2024-10-04T00:27:55.837+0000] {logging_mixin.py:190} INFO - [2024-10-04T00:27:55.837+0000] {dag.py:4180} INFO - Setting next_dagrun for read_dataset_event_from_classic to 2024-10-03 00:00:00+00:00, run_after=2024-10-04 00:00:00+00:00
[2024-10-04T00:27:55.850+0000] {processor.py:208} INFO - Processing /home/airflow/.local/lib/python3.12/site-packages/airflow/example_dags/example_inlet_event_extra.py took 0.246 seconds
[2024-10-04T00:28:25.945+0000] {processor.py:186} INFO - Started process (PID=9153) to work on /home/airflow/.local/lib/python3.12/site-packages/airflow/example_dags/example_inlet_event_extra.py
[2024-10-04T00:28:25.947+0000] {processor.py:914} INFO - Processing file /home/airflow/.local/lib/python3.12/site-packages/airflow/example_dags/example_inlet_event_extra.py for tasks to queue
[2024-10-04T00:28:25.949+0000] {logging_mixin.py:190} INFO - [2024-10-04T00:28:25.949+0000] {dagbag.py:588} INFO - Filling up the DagBag from /home/airflow/.local/lib/python3.12/site-packages/airflow/example_dags/example_inlet_event_extra.py
[2024-10-04T00:28:26.050+0000] {processor.py:925} INFO - DAG(s) 'read_dataset_event_from_classic', 'read_dataset_event' retrieved from /home/airflow/.local/lib/python3.12/site-packages/airflow/example_dags/example_inlet_event_extra.py
[2024-10-04T00:28:26.066+0000] {logging_mixin.py:190} INFO - [2024-10-04T00:28:26.066+0000] {dag.py:3239} INFO - Sync 2 DAGs
[2024-10-04T00:28:26.085+0000] {logging_mixin.py:190} INFO - [2024-10-04T00:28:26.085+0000] {dag.py:4180} INFO - Setting next_dagrun for read_dataset_event to 2024-10-03 00:00:00+00:00, run_after=2024-10-04 00:00:00+00:00
[2024-10-04T00:28:26.088+0000] {logging_mixin.py:190} INFO - [2024-10-04T00:28:26.088+0000] {dag.py:4180} INFO - Setting next_dagrun for read_dataset_event_from_classic to 2024-10-03 00:00:00+00:00, run_after=2024-10-04 00:00:00+00:00
[2024-10-04T00:28:26.098+0000] {processor.py:208} INFO - Processing /home/airflow/.local/lib/python3.12/site-packages/airflow/example_dags/example_inlet_event_extra.py took 0.162 seconds
