[2024-10-04T00:12:34.544+0000] {processor.py:186} INFO - Started process (PID=304) to work on /home/airflow/.local/lib/python3.12/site-packages/airflow/example_dags/example_dataset_alias.py
[2024-10-04T00:12:34.545+0000] {processor.py:914} INFO - Processing file /home/airflow/.local/lib/python3.12/site-packages/airflow/example_dags/example_dataset_alias.py for tasks to queue
[2024-10-04T00:12:34.547+0000] {logging_mixin.py:190} INFO - [2024-10-04T00:12:34.547+0000] {dagbag.py:588} INFO - Filling up the DagBag from /home/airflow/.local/lib/python3.12/site-packages/airflow/example_dags/example_dataset_alias.py
[2024-10-04T00:12:34.676+0000] {processor.py:925} INFO - DAG(s) 'dataset_alias_example_alias_consumer', 'dataset_s3_bucket_producer', 'dataset_s3_bucket_consumer', 'dataset_alias_example_alias_producer' retrieved from /home/airflow/.local/lib/python3.12/site-packages/airflow/example_dags/example_dataset_alias.py
[2024-10-04T00:12:34.779+0000] {logging_mixin.py:190} INFO - [2024-10-04T00:12:34.778+0000] {override.py:1900} INFO - Created Permission View: can read on DAG:dataset_alias_example_alias_consumer
[2024-10-04T00:12:34.788+0000] {logging_mixin.py:190} INFO - [2024-10-04T00:12:34.788+0000] {override.py:1900} INFO - Created Permission View: can delete on DAG:dataset_alias_example_alias_consumer
[2024-10-04T00:12:34.793+0000] {logging_mixin.py:190} INFO - [2024-10-04T00:12:34.793+0000] {override.py:1900} INFO - Created Permission View: can edit on DAG:dataset_alias_example_alias_consumer
[2024-10-04T00:12:34.798+0000] {logging_mixin.py:190} INFO - [2024-10-04T00:12:34.798+0000] {override.py:1900} INFO - Created Permission View: menu access on DAG Run:dataset_alias_example_alias_consumer
[2024-10-04T00:12:34.803+0000] {logging_mixin.py:190} INFO - [2024-10-04T00:12:34.802+0000] {override.py:1900} INFO - Created Permission View: can read on DAG Run:dataset_alias_example_alias_consumer
[2024-10-04T00:12:34.808+0000] {logging_mixin.py:190} INFO - [2024-10-04T00:12:34.808+0000] {override.py:1900} INFO - Created Permission View: can delete on DAG Run:dataset_alias_example_alias_consumer
[2024-10-04T00:12:34.815+0000] {logging_mixin.py:190} INFO - [2024-10-04T00:12:34.815+0000] {override.py:1900} INFO - Created Permission View: can create on DAG Run:dataset_alias_example_alias_consumer
[2024-10-04T00:12:34.833+0000] {logging_mixin.py:190} INFO - [2024-10-04T00:12:34.833+0000] {override.py:1900} INFO - Created Permission View: can read on DAG:dataset_s3_bucket_producer
[2024-10-04T00:12:34.839+0000] {logging_mixin.py:190} INFO - [2024-10-04T00:12:34.839+0000] {override.py:1900} INFO - Created Permission View: can delete on DAG:dataset_s3_bucket_producer
[2024-10-04T00:12:34.845+0000] {logging_mixin.py:190} INFO - [2024-10-04T00:12:34.844+0000] {override.py:1900} INFO - Created Permission View: can edit on DAG:dataset_s3_bucket_producer
[2024-10-04T00:12:34.852+0000] {logging_mixin.py:190} INFO - [2024-10-04T00:12:34.851+0000] {override.py:1900} INFO - Created Permission View: menu access on DAG Run:dataset_s3_bucket_producer
[2024-10-04T00:12:34.858+0000] {logging_mixin.py:190} INFO - [2024-10-04T00:12:34.858+0000] {override.py:1900} INFO - Created Permission View: can read on DAG Run:dataset_s3_bucket_producer
[2024-10-04T00:12:34.863+0000] {logging_mixin.py:190} INFO - [2024-10-04T00:12:34.863+0000] {override.py:1900} INFO - Created Permission View: can delete on DAG Run:dataset_s3_bucket_producer
[2024-10-04T00:12:34.869+0000] {logging_mixin.py:190} INFO - [2024-10-04T00:12:34.869+0000] {override.py:1900} INFO - Created Permission View: can create on DAG Run:dataset_s3_bucket_producer
[2024-10-04T00:12:34.878+0000] {logging_mixin.py:190} INFO - [2024-10-04T00:12:34.878+0000] {override.py:1900} INFO - Created Permission View: can read on DAG:dataset_s3_bucket_consumer
[2024-10-04T00:12:34.884+0000] {logging_mixin.py:190} INFO - [2024-10-04T00:12:34.884+0000] {override.py:1900} INFO - Created Permission View: can delete on DAG:dataset_s3_bucket_consumer
[2024-10-04T00:12:34.890+0000] {logging_mixin.py:190} INFO - [2024-10-04T00:12:34.889+0000] {override.py:1900} INFO - Created Permission View: can edit on DAG:dataset_s3_bucket_consumer
[2024-10-04T00:12:34.896+0000] {logging_mixin.py:190} INFO - [2024-10-04T00:12:34.895+0000] {override.py:1900} INFO - Created Permission View: menu access on DAG Run:dataset_s3_bucket_consumer
[2024-10-04T00:12:34.901+0000] {logging_mixin.py:190} INFO - [2024-10-04T00:12:34.900+0000] {override.py:1900} INFO - Created Permission View: can read on DAG Run:dataset_s3_bucket_consumer
[2024-10-04T00:12:34.908+0000] {logging_mixin.py:190} INFO - [2024-10-04T00:12:34.907+0000] {override.py:1900} INFO - Created Permission View: can delete on DAG Run:dataset_s3_bucket_consumer
[2024-10-04T00:12:34.913+0000] {logging_mixin.py:190} INFO - [2024-10-04T00:12:34.913+0000] {override.py:1900} INFO - Created Permission View: can create on DAG Run:dataset_s3_bucket_consumer
[2024-10-04T00:12:34.927+0000] {logging_mixin.py:190} INFO - [2024-10-04T00:12:34.926+0000] {override.py:1900} INFO - Created Permission View: can read on DAG:dataset_alias_example_alias_producer
[2024-10-04T00:12:34.933+0000] {logging_mixin.py:190} INFO - [2024-10-04T00:12:34.933+0000] {override.py:1900} INFO - Created Permission View: can delete on DAG:dataset_alias_example_alias_producer
[2024-10-04T00:12:34.938+0000] {logging_mixin.py:190} INFO - [2024-10-04T00:12:34.938+0000] {override.py:1900} INFO - Created Permission View: can edit on DAG:dataset_alias_example_alias_producer
[2024-10-04T00:12:34.948+0000] {logging_mixin.py:190} INFO - [2024-10-04T00:12:34.947+0000] {override.py:1900} INFO - Created Permission View: menu access on DAG Run:dataset_alias_example_alias_producer
[2024-10-04T00:12:34.954+0000] {logging_mixin.py:190} INFO - [2024-10-04T00:12:34.954+0000] {override.py:1900} INFO - Created Permission View: can read on DAG Run:dataset_alias_example_alias_producer
[2024-10-04T00:12:34.961+0000] {logging_mixin.py:190} INFO - [2024-10-04T00:12:34.961+0000] {override.py:1900} INFO - Created Permission View: can delete on DAG Run:dataset_alias_example_alias_producer
[2024-10-04T00:12:34.967+0000] {logging_mixin.py:190} INFO - [2024-10-04T00:12:34.967+0000] {override.py:1900} INFO - Created Permission View: can create on DAG Run:dataset_alias_example_alias_producer
[2024-10-04T00:12:34.968+0000] {logging_mixin.py:190} INFO - [2024-10-04T00:12:34.968+0000] {dag.py:3239} INFO - Sync 4 DAGs
[2024-10-04T00:12:34.989+0000] {logging_mixin.py:190} INFO - [2024-10-04T00:12:34.989+0000] {dag.py:3262} INFO - Creating ORM DAG for dataset_s3_bucket_consumer
[2024-10-04T00:12:34.990+0000] {logging_mixin.py:190} INFO - [2024-10-04T00:12:34.990+0000] {dag.py:3262} INFO - Creating ORM DAG for dataset_s3_bucket_producer
[2024-10-04T00:12:34.991+0000] {logging_mixin.py:190} INFO - [2024-10-04T00:12:34.991+0000] {dag.py:3262} INFO - Creating ORM DAG for dataset_alias_example_alias_consumer
[2024-10-04T00:12:34.992+0000] {logging_mixin.py:190} INFO - [2024-10-04T00:12:34.991+0000] {dag.py:3262} INFO - Creating ORM DAG for dataset_alias_example_alias_producer
[2024-10-04T00:12:35.005+0000] {logging_mixin.py:190} INFO - [2024-10-04T00:12:35.005+0000] {dag.py:4180} INFO - Setting next_dagrun for dataset_alias_example_alias_consumer to None, run_after=None
[2024-10-04T00:12:35.007+0000] {logging_mixin.py:190} INFO - [2024-10-04T00:12:35.007+0000] {dag.py:4180} INFO - Setting next_dagrun for dataset_alias_example_alias_producer to None, run_after=None
[2024-10-04T00:12:35.008+0000] {logging_mixin.py:190} INFO - [2024-10-04T00:12:35.008+0000] {dag.py:4180} INFO - Setting next_dagrun for dataset_s3_bucket_consumer to None, run_after=None
[2024-10-04T00:12:35.008+0000] {logging_mixin.py:190} INFO - [2024-10-04T00:12:35.008+0000] {dag.py:4180} INFO - Setting next_dagrun for dataset_s3_bucket_producer to None, run_after=None
[2024-10-04T00:12:35.039+0000] {processor.py:208} INFO - Processing /home/airflow/.local/lib/python3.12/site-packages/airflow/example_dags/example_dataset_alias.py took 0.500 seconds
[2024-10-04T00:13:05.844+0000] {processor.py:186} INFO - Started process (PID=592) to work on /home/airflow/.local/lib/python3.12/site-packages/airflow/example_dags/example_dataset_alias.py
[2024-10-04T00:13:05.846+0000] {processor.py:914} INFO - Processing file /home/airflow/.local/lib/python3.12/site-packages/airflow/example_dags/example_dataset_alias.py for tasks to queue
[2024-10-04T00:13:05.850+0000] {logging_mixin.py:190} INFO - [2024-10-04T00:13:05.849+0000] {dagbag.py:588} INFO - Filling up the DagBag from /home/airflow/.local/lib/python3.12/site-packages/airflow/example_dags/example_dataset_alias.py
[2024-10-04T00:13:05.968+0000] {processor.py:925} INFO - DAG(s) 'dataset_s3_bucket_consumer', 'dataset_alias_example_alias_consumer', 'dataset_s3_bucket_producer', 'dataset_alias_example_alias_producer' retrieved from /home/airflow/.local/lib/python3.12/site-packages/airflow/example_dags/example_dataset_alias.py
[2024-10-04T00:13:05.986+0000] {logging_mixin.py:190} INFO - [2024-10-04T00:13:05.986+0000] {dag.py:3239} INFO - Sync 4 DAGs
[2024-10-04T00:13:06.003+0000] {logging_mixin.py:190} INFO - [2024-10-04T00:13:06.003+0000] {dag.py:4180} INFO - Setting next_dagrun for dataset_alias_example_alias_consumer to None, run_after=None
[2024-10-04T00:13:06.005+0000] {logging_mixin.py:190} INFO - [2024-10-04T00:13:06.005+0000] {dag.py:4180} INFO - Setting next_dagrun for dataset_alias_example_alias_producer to None, run_after=None
[2024-10-04T00:13:06.006+0000] {logging_mixin.py:190} INFO - [2024-10-04T00:13:06.006+0000] {dag.py:4180} INFO - Setting next_dagrun for dataset_s3_bucket_consumer to None, run_after=None
[2024-10-04T00:13:06.007+0000] {logging_mixin.py:190} INFO - [2024-10-04T00:13:06.007+0000] {dag.py:4180} INFO - Setting next_dagrun for dataset_s3_bucket_producer to None, run_after=None
[2024-10-04T00:13:06.022+0000] {processor.py:208} INFO - Processing /home/airflow/.local/lib/python3.12/site-packages/airflow/example_dags/example_dataset_alias.py took 0.189 seconds
[2024-10-04T00:13:36.468+0000] {processor.py:186} INFO - Started process (PID=878) to work on /home/airflow/.local/lib/python3.12/site-packages/airflow/example_dags/example_dataset_alias.py
[2024-10-04T00:13:36.470+0000] {processor.py:914} INFO - Processing file /home/airflow/.local/lib/python3.12/site-packages/airflow/example_dags/example_dataset_alias.py for tasks to queue
[2024-10-04T00:13:36.474+0000] {logging_mixin.py:190} INFO - [2024-10-04T00:13:36.473+0000] {dagbag.py:588} INFO - Filling up the DagBag from /home/airflow/.local/lib/python3.12/site-packages/airflow/example_dags/example_dataset_alias.py
[2024-10-04T00:13:36.582+0000] {processor.py:925} INFO - DAG(s) 'dataset_s3_bucket_consumer', 'dataset_s3_bucket_producer', 'dataset_alias_example_alias_consumer', 'dataset_alias_example_alias_producer' retrieved from /home/airflow/.local/lib/python3.12/site-packages/airflow/example_dags/example_dataset_alias.py
[2024-10-04T00:13:36.597+0000] {logging_mixin.py:190} INFO - [2024-10-04T00:13:36.597+0000] {dag.py:3239} INFO - Sync 4 DAGs
[2024-10-04T00:13:36.614+0000] {logging_mixin.py:190} INFO - [2024-10-04T00:13:36.614+0000] {dag.py:4180} INFO - Setting next_dagrun for dataset_alias_example_alias_consumer to None, run_after=None
[2024-10-04T00:13:36.616+0000] {logging_mixin.py:190} INFO - [2024-10-04T00:13:36.616+0000] {dag.py:4180} INFO - Setting next_dagrun for dataset_alias_example_alias_producer to None, run_after=None
[2024-10-04T00:13:36.617+0000] {logging_mixin.py:190} INFO - [2024-10-04T00:13:36.617+0000] {dag.py:4180} INFO - Setting next_dagrun for dataset_s3_bucket_consumer to None, run_after=None
[2024-10-04T00:13:36.618+0000] {logging_mixin.py:190} INFO - [2024-10-04T00:13:36.618+0000] {dag.py:4180} INFO - Setting next_dagrun for dataset_s3_bucket_producer to None, run_after=None
[2024-10-04T00:13:36.632+0000] {processor.py:208} INFO - Processing /home/airflow/.local/lib/python3.12/site-packages/airflow/example_dags/example_dataset_alias.py took 0.173 seconds
[2024-10-04T00:14:07.005+0000] {processor.py:186} INFO - Started process (PID=1164) to work on /home/airflow/.local/lib/python3.12/site-packages/airflow/example_dags/example_dataset_alias.py
[2024-10-04T00:14:07.008+0000] {processor.py:914} INFO - Processing file /home/airflow/.local/lib/python3.12/site-packages/airflow/example_dags/example_dataset_alias.py for tasks to queue
[2024-10-04T00:14:07.011+0000] {logging_mixin.py:190} INFO - [2024-10-04T00:14:07.011+0000] {dagbag.py:588} INFO - Filling up the DagBag from /home/airflow/.local/lib/python3.12/site-packages/airflow/example_dags/example_dataset_alias.py
[2024-10-04T00:14:07.245+0000] {processor.py:925} INFO - DAG(s) 'dataset_s3_bucket_producer', 'dataset_alias_example_alias_producer', 'dataset_s3_bucket_consumer', 'dataset_alias_example_alias_consumer' retrieved from /home/airflow/.local/lib/python3.12/site-packages/airflow/example_dags/example_dataset_alias.py
[2024-10-04T00:14:07.276+0000] {logging_mixin.py:190} INFO - [2024-10-04T00:14:07.275+0000] {dag.py:3239} INFO - Sync 4 DAGs
[2024-10-04T00:14:07.330+0000] {logging_mixin.py:190} INFO - [2024-10-04T00:14:07.330+0000] {dag.py:4180} INFO - Setting next_dagrun for dataset_alias_example_alias_consumer to None, run_after=None
[2024-10-04T00:14:07.334+0000] {logging_mixin.py:190} INFO - [2024-10-04T00:14:07.334+0000] {dag.py:4180} INFO - Setting next_dagrun for dataset_alias_example_alias_producer to None, run_after=None
[2024-10-04T00:14:07.336+0000] {logging_mixin.py:190} INFO - [2024-10-04T00:14:07.335+0000] {dag.py:4180} INFO - Setting next_dagrun for dataset_s3_bucket_consumer to None, run_after=None
[2024-10-04T00:14:07.337+0000] {logging_mixin.py:190} INFO - [2024-10-04T00:14:07.337+0000] {dag.py:4180} INFO - Setting next_dagrun for dataset_s3_bucket_producer to None, run_after=None
[2024-10-04T00:14:07.361+0000] {processor.py:208} INFO - Processing /home/airflow/.local/lib/python3.12/site-packages/airflow/example_dags/example_dataset_alias.py took 0.365 seconds
[2024-10-04T00:14:37.721+0000] {processor.py:186} INFO - Started process (PID=1450) to work on /home/airflow/.local/lib/python3.12/site-packages/airflow/example_dags/example_dataset_alias.py
[2024-10-04T00:14:37.724+0000] {processor.py:914} INFO - Processing file /home/airflow/.local/lib/python3.12/site-packages/airflow/example_dags/example_dataset_alias.py for tasks to queue
[2024-10-04T00:14:37.727+0000] {logging_mixin.py:190} INFO - [2024-10-04T00:14:37.727+0000] {dagbag.py:588} INFO - Filling up the DagBag from /home/airflow/.local/lib/python3.12/site-packages/airflow/example_dags/example_dataset_alias.py
[2024-10-04T00:14:37.839+0000] {processor.py:925} INFO - DAG(s) 'dataset_s3_bucket_producer', 'dataset_alias_example_alias_producer', 'dataset_s3_bucket_consumer', 'dataset_alias_example_alias_consumer' retrieved from /home/airflow/.local/lib/python3.12/site-packages/airflow/example_dags/example_dataset_alias.py
[2024-10-04T00:14:37.853+0000] {logging_mixin.py:190} INFO - [2024-10-04T00:14:37.853+0000] {dag.py:3239} INFO - Sync 4 DAGs
[2024-10-04T00:14:37.869+0000] {logging_mixin.py:190} INFO - [2024-10-04T00:14:37.869+0000] {dag.py:4180} INFO - Setting next_dagrun for dataset_alias_example_alias_consumer to None, run_after=None
[2024-10-04T00:14:37.871+0000] {logging_mixin.py:190} INFO - [2024-10-04T00:14:37.871+0000] {dag.py:4180} INFO - Setting next_dagrun for dataset_alias_example_alias_producer to None, run_after=None
[2024-10-04T00:14:37.872+0000] {logging_mixin.py:190} INFO - [2024-10-04T00:14:37.872+0000] {dag.py:4180} INFO - Setting next_dagrun for dataset_s3_bucket_consumer to None, run_after=None
[2024-10-04T00:14:37.873+0000] {logging_mixin.py:190} INFO - [2024-10-04T00:14:37.873+0000] {dag.py:4180} INFO - Setting next_dagrun for dataset_s3_bucket_producer to None, run_after=None
[2024-10-04T00:14:37.887+0000] {processor.py:208} INFO - Processing /home/airflow/.local/lib/python3.12/site-packages/airflow/example_dags/example_dataset_alias.py took 0.174 seconds
[2024-10-04T00:15:08.209+0000] {processor.py:186} INFO - Started process (PID=1736) to work on /home/airflow/.local/lib/python3.12/site-packages/airflow/example_dags/example_dataset_alias.py
[2024-10-04T00:15:08.212+0000] {processor.py:914} INFO - Processing file /home/airflow/.local/lib/python3.12/site-packages/airflow/example_dags/example_dataset_alias.py for tasks to queue
[2024-10-04T00:15:08.215+0000] {logging_mixin.py:190} INFO - [2024-10-04T00:15:08.215+0000] {dagbag.py:588} INFO - Filling up the DagBag from /home/airflow/.local/lib/python3.12/site-packages/airflow/example_dags/example_dataset_alias.py
[2024-10-04T00:15:08.338+0000] {processor.py:925} INFO - DAG(s) 'dataset_alias_example_alias_producer', 'dataset_s3_bucket_consumer', 'dataset_s3_bucket_producer', 'dataset_alias_example_alias_consumer' retrieved from /home/airflow/.local/lib/python3.12/site-packages/airflow/example_dags/example_dataset_alias.py
[2024-10-04T00:15:08.354+0000] {logging_mixin.py:190} INFO - [2024-10-04T00:15:08.354+0000] {dag.py:3239} INFO - Sync 4 DAGs
[2024-10-04T00:15:08.369+0000] {logging_mixin.py:190} INFO - [2024-10-04T00:15:08.369+0000] {dag.py:4180} INFO - Setting next_dagrun for dataset_alias_example_alias_consumer to None, run_after=None
[2024-10-04T00:15:08.371+0000] {logging_mixin.py:190} INFO - [2024-10-04T00:15:08.371+0000] {dag.py:4180} INFO - Setting next_dagrun for dataset_alias_example_alias_producer to None, run_after=None
[2024-10-04T00:15:08.372+0000] {logging_mixin.py:190} INFO - [2024-10-04T00:15:08.372+0000] {dag.py:4180} INFO - Setting next_dagrun for dataset_s3_bucket_consumer to None, run_after=None
[2024-10-04T00:15:08.373+0000] {logging_mixin.py:190} INFO - [2024-10-04T00:15:08.373+0000] {dag.py:4180} INFO - Setting next_dagrun for dataset_s3_bucket_producer to None, run_after=None
[2024-10-04T00:15:08.387+0000] {processor.py:208} INFO - Processing /home/airflow/.local/lib/python3.12/site-packages/airflow/example_dags/example_dataset_alias.py took 0.186 seconds
[2024-10-04T00:15:39.068+0000] {processor.py:186} INFO - Started process (PID=2022) to work on /home/airflow/.local/lib/python3.12/site-packages/airflow/example_dags/example_dataset_alias.py
[2024-10-04T00:15:39.071+0000] {processor.py:914} INFO - Processing file /home/airflow/.local/lib/python3.12/site-packages/airflow/example_dags/example_dataset_alias.py for tasks to queue
[2024-10-04T00:15:39.074+0000] {logging_mixin.py:190} INFO - [2024-10-04T00:15:39.073+0000] {dagbag.py:588} INFO - Filling up the DagBag from /home/airflow/.local/lib/python3.12/site-packages/airflow/example_dags/example_dataset_alias.py
[2024-10-04T00:15:39.189+0000] {processor.py:925} INFO - DAG(s) 'dataset_s3_bucket_producer', 'dataset_alias_example_alias_producer', 'dataset_s3_bucket_consumer', 'dataset_alias_example_alias_consumer' retrieved from /home/airflow/.local/lib/python3.12/site-packages/airflow/example_dags/example_dataset_alias.py
[2024-10-04T00:15:39.205+0000] {logging_mixin.py:190} INFO - [2024-10-04T00:15:39.205+0000] {dag.py:3239} INFO - Sync 4 DAGs
[2024-10-04T00:15:39.231+0000] {logging_mixin.py:190} INFO - [2024-10-04T00:15:39.230+0000] {dag.py:4180} INFO - Setting next_dagrun for dataset_alias_example_alias_consumer to None, run_after=None
[2024-10-04T00:15:39.233+0000] {logging_mixin.py:190} INFO - [2024-10-04T00:15:39.233+0000] {dag.py:4180} INFO - Setting next_dagrun for dataset_alias_example_alias_producer to None, run_after=None
[2024-10-04T00:15:39.234+0000] {logging_mixin.py:190} INFO - [2024-10-04T00:15:39.234+0000] {dag.py:4180} INFO - Setting next_dagrun for dataset_s3_bucket_consumer to None, run_after=None
[2024-10-04T00:15:39.236+0000] {logging_mixin.py:190} INFO - [2024-10-04T00:15:39.236+0000] {dag.py:4180} INFO - Setting next_dagrun for dataset_s3_bucket_producer to None, run_after=None
[2024-10-04T00:15:39.253+0000] {processor.py:208} INFO - Processing /home/airflow/.local/lib/python3.12/site-packages/airflow/example_dags/example_dataset_alias.py took 0.193 seconds
[2024-10-04T00:16:09.497+0000] {processor.py:186} INFO - Started process (PID=2308) to work on /home/airflow/.local/lib/python3.12/site-packages/airflow/example_dags/example_dataset_alias.py
[2024-10-04T00:16:09.500+0000] {processor.py:914} INFO - Processing file /home/airflow/.local/lib/python3.12/site-packages/airflow/example_dags/example_dataset_alias.py for tasks to queue
[2024-10-04T00:16:09.505+0000] {logging_mixin.py:190} INFO - [2024-10-04T00:16:09.504+0000] {dagbag.py:588} INFO - Filling up the DagBag from /home/airflow/.local/lib/python3.12/site-packages/airflow/example_dags/example_dataset_alias.py
[2024-10-04T00:16:09.650+0000] {processor.py:925} INFO - DAG(s) 'dataset_s3_bucket_producer', 'dataset_alias_example_alias_consumer', 'dataset_s3_bucket_consumer', 'dataset_alias_example_alias_producer' retrieved from /home/airflow/.local/lib/python3.12/site-packages/airflow/example_dags/example_dataset_alias.py
[2024-10-04T00:16:09.667+0000] {logging_mixin.py:190} INFO - [2024-10-04T00:16:09.667+0000] {dag.py:3239} INFO - Sync 4 DAGs
[2024-10-04T00:16:09.692+0000] {logging_mixin.py:190} INFO - [2024-10-04T00:16:09.691+0000] {dag.py:4180} INFO - Setting next_dagrun for dataset_alias_example_alias_consumer to None, run_after=None
[2024-10-04T00:16:09.695+0000] {logging_mixin.py:190} INFO - [2024-10-04T00:16:09.694+0000] {dag.py:4180} INFO - Setting next_dagrun for dataset_alias_example_alias_producer to None, run_after=None
[2024-10-04T00:16:09.696+0000] {logging_mixin.py:190} INFO - [2024-10-04T00:16:09.696+0000] {dag.py:4180} INFO - Setting next_dagrun for dataset_s3_bucket_consumer to None, run_after=None
[2024-10-04T00:16:09.697+0000] {logging_mixin.py:190} INFO - [2024-10-04T00:16:09.697+0000] {dag.py:4180} INFO - Setting next_dagrun for dataset_s3_bucket_producer to None, run_after=None
[2024-10-04T00:16:09.716+0000] {processor.py:208} INFO - Processing /home/airflow/.local/lib/python3.12/site-packages/airflow/example_dags/example_dataset_alias.py took 0.231 seconds
[2024-10-04T00:16:40.266+0000] {processor.py:186} INFO - Started process (PID=2594) to work on /home/airflow/.local/lib/python3.12/site-packages/airflow/example_dags/example_dataset_alias.py
[2024-10-04T00:16:40.268+0000] {processor.py:914} INFO - Processing file /home/airflow/.local/lib/python3.12/site-packages/airflow/example_dags/example_dataset_alias.py for tasks to queue
[2024-10-04T00:16:40.271+0000] {logging_mixin.py:190} INFO - [2024-10-04T00:16:40.271+0000] {dagbag.py:588} INFO - Filling up the DagBag from /home/airflow/.local/lib/python3.12/site-packages/airflow/example_dags/example_dataset_alias.py
[2024-10-04T00:16:40.406+0000] {processor.py:925} INFO - DAG(s) 'dataset_s3_bucket_consumer', 'dataset_alias_example_alias_producer', 'dataset_s3_bucket_producer', 'dataset_alias_example_alias_consumer' retrieved from /home/airflow/.local/lib/python3.12/site-packages/airflow/example_dags/example_dataset_alias.py
[2024-10-04T00:16:40.421+0000] {logging_mixin.py:190} INFO - [2024-10-04T00:16:40.421+0000] {dag.py:3239} INFO - Sync 4 DAGs
[2024-10-04T00:16:40.439+0000] {logging_mixin.py:190} INFO - [2024-10-04T00:16:40.439+0000] {dag.py:4180} INFO - Setting next_dagrun for dataset_alias_example_alias_consumer to None, run_after=None
[2024-10-04T00:16:40.441+0000] {logging_mixin.py:190} INFO - [2024-10-04T00:16:40.441+0000] {dag.py:4180} INFO - Setting next_dagrun for dataset_alias_example_alias_producer to None, run_after=None
[2024-10-04T00:16:40.443+0000] {logging_mixin.py:190} INFO - [2024-10-04T00:16:40.442+0000] {dag.py:4180} INFO - Setting next_dagrun for dataset_s3_bucket_consumer to None, run_after=None
[2024-10-04T00:16:40.444+0000] {logging_mixin.py:190} INFO - [2024-10-04T00:16:40.444+0000] {dag.py:4180} INFO - Setting next_dagrun for dataset_s3_bucket_producer to None, run_after=None
[2024-10-04T00:16:40.459+0000] {processor.py:208} INFO - Processing /home/airflow/.local/lib/python3.12/site-packages/airflow/example_dags/example_dataset_alias.py took 0.203 seconds
[2024-10-04T00:17:10.524+0000] {processor.py:186} INFO - Started process (PID=2883) to work on /home/airflow/.local/lib/python3.12/site-packages/airflow/example_dags/example_dataset_alias.py
[2024-10-04T00:17:10.525+0000] {processor.py:914} INFO - Processing file /home/airflow/.local/lib/python3.12/site-packages/airflow/example_dags/example_dataset_alias.py for tasks to queue
[2024-10-04T00:17:10.529+0000] {logging_mixin.py:190} INFO - [2024-10-04T00:17:10.528+0000] {dagbag.py:588} INFO - Filling up the DagBag from /home/airflow/.local/lib/python3.12/site-packages/airflow/example_dags/example_dataset_alias.py
[2024-10-04T00:17:10.667+0000] {processor.py:925} INFO - DAG(s) 'dataset_s3_bucket_consumer', 'dataset_alias_example_alias_consumer', 'dataset_s3_bucket_producer', 'dataset_alias_example_alias_producer' retrieved from /home/airflow/.local/lib/python3.12/site-packages/airflow/example_dags/example_dataset_alias.py
[2024-10-04T00:17:10.688+0000] {logging_mixin.py:190} INFO - [2024-10-04T00:17:10.688+0000] {dag.py:3239} INFO - Sync 4 DAGs
[2024-10-04T00:17:10.712+0000] {logging_mixin.py:190} INFO - [2024-10-04T00:17:10.711+0000] {dag.py:4180} INFO - Setting next_dagrun for dataset_alias_example_alias_consumer to None, run_after=None
[2024-10-04T00:17:10.714+0000] {logging_mixin.py:190} INFO - [2024-10-04T00:17:10.714+0000] {dag.py:4180} INFO - Setting next_dagrun for dataset_alias_example_alias_producer to None, run_after=None
[2024-10-04T00:17:10.715+0000] {logging_mixin.py:190} INFO - [2024-10-04T00:17:10.715+0000] {dag.py:4180} INFO - Setting next_dagrun for dataset_s3_bucket_consumer to None, run_after=None
[2024-10-04T00:17:10.716+0000] {logging_mixin.py:190} INFO - [2024-10-04T00:17:10.716+0000] {dag.py:4180} INFO - Setting next_dagrun for dataset_s3_bucket_producer to None, run_after=None
[2024-10-04T00:17:10.737+0000] {processor.py:208} INFO - Processing /home/airflow/.local/lib/python3.12/site-packages/airflow/example_dags/example_dataset_alias.py took 0.220 seconds
[2024-10-04T00:17:41.542+0000] {processor.py:186} INFO - Started process (PID=3166) to work on /home/airflow/.local/lib/python3.12/site-packages/airflow/example_dags/example_dataset_alias.py
[2024-10-04T00:17:41.543+0000] {processor.py:914} INFO - Processing file /home/airflow/.local/lib/python3.12/site-packages/airflow/example_dags/example_dataset_alias.py for tasks to queue
[2024-10-04T00:17:41.546+0000] {logging_mixin.py:190} INFO - [2024-10-04T00:17:41.545+0000] {dagbag.py:588} INFO - Filling up the DagBag from /home/airflow/.local/lib/python3.12/site-packages/airflow/example_dags/example_dataset_alias.py
[2024-10-04T00:17:41.674+0000] {processor.py:925} INFO - DAG(s) 'dataset_alias_example_alias_consumer', 'dataset_s3_bucket_consumer', 'dataset_alias_example_alias_producer', 'dataset_s3_bucket_producer' retrieved from /home/airflow/.local/lib/python3.12/site-packages/airflow/example_dags/example_dataset_alias.py
[2024-10-04T00:17:41.689+0000] {logging_mixin.py:190} INFO - [2024-10-04T00:17:41.689+0000] {dag.py:3239} INFO - Sync 4 DAGs
[2024-10-04T00:17:41.707+0000] {logging_mixin.py:190} INFO - [2024-10-04T00:17:41.707+0000] {dag.py:4180} INFO - Setting next_dagrun for dataset_alias_example_alias_consumer to None, run_after=None
[2024-10-04T00:17:41.709+0000] {logging_mixin.py:190} INFO - [2024-10-04T00:17:41.709+0000] {dag.py:4180} INFO - Setting next_dagrun for dataset_alias_example_alias_producer to None, run_after=None
[2024-10-04T00:17:41.710+0000] {logging_mixin.py:190} INFO - [2024-10-04T00:17:41.710+0000] {dag.py:4180} INFO - Setting next_dagrun for dataset_s3_bucket_consumer to None, run_after=None
[2024-10-04T00:17:41.711+0000] {logging_mixin.py:190} INFO - [2024-10-04T00:17:41.711+0000] {dag.py:4180} INFO - Setting next_dagrun for dataset_s3_bucket_producer to None, run_after=None
[2024-10-04T00:17:41.741+0000] {processor.py:208} INFO - Processing /home/airflow/.local/lib/python3.12/site-packages/airflow/example_dags/example_dataset_alias.py took 0.204 seconds
[2024-10-04T00:18:12.339+0000] {processor.py:186} INFO - Started process (PID=3457) to work on /home/airflow/.local/lib/python3.12/site-packages/airflow/example_dags/example_dataset_alias.py
[2024-10-04T00:18:12.340+0000] {processor.py:914} INFO - Processing file /home/airflow/.local/lib/python3.12/site-packages/airflow/example_dags/example_dataset_alias.py for tasks to queue
[2024-10-04T00:18:12.343+0000] {logging_mixin.py:190} INFO - [2024-10-04T00:18:12.342+0000] {dagbag.py:588} INFO - Filling up the DagBag from /home/airflow/.local/lib/python3.12/site-packages/airflow/example_dags/example_dataset_alias.py
[2024-10-04T00:18:12.592+0000] {processor.py:925} INFO - DAG(s) 'dataset_alias_example_alias_consumer', 'dataset_alias_example_alias_producer', 'dataset_s3_bucket_consumer', 'dataset_s3_bucket_producer' retrieved from /home/airflow/.local/lib/python3.12/site-packages/airflow/example_dags/example_dataset_alias.py
[2024-10-04T00:18:12.737+0000] {logging_mixin.py:190} INFO - [2024-10-04T00:18:12.736+0000] {dag.py:3239} INFO - Sync 4 DAGs
[2024-10-04T00:18:12.777+0000] {logging_mixin.py:190} INFO - [2024-10-04T00:18:12.774+0000] {dag.py:4180} INFO - Setting next_dagrun for dataset_alias_example_alias_consumer to None, run_after=None
[2024-10-04T00:18:12.792+0000] {logging_mixin.py:190} INFO - [2024-10-04T00:18:12.791+0000] {dag.py:4180} INFO - Setting next_dagrun for dataset_alias_example_alias_producer to None, run_after=None
[2024-10-04T00:18:12.797+0000] {logging_mixin.py:190} INFO - [2024-10-04T00:18:12.797+0000] {dag.py:4180} INFO - Setting next_dagrun for dataset_s3_bucket_consumer to None, run_after=None
[2024-10-04T00:18:12.801+0000] {logging_mixin.py:190} INFO - [2024-10-04T00:18:12.800+0000] {dag.py:4180} INFO - Setting next_dagrun for dataset_s3_bucket_producer to None, run_after=None
[2024-10-04T00:18:12.877+0000] {processor.py:208} INFO - Processing /home/airflow/.local/lib/python3.12/site-packages/airflow/example_dags/example_dataset_alias.py took 0.545 seconds
[2024-10-04T00:18:43.550+0000] {processor.py:186} INFO - Started process (PID=3752) to work on /home/airflow/.local/lib/python3.12/site-packages/airflow/example_dags/example_dataset_alias.py
[2024-10-04T00:18:43.552+0000] {processor.py:914} INFO - Processing file /home/airflow/.local/lib/python3.12/site-packages/airflow/example_dags/example_dataset_alias.py for tasks to queue
[2024-10-04T00:18:43.554+0000] {logging_mixin.py:190} INFO - [2024-10-04T00:18:43.554+0000] {dagbag.py:588} INFO - Filling up the DagBag from /home/airflow/.local/lib/python3.12/site-packages/airflow/example_dags/example_dataset_alias.py
[2024-10-04T00:18:43.673+0000] {processor.py:925} INFO - DAG(s) 'dataset_alias_example_alias_producer', 'dataset_alias_example_alias_consumer', 'dataset_s3_bucket_consumer', 'dataset_s3_bucket_producer' retrieved from /home/airflow/.local/lib/python3.12/site-packages/airflow/example_dags/example_dataset_alias.py
[2024-10-04T00:18:43.688+0000] {logging_mixin.py:190} INFO - [2024-10-04T00:18:43.688+0000] {dag.py:3239} INFO - Sync 4 DAGs
[2024-10-04T00:18:43.705+0000] {logging_mixin.py:190} INFO - [2024-10-04T00:18:43.705+0000] {dag.py:4180} INFO - Setting next_dagrun for dataset_alias_example_alias_consumer to None, run_after=None
[2024-10-04T00:18:43.708+0000] {logging_mixin.py:190} INFO - [2024-10-04T00:18:43.708+0000] {dag.py:4180} INFO - Setting next_dagrun for dataset_alias_example_alias_producer to None, run_after=None
[2024-10-04T00:18:43.710+0000] {logging_mixin.py:190} INFO - [2024-10-04T00:18:43.709+0000] {dag.py:4180} INFO - Setting next_dagrun for dataset_s3_bucket_consumer to None, run_after=None
[2024-10-04T00:18:43.711+0000] {logging_mixin.py:190} INFO - [2024-10-04T00:18:43.711+0000] {dag.py:4180} INFO - Setting next_dagrun for dataset_s3_bucket_producer to None, run_after=None
[2024-10-04T00:18:43.727+0000] {processor.py:208} INFO - Processing /home/airflow/.local/lib/python3.12/site-packages/airflow/example_dags/example_dataset_alias.py took 0.184 seconds
[2024-10-04T00:19:14.238+0000] {processor.py:186} INFO - Started process (PID=4028) to work on /home/airflow/.local/lib/python3.12/site-packages/airflow/example_dags/example_dataset_alias.py
[2024-10-04T00:19:14.240+0000] {processor.py:914} INFO - Processing file /home/airflow/.local/lib/python3.12/site-packages/airflow/example_dags/example_dataset_alias.py for tasks to queue
[2024-10-04T00:19:14.242+0000] {logging_mixin.py:190} INFO - [2024-10-04T00:19:14.241+0000] {dagbag.py:588} INFO - Filling up the DagBag from /home/airflow/.local/lib/python3.12/site-packages/airflow/example_dags/example_dataset_alias.py
[2024-10-04T00:19:14.351+0000] {processor.py:925} INFO - DAG(s) 'dataset_alias_example_alias_consumer', 'dataset_s3_bucket_consumer', 'dataset_s3_bucket_producer', 'dataset_alias_example_alias_producer' retrieved from /home/airflow/.local/lib/python3.12/site-packages/airflow/example_dags/example_dataset_alias.py
[2024-10-04T00:19:14.366+0000] {logging_mixin.py:190} INFO - [2024-10-04T00:19:14.366+0000] {dag.py:3239} INFO - Sync 4 DAGs
[2024-10-04T00:19:14.384+0000] {logging_mixin.py:190} INFO - [2024-10-04T00:19:14.383+0000] {dag.py:4180} INFO - Setting next_dagrun for dataset_alias_example_alias_consumer to None, run_after=None
[2024-10-04T00:19:14.386+0000] {logging_mixin.py:190} INFO - [2024-10-04T00:19:14.385+0000] {dag.py:4180} INFO - Setting next_dagrun for dataset_alias_example_alias_producer to None, run_after=None
[2024-10-04T00:19:14.386+0000] {logging_mixin.py:190} INFO - [2024-10-04T00:19:14.386+0000] {dag.py:4180} INFO - Setting next_dagrun for dataset_s3_bucket_consumer to None, run_after=None
[2024-10-04T00:19:14.387+0000] {logging_mixin.py:190} INFO - [2024-10-04T00:19:14.387+0000] {dag.py:4180} INFO - Setting next_dagrun for dataset_s3_bucket_producer to None, run_after=None
[2024-10-04T00:19:14.401+0000] {processor.py:208} INFO - Processing /home/airflow/.local/lib/python3.12/site-packages/airflow/example_dags/example_dataset_alias.py took 0.168 seconds
[2024-10-04T00:19:44.515+0000] {processor.py:186} INFO - Started process (PID=4314) to work on /home/airflow/.local/lib/python3.12/site-packages/airflow/example_dags/example_dataset_alias.py
[2024-10-04T00:19:44.517+0000] {processor.py:914} INFO - Processing file /home/airflow/.local/lib/python3.12/site-packages/airflow/example_dags/example_dataset_alias.py for tasks to queue
[2024-10-04T00:19:44.519+0000] {logging_mixin.py:190} INFO - [2024-10-04T00:19:44.518+0000] {dagbag.py:588} INFO - Filling up the DagBag from /home/airflow/.local/lib/python3.12/site-packages/airflow/example_dags/example_dataset_alias.py
[2024-10-04T00:19:44.635+0000] {processor.py:925} INFO - DAG(s) 'dataset_s3_bucket_producer', 'dataset_s3_bucket_consumer', 'dataset_alias_example_alias_producer', 'dataset_alias_example_alias_consumer' retrieved from /home/airflow/.local/lib/python3.12/site-packages/airflow/example_dags/example_dataset_alias.py
[2024-10-04T00:19:44.651+0000] {logging_mixin.py:190} INFO - [2024-10-04T00:19:44.651+0000] {dag.py:3239} INFO - Sync 4 DAGs
[2024-10-04T00:19:44.667+0000] {logging_mixin.py:190} INFO - [2024-10-04T00:19:44.667+0000] {dag.py:4180} INFO - Setting next_dagrun for dataset_alias_example_alias_consumer to None, run_after=None
[2024-10-04T00:19:44.669+0000] {logging_mixin.py:190} INFO - [2024-10-04T00:19:44.669+0000] {dag.py:4180} INFO - Setting next_dagrun for dataset_alias_example_alias_producer to None, run_after=None
[2024-10-04T00:19:44.670+0000] {logging_mixin.py:190} INFO - [2024-10-04T00:19:44.670+0000] {dag.py:4180} INFO - Setting next_dagrun for dataset_s3_bucket_consumer to None, run_after=None
[2024-10-04T00:19:44.672+0000] {logging_mixin.py:190} INFO - [2024-10-04T00:19:44.671+0000] {dag.py:4180} INFO - Setting next_dagrun for dataset_s3_bucket_producer to None, run_after=None
[2024-10-04T00:19:44.687+0000] {processor.py:208} INFO - Processing /home/airflow/.local/lib/python3.12/site-packages/airflow/example_dags/example_dataset_alias.py took 0.176 seconds
[2024-10-04T00:20:15.520+0000] {processor.py:186} INFO - Started process (PID=4600) to work on /home/airflow/.local/lib/python3.12/site-packages/airflow/example_dags/example_dataset_alias.py
[2024-10-04T00:20:15.521+0000] {processor.py:914} INFO - Processing file /home/airflow/.local/lib/python3.12/site-packages/airflow/example_dags/example_dataset_alias.py for tasks to queue
[2024-10-04T00:20:15.523+0000] {logging_mixin.py:190} INFO - [2024-10-04T00:20:15.523+0000] {dagbag.py:588} INFO - Filling up the DagBag from /home/airflow/.local/lib/python3.12/site-packages/airflow/example_dags/example_dataset_alias.py
[2024-10-04T00:20:15.636+0000] {processor.py:925} INFO - DAG(s) 'dataset_alias_example_alias_producer', 'dataset_s3_bucket_consumer', 'dataset_s3_bucket_producer', 'dataset_alias_example_alias_consumer' retrieved from /home/airflow/.local/lib/python3.12/site-packages/airflow/example_dags/example_dataset_alias.py
[2024-10-04T00:20:15.652+0000] {logging_mixin.py:190} INFO - [2024-10-04T00:20:15.651+0000] {dag.py:3239} INFO - Sync 4 DAGs
[2024-10-04T00:20:15.671+0000] {logging_mixin.py:190} INFO - [2024-10-04T00:20:15.670+0000] {dag.py:4180} INFO - Setting next_dagrun for dataset_alias_example_alias_consumer to None, run_after=None
[2024-10-04T00:20:15.673+0000] {logging_mixin.py:190} INFO - [2024-10-04T00:20:15.673+0000] {dag.py:4180} INFO - Setting next_dagrun for dataset_alias_example_alias_producer to None, run_after=None
[2024-10-04T00:20:15.674+0000] {logging_mixin.py:190} INFO - [2024-10-04T00:20:15.674+0000] {dag.py:4180} INFO - Setting next_dagrun for dataset_s3_bucket_consumer to None, run_after=None
[2024-10-04T00:20:15.675+0000] {logging_mixin.py:190} INFO - [2024-10-04T00:20:15.675+0000] {dag.py:4180} INFO - Setting next_dagrun for dataset_s3_bucket_producer to None, run_after=None
[2024-10-04T00:20:15.689+0000] {processor.py:208} INFO - Processing /home/airflow/.local/lib/python3.12/site-packages/airflow/example_dags/example_dataset_alias.py took 0.175 seconds
[2024-10-04T00:20:45.879+0000] {processor.py:186} INFO - Started process (PID=4886) to work on /home/airflow/.local/lib/python3.12/site-packages/airflow/example_dags/example_dataset_alias.py
[2024-10-04T00:20:45.881+0000] {processor.py:914} INFO - Processing file /home/airflow/.local/lib/python3.12/site-packages/airflow/example_dags/example_dataset_alias.py for tasks to queue
[2024-10-04T00:20:45.883+0000] {logging_mixin.py:190} INFO - [2024-10-04T00:20:45.882+0000] {dagbag.py:588} INFO - Filling up the DagBag from /home/airflow/.local/lib/python3.12/site-packages/airflow/example_dags/example_dataset_alias.py
[2024-10-04T00:20:45.988+0000] {processor.py:925} INFO - DAG(s) 'dataset_alias_example_alias_consumer', 'dataset_alias_example_alias_producer', 'dataset_s3_bucket_consumer', 'dataset_s3_bucket_producer' retrieved from /home/airflow/.local/lib/python3.12/site-packages/airflow/example_dags/example_dataset_alias.py
[2024-10-04T00:20:46.004+0000] {logging_mixin.py:190} INFO - [2024-10-04T00:20:46.004+0000] {dag.py:3239} INFO - Sync 4 DAGs
[2024-10-04T00:20:46.021+0000] {logging_mixin.py:190} INFO - [2024-10-04T00:20:46.021+0000] {dag.py:4180} INFO - Setting next_dagrun for dataset_alias_example_alias_consumer to None, run_after=None
[2024-10-04T00:20:46.023+0000] {logging_mixin.py:190} INFO - [2024-10-04T00:20:46.023+0000] {dag.py:4180} INFO - Setting next_dagrun for dataset_alias_example_alias_producer to None, run_after=None
[2024-10-04T00:20:46.024+0000] {logging_mixin.py:190} INFO - [2024-10-04T00:20:46.024+0000] {dag.py:4180} INFO - Setting next_dagrun for dataset_s3_bucket_consumer to None, run_after=None
[2024-10-04T00:20:46.025+0000] {logging_mixin.py:190} INFO - [2024-10-04T00:20:46.025+0000] {dag.py:4180} INFO - Setting next_dagrun for dataset_s3_bucket_producer to None, run_after=None
[2024-10-04T00:20:46.039+0000] {processor.py:208} INFO - Processing /home/airflow/.local/lib/python3.12/site-packages/airflow/example_dags/example_dataset_alias.py took 0.165 seconds
[2024-10-04T00:21:16.421+0000] {processor.py:186} INFO - Started process (PID=5172) to work on /home/airflow/.local/lib/python3.12/site-packages/airflow/example_dags/example_dataset_alias.py
[2024-10-04T00:21:16.422+0000] {processor.py:914} INFO - Processing file /home/airflow/.local/lib/python3.12/site-packages/airflow/example_dags/example_dataset_alias.py for tasks to queue
[2024-10-04T00:21:16.424+0000] {logging_mixin.py:190} INFO - [2024-10-04T00:21:16.424+0000] {dagbag.py:588} INFO - Filling up the DagBag from /home/airflow/.local/lib/python3.12/site-packages/airflow/example_dags/example_dataset_alias.py
[2024-10-04T00:21:16.530+0000] {processor.py:925} INFO - DAG(s) 'dataset_s3_bucket_consumer', 'dataset_s3_bucket_producer', 'dataset_alias_example_alias_consumer', 'dataset_alias_example_alias_producer' retrieved from /home/airflow/.local/lib/python3.12/site-packages/airflow/example_dags/example_dataset_alias.py
[2024-10-04T00:21:16.547+0000] {logging_mixin.py:190} INFO - [2024-10-04T00:21:16.546+0000] {dag.py:3239} INFO - Sync 4 DAGs
[2024-10-04T00:21:16.564+0000] {logging_mixin.py:190} INFO - [2024-10-04T00:21:16.563+0000] {dag.py:4180} INFO - Setting next_dagrun for dataset_alias_example_alias_consumer to None, run_after=None
[2024-10-04T00:21:16.566+0000] {logging_mixin.py:190} INFO - [2024-10-04T00:21:16.565+0000] {dag.py:4180} INFO - Setting next_dagrun for dataset_alias_example_alias_producer to None, run_after=None
[2024-10-04T00:21:16.567+0000] {logging_mixin.py:190} INFO - [2024-10-04T00:21:16.567+0000] {dag.py:4180} INFO - Setting next_dagrun for dataset_s3_bucket_consumer to None, run_after=None
[2024-10-04T00:21:16.568+0000] {logging_mixin.py:190} INFO - [2024-10-04T00:21:16.567+0000] {dag.py:4180} INFO - Setting next_dagrun for dataset_s3_bucket_producer to None, run_after=None
[2024-10-04T00:21:16.583+0000] {processor.py:208} INFO - Processing /home/airflow/.local/lib/python3.12/site-packages/airflow/example_dags/example_dataset_alias.py took 0.167 seconds
[2024-10-04T00:21:46.686+0000] {processor.py:186} INFO - Started process (PID=5458) to work on /home/airflow/.local/lib/python3.12/site-packages/airflow/example_dags/example_dataset_alias.py
[2024-10-04T00:21:46.687+0000] {processor.py:914} INFO - Processing file /home/airflow/.local/lib/python3.12/site-packages/airflow/example_dags/example_dataset_alias.py for tasks to queue
[2024-10-04T00:21:46.689+0000] {logging_mixin.py:190} INFO - [2024-10-04T00:21:46.689+0000] {dagbag.py:588} INFO - Filling up the DagBag from /home/airflow/.local/lib/python3.12/site-packages/airflow/example_dags/example_dataset_alias.py
[2024-10-04T00:21:46.798+0000] {processor.py:925} INFO - DAG(s) 'dataset_alias_example_alias_consumer', 'dataset_alias_example_alias_producer', 'dataset_s3_bucket_consumer', 'dataset_s3_bucket_producer' retrieved from /home/airflow/.local/lib/python3.12/site-packages/airflow/example_dags/example_dataset_alias.py
[2024-10-04T00:21:46.814+0000] {logging_mixin.py:190} INFO - [2024-10-04T00:21:46.814+0000] {dag.py:3239} INFO - Sync 4 DAGs
[2024-10-04T00:21:46.831+0000] {logging_mixin.py:190} INFO - [2024-10-04T00:21:46.831+0000] {dag.py:4180} INFO - Setting next_dagrun for dataset_alias_example_alias_consumer to None, run_after=None
[2024-10-04T00:21:46.833+0000] {logging_mixin.py:190} INFO - [2024-10-04T00:21:46.833+0000] {dag.py:4180} INFO - Setting next_dagrun for dataset_alias_example_alias_producer to None, run_after=None
[2024-10-04T00:21:46.834+0000] {logging_mixin.py:190} INFO - [2024-10-04T00:21:46.834+0000] {dag.py:4180} INFO - Setting next_dagrun for dataset_s3_bucket_consumer to None, run_after=None
[2024-10-04T00:21:46.835+0000] {logging_mixin.py:190} INFO - [2024-10-04T00:21:46.834+0000] {dag.py:4180} INFO - Setting next_dagrun for dataset_s3_bucket_producer to None, run_after=None
[2024-10-04T00:21:46.849+0000] {processor.py:208} INFO - Processing /home/airflow/.local/lib/python3.12/site-packages/airflow/example_dags/example_dataset_alias.py took 0.168 seconds
[2024-10-04T00:22:16.922+0000] {processor.py:186} INFO - Started process (PID=5744) to work on /home/airflow/.local/lib/python3.12/site-packages/airflow/example_dags/example_dataset_alias.py
[2024-10-04T00:22:16.923+0000] {processor.py:914} INFO - Processing file /home/airflow/.local/lib/python3.12/site-packages/airflow/example_dags/example_dataset_alias.py for tasks to queue
[2024-10-04T00:22:16.925+0000] {logging_mixin.py:190} INFO - [2024-10-04T00:22:16.925+0000] {dagbag.py:588} INFO - Filling up the DagBag from /home/airflow/.local/lib/python3.12/site-packages/airflow/example_dags/example_dataset_alias.py
[2024-10-04T00:22:17.031+0000] {processor.py:925} INFO - DAG(s) 'dataset_alias_example_alias_producer', 'dataset_s3_bucket_consumer', 'dataset_s3_bucket_producer', 'dataset_alias_example_alias_consumer' retrieved from /home/airflow/.local/lib/python3.12/site-packages/airflow/example_dags/example_dataset_alias.py
[2024-10-04T00:22:17.046+0000] {logging_mixin.py:190} INFO - [2024-10-04T00:22:17.045+0000] {dag.py:3239} INFO - Sync 4 DAGs
[2024-10-04T00:22:17.064+0000] {logging_mixin.py:190} INFO - [2024-10-04T00:22:17.064+0000] {dag.py:4180} INFO - Setting next_dagrun for dataset_alias_example_alias_consumer to None, run_after=None
[2024-10-04T00:22:17.066+0000] {logging_mixin.py:190} INFO - [2024-10-04T00:22:17.066+0000] {dag.py:4180} INFO - Setting next_dagrun for dataset_alias_example_alias_producer to None, run_after=None
[2024-10-04T00:22:17.067+0000] {logging_mixin.py:190} INFO - [2024-10-04T00:22:17.067+0000] {dag.py:4180} INFO - Setting next_dagrun for dataset_s3_bucket_consumer to None, run_after=None
[2024-10-04T00:22:17.068+0000] {logging_mixin.py:190} INFO - [2024-10-04T00:22:17.068+0000] {dag.py:4180} INFO - Setting next_dagrun for dataset_s3_bucket_producer to None, run_after=None
[2024-10-04T00:22:17.082+0000] {processor.py:208} INFO - Processing /home/airflow/.local/lib/python3.12/site-packages/airflow/example_dags/example_dataset_alias.py took 0.165 seconds
[2024-10-04T00:22:51.657+0000] {processor.py:186} INFO - Started process (PID=6030) to work on /home/airflow/.local/lib/python3.12/site-packages/airflow/example_dags/example_dataset_alias.py
[2024-10-04T00:22:51.659+0000] {processor.py:914} INFO - Processing file /home/airflow/.local/lib/python3.12/site-packages/airflow/example_dags/example_dataset_alias.py for tasks to queue
[2024-10-04T00:22:51.664+0000] {logging_mixin.py:190} INFO - [2024-10-04T00:22:51.663+0000] {dagbag.py:588} INFO - Filling up the DagBag from /home/airflow/.local/lib/python3.12/site-packages/airflow/example_dags/example_dataset_alias.py
[2024-10-04T00:22:51.958+0000] {processor.py:925} INFO - DAG(s) 'dataset_alias_example_alias_producer', 'dataset_s3_bucket_consumer', 'dataset_alias_example_alias_consumer', 'dataset_s3_bucket_producer' retrieved from /home/airflow/.local/lib/python3.12/site-packages/airflow/example_dags/example_dataset_alias.py
[2024-10-04T00:22:51.992+0000] {logging_mixin.py:190} INFO - [2024-10-04T00:22:51.991+0000] {dag.py:3239} INFO - Sync 4 DAGs
[2024-10-04T00:22:52.037+0000] {logging_mixin.py:190} INFO - [2024-10-04T00:22:52.037+0000] {dag.py:4180} INFO - Setting next_dagrun for dataset_alias_example_alias_consumer to None, run_after=None
[2024-10-04T00:22:52.042+0000] {logging_mixin.py:190} INFO - [2024-10-04T00:22:52.042+0000] {dag.py:4180} INFO - Setting next_dagrun for dataset_alias_example_alias_producer to None, run_after=None
[2024-10-04T00:22:52.046+0000] {logging_mixin.py:190} INFO - [2024-10-04T00:22:52.045+0000] {dag.py:4180} INFO - Setting next_dagrun for dataset_s3_bucket_consumer to None, run_after=None
[2024-10-04T00:22:52.051+0000] {logging_mixin.py:190} INFO - [2024-10-04T00:22:52.050+0000] {dag.py:4180} INFO - Setting next_dagrun for dataset_s3_bucket_producer to None, run_after=None
[2024-10-04T00:22:52.110+0000] {processor.py:208} INFO - Processing /home/airflow/.local/lib/python3.12/site-packages/airflow/example_dags/example_dataset_alias.py took 0.462 seconds
[2024-10-04T00:23:22.443+0000] {processor.py:186} INFO - Started process (PID=6316) to work on /home/airflow/.local/lib/python3.12/site-packages/airflow/example_dags/example_dataset_alias.py
[2024-10-04T00:23:22.445+0000] {processor.py:914} INFO - Processing file /home/airflow/.local/lib/python3.12/site-packages/airflow/example_dags/example_dataset_alias.py for tasks to queue
[2024-10-04T00:23:22.447+0000] {logging_mixin.py:190} INFO - [2024-10-04T00:23:22.446+0000] {dagbag.py:588} INFO - Filling up the DagBag from /home/airflow/.local/lib/python3.12/site-packages/airflow/example_dags/example_dataset_alias.py
[2024-10-04T00:23:22.595+0000] {processor.py:925} INFO - DAG(s) 'dataset_s3_bucket_consumer', 'dataset_alias_example_alias_consumer', 'dataset_alias_example_alias_producer', 'dataset_s3_bucket_producer' retrieved from /home/airflow/.local/lib/python3.12/site-packages/airflow/example_dags/example_dataset_alias.py
[2024-10-04T00:23:22.626+0000] {logging_mixin.py:190} INFO - [2024-10-04T00:23:22.625+0000] {dag.py:3239} INFO - Sync 4 DAGs
[2024-10-04T00:23:22.651+0000] {logging_mixin.py:190} INFO - [2024-10-04T00:23:22.651+0000] {dag.py:4180} INFO - Setting next_dagrun for dataset_alias_example_alias_consumer to None, run_after=None
[2024-10-04T00:23:22.654+0000] {logging_mixin.py:190} INFO - [2024-10-04T00:23:22.654+0000] {dag.py:4180} INFO - Setting next_dagrun for dataset_alias_example_alias_producer to None, run_after=None
[2024-10-04T00:23:22.655+0000] {logging_mixin.py:190} INFO - [2024-10-04T00:23:22.655+0000] {dag.py:4180} INFO - Setting next_dagrun for dataset_s3_bucket_consumer to None, run_after=None
[2024-10-04T00:23:22.657+0000] {logging_mixin.py:190} INFO - [2024-10-04T00:23:22.657+0000] {dag.py:4180} INFO - Setting next_dagrun for dataset_s3_bucket_producer to None, run_after=None
[2024-10-04T00:23:22.684+0000] {processor.py:208} INFO - Processing /home/airflow/.local/lib/python3.12/site-packages/airflow/example_dags/example_dataset_alias.py took 0.247 seconds
[2024-10-04T00:23:52.912+0000] {processor.py:186} INFO - Started process (PID=6607) to work on /home/airflow/.local/lib/python3.12/site-packages/airflow/example_dags/example_dataset_alias.py
[2024-10-04T00:23:52.913+0000] {processor.py:914} INFO - Processing file /home/airflow/.local/lib/python3.12/site-packages/airflow/example_dags/example_dataset_alias.py for tasks to queue
[2024-10-04T00:23:52.915+0000] {logging_mixin.py:190} INFO - [2024-10-04T00:23:52.915+0000] {dagbag.py:588} INFO - Filling up the DagBag from /home/airflow/.local/lib/python3.12/site-packages/airflow/example_dags/example_dataset_alias.py
[2024-10-04T00:23:53.034+0000] {processor.py:925} INFO - DAG(s) 'dataset_alias_example_alias_consumer', 'dataset_s3_bucket_consumer', 'dataset_alias_example_alias_producer', 'dataset_s3_bucket_producer' retrieved from /home/airflow/.local/lib/python3.12/site-packages/airflow/example_dags/example_dataset_alias.py
[2024-10-04T00:23:53.050+0000] {logging_mixin.py:190} INFO - [2024-10-04T00:23:53.049+0000] {dag.py:3239} INFO - Sync 4 DAGs
[2024-10-04T00:23:53.067+0000] {logging_mixin.py:190} INFO - [2024-10-04T00:23:53.066+0000] {dag.py:4180} INFO - Setting next_dagrun for dataset_alias_example_alias_consumer to None, run_after=None
[2024-10-04T00:23:53.070+0000] {logging_mixin.py:190} INFO - [2024-10-04T00:23:53.070+0000] {dag.py:4180} INFO - Setting next_dagrun for dataset_alias_example_alias_producer to None, run_after=None
[2024-10-04T00:23:53.071+0000] {logging_mixin.py:190} INFO - [2024-10-04T00:23:53.071+0000] {dag.py:4180} INFO - Setting next_dagrun for dataset_s3_bucket_consumer to None, run_after=None
[2024-10-04T00:23:53.072+0000] {logging_mixin.py:190} INFO - [2024-10-04T00:23:53.072+0000] {dag.py:4180} INFO - Setting next_dagrun for dataset_s3_bucket_producer to None, run_after=None
[2024-10-04T00:23:53.088+0000] {processor.py:208} INFO - Processing /home/airflow/.local/lib/python3.12/site-packages/airflow/example_dags/example_dataset_alias.py took 0.182 seconds
[2024-10-04T00:24:23.396+0000] {processor.py:186} INFO - Started process (PID=6888) to work on /home/airflow/.local/lib/python3.12/site-packages/airflow/example_dags/example_dataset_alias.py
[2024-10-04T00:24:23.398+0000] {processor.py:914} INFO - Processing file /home/airflow/.local/lib/python3.12/site-packages/airflow/example_dags/example_dataset_alias.py for tasks to queue
[2024-10-04T00:24:23.400+0000] {logging_mixin.py:190} INFO - [2024-10-04T00:24:23.400+0000] {dagbag.py:588} INFO - Filling up the DagBag from /home/airflow/.local/lib/python3.12/site-packages/airflow/example_dags/example_dataset_alias.py
[2024-10-04T00:24:23.619+0000] {processor.py:925} INFO - DAG(s) 'dataset_alias_example_alias_producer', 'dataset_s3_bucket_producer', 'dataset_alias_example_alias_consumer', 'dataset_s3_bucket_consumer' retrieved from /home/airflow/.local/lib/python3.12/site-packages/airflow/example_dags/example_dataset_alias.py
[2024-10-04T00:24:23.654+0000] {logging_mixin.py:190} INFO - [2024-10-04T00:24:23.654+0000] {dag.py:3239} INFO - Sync 4 DAGs
[2024-10-04T00:24:23.678+0000] {logging_mixin.py:190} INFO - [2024-10-04T00:24:23.678+0000] {dag.py:4180} INFO - Setting next_dagrun for dataset_alias_example_alias_consumer to None, run_after=None
[2024-10-04T00:24:23.680+0000] {logging_mixin.py:190} INFO - [2024-10-04T00:24:23.680+0000] {dag.py:4180} INFO - Setting next_dagrun for dataset_alias_example_alias_producer to None, run_after=None
[2024-10-04T00:24:23.681+0000] {logging_mixin.py:190} INFO - [2024-10-04T00:24:23.681+0000] {dag.py:4180} INFO - Setting next_dagrun for dataset_s3_bucket_consumer to None, run_after=None
[2024-10-04T00:24:23.683+0000] {logging_mixin.py:190} INFO - [2024-10-04T00:24:23.682+0000] {dag.py:4180} INFO - Setting next_dagrun for dataset_s3_bucket_producer to None, run_after=None
[2024-10-04T00:24:23.700+0000] {processor.py:208} INFO - Processing /home/airflow/.local/lib/python3.12/site-packages/airflow/example_dags/example_dataset_alias.py took 0.311 seconds
[2024-10-04T00:24:53.969+0000] {processor.py:186} INFO - Started process (PID=7174) to work on /home/airflow/.local/lib/python3.12/site-packages/airflow/example_dags/example_dataset_alias.py
[2024-10-04T00:24:53.970+0000] {processor.py:914} INFO - Processing file /home/airflow/.local/lib/python3.12/site-packages/airflow/example_dags/example_dataset_alias.py for tasks to queue
[2024-10-04T00:24:53.972+0000] {logging_mixin.py:190} INFO - [2024-10-04T00:24:53.972+0000] {dagbag.py:588} INFO - Filling up the DagBag from /home/airflow/.local/lib/python3.12/site-packages/airflow/example_dags/example_dataset_alias.py
[2024-10-04T00:24:54.085+0000] {processor.py:925} INFO - DAG(s) 'dataset_alias_example_alias_producer', 'dataset_alias_example_alias_consumer', 'dataset_s3_bucket_consumer', 'dataset_s3_bucket_producer' retrieved from /home/airflow/.local/lib/python3.12/site-packages/airflow/example_dags/example_dataset_alias.py
[2024-10-04T00:24:54.103+0000] {logging_mixin.py:190} INFO - [2024-10-04T00:24:54.102+0000] {dag.py:3239} INFO - Sync 4 DAGs
[2024-10-04T00:24:54.120+0000] {logging_mixin.py:190} INFO - [2024-10-04T00:24:54.120+0000] {dag.py:4180} INFO - Setting next_dagrun for dataset_alias_example_alias_consumer to None, run_after=None
[2024-10-04T00:24:54.122+0000] {logging_mixin.py:190} INFO - [2024-10-04T00:24:54.122+0000] {dag.py:4180} INFO - Setting next_dagrun for dataset_alias_example_alias_producer to None, run_after=None
[2024-10-04T00:24:54.124+0000] {logging_mixin.py:190} INFO - [2024-10-04T00:24:54.123+0000] {dag.py:4180} INFO - Setting next_dagrun for dataset_s3_bucket_consumer to None, run_after=None
[2024-10-04T00:24:54.125+0000] {logging_mixin.py:190} INFO - [2024-10-04T00:24:54.124+0000] {dag.py:4180} INFO - Setting next_dagrun for dataset_s3_bucket_producer to None, run_after=None
[2024-10-04T00:24:54.139+0000] {processor.py:208} INFO - Processing /home/airflow/.local/lib/python3.12/site-packages/airflow/example_dags/example_dataset_alias.py took 0.175 seconds
[2024-10-04T00:25:24.878+0000] {processor.py:186} INFO - Started process (PID=7460) to work on /home/airflow/.local/lib/python3.12/site-packages/airflow/example_dags/example_dataset_alias.py
[2024-10-04T00:25:24.879+0000] {processor.py:914} INFO - Processing file /home/airflow/.local/lib/python3.12/site-packages/airflow/example_dags/example_dataset_alias.py for tasks to queue
[2024-10-04T00:25:24.881+0000] {logging_mixin.py:190} INFO - [2024-10-04T00:25:24.881+0000] {dagbag.py:588} INFO - Filling up the DagBag from /home/airflow/.local/lib/python3.12/site-packages/airflow/example_dags/example_dataset_alias.py
[2024-10-04T00:25:25.085+0000] {processor.py:925} INFO - DAG(s) 'dataset_s3_bucket_producer', 'dataset_s3_bucket_consumer', 'dataset_alias_example_alias_producer', 'dataset_alias_example_alias_consumer' retrieved from /home/airflow/.local/lib/python3.12/site-packages/airflow/example_dags/example_dataset_alias.py
[2024-10-04T00:25:25.106+0000] {logging_mixin.py:190} INFO - [2024-10-04T00:25:25.106+0000] {dag.py:3239} INFO - Sync 4 DAGs
[2024-10-04T00:25:25.127+0000] {logging_mixin.py:190} INFO - [2024-10-04T00:25:25.127+0000] {dag.py:4180} INFO - Setting next_dagrun for dataset_alias_example_alias_consumer to None, run_after=None
[2024-10-04T00:25:25.130+0000] {logging_mixin.py:190} INFO - [2024-10-04T00:25:25.130+0000] {dag.py:4180} INFO - Setting next_dagrun for dataset_alias_example_alias_producer to None, run_after=None
[2024-10-04T00:25:25.132+0000] {logging_mixin.py:190} INFO - [2024-10-04T00:25:25.132+0000] {dag.py:4180} INFO - Setting next_dagrun for dataset_s3_bucket_consumer to None, run_after=None
[2024-10-04T00:25:25.134+0000] {logging_mixin.py:190} INFO - [2024-10-04T00:25:25.134+0000] {dag.py:4180} INFO - Setting next_dagrun for dataset_s3_bucket_producer to None, run_after=None
[2024-10-04T00:25:25.157+0000] {processor.py:208} INFO - Processing /home/airflow/.local/lib/python3.12/site-packages/airflow/example_dags/example_dataset_alias.py took 0.286 seconds
[2024-10-04T00:25:55.635+0000] {processor.py:186} INFO - Started process (PID=7746) to work on /home/airflow/.local/lib/python3.12/site-packages/airflow/example_dags/example_dataset_alias.py
[2024-10-04T00:25:55.636+0000] {processor.py:914} INFO - Processing file /home/airflow/.local/lib/python3.12/site-packages/airflow/example_dags/example_dataset_alias.py for tasks to queue
[2024-10-04T00:25:55.639+0000] {logging_mixin.py:190} INFO - [2024-10-04T00:25:55.638+0000] {dagbag.py:588} INFO - Filling up the DagBag from /home/airflow/.local/lib/python3.12/site-packages/airflow/example_dags/example_dataset_alias.py
[2024-10-04T00:25:55.778+0000] {processor.py:925} INFO - DAG(s) 'dataset_s3_bucket_consumer', 'dataset_s3_bucket_producer', 'dataset_alias_example_alias_producer', 'dataset_alias_example_alias_consumer' retrieved from /home/airflow/.local/lib/python3.12/site-packages/airflow/example_dags/example_dataset_alias.py
[2024-10-04T00:25:55.796+0000] {logging_mixin.py:190} INFO - [2024-10-04T00:25:55.796+0000] {dag.py:3239} INFO - Sync 4 DAGs
[2024-10-04T00:25:55.817+0000] {logging_mixin.py:190} INFO - [2024-10-04T00:25:55.817+0000] {dag.py:4180} INFO - Setting next_dagrun for dataset_alias_example_alias_consumer to None, run_after=None
[2024-10-04T00:25:55.820+0000] {logging_mixin.py:190} INFO - [2024-10-04T00:25:55.819+0000] {dag.py:4180} INFO - Setting next_dagrun for dataset_alias_example_alias_producer to None, run_after=None
[2024-10-04T00:25:55.821+0000] {logging_mixin.py:190} INFO - [2024-10-04T00:25:55.821+0000] {dag.py:4180} INFO - Setting next_dagrun for dataset_s3_bucket_consumer to None, run_after=None
[2024-10-04T00:25:55.823+0000] {logging_mixin.py:190} INFO - [2024-10-04T00:25:55.822+0000] {dag.py:4180} INFO - Setting next_dagrun for dataset_s3_bucket_producer to None, run_after=None
[2024-10-04T00:25:55.840+0000] {processor.py:208} INFO - Processing /home/airflow/.local/lib/python3.12/site-packages/airflow/example_dags/example_dataset_alias.py took 0.211 seconds
[2024-10-04T00:26:25.999+0000] {processor.py:186} INFO - Started process (PID=8032) to work on /home/airflow/.local/lib/python3.12/site-packages/airflow/example_dags/example_dataset_alias.py
[2024-10-04T00:26:26.000+0000] {processor.py:914} INFO - Processing file /home/airflow/.local/lib/python3.12/site-packages/airflow/example_dags/example_dataset_alias.py for tasks to queue
[2024-10-04T00:26:26.002+0000] {logging_mixin.py:190} INFO - [2024-10-04T00:26:26.002+0000] {dagbag.py:588} INFO - Filling up the DagBag from /home/airflow/.local/lib/python3.12/site-packages/airflow/example_dags/example_dataset_alias.py
[2024-10-04T00:26:26.112+0000] {processor.py:925} INFO - DAG(s) 'dataset_alias_example_alias_consumer', 'dataset_s3_bucket_consumer', 'dataset_alias_example_alias_producer', 'dataset_s3_bucket_producer' retrieved from /home/airflow/.local/lib/python3.12/site-packages/airflow/example_dags/example_dataset_alias.py
[2024-10-04T00:26:26.128+0000] {logging_mixin.py:190} INFO - [2024-10-04T00:26:26.128+0000] {dag.py:3239} INFO - Sync 4 DAGs
[2024-10-04T00:26:26.146+0000] {logging_mixin.py:190} INFO - [2024-10-04T00:26:26.146+0000] {dag.py:4180} INFO - Setting next_dagrun for dataset_alias_example_alias_consumer to None, run_after=None
[2024-10-04T00:26:26.148+0000] {logging_mixin.py:190} INFO - [2024-10-04T00:26:26.148+0000] {dag.py:4180} INFO - Setting next_dagrun for dataset_alias_example_alias_producer to None, run_after=None
[2024-10-04T00:26:26.149+0000] {logging_mixin.py:190} INFO - [2024-10-04T00:26:26.149+0000] {dag.py:4180} INFO - Setting next_dagrun for dataset_s3_bucket_consumer to None, run_after=None
[2024-10-04T00:26:26.150+0000] {logging_mixin.py:190} INFO - [2024-10-04T00:26:26.150+0000] {dag.py:4180} INFO - Setting next_dagrun for dataset_s3_bucket_producer to None, run_after=None
[2024-10-04T00:26:26.164+0000] {processor.py:208} INFO - Processing /home/airflow/.local/lib/python3.12/site-packages/airflow/example_dags/example_dataset_alias.py took 0.170 seconds
[2024-10-04T00:26:56.226+0000] {processor.py:186} INFO - Started process (PID=8318) to work on /home/airflow/.local/lib/python3.12/site-packages/airflow/example_dags/example_dataset_alias.py
[2024-10-04T00:26:56.228+0000] {processor.py:914} INFO - Processing file /home/airflow/.local/lib/python3.12/site-packages/airflow/example_dags/example_dataset_alias.py for tasks to queue
[2024-10-04T00:26:56.230+0000] {logging_mixin.py:190} INFO - [2024-10-04T00:26:56.229+0000] {dagbag.py:588} INFO - Filling up the DagBag from /home/airflow/.local/lib/python3.12/site-packages/airflow/example_dags/example_dataset_alias.py
[2024-10-04T00:26:56.346+0000] {processor.py:925} INFO - DAG(s) 'dataset_s3_bucket_producer', 'dataset_alias_example_alias_consumer', 'dataset_alias_example_alias_producer', 'dataset_s3_bucket_consumer' retrieved from /home/airflow/.local/lib/python3.12/site-packages/airflow/example_dags/example_dataset_alias.py
[2024-10-04T00:26:56.364+0000] {logging_mixin.py:190} INFO - [2024-10-04T00:26:56.364+0000] {dag.py:3239} INFO - Sync 4 DAGs
[2024-10-04T00:26:56.382+0000] {logging_mixin.py:190} INFO - [2024-10-04T00:26:56.382+0000] {dag.py:4180} INFO - Setting next_dagrun for dataset_alias_example_alias_consumer to None, run_after=None
[2024-10-04T00:26:56.384+0000] {logging_mixin.py:190} INFO - [2024-10-04T00:26:56.384+0000] {dag.py:4180} INFO - Setting next_dagrun for dataset_alias_example_alias_producer to None, run_after=None
[2024-10-04T00:26:56.385+0000] {logging_mixin.py:190} INFO - [2024-10-04T00:26:56.385+0000] {dag.py:4180} INFO - Setting next_dagrun for dataset_s3_bucket_consumer to None, run_after=None
[2024-10-04T00:26:56.386+0000] {logging_mixin.py:190} INFO - [2024-10-04T00:26:56.386+0000] {dag.py:4180} INFO - Setting next_dagrun for dataset_s3_bucket_producer to None, run_after=None
[2024-10-04T00:26:56.401+0000] {processor.py:208} INFO - Processing /home/airflow/.local/lib/python3.12/site-packages/airflow/example_dags/example_dataset_alias.py took 0.179 seconds
[2024-10-04T00:27:26.465+0000] {processor.py:186} INFO - Started process (PID=8609) to work on /home/airflow/.local/lib/python3.12/site-packages/airflow/example_dags/example_dataset_alias.py
[2024-10-04T00:27:26.466+0000] {processor.py:914} INFO - Processing file /home/airflow/.local/lib/python3.12/site-packages/airflow/example_dags/example_dataset_alias.py for tasks to queue
[2024-10-04T00:27:26.468+0000] {logging_mixin.py:190} INFO - [2024-10-04T00:27:26.468+0000] {dagbag.py:588} INFO - Filling up the DagBag from /home/airflow/.local/lib/python3.12/site-packages/airflow/example_dags/example_dataset_alias.py
[2024-10-04T00:27:26.584+0000] {processor.py:925} INFO - DAG(s) 'dataset_s3_bucket_producer', 'dataset_s3_bucket_consumer', 'dataset_alias_example_alias_producer', 'dataset_alias_example_alias_consumer' retrieved from /home/airflow/.local/lib/python3.12/site-packages/airflow/example_dags/example_dataset_alias.py
[2024-10-04T00:27:26.601+0000] {logging_mixin.py:190} INFO - [2024-10-04T00:27:26.601+0000] {dag.py:3239} INFO - Sync 4 DAGs
[2024-10-04T00:27:26.618+0000] {logging_mixin.py:190} INFO - [2024-10-04T00:27:26.618+0000] {dag.py:4180} INFO - Setting next_dagrun for dataset_alias_example_alias_consumer to None, run_after=None
[2024-10-04T00:27:26.620+0000] {logging_mixin.py:190} INFO - [2024-10-04T00:27:26.620+0000] {dag.py:4180} INFO - Setting next_dagrun for dataset_alias_example_alias_producer to None, run_after=None
[2024-10-04T00:27:26.621+0000] {logging_mixin.py:190} INFO - [2024-10-04T00:27:26.621+0000] {dag.py:4180} INFO - Setting next_dagrun for dataset_s3_bucket_consumer to None, run_after=None
[2024-10-04T00:27:26.622+0000] {logging_mixin.py:190} INFO - [2024-10-04T00:27:26.622+0000] {dag.py:4180} INFO - Setting next_dagrun for dataset_s3_bucket_producer to None, run_after=None
[2024-10-04T00:27:26.641+0000] {processor.py:208} INFO - Processing /home/airflow/.local/lib/python3.12/site-packages/airflow/example_dags/example_dataset_alias.py took 0.181 seconds
[2024-10-04T00:27:56.917+0000] {processor.py:186} INFO - Started process (PID=8890) to work on /home/airflow/.local/lib/python3.12/site-packages/airflow/example_dags/example_dataset_alias.py
[2024-10-04T00:27:56.919+0000] {processor.py:914} INFO - Processing file /home/airflow/.local/lib/python3.12/site-packages/airflow/example_dags/example_dataset_alias.py for tasks to queue
[2024-10-04T00:27:56.921+0000] {logging_mixin.py:190} INFO - [2024-10-04T00:27:56.920+0000] {dagbag.py:588} INFO - Filling up the DagBag from /home/airflow/.local/lib/python3.12/site-packages/airflow/example_dags/example_dataset_alias.py
[2024-10-04T00:27:57.061+0000] {processor.py:925} INFO - DAG(s) 'dataset_s3_bucket_consumer', 'dataset_alias_example_alias_consumer', 'dataset_alias_example_alias_producer', 'dataset_s3_bucket_producer' retrieved from /home/airflow/.local/lib/python3.12/site-packages/airflow/example_dags/example_dataset_alias.py
[2024-10-04T00:27:57.084+0000] {logging_mixin.py:190} INFO - [2024-10-04T00:27:57.084+0000] {dag.py:3239} INFO - Sync 4 DAGs
[2024-10-04T00:27:57.102+0000] {logging_mixin.py:190} INFO - [2024-10-04T00:27:57.102+0000] {dag.py:4180} INFO - Setting next_dagrun for dataset_alias_example_alias_consumer to None, run_after=None
[2024-10-04T00:27:57.104+0000] {logging_mixin.py:190} INFO - [2024-10-04T00:27:57.104+0000] {dag.py:4180} INFO - Setting next_dagrun for dataset_alias_example_alias_producer to None, run_after=None
[2024-10-04T00:27:57.105+0000] {logging_mixin.py:190} INFO - [2024-10-04T00:27:57.105+0000] {dag.py:4180} INFO - Setting next_dagrun for dataset_s3_bucket_consumer to None, run_after=None
[2024-10-04T00:27:57.106+0000] {logging_mixin.py:190} INFO - [2024-10-04T00:27:57.106+0000] {dag.py:4180} INFO - Setting next_dagrun for dataset_s3_bucket_producer to None, run_after=None
[2024-10-04T00:27:57.121+0000] {processor.py:208} INFO - Processing /home/airflow/.local/lib/python3.12/site-packages/airflow/example_dags/example_dataset_alias.py took 0.209 seconds
[2024-10-04T00:28:27.196+0000] {processor.py:186} INFO - Started process (PID=9176) to work on /home/airflow/.local/lib/python3.12/site-packages/airflow/example_dags/example_dataset_alias.py
[2024-10-04T00:28:27.197+0000] {processor.py:914} INFO - Processing file /home/airflow/.local/lib/python3.12/site-packages/airflow/example_dags/example_dataset_alias.py for tasks to queue
[2024-10-04T00:28:27.199+0000] {logging_mixin.py:190} INFO - [2024-10-04T00:28:27.199+0000] {dagbag.py:588} INFO - Filling up the DagBag from /home/airflow/.local/lib/python3.12/site-packages/airflow/example_dags/example_dataset_alias.py
[2024-10-04T00:28:27.327+0000] {processor.py:925} INFO - DAG(s) 'dataset_alias_example_alias_producer', 'dataset_s3_bucket_producer', 'dataset_s3_bucket_consumer', 'dataset_alias_example_alias_consumer' retrieved from /home/airflow/.local/lib/python3.12/site-packages/airflow/example_dags/example_dataset_alias.py
[2024-10-04T00:28:27.345+0000] {logging_mixin.py:190} INFO - [2024-10-04T00:28:27.345+0000] {dag.py:3239} INFO - Sync 4 DAGs
[2024-10-04T00:28:27.364+0000] {logging_mixin.py:190} INFO - [2024-10-04T00:28:27.364+0000] {dag.py:4180} INFO - Setting next_dagrun for dataset_alias_example_alias_consumer to None, run_after=None
[2024-10-04T00:28:27.366+0000] {logging_mixin.py:190} INFO - [2024-10-04T00:28:27.366+0000] {dag.py:4180} INFO - Setting next_dagrun for dataset_alias_example_alias_producer to None, run_after=None
[2024-10-04T00:28:27.367+0000] {logging_mixin.py:190} INFO - [2024-10-04T00:28:27.367+0000] {dag.py:4180} INFO - Setting next_dagrun for dataset_s3_bucket_consumer to None, run_after=None
[2024-10-04T00:28:27.368+0000] {logging_mixin.py:190} INFO - [2024-10-04T00:28:27.368+0000] {dag.py:4180} INFO - Setting next_dagrun for dataset_s3_bucket_producer to None, run_after=None
[2024-10-04T00:28:27.390+0000] {processor.py:208} INFO - Processing /home/airflow/.local/lib/python3.12/site-packages/airflow/example_dags/example_dataset_alias.py took 0.199 seconds
