[2024-10-04T00:12:37.306+0000] {processor.py:186} INFO - Started process (PID=404) to work on /home/airflow/.local/lib/python3.12/site-packages/airflow/example_dags/example_sla_dag.py
[2024-10-04T00:12:37.308+0000] {processor.py:914} INFO - Processing file /home/airflow/.local/lib/python3.12/site-packages/airflow/example_dags/example_sla_dag.py for tasks to queue
[2024-10-04T00:12:37.311+0000] {logging_mixin.py:190} INFO - [2024-10-04T00:12:37.311+0000] {dagbag.py:588} INFO - Filling up the DagBag from /home/airflow/.local/lib/python3.12/site-packages/airflow/example_dags/example_sla_dag.py
[2024-10-04T00:12:37.325+0000] {processor.py:925} INFO - DAG(s) 'example_sla_dag' retrieved from /home/airflow/.local/lib/python3.12/site-packages/airflow/example_dags/example_sla_dag.py
[2024-10-04T00:12:37.428+0000] {logging_mixin.py:190} INFO - [2024-10-04T00:12:37.428+0000] {override.py:1900} INFO - Created Permission View: can read on DAG:example_sla_dag
[2024-10-04T00:12:37.435+0000] {logging_mixin.py:190} INFO - [2024-10-04T00:12:37.435+0000] {override.py:1900} INFO - Created Permission View: can delete on DAG:example_sla_dag
[2024-10-04T00:12:37.440+0000] {logging_mixin.py:190} INFO - [2024-10-04T00:12:37.440+0000] {override.py:1900} INFO - Created Permission View: can edit on DAG:example_sla_dag
[2024-10-04T00:12:37.445+0000] {logging_mixin.py:190} INFO - [2024-10-04T00:12:37.445+0000] {override.py:1900} INFO - Created Permission View: menu access on DAG Run:example_sla_dag
[2024-10-04T00:12:37.449+0000] {logging_mixin.py:190} INFO - [2024-10-04T00:12:37.449+0000] {override.py:1900} INFO - Created Permission View: can read on DAG Run:example_sla_dag
[2024-10-04T00:12:37.453+0000] {logging_mixin.py:190} INFO - [2024-10-04T00:12:37.453+0000] {override.py:1900} INFO - Created Permission View: can delete on DAG Run:example_sla_dag
[2024-10-04T00:12:37.458+0000] {logging_mixin.py:190} INFO - [2024-10-04T00:12:37.458+0000] {override.py:1900} INFO - Created Permission View: can create on DAG Run:example_sla_dag
[2024-10-04T00:12:37.458+0000] {logging_mixin.py:190} INFO - [2024-10-04T00:12:37.458+0000] {dag.py:3239} INFO - Sync 1 DAGs
[2024-10-04T00:12:37.470+0000] {logging_mixin.py:190} INFO - [2024-10-04T00:12:37.470+0000] {dag.py:3262} INFO - Creating ORM DAG for example_sla_dag
[2024-10-04T00:12:37.480+0000] {logging_mixin.py:190} INFO - [2024-10-04T00:12:37.479+0000] {dag.py:4180} INFO - Setting next_dagrun for example_sla_dag to 2024-10-04 00:10:00+00:00, run_after=2024-10-04 00:12:00+00:00
[2024-10-04T00:12:37.491+0000] {processor.py:208} INFO - Processing /home/airflow/.local/lib/python3.12/site-packages/airflow/example_dags/example_sla_dag.py took 0.201 seconds
[2024-10-04T00:13:08.337+0000] {processor.py:186} INFO - Started process (PID=690) to work on /home/airflow/.local/lib/python3.12/site-packages/airflow/example_dags/example_sla_dag.py
[2024-10-04T00:13:08.338+0000] {processor.py:914} INFO - Processing file /home/airflow/.local/lib/python3.12/site-packages/airflow/example_dags/example_sla_dag.py for tasks to queue
[2024-10-04T00:13:08.340+0000] {logging_mixin.py:190} INFO - [2024-10-04T00:13:08.340+0000] {dagbag.py:588} INFO - Filling up the DagBag from /home/airflow/.local/lib/python3.12/site-packages/airflow/example_dags/example_sla_dag.py
[2024-10-04T00:13:08.349+0000] {processor.py:925} INFO - DAG(s) 'example_sla_dag' retrieved from /home/airflow/.local/lib/python3.12/site-packages/airflow/example_dags/example_sla_dag.py
[2024-10-04T00:13:08.366+0000] {logging_mixin.py:190} INFO - [2024-10-04T00:13:08.365+0000] {dag.py:3239} INFO - Sync 1 DAGs
[2024-10-04T00:13:08.385+0000] {logging_mixin.py:190} INFO - [2024-10-04T00:13:08.385+0000] {dag.py:4180} INFO - Setting next_dagrun for example_sla_dag to 2024-10-04 00:10:00+00:00, run_after=2024-10-04 00:12:00+00:00
[2024-10-04T00:13:08.399+0000] {processor.py:208} INFO - Processing /home/airflow/.local/lib/python3.12/site-packages/airflow/example_dags/example_sla_dag.py took 0.068 seconds
[2024-10-04T00:13:38.672+0000] {processor.py:186} INFO - Started process (PID=978) to work on /home/airflow/.local/lib/python3.12/site-packages/airflow/example_dags/example_sla_dag.py
[2024-10-04T00:13:38.674+0000] {processor.py:914} INFO - Processing file /home/airflow/.local/lib/python3.12/site-packages/airflow/example_dags/example_sla_dag.py for tasks to queue
[2024-10-04T00:13:38.676+0000] {logging_mixin.py:190} INFO - [2024-10-04T00:13:38.676+0000] {dagbag.py:588} INFO - Filling up the DagBag from /home/airflow/.local/lib/python3.12/site-packages/airflow/example_dags/example_sla_dag.py
[2024-10-04T00:13:38.684+0000] {processor.py:925} INFO - DAG(s) 'example_sla_dag' retrieved from /home/airflow/.local/lib/python3.12/site-packages/airflow/example_dags/example_sla_dag.py
[2024-10-04T00:13:38.700+0000] {logging_mixin.py:190} INFO - [2024-10-04T00:13:38.699+0000] {dag.py:3239} INFO - Sync 1 DAGs
[2024-10-04T00:13:38.718+0000] {logging_mixin.py:190} INFO - [2024-10-04T00:13:38.718+0000] {dag.py:4180} INFO - Setting next_dagrun for example_sla_dag to 2024-10-04 00:10:00+00:00, run_after=2024-10-04 00:12:00+00:00
[2024-10-04T00:13:38.730+0000] {processor.py:208} INFO - Processing /home/airflow/.local/lib/python3.12/site-packages/airflow/example_dags/example_sla_dag.py took 0.063 seconds
[2024-10-04T00:14:09.366+0000] {processor.py:186} INFO - Started process (PID=1262) to work on /home/airflow/.local/lib/python3.12/site-packages/airflow/example_dags/example_sla_dag.py
[2024-10-04T00:14:09.368+0000] {processor.py:914} INFO - Processing file /home/airflow/.local/lib/python3.12/site-packages/airflow/example_dags/example_sla_dag.py for tasks to queue
[2024-10-04T00:14:09.370+0000] {logging_mixin.py:190} INFO - [2024-10-04T00:14:09.370+0000] {dagbag.py:588} INFO - Filling up the DagBag from /home/airflow/.local/lib/python3.12/site-packages/airflow/example_dags/example_sla_dag.py
[2024-10-04T00:14:09.378+0000] {processor.py:925} INFO - DAG(s) 'example_sla_dag' retrieved from /home/airflow/.local/lib/python3.12/site-packages/airflow/example_dags/example_sla_dag.py
[2024-10-04T00:14:09.411+0000] {logging_mixin.py:190} INFO - [2024-10-04T00:14:09.411+0000] {dag.py:3239} INFO - Sync 1 DAGs
[2024-10-04T00:14:09.455+0000] {logging_mixin.py:190} INFO - [2024-10-04T00:14:09.455+0000] {dag.py:4180} INFO - Setting next_dagrun for example_sla_dag to 2024-10-04 00:12:00+00:00, run_after=2024-10-04 00:14:00+00:00
[2024-10-04T00:14:09.471+0000] {processor.py:208} INFO - Processing /home/airflow/.local/lib/python3.12/site-packages/airflow/example_dags/example_sla_dag.py took 0.110 seconds
[2024-10-04T00:14:39.811+0000] {processor.py:186} INFO - Started process (PID=1549) to work on /home/airflow/.local/lib/python3.12/site-packages/airflow/example_dags/example_sla_dag.py
[2024-10-04T00:14:39.813+0000] {processor.py:914} INFO - Processing file /home/airflow/.local/lib/python3.12/site-packages/airflow/example_dags/example_sla_dag.py for tasks to queue
[2024-10-04T00:14:39.815+0000] {logging_mixin.py:190} INFO - [2024-10-04T00:14:39.815+0000] {dagbag.py:588} INFO - Filling up the DagBag from /home/airflow/.local/lib/python3.12/site-packages/airflow/example_dags/example_sla_dag.py
[2024-10-04T00:14:39.824+0000] {processor.py:925} INFO - DAG(s) 'example_sla_dag' retrieved from /home/airflow/.local/lib/python3.12/site-packages/airflow/example_dags/example_sla_dag.py
[2024-10-04T00:14:39.839+0000] {logging_mixin.py:190} INFO - [2024-10-04T00:14:39.839+0000] {dag.py:3239} INFO - Sync 1 DAGs
[2024-10-04T00:14:39.858+0000] {logging_mixin.py:190} INFO - [2024-10-04T00:14:39.858+0000] {dag.py:4180} INFO - Setting next_dagrun for example_sla_dag to 2024-10-04 00:12:00+00:00, run_after=2024-10-04 00:14:00+00:00
[2024-10-04T00:14:39.870+0000] {processor.py:208} INFO - Processing /home/airflow/.local/lib/python3.12/site-packages/airflow/example_dags/example_sla_dag.py took 0.064 seconds
[2024-10-04T00:15:10.416+0000] {processor.py:186} INFO - Started process (PID=1836) to work on /home/airflow/.local/lib/python3.12/site-packages/airflow/example_dags/example_sla_dag.py
[2024-10-04T00:15:10.417+0000] {processor.py:914} INFO - Processing file /home/airflow/.local/lib/python3.12/site-packages/airflow/example_dags/example_sla_dag.py for tasks to queue
[2024-10-04T00:15:10.420+0000] {logging_mixin.py:190} INFO - [2024-10-04T00:15:10.419+0000] {dagbag.py:588} INFO - Filling up the DagBag from /home/airflow/.local/lib/python3.12/site-packages/airflow/example_dags/example_sla_dag.py
[2024-10-04T00:15:10.428+0000] {processor.py:925} INFO - DAG(s) 'example_sla_dag' retrieved from /home/airflow/.local/lib/python3.12/site-packages/airflow/example_dags/example_sla_dag.py
[2024-10-04T00:15:10.444+0000] {logging_mixin.py:190} INFO - [2024-10-04T00:15:10.444+0000] {dag.py:3239} INFO - Sync 1 DAGs
[2024-10-04T00:15:10.463+0000] {logging_mixin.py:190} INFO - [2024-10-04T00:15:10.463+0000] {dag.py:4180} INFO - Setting next_dagrun for example_sla_dag to 2024-10-04 00:12:00+00:00, run_after=2024-10-04 00:14:00+00:00
[2024-10-04T00:15:10.475+0000] {processor.py:208} INFO - Processing /home/airflow/.local/lib/python3.12/site-packages/airflow/example_dags/example_sla_dag.py took 0.064 seconds
[2024-10-04T00:15:41.333+0000] {processor.py:186} INFO - Started process (PID=2120) to work on /home/airflow/.local/lib/python3.12/site-packages/airflow/example_dags/example_sla_dag.py
[2024-10-04T00:15:41.334+0000] {processor.py:914} INFO - Processing file /home/airflow/.local/lib/python3.12/site-packages/airflow/example_dags/example_sla_dag.py for tasks to queue
[2024-10-04T00:15:41.336+0000] {logging_mixin.py:190} INFO - [2024-10-04T00:15:41.336+0000] {dagbag.py:588} INFO - Filling up the DagBag from /home/airflow/.local/lib/python3.12/site-packages/airflow/example_dags/example_sla_dag.py
[2024-10-04T00:15:41.345+0000] {processor.py:925} INFO - DAG(s) 'example_sla_dag' retrieved from /home/airflow/.local/lib/python3.12/site-packages/airflow/example_dags/example_sla_dag.py
[2024-10-04T00:15:41.361+0000] {logging_mixin.py:190} INFO - [2024-10-04T00:15:41.361+0000] {dag.py:3239} INFO - Sync 1 DAGs
[2024-10-04T00:15:41.379+0000] {logging_mixin.py:190} INFO - [2024-10-04T00:15:41.379+0000] {dag.py:4180} INFO - Setting next_dagrun for example_sla_dag to 2024-10-04 00:12:00+00:00, run_after=2024-10-04 00:14:00+00:00
[2024-10-04T00:15:41.392+0000] {processor.py:208} INFO - Processing /home/airflow/.local/lib/python3.12/site-packages/airflow/example_dags/example_sla_dag.py took 0.065 seconds
[2024-10-04T00:16:11.724+0000] {processor.py:186} INFO - Started process (PID=2406) to work on /home/airflow/.local/lib/python3.12/site-packages/airflow/example_dags/example_sla_dag.py
[2024-10-04T00:16:11.725+0000] {processor.py:914} INFO - Processing file /home/airflow/.local/lib/python3.12/site-packages/airflow/example_dags/example_sla_dag.py for tasks to queue
[2024-10-04T00:16:11.728+0000] {logging_mixin.py:190} INFO - [2024-10-04T00:16:11.728+0000] {dagbag.py:588} INFO - Filling up the DagBag from /home/airflow/.local/lib/python3.12/site-packages/airflow/example_dags/example_sla_dag.py
[2024-10-04T00:16:11.737+0000] {processor.py:925} INFO - DAG(s) 'example_sla_dag' retrieved from /home/airflow/.local/lib/python3.12/site-packages/airflow/example_dags/example_sla_dag.py
[2024-10-04T00:16:11.754+0000] {logging_mixin.py:190} INFO - [2024-10-04T00:16:11.754+0000] {dag.py:3239} INFO - Sync 1 DAGs
[2024-10-04T00:16:11.774+0000] {logging_mixin.py:190} INFO - [2024-10-04T00:16:11.774+0000] {dag.py:4180} INFO - Setting next_dagrun for example_sla_dag to 2024-10-04 00:14:00+00:00, run_after=2024-10-04 00:16:00+00:00
[2024-10-04T00:16:11.790+0000] {processor.py:208} INFO - Processing /home/airflow/.local/lib/python3.12/site-packages/airflow/example_dags/example_sla_dag.py took 0.071 seconds
[2024-10-04T00:16:42.445+0000] {processor.py:186} INFO - Started process (PID=2700) to work on /home/airflow/.local/lib/python3.12/site-packages/airflow/example_dags/example_sla_dag.py
[2024-10-04T00:16:42.446+0000] {processor.py:914} INFO - Processing file /home/airflow/.local/lib/python3.12/site-packages/airflow/example_dags/example_sla_dag.py for tasks to queue
[2024-10-04T00:16:42.449+0000] {logging_mixin.py:190} INFO - [2024-10-04T00:16:42.449+0000] {dagbag.py:588} INFO - Filling up the DagBag from /home/airflow/.local/lib/python3.12/site-packages/airflow/example_dags/example_sla_dag.py
[2024-10-04T00:16:42.458+0000] {processor.py:925} INFO - DAG(s) 'example_sla_dag' retrieved from /home/airflow/.local/lib/python3.12/site-packages/airflow/example_dags/example_sla_dag.py
[2024-10-04T00:16:42.479+0000] {logging_mixin.py:190} INFO - [2024-10-04T00:16:42.478+0000] {dag.py:3239} INFO - Sync 1 DAGs
[2024-10-04T00:16:42.512+0000] {logging_mixin.py:190} INFO - [2024-10-04T00:16:42.512+0000] {dag.py:4180} INFO - Setting next_dagrun for example_sla_dag to 2024-10-04 00:14:00+00:00, run_after=2024-10-04 00:16:00+00:00
[2024-10-04T00:16:42.529+0000] {processor.py:208} INFO - Processing /home/airflow/.local/lib/python3.12/site-packages/airflow/example_dags/example_sla_dag.py took 0.091 seconds
[2024-10-04T00:17:12.979+0000] {processor.py:186} INFO - Started process (PID=2984) to work on /home/airflow/.local/lib/python3.12/site-packages/airflow/example_dags/example_sla_dag.py
[2024-10-04T00:17:12.980+0000] {processor.py:914} INFO - Processing file /home/airflow/.local/lib/python3.12/site-packages/airflow/example_dags/example_sla_dag.py for tasks to queue
[2024-10-04T00:17:12.983+0000] {logging_mixin.py:190} INFO - [2024-10-04T00:17:12.983+0000] {dagbag.py:588} INFO - Filling up the DagBag from /home/airflow/.local/lib/python3.12/site-packages/airflow/example_dags/example_sla_dag.py
[2024-10-04T00:17:13.005+0000] {processor.py:925} INFO - DAG(s) 'example_sla_dag' retrieved from /home/airflow/.local/lib/python3.12/site-packages/airflow/example_dags/example_sla_dag.py
[2024-10-04T00:17:13.026+0000] {logging_mixin.py:190} INFO - [2024-10-04T00:17:13.026+0000] {dag.py:3239} INFO - Sync 1 DAGs
[2024-10-04T00:17:13.048+0000] {logging_mixin.py:190} INFO - [2024-10-04T00:17:13.048+0000] {dag.py:4180} INFO - Setting next_dagrun for example_sla_dag to 2024-10-04 00:14:00+00:00, run_after=2024-10-04 00:16:00+00:00
[2024-10-04T00:17:13.061+0000] {processor.py:208} INFO - Processing /home/airflow/.local/lib/python3.12/site-packages/airflow/example_dags/example_sla_dag.py took 0.088 seconds
[2024-10-04T00:17:43.663+0000] {processor.py:186} INFO - Started process (PID=3272) to work on /home/airflow/.local/lib/python3.12/site-packages/airflow/example_dags/example_sla_dag.py
[2024-10-04T00:17:43.665+0000] {processor.py:914} INFO - Processing file /home/airflow/.local/lib/python3.12/site-packages/airflow/example_dags/example_sla_dag.py for tasks to queue
[2024-10-04T00:17:43.670+0000] {logging_mixin.py:190} INFO - [2024-10-04T00:17:43.669+0000] {dagbag.py:588} INFO - Filling up the DagBag from /home/airflow/.local/lib/python3.12/site-packages/airflow/example_dags/example_sla_dag.py
[2024-10-04T00:17:43.691+0000] {processor.py:925} INFO - DAG(s) 'example_sla_dag' retrieved from /home/airflow/.local/lib/python3.12/site-packages/airflow/example_dags/example_sla_dag.py
[2024-10-04T00:17:43.714+0000] {logging_mixin.py:190} INFO - [2024-10-04T00:17:43.714+0000] {dag.py:3239} INFO - Sync 1 DAGs
[2024-10-04T00:17:43.738+0000] {logging_mixin.py:190} INFO - [2024-10-04T00:17:43.738+0000] {dag.py:4180} INFO - Setting next_dagrun for example_sla_dag to 2024-10-04 00:14:00+00:00, run_after=2024-10-04 00:16:00+00:00
[2024-10-04T00:17:43.752+0000] {processor.py:208} INFO - Processing /home/airflow/.local/lib/python3.12/site-packages/airflow/example_dags/example_sla_dag.py took 0.095 seconds
[2024-10-04T00:18:13.967+0000] {processor.py:186} INFO - Started process (PID=3558) to work on /home/airflow/.local/lib/python3.12/site-packages/airflow/example_dags/example_sla_dag.py
[2024-10-04T00:18:13.968+0000] {processor.py:914} INFO - Processing file /home/airflow/.local/lib/python3.12/site-packages/airflow/example_dags/example_sla_dag.py for tasks to queue
[2024-10-04T00:18:13.970+0000] {logging_mixin.py:190} INFO - [2024-10-04T00:18:13.970+0000] {dagbag.py:588} INFO - Filling up the DagBag from /home/airflow/.local/lib/python3.12/site-packages/airflow/example_dags/example_sla_dag.py
[2024-10-04T00:18:13.979+0000] {processor.py:925} INFO - DAG(s) 'example_sla_dag' retrieved from /home/airflow/.local/lib/python3.12/site-packages/airflow/example_dags/example_sla_dag.py
[2024-10-04T00:18:13.995+0000] {logging_mixin.py:190} INFO - [2024-10-04T00:18:13.995+0000] {dag.py:3239} INFO - Sync 1 DAGs
[2024-10-04T00:18:14.014+0000] {logging_mixin.py:190} INFO - [2024-10-04T00:18:14.014+0000] {dag.py:4180} INFO - Setting next_dagrun for example_sla_dag to 2024-10-04 00:16:00+00:00, run_after=2024-10-04 00:18:00+00:00
[2024-10-04T00:18:14.027+0000] {processor.py:208} INFO - Processing /home/airflow/.local/lib/python3.12/site-packages/airflow/example_dags/example_sla_dag.py took 0.065 seconds
[2024-10-04T00:18:44.807+0000] {processor.py:186} INFO - Started process (PID=3844) to work on /home/airflow/.local/lib/python3.12/site-packages/airflow/example_dags/example_sla_dag.py
[2024-10-04T00:18:44.808+0000] {processor.py:914} INFO - Processing file /home/airflow/.local/lib/python3.12/site-packages/airflow/example_dags/example_sla_dag.py for tasks to queue
[2024-10-04T00:18:44.811+0000] {logging_mixin.py:190} INFO - [2024-10-04T00:18:44.810+0000] {dagbag.py:588} INFO - Filling up the DagBag from /home/airflow/.local/lib/python3.12/site-packages/airflow/example_dags/example_sla_dag.py
[2024-10-04T00:18:44.821+0000] {processor.py:925} INFO - DAG(s) 'example_sla_dag' retrieved from /home/airflow/.local/lib/python3.12/site-packages/airflow/example_dags/example_sla_dag.py
[2024-10-04T00:18:44.838+0000] {logging_mixin.py:190} INFO - [2024-10-04T00:18:44.838+0000] {dag.py:3239} INFO - Sync 1 DAGs
[2024-10-04T00:18:44.864+0000] {logging_mixin.py:190} INFO - [2024-10-04T00:18:44.864+0000] {dag.py:4180} INFO - Setting next_dagrun for example_sla_dag to 2024-10-04 00:16:00+00:00, run_after=2024-10-04 00:18:00+00:00
[2024-10-04T00:18:44.879+0000] {processor.py:208} INFO - Processing /home/airflow/.local/lib/python3.12/site-packages/airflow/example_dags/example_sla_dag.py took 0.078 seconds
[2024-10-04T00:19:15.330+0000] {processor.py:186} INFO - Started process (PID=4128) to work on /home/airflow/.local/lib/python3.12/site-packages/airflow/example_dags/example_sla_dag.py
[2024-10-04T00:19:15.331+0000] {processor.py:914} INFO - Processing file /home/airflow/.local/lib/python3.12/site-packages/airflow/example_dags/example_sla_dag.py for tasks to queue
[2024-10-04T00:19:15.333+0000] {logging_mixin.py:190} INFO - [2024-10-04T00:19:15.333+0000] {dagbag.py:588} INFO - Filling up the DagBag from /home/airflow/.local/lib/python3.12/site-packages/airflow/example_dags/example_sla_dag.py
[2024-10-04T00:19:15.342+0000] {processor.py:925} INFO - DAG(s) 'example_sla_dag' retrieved from /home/airflow/.local/lib/python3.12/site-packages/airflow/example_dags/example_sla_dag.py
[2024-10-04T00:19:15.358+0000] {logging_mixin.py:190} INFO - [2024-10-04T00:19:15.358+0000] {dag.py:3239} INFO - Sync 1 DAGs
[2024-10-04T00:19:15.378+0000] {logging_mixin.py:190} INFO - [2024-10-04T00:19:15.378+0000] {dag.py:4180} INFO - Setting next_dagrun for example_sla_dag to 2024-10-04 00:16:00+00:00, run_after=2024-10-04 00:18:00+00:00
[2024-10-04T00:19:15.390+0000] {processor.py:208} INFO - Processing /home/airflow/.local/lib/python3.12/site-packages/airflow/example_dags/example_sla_dag.py took 0.066 seconds
[2024-10-04T00:19:45.629+0000] {processor.py:186} INFO - Started process (PID=4416) to work on /home/airflow/.local/lib/python3.12/site-packages/airflow/example_dags/example_sla_dag.py
[2024-10-04T00:19:45.630+0000] {processor.py:914} INFO - Processing file /home/airflow/.local/lib/python3.12/site-packages/airflow/example_dags/example_sla_dag.py for tasks to queue
[2024-10-04T00:19:45.632+0000] {logging_mixin.py:190} INFO - [2024-10-04T00:19:45.632+0000] {dagbag.py:588} INFO - Filling up the DagBag from /home/airflow/.local/lib/python3.12/site-packages/airflow/example_dags/example_sla_dag.py
[2024-10-04T00:19:45.641+0000] {processor.py:925} INFO - DAG(s) 'example_sla_dag' retrieved from /home/airflow/.local/lib/python3.12/site-packages/airflow/example_dags/example_sla_dag.py
[2024-10-04T00:19:45.656+0000] {logging_mixin.py:190} INFO - [2024-10-04T00:19:45.656+0000] {dag.py:3239} INFO - Sync 1 DAGs
[2024-10-04T00:19:45.675+0000] {logging_mixin.py:190} INFO - [2024-10-04T00:19:45.675+0000] {dag.py:4180} INFO - Setting next_dagrun for example_sla_dag to 2024-10-04 00:16:00+00:00, run_after=2024-10-04 00:18:00+00:00
[2024-10-04T00:19:45.687+0000] {processor.py:208} INFO - Processing /home/airflow/.local/lib/python3.12/site-packages/airflow/example_dags/example_sla_dag.py took 0.064 seconds
[2024-10-04T00:20:16.768+0000] {processor.py:186} INFO - Started process (PID=4700) to work on /home/airflow/.local/lib/python3.12/site-packages/airflow/example_dags/example_sla_dag.py
[2024-10-04T00:20:16.769+0000] {processor.py:914} INFO - Processing file /home/airflow/.local/lib/python3.12/site-packages/airflow/example_dags/example_sla_dag.py for tasks to queue
[2024-10-04T00:20:16.773+0000] {logging_mixin.py:190} INFO - [2024-10-04T00:20:16.773+0000] {dagbag.py:588} INFO - Filling up the DagBag from /home/airflow/.local/lib/python3.12/site-packages/airflow/example_dags/example_sla_dag.py
[2024-10-04T00:20:16.785+0000] {processor.py:925} INFO - DAG(s) 'example_sla_dag' retrieved from /home/airflow/.local/lib/python3.12/site-packages/airflow/example_dags/example_sla_dag.py
[2024-10-04T00:20:16.810+0000] {logging_mixin.py:190} INFO - [2024-10-04T00:20:16.809+0000] {dag.py:3239} INFO - Sync 1 DAGs
[2024-10-04T00:20:16.839+0000] {logging_mixin.py:190} INFO - [2024-10-04T00:20:16.839+0000] {dag.py:4180} INFO - Setting next_dagrun for example_sla_dag to 2024-10-04 00:18:00+00:00, run_after=2024-10-04 00:20:00+00:00
[2024-10-04T00:20:16.856+0000] {processor.py:208} INFO - Processing /home/airflow/.local/lib/python3.12/site-packages/airflow/example_dags/example_sla_dag.py took 0.096 seconds
[2024-10-04T00:20:46.979+0000] {processor.py:186} INFO - Started process (PID=4986) to work on /home/airflow/.local/lib/python3.12/site-packages/airflow/example_dags/example_sla_dag.py
[2024-10-04T00:20:46.980+0000] {processor.py:914} INFO - Processing file /home/airflow/.local/lib/python3.12/site-packages/airflow/example_dags/example_sla_dag.py for tasks to queue
[2024-10-04T00:20:46.982+0000] {logging_mixin.py:190} INFO - [2024-10-04T00:20:46.982+0000] {dagbag.py:588} INFO - Filling up the DagBag from /home/airflow/.local/lib/python3.12/site-packages/airflow/example_dags/example_sla_dag.py
[2024-10-04T00:20:46.990+0000] {processor.py:925} INFO - DAG(s) 'example_sla_dag' retrieved from /home/airflow/.local/lib/python3.12/site-packages/airflow/example_dags/example_sla_dag.py
[2024-10-04T00:20:47.004+0000] {logging_mixin.py:190} INFO - [2024-10-04T00:20:47.004+0000] {dag.py:3239} INFO - Sync 1 DAGs
[2024-10-04T00:20:47.023+0000] {logging_mixin.py:190} INFO - [2024-10-04T00:20:47.023+0000] {dag.py:4180} INFO - Setting next_dagrun for example_sla_dag to 2024-10-04 00:18:00+00:00, run_after=2024-10-04 00:20:00+00:00
[2024-10-04T00:20:47.035+0000] {processor.py:208} INFO - Processing /home/airflow/.local/lib/python3.12/site-packages/airflow/example_dags/example_sla_dag.py took 0.061 seconds
[2024-10-04T00:21:17.512+0000] {processor.py:186} INFO - Started process (PID=5272) to work on /home/airflow/.local/lib/python3.12/site-packages/airflow/example_dags/example_sla_dag.py
[2024-10-04T00:21:17.513+0000] {processor.py:914} INFO - Processing file /home/airflow/.local/lib/python3.12/site-packages/airflow/example_dags/example_sla_dag.py for tasks to queue
[2024-10-04T00:21:17.516+0000] {logging_mixin.py:190} INFO - [2024-10-04T00:21:17.515+0000] {dagbag.py:588} INFO - Filling up the DagBag from /home/airflow/.local/lib/python3.12/site-packages/airflow/example_dags/example_sla_dag.py
[2024-10-04T00:21:17.524+0000] {processor.py:925} INFO - DAG(s) 'example_sla_dag' retrieved from /home/airflow/.local/lib/python3.12/site-packages/airflow/example_dags/example_sla_dag.py
[2024-10-04T00:21:17.540+0000] {logging_mixin.py:190} INFO - [2024-10-04T00:21:17.540+0000] {dag.py:3239} INFO - Sync 1 DAGs
[2024-10-04T00:21:17.560+0000] {logging_mixin.py:190} INFO - [2024-10-04T00:21:17.560+0000] {dag.py:4180} INFO - Setting next_dagrun for example_sla_dag to 2024-10-04 00:18:00+00:00, run_after=2024-10-04 00:20:00+00:00
[2024-10-04T00:21:17.573+0000] {processor.py:208} INFO - Processing /home/airflow/.local/lib/python3.12/site-packages/airflow/example_dags/example_sla_dag.py took 0.066 seconds
[2024-10-04T00:21:47.772+0000] {processor.py:186} INFO - Started process (PID=5558) to work on /home/airflow/.local/lib/python3.12/site-packages/airflow/example_dags/example_sla_dag.py
[2024-10-04T00:21:47.773+0000] {processor.py:914} INFO - Processing file /home/airflow/.local/lib/python3.12/site-packages/airflow/example_dags/example_sla_dag.py for tasks to queue
[2024-10-04T00:21:47.775+0000] {logging_mixin.py:190} INFO - [2024-10-04T00:21:47.775+0000] {dagbag.py:588} INFO - Filling up the DagBag from /home/airflow/.local/lib/python3.12/site-packages/airflow/example_dags/example_sla_dag.py
[2024-10-04T00:21:47.783+0000] {processor.py:925} INFO - DAG(s) 'example_sla_dag' retrieved from /home/airflow/.local/lib/python3.12/site-packages/airflow/example_dags/example_sla_dag.py
[2024-10-04T00:21:47.799+0000] {logging_mixin.py:190} INFO - [2024-10-04T00:21:47.799+0000] {dag.py:3239} INFO - Sync 1 DAGs
[2024-10-04T00:21:47.817+0000] {logging_mixin.py:190} INFO - [2024-10-04T00:21:47.817+0000] {dag.py:4180} INFO - Setting next_dagrun for example_sla_dag to 2024-10-04 00:18:00+00:00, run_after=2024-10-04 00:20:00+00:00
[2024-10-04T00:21:47.831+0000] {processor.py:208} INFO - Processing /home/airflow/.local/lib/python3.12/site-packages/airflow/example_dags/example_sla_dag.py took 0.064 seconds
[2024-10-04T00:22:17.938+0000] {processor.py:186} INFO - Started process (PID=5844) to work on /home/airflow/.local/lib/python3.12/site-packages/airflow/example_dags/example_sla_dag.py
[2024-10-04T00:22:17.939+0000] {processor.py:914} INFO - Processing file /home/airflow/.local/lib/python3.12/site-packages/airflow/example_dags/example_sla_dag.py for tasks to queue
[2024-10-04T00:22:17.942+0000] {logging_mixin.py:190} INFO - [2024-10-04T00:22:17.941+0000] {dagbag.py:588} INFO - Filling up the DagBag from /home/airflow/.local/lib/python3.12/site-packages/airflow/example_dags/example_sla_dag.py
[2024-10-04T00:22:17.950+0000] {processor.py:925} INFO - DAG(s) 'example_sla_dag' retrieved from /home/airflow/.local/lib/python3.12/site-packages/airflow/example_dags/example_sla_dag.py
[2024-10-04T00:22:17.966+0000] {logging_mixin.py:190} INFO - [2024-10-04T00:22:17.966+0000] {dag.py:3239} INFO - Sync 1 DAGs
[2024-10-04T00:22:17.984+0000] {logging_mixin.py:190} INFO - [2024-10-04T00:22:17.983+0000] {dag.py:4180} INFO - Setting next_dagrun for example_sla_dag to 2024-10-04 00:20:00+00:00, run_after=2024-10-04 00:22:00+00:00
[2024-10-04T00:22:17.995+0000] {processor.py:208} INFO - Processing /home/airflow/.local/lib/python3.12/site-packages/airflow/example_dags/example_sla_dag.py took 0.062 seconds
[2024-10-04T00:22:53.765+0000] {processor.py:186} INFO - Started process (PID=6130) to work on /home/airflow/.local/lib/python3.12/site-packages/airflow/example_dags/example_sla_dag.py
[2024-10-04T00:22:53.766+0000] {processor.py:914} INFO - Processing file /home/airflow/.local/lib/python3.12/site-packages/airflow/example_dags/example_sla_dag.py for tasks to queue
[2024-10-04T00:22:53.769+0000] {logging_mixin.py:190} INFO - [2024-10-04T00:22:53.768+0000] {dagbag.py:588} INFO - Filling up the DagBag from /home/airflow/.local/lib/python3.12/site-packages/airflow/example_dags/example_sla_dag.py
[2024-10-04T00:22:53.779+0000] {processor.py:925} INFO - DAG(s) 'example_sla_dag' retrieved from /home/airflow/.local/lib/python3.12/site-packages/airflow/example_dags/example_sla_dag.py
[2024-10-04T00:22:53.799+0000] {logging_mixin.py:190} INFO - [2024-10-04T00:22:53.799+0000] {dag.py:3239} INFO - Sync 1 DAGs
[2024-10-04T00:22:53.824+0000] {logging_mixin.py:190} INFO - [2024-10-04T00:22:53.824+0000] {dag.py:4180} INFO - Setting next_dagrun for example_sla_dag to 2024-10-04 00:20:00+00:00, run_after=2024-10-04 00:22:00+00:00
[2024-10-04T00:22:53.840+0000] {processor.py:208} INFO - Processing /home/airflow/.local/lib/python3.12/site-packages/airflow/example_dags/example_sla_dag.py took 0.081 seconds
[2024-10-04T00:23:23.971+0000] {processor.py:186} INFO - Started process (PID=6416) to work on /home/airflow/.local/lib/python3.12/site-packages/airflow/example_dags/example_sla_dag.py
[2024-10-04T00:23:23.972+0000] {processor.py:914} INFO - Processing file /home/airflow/.local/lib/python3.12/site-packages/airflow/example_dags/example_sla_dag.py for tasks to queue
[2024-10-04T00:23:23.975+0000] {logging_mixin.py:190} INFO - [2024-10-04T00:23:23.975+0000] {dagbag.py:588} INFO - Filling up the DagBag from /home/airflow/.local/lib/python3.12/site-packages/airflow/example_dags/example_sla_dag.py
[2024-10-04T00:23:23.985+0000] {processor.py:925} INFO - DAG(s) 'example_sla_dag' retrieved from /home/airflow/.local/lib/python3.12/site-packages/airflow/example_dags/example_sla_dag.py
[2024-10-04T00:23:24.004+0000] {logging_mixin.py:190} INFO - [2024-10-04T00:23:24.004+0000] {dag.py:3239} INFO - Sync 1 DAGs
[2024-10-04T00:23:24.027+0000] {logging_mixin.py:190} INFO - [2024-10-04T00:23:24.027+0000] {dag.py:4180} INFO - Setting next_dagrun for example_sla_dag to 2024-10-04 00:20:00+00:00, run_after=2024-10-04 00:22:00+00:00
[2024-10-04T00:23:24.042+0000] {processor.py:208} INFO - Processing /home/airflow/.local/lib/python3.12/site-packages/airflow/example_dags/example_sla_dag.py took 0.079 seconds
[2024-10-04T00:23:54.977+0000] {processor.py:186} INFO - Started process (PID=6702) to work on /home/airflow/.local/lib/python3.12/site-packages/airflow/example_dags/example_sla_dag.py
[2024-10-04T00:23:54.978+0000] {processor.py:914} INFO - Processing file /home/airflow/.local/lib/python3.12/site-packages/airflow/example_dags/example_sla_dag.py for tasks to queue
[2024-10-04T00:23:54.981+0000] {logging_mixin.py:190} INFO - [2024-10-04T00:23:54.980+0000] {dagbag.py:588} INFO - Filling up the DagBag from /home/airflow/.local/lib/python3.12/site-packages/airflow/example_dags/example_sla_dag.py
[2024-10-04T00:23:54.995+0000] {processor.py:925} INFO - DAG(s) 'example_sla_dag' retrieved from /home/airflow/.local/lib/python3.12/site-packages/airflow/example_dags/example_sla_dag.py
[2024-10-04T00:23:55.020+0000] {logging_mixin.py:190} INFO - [2024-10-04T00:23:55.020+0000] {dag.py:3239} INFO - Sync 1 DAGs
[2024-10-04T00:23:55.041+0000] {logging_mixin.py:190} INFO - [2024-10-04T00:23:55.040+0000] {dag.py:4180} INFO - Setting next_dagrun for example_sla_dag to 2024-10-04 00:20:00+00:00, run_after=2024-10-04 00:22:00+00:00
[2024-10-04T00:23:55.055+0000] {processor.py:208} INFO - Processing /home/airflow/.local/lib/python3.12/site-packages/airflow/example_dags/example_sla_dag.py took 0.083 seconds
[2024-10-04T00:24:25.749+0000] {processor.py:186} INFO - Started process (PID=6988) to work on /home/airflow/.local/lib/python3.12/site-packages/airflow/example_dags/example_sla_dag.py
[2024-10-04T00:24:25.750+0000] {processor.py:914} INFO - Processing file /home/airflow/.local/lib/python3.12/site-packages/airflow/example_dags/example_sla_dag.py for tasks to queue
[2024-10-04T00:24:25.753+0000] {logging_mixin.py:190} INFO - [2024-10-04T00:24:25.753+0000] {dagbag.py:588} INFO - Filling up the DagBag from /home/airflow/.local/lib/python3.12/site-packages/airflow/example_dags/example_sla_dag.py
[2024-10-04T00:24:25.762+0000] {processor.py:925} INFO - DAG(s) 'example_sla_dag' retrieved from /home/airflow/.local/lib/python3.12/site-packages/airflow/example_dags/example_sla_dag.py
[2024-10-04T00:24:25.782+0000] {logging_mixin.py:190} INFO - [2024-10-04T00:24:25.781+0000] {dag.py:3239} INFO - Sync 1 DAGs
[2024-10-04T00:24:25.813+0000] {logging_mixin.py:190} INFO - [2024-10-04T00:24:25.813+0000] {dag.py:4180} INFO - Setting next_dagrun for example_sla_dag to 2024-10-04 00:22:00+00:00, run_after=2024-10-04 00:24:00+00:00
[2024-10-04T00:24:25.830+0000] {processor.py:208} INFO - Processing /home/airflow/.local/lib/python3.12/site-packages/airflow/example_dags/example_sla_dag.py took 0.087 seconds
[2024-10-04T00:24:56.358+0000] {processor.py:186} INFO - Started process (PID=7274) to work on /home/airflow/.local/lib/python3.12/site-packages/airflow/example_dags/example_sla_dag.py
[2024-10-04T00:24:56.360+0000] {processor.py:914} INFO - Processing file /home/airflow/.local/lib/python3.12/site-packages/airflow/example_dags/example_sla_dag.py for tasks to queue
[2024-10-04T00:24:56.363+0000] {logging_mixin.py:190} INFO - [2024-10-04T00:24:56.362+0000] {dagbag.py:588} INFO - Filling up the DagBag from /home/airflow/.local/lib/python3.12/site-packages/airflow/example_dags/example_sla_dag.py
[2024-10-04T00:24:56.375+0000] {processor.py:925} INFO - DAG(s) 'example_sla_dag' retrieved from /home/airflow/.local/lib/python3.12/site-packages/airflow/example_dags/example_sla_dag.py
[2024-10-04T00:24:56.394+0000] {logging_mixin.py:190} INFO - [2024-10-04T00:24:56.394+0000] {dag.py:3239} INFO - Sync 1 DAGs
[2024-10-04T00:24:56.418+0000] {logging_mixin.py:190} INFO - [2024-10-04T00:24:56.418+0000] {dag.py:4180} INFO - Setting next_dagrun for example_sla_dag to 2024-10-04 00:22:00+00:00, run_after=2024-10-04 00:24:00+00:00
[2024-10-04T00:24:56.435+0000] {processor.py:208} INFO - Processing /home/airflow/.local/lib/python3.12/site-packages/airflow/example_dags/example_sla_dag.py took 0.084 seconds
[2024-10-04T00:25:27.296+0000] {processor.py:186} INFO - Started process (PID=7560) to work on /home/airflow/.local/lib/python3.12/site-packages/airflow/example_dags/example_sla_dag.py
[2024-10-04T00:25:27.297+0000] {processor.py:914} INFO - Processing file /home/airflow/.local/lib/python3.12/site-packages/airflow/example_dags/example_sla_dag.py for tasks to queue
[2024-10-04T00:25:27.305+0000] {logging_mixin.py:190} INFO - [2024-10-04T00:25:27.305+0000] {dagbag.py:588} INFO - Filling up the DagBag from /home/airflow/.local/lib/python3.12/site-packages/airflow/example_dags/example_sla_dag.py
[2024-10-04T00:25:27.319+0000] {processor.py:925} INFO - DAG(s) 'example_sla_dag' retrieved from /home/airflow/.local/lib/python3.12/site-packages/airflow/example_dags/example_sla_dag.py
[2024-10-04T00:25:27.349+0000] {logging_mixin.py:190} INFO - [2024-10-04T00:25:27.348+0000] {dag.py:3239} INFO - Sync 1 DAGs
[2024-10-04T00:25:27.391+0000] {logging_mixin.py:190} INFO - [2024-10-04T00:25:27.391+0000] {dag.py:4180} INFO - Setting next_dagrun for example_sla_dag to 2024-10-04 00:22:00+00:00, run_after=2024-10-04 00:24:00+00:00
[2024-10-04T00:25:27.413+0000] {processor.py:208} INFO - Processing /home/airflow/.local/lib/python3.12/site-packages/airflow/example_dags/example_sla_dag.py took 0.130 seconds
[2024-10-04T00:25:57.822+0000] {processor.py:186} INFO - Started process (PID=7846) to work on /home/airflow/.local/lib/python3.12/site-packages/airflow/example_dags/example_sla_dag.py
[2024-10-04T00:25:57.823+0000] {processor.py:914} INFO - Processing file /home/airflow/.local/lib/python3.12/site-packages/airflow/example_dags/example_sla_dag.py for tasks to queue
[2024-10-04T00:25:57.826+0000] {logging_mixin.py:190} INFO - [2024-10-04T00:25:57.826+0000] {dagbag.py:588} INFO - Filling up the DagBag from /home/airflow/.local/lib/python3.12/site-packages/airflow/example_dags/example_sla_dag.py
[2024-10-04T00:25:57.835+0000] {processor.py:925} INFO - DAG(s) 'example_sla_dag' retrieved from /home/airflow/.local/lib/python3.12/site-packages/airflow/example_dags/example_sla_dag.py
[2024-10-04T00:25:57.859+0000] {logging_mixin.py:190} INFO - [2024-10-04T00:25:57.859+0000] {dag.py:3239} INFO - Sync 1 DAGs
[2024-10-04T00:25:57.893+0000] {logging_mixin.py:190} INFO - [2024-10-04T00:25:57.892+0000] {dag.py:4180} INFO - Setting next_dagrun for example_sla_dag to 2024-10-04 00:22:00+00:00, run_after=2024-10-04 00:24:00+00:00
[2024-10-04T00:25:57.910+0000] {processor.py:208} INFO - Processing /home/airflow/.local/lib/python3.12/site-packages/airflow/example_dags/example_sla_dag.py took 0.094 seconds
[2024-10-04T00:26:27.952+0000] {processor.py:186} INFO - Started process (PID=8127) to work on /home/airflow/.local/lib/python3.12/site-packages/airflow/example_dags/example_sla_dag.py
[2024-10-04T00:26:27.953+0000] {processor.py:914} INFO - Processing file /home/airflow/.local/lib/python3.12/site-packages/airflow/example_dags/example_sla_dag.py for tasks to queue
[2024-10-04T00:26:27.956+0000] {logging_mixin.py:190} INFO - [2024-10-04T00:26:27.956+0000] {dagbag.py:588} INFO - Filling up the DagBag from /home/airflow/.local/lib/python3.12/site-packages/airflow/example_dags/example_sla_dag.py
[2024-10-04T00:26:27.965+0000] {processor.py:925} INFO - DAG(s) 'example_sla_dag' retrieved from /home/airflow/.local/lib/python3.12/site-packages/airflow/example_dags/example_sla_dag.py
[2024-10-04T00:26:27.990+0000] {logging_mixin.py:190} INFO - [2024-10-04T00:26:27.990+0000] {dag.py:3239} INFO - Sync 1 DAGs
[2024-10-04T00:26:28.014+0000] {logging_mixin.py:190} INFO - [2024-10-04T00:26:28.014+0000] {dag.py:4180} INFO - Setting next_dagrun for example_sla_dag to 2024-10-04 00:24:00+00:00, run_after=2024-10-04 00:26:00+00:00
[2024-10-04T00:26:28.038+0000] {processor.py:208} INFO - Processing /home/airflow/.local/lib/python3.12/site-packages/airflow/example_dags/example_sla_dag.py took 0.092 seconds
[2024-10-04T00:26:58.185+0000] {processor.py:186} INFO - Started process (PID=8413) to work on /home/airflow/.local/lib/python3.12/site-packages/airflow/example_dags/example_sla_dag.py
[2024-10-04T00:26:58.186+0000] {processor.py:914} INFO - Processing file /home/airflow/.local/lib/python3.12/site-packages/airflow/example_dags/example_sla_dag.py for tasks to queue
[2024-10-04T00:26:58.190+0000] {logging_mixin.py:190} INFO - [2024-10-04T00:26:58.189+0000] {dagbag.py:588} INFO - Filling up the DagBag from /home/airflow/.local/lib/python3.12/site-packages/airflow/example_dags/example_sla_dag.py
[2024-10-04T00:26:58.198+0000] {processor.py:925} INFO - DAG(s) 'example_sla_dag' retrieved from /home/airflow/.local/lib/python3.12/site-packages/airflow/example_dags/example_sla_dag.py
[2024-10-04T00:26:58.215+0000] {logging_mixin.py:190} INFO - [2024-10-04T00:26:58.215+0000] {dag.py:3239} INFO - Sync 1 DAGs
[2024-10-04T00:26:58.236+0000] {logging_mixin.py:190} INFO - [2024-10-04T00:26:58.236+0000] {dag.py:4180} INFO - Setting next_dagrun for example_sla_dag to 2024-10-04 00:24:00+00:00, run_after=2024-10-04 00:26:00+00:00
[2024-10-04T00:26:58.249+0000] {processor.py:208} INFO - Processing /home/airflow/.local/lib/python3.12/site-packages/airflow/example_dags/example_sla_dag.py took 0.071 seconds
[2024-10-04T00:27:28.363+0000] {processor.py:186} INFO - Started process (PID=8699) to work on /home/airflow/.local/lib/python3.12/site-packages/airflow/example_dags/example_sla_dag.py
[2024-10-04T00:27:28.364+0000] {processor.py:914} INFO - Processing file /home/airflow/.local/lib/python3.12/site-packages/airflow/example_dags/example_sla_dag.py for tasks to queue
[2024-10-04T00:27:28.367+0000] {logging_mixin.py:190} INFO - [2024-10-04T00:27:28.366+0000] {dagbag.py:588} INFO - Filling up the DagBag from /home/airflow/.local/lib/python3.12/site-packages/airflow/example_dags/example_sla_dag.py
[2024-10-04T00:27:28.376+0000] {processor.py:925} INFO - DAG(s) 'example_sla_dag' retrieved from /home/airflow/.local/lib/python3.12/site-packages/airflow/example_dags/example_sla_dag.py
[2024-10-04T00:27:28.392+0000] {logging_mixin.py:190} INFO - [2024-10-04T00:27:28.392+0000] {dag.py:3239} INFO - Sync 1 DAGs
[2024-10-04T00:27:28.412+0000] {logging_mixin.py:190} INFO - [2024-10-04T00:27:28.411+0000] {dag.py:4180} INFO - Setting next_dagrun for example_sla_dag to 2024-10-04 00:24:00+00:00, run_after=2024-10-04 00:26:00+00:00
[2024-10-04T00:27:28.425+0000] {processor.py:208} INFO - Processing /home/airflow/.local/lib/python3.12/site-packages/airflow/example_dags/example_sla_dag.py took 0.070 seconds
[2024-10-04T00:27:59.064+0000] {processor.py:186} INFO - Started process (PID=8990) to work on /home/airflow/.local/lib/python3.12/site-packages/airflow/example_dags/example_sla_dag.py
[2024-10-04T00:27:59.065+0000] {processor.py:914} INFO - Processing file /home/airflow/.local/lib/python3.12/site-packages/airflow/example_dags/example_sla_dag.py for tasks to queue
[2024-10-04T00:27:59.068+0000] {logging_mixin.py:190} INFO - [2024-10-04T00:27:59.068+0000] {dagbag.py:588} INFO - Filling up the DagBag from /home/airflow/.local/lib/python3.12/site-packages/airflow/example_dags/example_sla_dag.py
[2024-10-04T00:27:59.076+0000] {processor.py:925} INFO - DAG(s) 'example_sla_dag' retrieved from /home/airflow/.local/lib/python3.12/site-packages/airflow/example_dags/example_sla_dag.py
[2024-10-04T00:27:59.095+0000] {logging_mixin.py:190} INFO - [2024-10-04T00:27:59.095+0000] {dag.py:3239} INFO - Sync 1 DAGs
[2024-10-04T00:27:59.121+0000] {logging_mixin.py:190} INFO - [2024-10-04T00:27:59.121+0000] {dag.py:4180} INFO - Setting next_dagrun for example_sla_dag to 2024-10-04 00:24:00+00:00, run_after=2024-10-04 00:26:00+00:00
[2024-10-04T00:27:59.143+0000] {processor.py:208} INFO - Processing /home/airflow/.local/lib/python3.12/site-packages/airflow/example_dags/example_sla_dag.py took 0.084 seconds
[2024-10-04T00:28:29.224+0000] {processor.py:186} INFO - Started process (PID=9276) to work on /home/airflow/.local/lib/python3.12/site-packages/airflow/example_dags/example_sla_dag.py
[2024-10-04T00:28:29.225+0000] {processor.py:914} INFO - Processing file /home/airflow/.local/lib/python3.12/site-packages/airflow/example_dags/example_sla_dag.py for tasks to queue
[2024-10-04T00:28:29.228+0000] {logging_mixin.py:190} INFO - [2024-10-04T00:28:29.228+0000] {dagbag.py:588} INFO - Filling up the DagBag from /home/airflow/.local/lib/python3.12/site-packages/airflow/example_dags/example_sla_dag.py
[2024-10-04T00:28:29.237+0000] {processor.py:925} INFO - DAG(s) 'example_sla_dag' retrieved from /home/airflow/.local/lib/python3.12/site-packages/airflow/example_dags/example_sla_dag.py
[2024-10-04T00:28:29.254+0000] {logging_mixin.py:190} INFO - [2024-10-04T00:28:29.254+0000] {dag.py:3239} INFO - Sync 1 DAGs
[2024-10-04T00:28:29.287+0000] {logging_mixin.py:190} INFO - [2024-10-04T00:28:29.286+0000] {dag.py:4180} INFO - Setting next_dagrun for example_sla_dag to 2024-10-04 00:26:00+00:00, run_after=2024-10-04 00:28:00+00:00
[2024-10-04T00:28:29.302+0000] {processor.py:208} INFO - Processing /home/airflow/.local/lib/python3.12/site-packages/airflow/example_dags/example_sla_dag.py took 0.084 seconds
