[2024-10-04T00:12:32.061+0000] {processor.py:186} INFO - Started process (PID=224) to work on /home/airflow/.local/lib/python3.12/site-packages/airflow/example_dags/example_task_group.py
[2024-10-04T00:12:32.063+0000] {processor.py:914} INFO - Processing file /home/airflow/.local/lib/python3.12/site-packages/airflow/example_dags/example_task_group.py for tasks to queue
[2024-10-04T00:12:32.065+0000] {logging_mixin.py:190} INFO - [2024-10-04T00:12:32.065+0000] {dagbag.py:588} INFO - Filling up the DagBag from /home/airflow/.local/lib/python3.12/site-packages/airflow/example_dags/example_task_group.py
[2024-10-04T00:12:32.074+0000] {processor.py:925} INFO - DAG(s) 'example_task_group' retrieved from /home/airflow/.local/lib/python3.12/site-packages/airflow/example_dags/example_task_group.py
[2024-10-04T00:12:32.194+0000] {logging_mixin.py:190} INFO - [2024-10-04T00:12:32.194+0000] {override.py:1900} INFO - Created Permission View: can read on DAG:example_task_group
[2024-10-04T00:12:32.202+0000] {logging_mixin.py:190} INFO - [2024-10-04T00:12:32.202+0000] {override.py:1900} INFO - Created Permission View: can delete on DAG:example_task_group
[2024-10-04T00:12:32.208+0000] {logging_mixin.py:190} INFO - [2024-10-04T00:12:32.208+0000] {override.py:1900} INFO - Created Permission View: can edit on DAG:example_task_group
[2024-10-04T00:12:32.214+0000] {logging_mixin.py:190} INFO - [2024-10-04T00:12:32.213+0000] {override.py:1900} INFO - Created Permission View: menu access on DAG Run:example_task_group
[2024-10-04T00:12:32.219+0000] {logging_mixin.py:190} INFO - [2024-10-04T00:12:32.219+0000] {override.py:1900} INFO - Created Permission View: can read on DAG Run:example_task_group
[2024-10-04T00:12:32.225+0000] {logging_mixin.py:190} INFO - [2024-10-04T00:12:32.225+0000] {override.py:1900} INFO - Created Permission View: can delete on DAG Run:example_task_group
[2024-10-04T00:12:32.230+0000] {logging_mixin.py:190} INFO - [2024-10-04T00:12:32.230+0000] {override.py:1900} INFO - Created Permission View: can create on DAG Run:example_task_group
[2024-10-04T00:12:32.231+0000] {logging_mixin.py:190} INFO - [2024-10-04T00:12:32.231+0000] {dag.py:3239} INFO - Sync 1 DAGs
[2024-10-04T00:12:32.244+0000] {logging_mixin.py:190} INFO - [2024-10-04T00:12:32.243+0000] {dag.py:3262} INFO - Creating ORM DAG for example_task_group
[2024-10-04T00:12:32.245+0000] {logging_mixin.py:190} INFO - [2024-10-04T00:12:32.245+0000] {dag.py:4180} INFO - Setting next_dagrun for example_task_group to None, run_after=None
[2024-10-04T00:12:32.261+0000] {processor.py:208} INFO - Processing /home/airflow/.local/lib/python3.12/site-packages/airflow/example_dags/example_task_group.py took 0.205 seconds
[2024-10-04T00:13:02.952+0000] {processor.py:186} INFO - Started process (PID=510) to work on /home/airflow/.local/lib/python3.12/site-packages/airflow/example_dags/example_task_group.py
[2024-10-04T00:13:02.954+0000] {processor.py:914} INFO - Processing file /home/airflow/.local/lib/python3.12/site-packages/airflow/example_dags/example_task_group.py for tasks to queue
[2024-10-04T00:13:02.956+0000] {logging_mixin.py:190} INFO - [2024-10-04T00:13:02.955+0000] {dagbag.py:588} INFO - Filling up the DagBag from /home/airflow/.local/lib/python3.12/site-packages/airflow/example_dags/example_task_group.py
[2024-10-04T00:13:02.963+0000] {processor.py:925} INFO - DAG(s) 'example_task_group' retrieved from /home/airflow/.local/lib/python3.12/site-packages/airflow/example_dags/example_task_group.py
[2024-10-04T00:13:02.981+0000] {logging_mixin.py:190} INFO - [2024-10-04T00:13:02.981+0000] {dag.py:3239} INFO - Sync 1 DAGs
[2024-10-04T00:13:02.993+0000] {logging_mixin.py:190} INFO - [2024-10-04T00:13:02.993+0000] {dag.py:4180} INFO - Setting next_dagrun for example_task_group to None, run_after=None
[2024-10-04T00:13:03.006+0000] {processor.py:208} INFO - Processing /home/airflow/.local/lib/python3.12/site-packages/airflow/example_dags/example_task_group.py took 0.059 seconds
[2024-10-04T00:13:33.626+0000] {processor.py:186} INFO - Started process (PID=796) to work on /home/airflow/.local/lib/python3.12/site-packages/airflow/example_dags/example_task_group.py
[2024-10-04T00:13:33.627+0000] {processor.py:914} INFO - Processing file /home/airflow/.local/lib/python3.12/site-packages/airflow/example_dags/example_task_group.py for tasks to queue
[2024-10-04T00:13:33.629+0000] {logging_mixin.py:190} INFO - [2024-10-04T00:13:33.629+0000] {dagbag.py:588} INFO - Filling up the DagBag from /home/airflow/.local/lib/python3.12/site-packages/airflow/example_dags/example_task_group.py
[2024-10-04T00:13:33.637+0000] {processor.py:925} INFO - DAG(s) 'example_task_group' retrieved from /home/airflow/.local/lib/python3.12/site-packages/airflow/example_dags/example_task_group.py
[2024-10-04T00:13:33.654+0000] {logging_mixin.py:190} INFO - [2024-10-04T00:13:33.654+0000] {dag.py:3239} INFO - Sync 1 DAGs
[2024-10-04T00:13:33.666+0000] {logging_mixin.py:190} INFO - [2024-10-04T00:13:33.666+0000] {dag.py:4180} INFO - Setting next_dagrun for example_task_group to None, run_after=None
[2024-10-04T00:13:33.679+0000] {processor.py:208} INFO - Processing /home/airflow/.local/lib/python3.12/site-packages/airflow/example_dags/example_task_group.py took 0.058 seconds
[2024-10-04T00:14:04.072+0000] {processor.py:186} INFO - Started process (PID=1082) to work on /home/airflow/.local/lib/python3.12/site-packages/airflow/example_dags/example_task_group.py
[2024-10-04T00:14:04.073+0000] {processor.py:914} INFO - Processing file /home/airflow/.local/lib/python3.12/site-packages/airflow/example_dags/example_task_group.py for tasks to queue
[2024-10-04T00:14:04.075+0000] {logging_mixin.py:190} INFO - [2024-10-04T00:14:04.075+0000] {dagbag.py:588} INFO - Filling up the DagBag from /home/airflow/.local/lib/python3.12/site-packages/airflow/example_dags/example_task_group.py
[2024-10-04T00:14:04.082+0000] {processor.py:925} INFO - DAG(s) 'example_task_group' retrieved from /home/airflow/.local/lib/python3.12/site-packages/airflow/example_dags/example_task_group.py
[2024-10-04T00:14:04.099+0000] {logging_mixin.py:190} INFO - [2024-10-04T00:14:04.098+0000] {dag.py:3239} INFO - Sync 1 DAGs
[2024-10-04T00:14:04.109+0000] {logging_mixin.py:190} INFO - [2024-10-04T00:14:04.109+0000] {dag.py:4180} INFO - Setting next_dagrun for example_task_group to None, run_after=None
[2024-10-04T00:14:04.125+0000] {processor.py:208} INFO - Processing /home/airflow/.local/lib/python3.12/site-packages/airflow/example_dags/example_task_group.py took 0.058 seconds
[2024-10-04T00:14:34.901+0000] {processor.py:186} INFO - Started process (PID=1368) to work on /home/airflow/.local/lib/python3.12/site-packages/airflow/example_dags/example_task_group.py
[2024-10-04T00:14:34.902+0000] {processor.py:914} INFO - Processing file /home/airflow/.local/lib/python3.12/site-packages/airflow/example_dags/example_task_group.py for tasks to queue
[2024-10-04T00:14:34.905+0000] {logging_mixin.py:190} INFO - [2024-10-04T00:14:34.904+0000] {dagbag.py:588} INFO - Filling up the DagBag from /home/airflow/.local/lib/python3.12/site-packages/airflow/example_dags/example_task_group.py
[2024-10-04T00:14:34.913+0000] {processor.py:925} INFO - DAG(s) 'example_task_group' retrieved from /home/airflow/.local/lib/python3.12/site-packages/airflow/example_dags/example_task_group.py
[2024-10-04T00:14:34.930+0000] {logging_mixin.py:190} INFO - [2024-10-04T00:14:34.930+0000] {dag.py:3239} INFO - Sync 1 DAGs
[2024-10-04T00:14:34.941+0000] {logging_mixin.py:190} INFO - [2024-10-04T00:14:34.941+0000] {dag.py:4180} INFO - Setting next_dagrun for example_task_group to None, run_after=None
[2024-10-04T00:14:34.954+0000] {processor.py:208} INFO - Processing /home/airflow/.local/lib/python3.12/site-packages/airflow/example_dags/example_task_group.py took 0.059 seconds
[2024-10-04T00:15:05.322+0000] {processor.py:186} INFO - Started process (PID=1654) to work on /home/airflow/.local/lib/python3.12/site-packages/airflow/example_dags/example_task_group.py
[2024-10-04T00:15:05.323+0000] {processor.py:914} INFO - Processing file /home/airflow/.local/lib/python3.12/site-packages/airflow/example_dags/example_task_group.py for tasks to queue
[2024-10-04T00:15:05.325+0000] {logging_mixin.py:190} INFO - [2024-10-04T00:15:05.325+0000] {dagbag.py:588} INFO - Filling up the DagBag from /home/airflow/.local/lib/python3.12/site-packages/airflow/example_dags/example_task_group.py
[2024-10-04T00:15:05.334+0000] {processor.py:925} INFO - DAG(s) 'example_task_group' retrieved from /home/airflow/.local/lib/python3.12/site-packages/airflow/example_dags/example_task_group.py
[2024-10-04T00:15:05.358+0000] {logging_mixin.py:190} INFO - [2024-10-04T00:15:05.358+0000] {dag.py:3239} INFO - Sync 1 DAGs
[2024-10-04T00:15:05.370+0000] {logging_mixin.py:190} INFO - [2024-10-04T00:15:05.370+0000] {dag.py:4180} INFO - Setting next_dagrun for example_task_group to None, run_after=None
[2024-10-04T00:15:05.384+0000] {processor.py:208} INFO - Processing /home/airflow/.local/lib/python3.12/site-packages/airflow/example_dags/example_task_group.py took 0.068 seconds
[2024-10-04T00:15:36.194+0000] {processor.py:186} INFO - Started process (PID=1940) to work on /home/airflow/.local/lib/python3.12/site-packages/airflow/example_dags/example_task_group.py
[2024-10-04T00:15:36.195+0000] {processor.py:914} INFO - Processing file /home/airflow/.local/lib/python3.12/site-packages/airflow/example_dags/example_task_group.py for tasks to queue
[2024-10-04T00:15:36.197+0000] {logging_mixin.py:190} INFO - [2024-10-04T00:15:36.196+0000] {dagbag.py:588} INFO - Filling up the DagBag from /home/airflow/.local/lib/python3.12/site-packages/airflow/example_dags/example_task_group.py
[2024-10-04T00:15:36.204+0000] {processor.py:925} INFO - DAG(s) 'example_task_group' retrieved from /home/airflow/.local/lib/python3.12/site-packages/airflow/example_dags/example_task_group.py
[2024-10-04T00:15:36.222+0000] {logging_mixin.py:190} INFO - [2024-10-04T00:15:36.221+0000] {dag.py:3239} INFO - Sync 1 DAGs
[2024-10-04T00:15:36.234+0000] {logging_mixin.py:190} INFO - [2024-10-04T00:15:36.234+0000] {dag.py:4180} INFO - Setting next_dagrun for example_task_group to None, run_after=None
[2024-10-04T00:15:36.247+0000] {processor.py:208} INFO - Processing /home/airflow/.local/lib/python3.12/site-packages/airflow/example_dags/example_task_group.py took 0.058 seconds
[2024-10-04T00:16:06.557+0000] {processor.py:186} INFO - Started process (PID=2226) to work on /home/airflow/.local/lib/python3.12/site-packages/airflow/example_dags/example_task_group.py
[2024-10-04T00:16:06.558+0000] {processor.py:914} INFO - Processing file /home/airflow/.local/lib/python3.12/site-packages/airflow/example_dags/example_task_group.py for tasks to queue
[2024-10-04T00:16:06.561+0000] {logging_mixin.py:190} INFO - [2024-10-04T00:16:06.560+0000] {dagbag.py:588} INFO - Filling up the DagBag from /home/airflow/.local/lib/python3.12/site-packages/airflow/example_dags/example_task_group.py
[2024-10-04T00:16:06.569+0000] {processor.py:925} INFO - DAG(s) 'example_task_group' retrieved from /home/airflow/.local/lib/python3.12/site-packages/airflow/example_dags/example_task_group.py
[2024-10-04T00:16:06.587+0000] {logging_mixin.py:190} INFO - [2024-10-04T00:16:06.587+0000] {dag.py:3239} INFO - Sync 1 DAGs
[2024-10-04T00:16:06.599+0000] {logging_mixin.py:190} INFO - [2024-10-04T00:16:06.599+0000] {dag.py:4180} INFO - Setting next_dagrun for example_task_group to None, run_after=None
[2024-10-04T00:16:06.613+0000] {processor.py:208} INFO - Processing /home/airflow/.local/lib/python3.12/site-packages/airflow/example_dags/example_task_group.py took 0.061 seconds
[2024-10-04T00:16:37.251+0000] {processor.py:186} INFO - Started process (PID=2512) to work on /home/airflow/.local/lib/python3.12/site-packages/airflow/example_dags/example_task_group.py
[2024-10-04T00:16:37.253+0000] {processor.py:914} INFO - Processing file /home/airflow/.local/lib/python3.12/site-packages/airflow/example_dags/example_task_group.py for tasks to queue
[2024-10-04T00:16:37.256+0000] {logging_mixin.py:190} INFO - [2024-10-04T00:16:37.255+0000] {dagbag.py:588} INFO - Filling up the DagBag from /home/airflow/.local/lib/python3.12/site-packages/airflow/example_dags/example_task_group.py
[2024-10-04T00:16:37.267+0000] {processor.py:925} INFO - DAG(s) 'example_task_group' retrieved from /home/airflow/.local/lib/python3.12/site-packages/airflow/example_dags/example_task_group.py
[2024-10-04T00:16:37.290+0000] {logging_mixin.py:190} INFO - [2024-10-04T00:16:37.290+0000] {dag.py:3239} INFO - Sync 1 DAGs
[2024-10-04T00:16:37.311+0000] {logging_mixin.py:190} INFO - [2024-10-04T00:16:37.311+0000] {dag.py:4180} INFO - Setting next_dagrun for example_task_group to None, run_after=None
[2024-10-04T00:16:37.344+0000] {processor.py:208} INFO - Processing /home/airflow/.local/lib/python3.12/site-packages/airflow/example_dags/example_task_group.py took 0.099 seconds
[2024-10-04T00:17:07.986+0000] {processor.py:186} INFO - Started process (PID=2798) to work on /home/airflow/.local/lib/python3.12/site-packages/airflow/example_dags/example_task_group.py
[2024-10-04T00:17:07.987+0000] {processor.py:914} INFO - Processing file /home/airflow/.local/lib/python3.12/site-packages/airflow/example_dags/example_task_group.py for tasks to queue
[2024-10-04T00:17:07.989+0000] {logging_mixin.py:190} INFO - [2024-10-04T00:17:07.989+0000] {dagbag.py:588} INFO - Filling up the DagBag from /home/airflow/.local/lib/python3.12/site-packages/airflow/example_dags/example_task_group.py
[2024-10-04T00:17:07.998+0000] {processor.py:925} INFO - DAG(s) 'example_task_group' retrieved from /home/airflow/.local/lib/python3.12/site-packages/airflow/example_dags/example_task_group.py
[2024-10-04T00:17:08.017+0000] {logging_mixin.py:190} INFO - [2024-10-04T00:17:08.017+0000] {dag.py:3239} INFO - Sync 1 DAGs
[2024-10-04T00:17:08.036+0000] {logging_mixin.py:190} INFO - [2024-10-04T00:17:08.036+0000] {dag.py:4180} INFO - Setting next_dagrun for example_task_group to None, run_after=None
[2024-10-04T00:17:08.052+0000] {processor.py:208} INFO - Processing /home/airflow/.local/lib/python3.12/site-packages/airflow/example_dags/example_task_group.py took 0.072 seconds
[2024-10-04T00:17:39.709+0000] {processor.py:186} INFO - Started process (PID=3084) to work on /home/airflow/.local/lib/python3.12/site-packages/airflow/example_dags/example_task_group.py
[2024-10-04T00:17:39.711+0000] {processor.py:914} INFO - Processing file /home/airflow/.local/lib/python3.12/site-packages/airflow/example_dags/example_task_group.py for tasks to queue
[2024-10-04T00:17:39.714+0000] {logging_mixin.py:190} INFO - [2024-10-04T00:17:39.714+0000] {dagbag.py:588} INFO - Filling up the DagBag from /home/airflow/.local/lib/python3.12/site-packages/airflow/example_dags/example_task_group.py
[2024-10-04T00:17:39.726+0000] {processor.py:925} INFO - DAG(s) 'example_task_group' retrieved from /home/airflow/.local/lib/python3.12/site-packages/airflow/example_dags/example_task_group.py
[2024-10-04T00:17:39.752+0000] {logging_mixin.py:190} INFO - [2024-10-04T00:17:39.752+0000] {dag.py:3239} INFO - Sync 1 DAGs
[2024-10-04T00:17:39.768+0000] {logging_mixin.py:190} INFO - [2024-10-04T00:17:39.768+0000] {dag.py:4180} INFO - Setting next_dagrun for example_task_group to None, run_after=None
[2024-10-04T00:17:39.786+0000] {processor.py:208} INFO - Processing /home/airflow/.local/lib/python3.12/site-packages/airflow/example_dags/example_task_group.py took 0.086 seconds
[2024-10-04T00:18:11.000+0000] {processor.py:186} INFO - Started process (PID=3370) to work on /home/airflow/.local/lib/python3.12/site-packages/airflow/example_dags/example_task_group.py
[2024-10-04T00:18:11.001+0000] {processor.py:914} INFO - Processing file /home/airflow/.local/lib/python3.12/site-packages/airflow/example_dags/example_task_group.py for tasks to queue
[2024-10-04T00:18:11.003+0000] {logging_mixin.py:190} INFO - [2024-10-04T00:18:11.003+0000] {dagbag.py:588} INFO - Filling up the DagBag from /home/airflow/.local/lib/python3.12/site-packages/airflow/example_dags/example_task_group.py
[2024-10-04T00:18:11.012+0000] {processor.py:925} INFO - DAG(s) 'example_task_group' retrieved from /home/airflow/.local/lib/python3.12/site-packages/airflow/example_dags/example_task_group.py
[2024-10-04T00:18:11.037+0000] {logging_mixin.py:190} INFO - [2024-10-04T00:18:11.037+0000] {dag.py:3239} INFO - Sync 1 DAGs
[2024-10-04T00:18:11.053+0000] {logging_mixin.py:190} INFO - [2024-10-04T00:18:11.053+0000] {dag.py:4180} INFO - Setting next_dagrun for example_task_group to None, run_after=None
[2024-10-04T00:18:11.068+0000] {processor.py:208} INFO - Processing /home/airflow/.local/lib/python3.12/site-packages/airflow/example_dags/example_task_group.py took 0.074 seconds
[2024-10-04T00:18:41.666+0000] {processor.py:186} INFO - Started process (PID=3656) to work on /home/airflow/.local/lib/python3.12/site-packages/airflow/example_dags/example_task_group.py
[2024-10-04T00:18:41.667+0000] {processor.py:914} INFO - Processing file /home/airflow/.local/lib/python3.12/site-packages/airflow/example_dags/example_task_group.py for tasks to queue
[2024-10-04T00:18:41.670+0000] {logging_mixin.py:190} INFO - [2024-10-04T00:18:41.669+0000] {dagbag.py:588} INFO - Filling up the DagBag from /home/airflow/.local/lib/python3.12/site-packages/airflow/example_dags/example_task_group.py
[2024-10-04T00:18:41.680+0000] {processor.py:925} INFO - DAG(s) 'example_task_group' retrieved from /home/airflow/.local/lib/python3.12/site-packages/airflow/example_dags/example_task_group.py
[2024-10-04T00:18:41.701+0000] {logging_mixin.py:190} INFO - [2024-10-04T00:18:41.701+0000] {dag.py:3239} INFO - Sync 1 DAGs
[2024-10-04T00:18:41.714+0000] {logging_mixin.py:190} INFO - [2024-10-04T00:18:41.714+0000] {dag.py:4180} INFO - Setting next_dagrun for example_task_group to None, run_after=None
[2024-10-04T00:18:41.736+0000] {processor.py:208} INFO - Processing /home/airflow/.local/lib/python3.12/site-packages/airflow/example_dags/example_task_group.py took 0.076 seconds
[2024-10-04T00:19:12.291+0000] {processor.py:186} INFO - Started process (PID=3942) to work on /home/airflow/.local/lib/python3.12/site-packages/airflow/example_dags/example_task_group.py
[2024-10-04T00:19:12.292+0000] {processor.py:914} INFO - Processing file /home/airflow/.local/lib/python3.12/site-packages/airflow/example_dags/example_task_group.py for tasks to queue
[2024-10-04T00:19:12.294+0000] {logging_mixin.py:190} INFO - [2024-10-04T00:19:12.294+0000] {dagbag.py:588} INFO - Filling up the DagBag from /home/airflow/.local/lib/python3.12/site-packages/airflow/example_dags/example_task_group.py
[2024-10-04T00:19:12.302+0000] {processor.py:925} INFO - DAG(s) 'example_task_group' retrieved from /home/airflow/.local/lib/python3.12/site-packages/airflow/example_dags/example_task_group.py
[2024-10-04T00:19:12.321+0000] {logging_mixin.py:190} INFO - [2024-10-04T00:19:12.321+0000] {dag.py:3239} INFO - Sync 1 DAGs
[2024-10-04T00:19:12.334+0000] {logging_mixin.py:190} INFO - [2024-10-04T00:19:12.333+0000] {dag.py:4180} INFO - Setting next_dagrun for example_task_group to None, run_after=None
[2024-10-04T00:19:12.352+0000] {processor.py:208} INFO - Processing /home/airflow/.local/lib/python3.12/site-packages/airflow/example_dags/example_task_group.py took 0.067 seconds
[2024-10-04T00:19:42.656+0000] {processor.py:186} INFO - Started process (PID=4228) to work on /home/airflow/.local/lib/python3.12/site-packages/airflow/example_dags/example_task_group.py
[2024-10-04T00:19:42.657+0000] {processor.py:914} INFO - Processing file /home/airflow/.local/lib/python3.12/site-packages/airflow/example_dags/example_task_group.py for tasks to queue
[2024-10-04T00:19:42.659+0000] {logging_mixin.py:190} INFO - [2024-10-04T00:19:42.659+0000] {dagbag.py:588} INFO - Filling up the DagBag from /home/airflow/.local/lib/python3.12/site-packages/airflow/example_dags/example_task_group.py
[2024-10-04T00:19:42.667+0000] {processor.py:925} INFO - DAG(s) 'example_task_group' retrieved from /home/airflow/.local/lib/python3.12/site-packages/airflow/example_dags/example_task_group.py
[2024-10-04T00:19:42.685+0000] {logging_mixin.py:190} INFO - [2024-10-04T00:19:42.685+0000] {dag.py:3239} INFO - Sync 1 DAGs
[2024-10-04T00:19:42.696+0000] {logging_mixin.py:190} INFO - [2024-10-04T00:19:42.696+0000] {dag.py:4180} INFO - Setting next_dagrun for example_task_group to None, run_after=None
[2024-10-04T00:19:42.709+0000] {processor.py:208} INFO - Processing /home/airflow/.local/lib/python3.12/site-packages/airflow/example_dags/example_task_group.py took 0.058 seconds
[2024-10-04T00:20:13.463+0000] {processor.py:186} INFO - Started process (PID=4520) to work on /home/airflow/.local/lib/python3.12/site-packages/airflow/example_dags/example_task_group.py
[2024-10-04T00:20:13.465+0000] {processor.py:914} INFO - Processing file /home/airflow/.local/lib/python3.12/site-packages/airflow/example_dags/example_task_group.py for tasks to queue
[2024-10-04T00:20:13.468+0000] {logging_mixin.py:190} INFO - [2024-10-04T00:20:13.468+0000] {dagbag.py:588} INFO - Filling up the DagBag from /home/airflow/.local/lib/python3.12/site-packages/airflow/example_dags/example_task_group.py
[2024-10-04T00:20:13.485+0000] {processor.py:925} INFO - DAG(s) 'example_task_group' retrieved from /home/airflow/.local/lib/python3.12/site-packages/airflow/example_dags/example_task_group.py
[2024-10-04T00:20:13.527+0000] {logging_mixin.py:190} INFO - [2024-10-04T00:20:13.527+0000] {dag.py:3239} INFO - Sync 1 DAGs
[2024-10-04T00:20:13.555+0000] {logging_mixin.py:190} INFO - [2024-10-04T00:20:13.555+0000] {dag.py:4180} INFO - Setting next_dagrun for example_task_group to None, run_after=None
[2024-10-04T00:20:13.587+0000] {processor.py:208} INFO - Processing /home/airflow/.local/lib/python3.12/site-packages/airflow/example_dags/example_task_group.py took 0.137 seconds
[2024-10-04T00:20:44.087+0000] {processor.py:186} INFO - Started process (PID=4806) to work on /home/airflow/.local/lib/python3.12/site-packages/airflow/example_dags/example_task_group.py
[2024-10-04T00:20:44.088+0000] {processor.py:914} INFO - Processing file /home/airflow/.local/lib/python3.12/site-packages/airflow/example_dags/example_task_group.py for tasks to queue
[2024-10-04T00:20:44.090+0000] {logging_mixin.py:190} INFO - [2024-10-04T00:20:44.090+0000] {dagbag.py:588} INFO - Filling up the DagBag from /home/airflow/.local/lib/python3.12/site-packages/airflow/example_dags/example_task_group.py
[2024-10-04T00:20:44.098+0000] {processor.py:925} INFO - DAG(s) 'example_task_group' retrieved from /home/airflow/.local/lib/python3.12/site-packages/airflow/example_dags/example_task_group.py
[2024-10-04T00:20:44.116+0000] {logging_mixin.py:190} INFO - [2024-10-04T00:20:44.115+0000] {dag.py:3239} INFO - Sync 1 DAGs
[2024-10-04T00:20:44.127+0000] {logging_mixin.py:190} INFO - [2024-10-04T00:20:44.127+0000] {dag.py:4180} INFO - Setting next_dagrun for example_task_group to None, run_after=None
[2024-10-04T00:20:44.140+0000] {processor.py:208} INFO - Processing /home/airflow/.local/lib/python3.12/site-packages/airflow/example_dags/example_task_group.py took 0.058 seconds
[2024-10-04T00:21:14.426+0000] {processor.py:186} INFO - Started process (PID=5092) to work on /home/airflow/.local/lib/python3.12/site-packages/airflow/example_dags/example_task_group.py
[2024-10-04T00:21:14.427+0000] {processor.py:914} INFO - Processing file /home/airflow/.local/lib/python3.12/site-packages/airflow/example_dags/example_task_group.py for tasks to queue
[2024-10-04T00:21:14.430+0000] {logging_mixin.py:190} INFO - [2024-10-04T00:21:14.430+0000] {dagbag.py:588} INFO - Filling up the DagBag from /home/airflow/.local/lib/python3.12/site-packages/airflow/example_dags/example_task_group.py
[2024-10-04T00:21:14.443+0000] {processor.py:925} INFO - DAG(s) 'example_task_group' retrieved from /home/airflow/.local/lib/python3.12/site-packages/airflow/example_dags/example_task_group.py
[2024-10-04T00:21:14.467+0000] {logging_mixin.py:190} INFO - [2024-10-04T00:21:14.467+0000] {dag.py:3239} INFO - Sync 1 DAGs
[2024-10-04T00:21:14.490+0000] {logging_mixin.py:190} INFO - [2024-10-04T00:21:14.489+0000] {dag.py:4180} INFO - Setting next_dagrun for example_task_group to None, run_after=None
[2024-10-04T00:21:14.513+0000] {processor.py:208} INFO - Processing /home/airflow/.local/lib/python3.12/site-packages/airflow/example_dags/example_task_group.py took 0.095 seconds
[2024-10-04T00:21:44.846+0000] {processor.py:186} INFO - Started process (PID=5378) to work on /home/airflow/.local/lib/python3.12/site-packages/airflow/example_dags/example_task_group.py
[2024-10-04T00:21:44.848+0000] {processor.py:914} INFO - Processing file /home/airflow/.local/lib/python3.12/site-packages/airflow/example_dags/example_task_group.py for tasks to queue
[2024-10-04T00:21:44.850+0000] {logging_mixin.py:190} INFO - [2024-10-04T00:21:44.849+0000] {dagbag.py:588} INFO - Filling up the DagBag from /home/airflow/.local/lib/python3.12/site-packages/airflow/example_dags/example_task_group.py
[2024-10-04T00:21:44.858+0000] {processor.py:925} INFO - DAG(s) 'example_task_group' retrieved from /home/airflow/.local/lib/python3.12/site-packages/airflow/example_dags/example_task_group.py
[2024-10-04T00:21:44.877+0000] {logging_mixin.py:190} INFO - [2024-10-04T00:21:44.876+0000] {dag.py:3239} INFO - Sync 1 DAGs
[2024-10-04T00:21:44.889+0000] {logging_mixin.py:190} INFO - [2024-10-04T00:21:44.888+0000] {dag.py:4180} INFO - Setting next_dagrun for example_task_group to None, run_after=None
[2024-10-04T00:21:44.903+0000] {processor.py:208} INFO - Processing /home/airflow/.local/lib/python3.12/site-packages/airflow/example_dags/example_task_group.py took 0.062 seconds
[2024-10-04T00:22:15.084+0000] {processor.py:186} INFO - Started process (PID=5664) to work on /home/airflow/.local/lib/python3.12/site-packages/airflow/example_dags/example_task_group.py
[2024-10-04T00:22:15.085+0000] {processor.py:914} INFO - Processing file /home/airflow/.local/lib/python3.12/site-packages/airflow/example_dags/example_task_group.py for tasks to queue
[2024-10-04T00:22:15.087+0000] {logging_mixin.py:190} INFO - [2024-10-04T00:22:15.087+0000] {dagbag.py:588} INFO - Filling up the DagBag from /home/airflow/.local/lib/python3.12/site-packages/airflow/example_dags/example_task_group.py
[2024-10-04T00:22:15.094+0000] {processor.py:925} INFO - DAG(s) 'example_task_group' retrieved from /home/airflow/.local/lib/python3.12/site-packages/airflow/example_dags/example_task_group.py
[2024-10-04T00:22:15.111+0000] {logging_mixin.py:190} INFO - [2024-10-04T00:22:15.111+0000] {dag.py:3239} INFO - Sync 1 DAGs
[2024-10-04T00:22:15.122+0000] {logging_mixin.py:190} INFO - [2024-10-04T00:22:15.122+0000] {dag.py:4180} INFO - Setting next_dagrun for example_task_group to None, run_after=None
[2024-10-04T00:22:15.136+0000] {processor.py:208} INFO - Processing /home/airflow/.local/lib/python3.12/site-packages/airflow/example_dags/example_task_group.py took 0.057 seconds
[2024-10-04T00:22:46.873+0000] {processor.py:186} INFO - Started process (PID=5950) to work on /home/airflow/.local/lib/python3.12/site-packages/airflow/example_dags/example_task_group.py
[2024-10-04T00:22:46.875+0000] {processor.py:914} INFO - Processing file /home/airflow/.local/lib/python3.12/site-packages/airflow/example_dags/example_task_group.py for tasks to queue
[2024-10-04T00:22:46.880+0000] {logging_mixin.py:190} INFO - [2024-10-04T00:22:46.879+0000] {dagbag.py:588} INFO - Filling up the DagBag from /home/airflow/.local/lib/python3.12/site-packages/airflow/example_dags/example_task_group.py
[2024-10-04T00:22:46.893+0000] {processor.py:925} INFO - DAG(s) 'example_task_group' retrieved from /home/airflow/.local/lib/python3.12/site-packages/airflow/example_dags/example_task_group.py
[2024-10-04T00:22:46.926+0000] {logging_mixin.py:190} INFO - [2024-10-04T00:22:46.926+0000] {dag.py:3239} INFO - Sync 1 DAGs
[2024-10-04T00:22:46.945+0000] {logging_mixin.py:190} INFO - [2024-10-04T00:22:46.945+0000] {dag.py:4180} INFO - Setting next_dagrun for example_task_group to None, run_after=None
[2024-10-04T00:22:46.979+0000] {processor.py:208} INFO - Processing /home/airflow/.local/lib/python3.12/site-packages/airflow/example_dags/example_task_group.py took 0.115 seconds
[2024-10-04T00:23:17.245+0000] {processor.py:186} INFO - Started process (PID=6236) to work on /home/airflow/.local/lib/python3.12/site-packages/airflow/example_dags/example_task_group.py
[2024-10-04T00:23:17.246+0000] {processor.py:914} INFO - Processing file /home/airflow/.local/lib/python3.12/site-packages/airflow/example_dags/example_task_group.py for tasks to queue
[2024-10-04T00:23:17.248+0000] {logging_mixin.py:190} INFO - [2024-10-04T00:23:17.248+0000] {dagbag.py:588} INFO - Filling up the DagBag from /home/airflow/.local/lib/python3.12/site-packages/airflow/example_dags/example_task_group.py
[2024-10-04T00:23:17.255+0000] {processor.py:925} INFO - DAG(s) 'example_task_group' retrieved from /home/airflow/.local/lib/python3.12/site-packages/airflow/example_dags/example_task_group.py
[2024-10-04T00:23:17.274+0000] {logging_mixin.py:190} INFO - [2024-10-04T00:23:17.274+0000] {dag.py:3239} INFO - Sync 1 DAGs
[2024-10-04T00:23:17.286+0000] {logging_mixin.py:190} INFO - [2024-10-04T00:23:17.286+0000] {dag.py:4180} INFO - Setting next_dagrun for example_task_group to None, run_after=None
[2024-10-04T00:23:17.303+0000] {processor.py:208} INFO - Processing /home/airflow/.local/lib/python3.12/site-packages/airflow/example_dags/example_task_group.py took 0.064 seconds
[2024-10-04T00:23:48.698+0000] {processor.py:186} INFO - Started process (PID=6522) to work on /home/airflow/.local/lib/python3.12/site-packages/airflow/example_dags/example_task_group.py
[2024-10-04T00:23:48.703+0000] {processor.py:914} INFO - Processing file /home/airflow/.local/lib/python3.12/site-packages/airflow/example_dags/example_task_group.py for tasks to queue
[2024-10-04T00:23:48.710+0000] {logging_mixin.py:190} INFO - [2024-10-04T00:23:48.709+0000] {dagbag.py:588} INFO - Filling up the DagBag from /home/airflow/.local/lib/python3.12/site-packages/airflow/example_dags/example_task_group.py
[2024-10-04T00:23:48.727+0000] {processor.py:925} INFO - DAG(s) 'example_task_group' retrieved from /home/airflow/.local/lib/python3.12/site-packages/airflow/example_dags/example_task_group.py
[2024-10-04T00:23:48.763+0000] {logging_mixin.py:190} INFO - [2024-10-04T00:23:48.763+0000] {dag.py:3239} INFO - Sync 1 DAGs
[2024-10-04T00:23:48.783+0000] {logging_mixin.py:190} INFO - [2024-10-04T00:23:48.782+0000] {dag.py:4180} INFO - Setting next_dagrun for example_task_group to None, run_after=None
[2024-10-04T00:23:48.803+0000] {processor.py:208} INFO - Processing /home/airflow/.local/lib/python3.12/site-packages/airflow/example_dags/example_task_group.py took 0.171 seconds
[2024-10-04T00:24:19.513+0000] {processor.py:186} INFO - Started process (PID=6808) to work on /home/airflow/.local/lib/python3.12/site-packages/airflow/example_dags/example_task_group.py
[2024-10-04T00:24:19.514+0000] {processor.py:914} INFO - Processing file /home/airflow/.local/lib/python3.12/site-packages/airflow/example_dags/example_task_group.py for tasks to queue
[2024-10-04T00:24:19.516+0000] {logging_mixin.py:190} INFO - [2024-10-04T00:24:19.515+0000] {dagbag.py:588} INFO - Filling up the DagBag from /home/airflow/.local/lib/python3.12/site-packages/airflow/example_dags/example_task_group.py
[2024-10-04T00:24:19.523+0000] {processor.py:925} INFO - DAG(s) 'example_task_group' retrieved from /home/airflow/.local/lib/python3.12/site-packages/airflow/example_dags/example_task_group.py
[2024-10-04T00:24:19.541+0000] {logging_mixin.py:190} INFO - [2024-10-04T00:24:19.541+0000] {dag.py:3239} INFO - Sync 1 DAGs
[2024-10-04T00:24:19.552+0000] {logging_mixin.py:190} INFO - [2024-10-04T00:24:19.552+0000] {dag.py:4180} INFO - Setting next_dagrun for example_task_group to None, run_after=None
[2024-10-04T00:24:19.565+0000] {processor.py:208} INFO - Processing /home/airflow/.local/lib/python3.12/site-packages/airflow/example_dags/example_task_group.py took 0.057 seconds
[2024-10-04T00:24:50.173+0000] {processor.py:186} INFO - Started process (PID=7094) to work on /home/airflow/.local/lib/python3.12/site-packages/airflow/example_dags/example_task_group.py
[2024-10-04T00:24:50.175+0000] {processor.py:914} INFO - Processing file /home/airflow/.local/lib/python3.12/site-packages/airflow/example_dags/example_task_group.py for tasks to queue
[2024-10-04T00:24:50.177+0000] {logging_mixin.py:190} INFO - [2024-10-04T00:24:50.177+0000] {dagbag.py:588} INFO - Filling up the DagBag from /home/airflow/.local/lib/python3.12/site-packages/airflow/example_dags/example_task_group.py
[2024-10-04T00:24:50.186+0000] {processor.py:925} INFO - DAG(s) 'example_task_group' retrieved from /home/airflow/.local/lib/python3.12/site-packages/airflow/example_dags/example_task_group.py
[2024-10-04T00:24:50.204+0000] {logging_mixin.py:190} INFO - [2024-10-04T00:24:50.204+0000] {dag.py:3239} INFO - Sync 1 DAGs
[2024-10-04T00:24:50.216+0000] {logging_mixin.py:190} INFO - [2024-10-04T00:24:50.215+0000] {dag.py:4180} INFO - Setting next_dagrun for example_task_group to None, run_after=None
[2024-10-04T00:24:50.229+0000] {processor.py:208} INFO - Processing /home/airflow/.local/lib/python3.12/site-packages/airflow/example_dags/example_task_group.py took 0.062 seconds
[2024-10-04T00:25:20.903+0000] {processor.py:186} INFO - Started process (PID=7380) to work on /home/airflow/.local/lib/python3.12/site-packages/airflow/example_dags/example_task_group.py
[2024-10-04T00:25:20.904+0000] {processor.py:914} INFO - Processing file /home/airflow/.local/lib/python3.12/site-packages/airflow/example_dags/example_task_group.py for tasks to queue
[2024-10-04T00:25:20.906+0000] {logging_mixin.py:190} INFO - [2024-10-04T00:25:20.906+0000] {dagbag.py:588} INFO - Filling up the DagBag from /home/airflow/.local/lib/python3.12/site-packages/airflow/example_dags/example_task_group.py
[2024-10-04T00:25:20.914+0000] {processor.py:925} INFO - DAG(s) 'example_task_group' retrieved from /home/airflow/.local/lib/python3.12/site-packages/airflow/example_dags/example_task_group.py
[2024-10-04T00:25:20.933+0000] {logging_mixin.py:190} INFO - [2024-10-04T00:25:20.933+0000] {dag.py:3239} INFO - Sync 1 DAGs
[2024-10-04T00:25:20.944+0000] {logging_mixin.py:190} INFO - [2024-10-04T00:25:20.944+0000] {dag.py:4180} INFO - Setting next_dagrun for example_task_group to None, run_after=None
[2024-10-04T00:25:20.957+0000] {processor.py:208} INFO - Processing /home/airflow/.local/lib/python3.12/site-packages/airflow/example_dags/example_task_group.py took 0.060 seconds
[2024-10-04T00:25:51.859+0000] {processor.py:186} INFO - Started process (PID=7666) to work on /home/airflow/.local/lib/python3.12/site-packages/airflow/example_dags/example_task_group.py
[2024-10-04T00:25:51.861+0000] {processor.py:914} INFO - Processing file /home/airflow/.local/lib/python3.12/site-packages/airflow/example_dags/example_task_group.py for tasks to queue
[2024-10-04T00:25:51.863+0000] {logging_mixin.py:190} INFO - [2024-10-04T00:25:51.862+0000] {dagbag.py:588} INFO - Filling up the DagBag from /home/airflow/.local/lib/python3.12/site-packages/airflow/example_dags/example_task_group.py
[2024-10-04T00:25:51.871+0000] {processor.py:925} INFO - DAG(s) 'example_task_group' retrieved from /home/airflow/.local/lib/python3.12/site-packages/airflow/example_dags/example_task_group.py
[2024-10-04T00:25:51.891+0000] {logging_mixin.py:190} INFO - [2024-10-04T00:25:51.891+0000] {dag.py:3239} INFO - Sync 1 DAGs
[2024-10-04T00:25:51.902+0000] {logging_mixin.py:190} INFO - [2024-10-04T00:25:51.902+0000] {dag.py:4180} INFO - Setting next_dagrun for example_task_group to None, run_after=None
[2024-10-04T00:25:51.915+0000] {processor.py:208} INFO - Processing /home/airflow/.local/lib/python3.12/site-packages/airflow/example_dags/example_task_group.py took 0.063 seconds
[2024-10-04T00:26:22.187+0000] {processor.py:186} INFO - Started process (PID=7952) to work on /home/airflow/.local/lib/python3.12/site-packages/airflow/example_dags/example_task_group.py
[2024-10-04T00:26:22.188+0000] {processor.py:914} INFO - Processing file /home/airflow/.local/lib/python3.12/site-packages/airflow/example_dags/example_task_group.py for tasks to queue
[2024-10-04T00:26:22.191+0000] {logging_mixin.py:190} INFO - [2024-10-04T00:26:22.191+0000] {dagbag.py:588} INFO - Filling up the DagBag from /home/airflow/.local/lib/python3.12/site-packages/airflow/example_dags/example_task_group.py
[2024-10-04T00:26:22.201+0000] {processor.py:925} INFO - DAG(s) 'example_task_group' retrieved from /home/airflow/.local/lib/python3.12/site-packages/airflow/example_dags/example_task_group.py
[2024-10-04T00:26:22.220+0000] {logging_mixin.py:190} INFO - [2024-10-04T00:26:22.220+0000] {dag.py:3239} INFO - Sync 1 DAGs
[2024-10-04T00:26:22.232+0000] {logging_mixin.py:190} INFO - [2024-10-04T00:26:22.231+0000] {dag.py:4180} INFO - Setting next_dagrun for example_task_group to None, run_after=None
[2024-10-04T00:26:22.244+0000] {processor.py:208} INFO - Processing /home/airflow/.local/lib/python3.12/site-packages/airflow/example_dags/example_task_group.py took 0.065 seconds
[2024-10-04T00:26:52.534+0000] {processor.py:186} INFO - Started process (PID=8240) to work on /home/airflow/.local/lib/python3.12/site-packages/airflow/example_dags/example_task_group.py
[2024-10-04T00:26:52.535+0000] {processor.py:914} INFO - Processing file /home/airflow/.local/lib/python3.12/site-packages/airflow/example_dags/example_task_group.py for tasks to queue
[2024-10-04T00:26:52.537+0000] {logging_mixin.py:190} INFO - [2024-10-04T00:26:52.537+0000] {dagbag.py:588} INFO - Filling up the DagBag from /home/airflow/.local/lib/python3.12/site-packages/airflow/example_dags/example_task_group.py
[2024-10-04T00:26:52.544+0000] {processor.py:925} INFO - DAG(s) 'example_task_group' retrieved from /home/airflow/.local/lib/python3.12/site-packages/airflow/example_dags/example_task_group.py
[2024-10-04T00:26:52.562+0000] {logging_mixin.py:190} INFO - [2024-10-04T00:26:52.561+0000] {dag.py:3239} INFO - Sync 1 DAGs
[2024-10-04T00:26:52.572+0000] {logging_mixin.py:190} INFO - [2024-10-04T00:26:52.572+0000] {dag.py:4180} INFO - Setting next_dagrun for example_task_group to None, run_after=None
[2024-10-04T00:26:52.585+0000] {processor.py:208} INFO - Processing /home/airflow/.local/lib/python3.12/site-packages/airflow/example_dags/example_task_group.py took 0.057 seconds
[2024-10-04T00:27:22.623+0000] {processor.py:186} INFO - Started process (PID=8524) to work on /home/airflow/.local/lib/python3.12/site-packages/airflow/example_dags/example_task_group.py
[2024-10-04T00:27:22.624+0000] {processor.py:914} INFO - Processing file /home/airflow/.local/lib/python3.12/site-packages/airflow/example_dags/example_task_group.py for tasks to queue
[2024-10-04T00:27:22.626+0000] {logging_mixin.py:190} INFO - [2024-10-04T00:27:22.625+0000] {dagbag.py:588} INFO - Filling up the DagBag from /home/airflow/.local/lib/python3.12/site-packages/airflow/example_dags/example_task_group.py
[2024-10-04T00:27:22.633+0000] {processor.py:925} INFO - DAG(s) 'example_task_group' retrieved from /home/airflow/.local/lib/python3.12/site-packages/airflow/example_dags/example_task_group.py
[2024-10-04T00:27:22.651+0000] {logging_mixin.py:190} INFO - [2024-10-04T00:27:22.650+0000] {dag.py:3239} INFO - Sync 1 DAGs
[2024-10-04T00:27:22.662+0000] {logging_mixin.py:190} INFO - [2024-10-04T00:27:22.662+0000] {dag.py:4180} INFO - Setting next_dagrun for example_task_group to None, run_after=None
[2024-10-04T00:27:22.675+0000] {processor.py:208} INFO - Processing /home/airflow/.local/lib/python3.12/site-packages/airflow/example_dags/example_task_group.py took 0.057 seconds
[2024-10-04T00:27:52.898+0000] {processor.py:186} INFO - Started process (PID=8810) to work on /home/airflow/.local/lib/python3.12/site-packages/airflow/example_dags/example_task_group.py
[2024-10-04T00:27:52.899+0000] {processor.py:914} INFO - Processing file /home/airflow/.local/lib/python3.12/site-packages/airflow/example_dags/example_task_group.py for tasks to queue
[2024-10-04T00:27:52.901+0000] {logging_mixin.py:190} INFO - [2024-10-04T00:27:52.901+0000] {dagbag.py:588} INFO - Filling up the DagBag from /home/airflow/.local/lib/python3.12/site-packages/airflow/example_dags/example_task_group.py
[2024-10-04T00:27:52.909+0000] {processor.py:925} INFO - DAG(s) 'example_task_group' retrieved from /home/airflow/.local/lib/python3.12/site-packages/airflow/example_dags/example_task_group.py
[2024-10-04T00:27:52.926+0000] {logging_mixin.py:190} INFO - [2024-10-04T00:27:52.926+0000] {dag.py:3239} INFO - Sync 1 DAGs
[2024-10-04T00:27:52.937+0000] {logging_mixin.py:190} INFO - [2024-10-04T00:27:52.937+0000] {dag.py:4180} INFO - Setting next_dagrun for example_task_group to None, run_after=None
[2024-10-04T00:27:52.950+0000] {processor.py:208} INFO - Processing /home/airflow/.local/lib/python3.12/site-packages/airflow/example_dags/example_task_group.py took 0.058 seconds
[2024-10-04T00:28:23.418+0000] {processor.py:186} INFO - Started process (PID=9096) to work on /home/airflow/.local/lib/python3.12/site-packages/airflow/example_dags/example_task_group.py
[2024-10-04T00:28:23.419+0000] {processor.py:914} INFO - Processing file /home/airflow/.local/lib/python3.12/site-packages/airflow/example_dags/example_task_group.py for tasks to queue
[2024-10-04T00:28:23.421+0000] {logging_mixin.py:190} INFO - [2024-10-04T00:28:23.421+0000] {dagbag.py:588} INFO - Filling up the DagBag from /home/airflow/.local/lib/python3.12/site-packages/airflow/example_dags/example_task_group.py
[2024-10-04T00:28:23.429+0000] {processor.py:925} INFO - DAG(s) 'example_task_group' retrieved from /home/airflow/.local/lib/python3.12/site-packages/airflow/example_dags/example_task_group.py
[2024-10-04T00:28:23.447+0000] {logging_mixin.py:190} INFO - [2024-10-04T00:28:23.447+0000] {dag.py:3239} INFO - Sync 1 DAGs
[2024-10-04T00:28:23.458+0000] {logging_mixin.py:190} INFO - [2024-10-04T00:28:23.457+0000] {dag.py:4180} INFO - Setting next_dagrun for example_task_group to None, run_after=None
[2024-10-04T00:28:23.470+0000] {processor.py:208} INFO - Processing /home/airflow/.local/lib/python3.12/site-packages/airflow/example_dags/example_task_group.py took 0.057 seconds
[2024-10-04T00:28:53.867+0000] {processor.py:186} INFO - Started process (PID=9384) to work on /home/airflow/.local/lib/python3.12/site-packages/airflow/example_dags/example_task_group.py
[2024-10-04T00:28:53.868+0000] {processor.py:914} INFO - Processing file /home/airflow/.local/lib/python3.12/site-packages/airflow/example_dags/example_task_group.py for tasks to queue
[2024-10-04T00:28:53.871+0000] {logging_mixin.py:190} INFO - [2024-10-04T00:28:53.870+0000] {dagbag.py:588} INFO - Filling up the DagBag from /home/airflow/.local/lib/python3.12/site-packages/airflow/example_dags/example_task_group.py
[2024-10-04T00:28:53.879+0000] {processor.py:925} INFO - DAG(s) 'example_task_group' retrieved from /home/airflow/.local/lib/python3.12/site-packages/airflow/example_dags/example_task_group.py
[2024-10-04T00:28:53.905+0000] {logging_mixin.py:190} INFO - [2024-10-04T00:28:53.905+0000] {dag.py:3239} INFO - Sync 1 DAGs
[2024-10-04T00:28:53.919+0000] {logging_mixin.py:190} INFO - [2024-10-04T00:28:53.918+0000] {dag.py:4180} INFO - Setting next_dagrun for example_task_group to None, run_after=None
[2024-10-04T00:28:53.933+0000] {processor.py:208} INFO - Processing /home/airflow/.local/lib/python3.12/site-packages/airflow/example_dags/example_task_group.py took 0.072 seconds
