[2024-10-04T00:12:37.277+0000] {processor.py:186} INFO - Started process (PID=401) to work on /home/airflow/.local/lib/python3.12/site-packages/airflow/example_dags/example_bash_operator.py
[2024-10-04T00:12:37.279+0000] {processor.py:914} INFO - Processing file /home/airflow/.local/lib/python3.12/site-packages/airflow/example_dags/example_bash_operator.py for tasks to queue
[2024-10-04T00:12:37.283+0000] {logging_mixin.py:190} INFO - [2024-10-04T00:12:37.282+0000] {dagbag.py:588} INFO - Filling up the DagBag from /home/airflow/.local/lib/python3.12/site-packages/airflow/example_dags/example_bash_operator.py
[2024-10-04T00:12:37.312+0000] {processor.py:925} INFO - DAG(s) 'example_bash_operator' retrieved from /home/airflow/.local/lib/python3.12/site-packages/airflow/example_dags/example_bash_operator.py
[2024-10-04T00:12:37.426+0000] {logging_mixin.py:190} INFO - [2024-10-04T00:12:37.426+0000] {override.py:1900} INFO - Created Permission View: can read on DAG:example_bash_operator
[2024-10-04T00:12:37.434+0000] {logging_mixin.py:190} INFO - [2024-10-04T00:12:37.434+0000] {override.py:1900} INFO - Created Permission View: can delete on DAG:example_bash_operator
[2024-10-04T00:12:37.439+0000] {logging_mixin.py:190} INFO - [2024-10-04T00:12:37.438+0000] {override.py:1900} INFO - Created Permission View: can edit on DAG:example_bash_operator
[2024-10-04T00:12:37.443+0000] {logging_mixin.py:190} INFO - [2024-10-04T00:12:37.443+0000] {override.py:1900} INFO - Created Permission View: menu access on DAG Run:example_bash_operator
[2024-10-04T00:12:37.448+0000] {logging_mixin.py:190} INFO - [2024-10-04T00:12:37.448+0000] {override.py:1900} INFO - Created Permission View: can read on DAG Run:example_bash_operator
[2024-10-04T00:12:37.452+0000] {logging_mixin.py:190} INFO - [2024-10-04T00:12:37.452+0000] {override.py:1900} INFO - Created Permission View: can delete on DAG Run:example_bash_operator
[2024-10-04T00:12:37.457+0000] {logging_mixin.py:190} INFO - [2024-10-04T00:12:37.456+0000] {override.py:1900} INFO - Created Permission View: can create on DAG Run:example_bash_operator
[2024-10-04T00:12:37.457+0000] {logging_mixin.py:190} INFO - [2024-10-04T00:12:37.457+0000] {dag.py:3239} INFO - Sync 1 DAGs
[2024-10-04T00:12:37.469+0000] {logging_mixin.py:190} INFO - [2024-10-04T00:12:37.469+0000] {dag.py:3262} INFO - Creating ORM DAG for example_bash_operator
[2024-10-04T00:12:37.478+0000] {logging_mixin.py:190} INFO - [2024-10-04T00:12:37.478+0000] {dag.py:4180} INFO - Setting next_dagrun for example_bash_operator to 2024-10-03 00:00:00+00:00, run_after=2024-10-04 00:00:00+00:00
[2024-10-04T00:12:37.491+0000] {processor.py:208} INFO - Processing /home/airflow/.local/lib/python3.12/site-packages/airflow/example_dags/example_bash_operator.py took 0.222 seconds
[2024-10-04T00:13:08.298+0000] {processor.py:186} INFO - Started process (PID=685) to work on /home/airflow/.local/lib/python3.12/site-packages/airflow/example_dags/example_bash_operator.py
[2024-10-04T00:13:08.299+0000] {processor.py:914} INFO - Processing file /home/airflow/.local/lib/python3.12/site-packages/airflow/example_dags/example_bash_operator.py for tasks to queue
[2024-10-04T00:13:08.302+0000] {logging_mixin.py:190} INFO - [2024-10-04T00:13:08.302+0000] {dagbag.py:588} INFO - Filling up the DagBag from /home/airflow/.local/lib/python3.12/site-packages/airflow/example_dags/example_bash_operator.py
[2024-10-04T00:13:08.315+0000] {processor.py:925} INFO - DAG(s) 'example_bash_operator' retrieved from /home/airflow/.local/lib/python3.12/site-packages/airflow/example_dags/example_bash_operator.py
[2024-10-04T00:13:08.337+0000] {logging_mixin.py:190} INFO - [2024-10-04T00:13:08.336+0000] {dag.py:3239} INFO - Sync 1 DAGs
[2024-10-04T00:13:08.355+0000] {logging_mixin.py:190} INFO - [2024-10-04T00:13:08.355+0000] {dag.py:4180} INFO - Setting next_dagrun for example_bash_operator to 2024-10-03 00:00:00+00:00, run_after=2024-10-04 00:00:00+00:00
[2024-10-04T00:13:08.369+0000] {processor.py:208} INFO - Processing /home/airflow/.local/lib/python3.12/site-packages/airflow/example_dags/example_bash_operator.py took 0.076 seconds
[2024-10-04T00:13:38.585+0000] {processor.py:186} INFO - Started process (PID=971) to work on /home/airflow/.local/lib/python3.12/site-packages/airflow/example_dags/example_bash_operator.py
[2024-10-04T00:13:38.586+0000] {processor.py:914} INFO - Processing file /home/airflow/.local/lib/python3.12/site-packages/airflow/example_dags/example_bash_operator.py for tasks to queue
[2024-10-04T00:13:38.589+0000] {logging_mixin.py:190} INFO - [2024-10-04T00:13:38.589+0000] {dagbag.py:588} INFO - Filling up the DagBag from /home/airflow/.local/lib/python3.12/site-packages/airflow/example_dags/example_bash_operator.py
[2024-10-04T00:13:38.601+0000] {processor.py:925} INFO - DAG(s) 'example_bash_operator' retrieved from /home/airflow/.local/lib/python3.12/site-packages/airflow/example_dags/example_bash_operator.py
[2024-10-04T00:13:38.625+0000] {logging_mixin.py:190} INFO - [2024-10-04T00:13:38.625+0000] {dag.py:3239} INFO - Sync 1 DAGs
[2024-10-04T00:13:38.644+0000] {logging_mixin.py:190} INFO - [2024-10-04T00:13:38.644+0000] {dag.py:4180} INFO - Setting next_dagrun for example_bash_operator to 2024-10-03 00:00:00+00:00, run_after=2024-10-04 00:00:00+00:00
[2024-10-04T00:13:38.657+0000] {processor.py:208} INFO - Processing /home/airflow/.local/lib/python3.12/site-packages/airflow/example_dags/example_bash_operator.py took 0.077 seconds
[2024-10-04T00:14:09.344+0000] {processor.py:186} INFO - Started process (PID=1257) to work on /home/airflow/.local/lib/python3.12/site-packages/airflow/example_dags/example_bash_operator.py
[2024-10-04T00:14:09.345+0000] {processor.py:914} INFO - Processing file /home/airflow/.local/lib/python3.12/site-packages/airflow/example_dags/example_bash_operator.py for tasks to queue
[2024-10-04T00:14:09.348+0000] {logging_mixin.py:190} INFO - [2024-10-04T00:14:09.348+0000] {dagbag.py:588} INFO - Filling up the DagBag from /home/airflow/.local/lib/python3.12/site-packages/airflow/example_dags/example_bash_operator.py
[2024-10-04T00:14:09.359+0000] {processor.py:925} INFO - DAG(s) 'example_bash_operator' retrieved from /home/airflow/.local/lib/python3.12/site-packages/airflow/example_dags/example_bash_operator.py
[2024-10-04T00:14:09.381+0000] {logging_mixin.py:190} INFO - [2024-10-04T00:14:09.380+0000] {dag.py:3239} INFO - Sync 1 DAGs
[2024-10-04T00:14:09.419+0000] {logging_mixin.py:190} INFO - [2024-10-04T00:14:09.418+0000] {dag.py:4180} INFO - Setting next_dagrun for example_bash_operator to 2024-10-03 00:00:00+00:00, run_after=2024-10-04 00:00:00+00:00
[2024-10-04T00:14:09.451+0000] {processor.py:208} INFO - Processing /home/airflow/.local/lib/python3.12/site-packages/airflow/example_dags/example_bash_operator.py took 0.112 seconds
[2024-10-04T00:14:39.735+0000] {processor.py:186} INFO - Started process (PID=1543) to work on /home/airflow/.local/lib/python3.12/site-packages/airflow/example_dags/example_bash_operator.py
[2024-10-04T00:14:39.736+0000] {processor.py:914} INFO - Processing file /home/airflow/.local/lib/python3.12/site-packages/airflow/example_dags/example_bash_operator.py for tasks to queue
[2024-10-04T00:14:39.739+0000] {logging_mixin.py:190} INFO - [2024-10-04T00:14:39.738+0000] {dagbag.py:588} INFO - Filling up the DagBag from /home/airflow/.local/lib/python3.12/site-packages/airflow/example_dags/example_bash_operator.py
[2024-10-04T00:14:39.749+0000] {processor.py:925} INFO - DAG(s) 'example_bash_operator' retrieved from /home/airflow/.local/lib/python3.12/site-packages/airflow/example_dags/example_bash_operator.py
[2024-10-04T00:14:39.769+0000] {logging_mixin.py:190} INFO - [2024-10-04T00:14:39.768+0000] {dag.py:3239} INFO - Sync 1 DAGs
[2024-10-04T00:14:39.786+0000] {logging_mixin.py:190} INFO - [2024-10-04T00:14:39.786+0000] {dag.py:4180} INFO - Setting next_dagrun for example_bash_operator to 2024-10-03 00:00:00+00:00, run_after=2024-10-04 00:00:00+00:00
[2024-10-04T00:14:39.799+0000] {processor.py:208} INFO - Processing /home/airflow/.local/lib/python3.12/site-packages/airflow/example_dags/example_bash_operator.py took 0.069 seconds
[2024-10-04T00:15:10.327+0000] {processor.py:186} INFO - Started process (PID=1831) to work on /home/airflow/.local/lib/python3.12/site-packages/airflow/example_dags/example_bash_operator.py
[2024-10-04T00:15:10.328+0000] {processor.py:914} INFO - Processing file /home/airflow/.local/lib/python3.12/site-packages/airflow/example_dags/example_bash_operator.py for tasks to queue
[2024-10-04T00:15:10.330+0000] {logging_mixin.py:190} INFO - [2024-10-04T00:15:10.330+0000] {dagbag.py:588} INFO - Filling up the DagBag from /home/airflow/.local/lib/python3.12/site-packages/airflow/example_dags/example_bash_operator.py
[2024-10-04T00:15:10.340+0000] {processor.py:925} INFO - DAG(s) 'example_bash_operator' retrieved from /home/airflow/.local/lib/python3.12/site-packages/airflow/example_dags/example_bash_operator.py
[2024-10-04T00:15:10.360+0000] {logging_mixin.py:190} INFO - [2024-10-04T00:15:10.360+0000] {dag.py:3239} INFO - Sync 1 DAGs
[2024-10-04T00:15:10.377+0000] {logging_mixin.py:190} INFO - [2024-10-04T00:15:10.377+0000] {dag.py:4180} INFO - Setting next_dagrun for example_bash_operator to 2024-10-03 00:00:00+00:00, run_after=2024-10-04 00:00:00+00:00
[2024-10-04T00:15:10.390+0000] {processor.py:208} INFO - Processing /home/airflow/.local/lib/python3.12/site-packages/airflow/example_dags/example_bash_operator.py took 0.068 seconds
[2024-10-04T00:15:41.322+0000] {processor.py:186} INFO - Started process (PID=2117) to work on /home/airflow/.local/lib/python3.12/site-packages/airflow/example_dags/example_bash_operator.py
[2024-10-04T00:15:41.323+0000] {processor.py:914} INFO - Processing file /home/airflow/.local/lib/python3.12/site-packages/airflow/example_dags/example_bash_operator.py for tasks to queue
[2024-10-04T00:15:41.325+0000] {logging_mixin.py:190} INFO - [2024-10-04T00:15:41.325+0000] {dagbag.py:588} INFO - Filling up the DagBag from /home/airflow/.local/lib/python3.12/site-packages/airflow/example_dags/example_bash_operator.py
[2024-10-04T00:15:41.336+0000] {processor.py:925} INFO - DAG(s) 'example_bash_operator' retrieved from /home/airflow/.local/lib/python3.12/site-packages/airflow/example_dags/example_bash_operator.py
[2024-10-04T00:15:41.356+0000] {logging_mixin.py:190} INFO - [2024-10-04T00:15:41.356+0000] {dag.py:3239} INFO - Sync 1 DAGs
[2024-10-04T00:15:41.373+0000] {logging_mixin.py:190} INFO - [2024-10-04T00:15:41.373+0000] {dag.py:4180} INFO - Setting next_dagrun for example_bash_operator to 2024-10-03 00:00:00+00:00, run_after=2024-10-04 00:00:00+00:00
[2024-10-04T00:15:41.386+0000] {processor.py:208} INFO - Processing /home/airflow/.local/lib/python3.12/site-packages/airflow/example_dags/example_bash_operator.py took 0.070 seconds
[2024-10-04T00:16:11.702+0000] {processor.py:186} INFO - Started process (PID=2401) to work on /home/airflow/.local/lib/python3.12/site-packages/airflow/example_dags/example_bash_operator.py
[2024-10-04T00:16:11.704+0000] {processor.py:914} INFO - Processing file /home/airflow/.local/lib/python3.12/site-packages/airflow/example_dags/example_bash_operator.py for tasks to queue
[2024-10-04T00:16:11.706+0000] {logging_mixin.py:190} INFO - [2024-10-04T00:16:11.706+0000] {dagbag.py:588} INFO - Filling up the DagBag from /home/airflow/.local/lib/python3.12/site-packages/airflow/example_dags/example_bash_operator.py
[2024-10-04T00:16:11.718+0000] {processor.py:925} INFO - DAG(s) 'example_bash_operator' retrieved from /home/airflow/.local/lib/python3.12/site-packages/airflow/example_dags/example_bash_operator.py
[2024-10-04T00:16:11.741+0000] {logging_mixin.py:190} INFO - [2024-10-04T00:16:11.740+0000] {dag.py:3239} INFO - Sync 1 DAGs
[2024-10-04T00:16:11.760+0000] {logging_mixin.py:190} INFO - [2024-10-04T00:16:11.760+0000] {dag.py:4180} INFO - Setting next_dagrun for example_bash_operator to 2024-10-03 00:00:00+00:00, run_after=2024-10-04 00:00:00+00:00
[2024-10-04T00:16:11.774+0000] {processor.py:208} INFO - Processing /home/airflow/.local/lib/python3.12/site-packages/airflow/example_dags/example_bash_operator.py took 0.076 seconds
[2024-10-04T00:16:42.321+0000] {processor.py:186} INFO - Started process (PID=2689) to work on /home/airflow/.local/lib/python3.12/site-packages/airflow/example_dags/example_bash_operator.py
[2024-10-04T00:16:42.323+0000] {processor.py:914} INFO - Processing file /home/airflow/.local/lib/python3.12/site-packages/airflow/example_dags/example_bash_operator.py for tasks to queue
[2024-10-04T00:16:42.328+0000] {logging_mixin.py:190} INFO - [2024-10-04T00:16:42.328+0000] {dagbag.py:588} INFO - Filling up the DagBag from /home/airflow/.local/lib/python3.12/site-packages/airflow/example_dags/example_bash_operator.py
[2024-10-04T00:16:42.350+0000] {processor.py:925} INFO - DAG(s) 'example_bash_operator' retrieved from /home/airflow/.local/lib/python3.12/site-packages/airflow/example_dags/example_bash_operator.py
[2024-10-04T00:16:42.376+0000] {logging_mixin.py:190} INFO - [2024-10-04T00:16:42.375+0000] {dag.py:3239} INFO - Sync 1 DAGs
[2024-10-04T00:16:42.396+0000] {logging_mixin.py:190} INFO - [2024-10-04T00:16:42.396+0000] {dag.py:4180} INFO - Setting next_dagrun for example_bash_operator to 2024-10-03 00:00:00+00:00, run_after=2024-10-04 00:00:00+00:00
[2024-10-04T00:16:42.414+0000] {processor.py:208} INFO - Processing /home/airflow/.local/lib/python3.12/site-packages/airflow/example_dags/example_bash_operator.py took 0.099 seconds
[2024-10-04T00:17:12.939+0000] {processor.py:186} INFO - Started process (PID=2979) to work on /home/airflow/.local/lib/python3.12/site-packages/airflow/example_dags/example_bash_operator.py
[2024-10-04T00:17:12.940+0000] {processor.py:914} INFO - Processing file /home/airflow/.local/lib/python3.12/site-packages/airflow/example_dags/example_bash_operator.py for tasks to queue
[2024-10-04T00:17:12.943+0000] {logging_mixin.py:190} INFO - [2024-10-04T00:17:12.942+0000] {dagbag.py:588} INFO - Filling up the DagBag from /home/airflow/.local/lib/python3.12/site-packages/airflow/example_dags/example_bash_operator.py
[2024-10-04T00:17:12.955+0000] {processor.py:925} INFO - DAG(s) 'example_bash_operator' retrieved from /home/airflow/.local/lib/python3.12/site-packages/airflow/example_dags/example_bash_operator.py
[2024-10-04T00:17:12.978+0000] {logging_mixin.py:190} INFO - [2024-10-04T00:17:12.978+0000] {dag.py:3239} INFO - Sync 1 DAGs
[2024-10-04T00:17:13.014+0000] {logging_mixin.py:190} INFO - [2024-10-04T00:17:13.014+0000] {dag.py:4180} INFO - Setting next_dagrun for example_bash_operator to 2024-10-03 00:00:00+00:00, run_after=2024-10-04 00:00:00+00:00
[2024-10-04T00:17:13.030+0000] {processor.py:208} INFO - Processing /home/airflow/.local/lib/python3.12/site-packages/airflow/example_dags/example_bash_operator.py took 0.098 seconds
[2024-10-04T00:17:43.512+0000] {processor.py:186} INFO - Started process (PID=3265) to work on /home/airflow/.local/lib/python3.12/site-packages/airflow/example_dags/example_bash_operator.py
[2024-10-04T00:17:43.514+0000] {processor.py:914} INFO - Processing file /home/airflow/.local/lib/python3.12/site-packages/airflow/example_dags/example_bash_operator.py for tasks to queue
[2024-10-04T00:17:43.516+0000] {logging_mixin.py:190} INFO - [2024-10-04T00:17:43.516+0000] {dagbag.py:588} INFO - Filling up the DagBag from /home/airflow/.local/lib/python3.12/site-packages/airflow/example_dags/example_bash_operator.py
[2024-10-04T00:17:43.535+0000] {processor.py:925} INFO - DAG(s) 'example_bash_operator' retrieved from /home/airflow/.local/lib/python3.12/site-packages/airflow/example_dags/example_bash_operator.py
[2024-10-04T00:17:43.580+0000] {logging_mixin.py:190} INFO - [2024-10-04T00:17:43.580+0000] {dag.py:3239} INFO - Sync 1 DAGs
[2024-10-04T00:17:43.613+0000] {logging_mixin.py:190} INFO - [2024-10-04T00:17:43.612+0000] {dag.py:4180} INFO - Setting next_dagrun for example_bash_operator to 2024-10-03 00:00:00+00:00, run_after=2024-10-04 00:00:00+00:00
[2024-10-04T00:17:43.630+0000] {processor.py:208} INFO - Processing /home/airflow/.local/lib/python3.12/site-packages/airflow/example_dags/example_bash_operator.py took 0.125 seconds
[2024-10-04T00:18:13.869+0000] {processor.py:186} INFO - Started process (PID=3551) to work on /home/airflow/.local/lib/python3.12/site-packages/airflow/example_dags/example_bash_operator.py
[2024-10-04T00:18:13.870+0000] {processor.py:914} INFO - Processing file /home/airflow/.local/lib/python3.12/site-packages/airflow/example_dags/example_bash_operator.py for tasks to queue
[2024-10-04T00:18:13.872+0000] {logging_mixin.py:190} INFO - [2024-10-04T00:18:13.872+0000] {dagbag.py:588} INFO - Filling up the DagBag from /home/airflow/.local/lib/python3.12/site-packages/airflow/example_dags/example_bash_operator.py
[2024-10-04T00:18:13.883+0000] {processor.py:925} INFO - DAG(s) 'example_bash_operator' retrieved from /home/airflow/.local/lib/python3.12/site-packages/airflow/example_dags/example_bash_operator.py
[2024-10-04T00:18:13.904+0000] {logging_mixin.py:190} INFO - [2024-10-04T00:18:13.903+0000] {dag.py:3239} INFO - Sync 1 DAGs
[2024-10-04T00:18:13.921+0000] {logging_mixin.py:190} INFO - [2024-10-04T00:18:13.921+0000] {dag.py:4180} INFO - Setting next_dagrun for example_bash_operator to 2024-10-03 00:00:00+00:00, run_after=2024-10-04 00:00:00+00:00
[2024-10-04T00:18:13.937+0000] {processor.py:208} INFO - Processing /home/airflow/.local/lib/python3.12/site-packages/airflow/example_dags/example_bash_operator.py took 0.074 seconds
[2024-10-04T00:18:44.708+0000] {processor.py:186} INFO - Started process (PID=3839) to work on /home/airflow/.local/lib/python3.12/site-packages/airflow/example_dags/example_bash_operator.py
[2024-10-04T00:18:44.710+0000] {processor.py:914} INFO - Processing file /home/airflow/.local/lib/python3.12/site-packages/airflow/example_dags/example_bash_operator.py for tasks to queue
[2024-10-04T00:18:44.712+0000] {logging_mixin.py:190} INFO - [2024-10-04T00:18:44.711+0000] {dagbag.py:588} INFO - Filling up the DagBag from /home/airflow/.local/lib/python3.12/site-packages/airflow/example_dags/example_bash_operator.py
[2024-10-04T00:18:44.724+0000] {processor.py:925} INFO - DAG(s) 'example_bash_operator' retrieved from /home/airflow/.local/lib/python3.12/site-packages/airflow/example_dags/example_bash_operator.py
[2024-10-04T00:18:44.747+0000] {logging_mixin.py:190} INFO - [2024-10-04T00:18:44.746+0000] {dag.py:3239} INFO - Sync 1 DAGs
[2024-10-04T00:18:44.765+0000] {logging_mixin.py:190} INFO - [2024-10-04T00:18:44.765+0000] {dag.py:4180} INFO - Setting next_dagrun for example_bash_operator to 2024-10-03 00:00:00+00:00, run_after=2024-10-04 00:00:00+00:00
[2024-10-04T00:18:44.777+0000] {processor.py:208} INFO - Processing /home/airflow/.local/lib/python3.12/site-packages/airflow/example_dags/example_bash_operator.py took 0.074 seconds
[2024-10-04T00:19:15.259+0000] {processor.py:186} INFO - Started process (PID=4123) to work on /home/airflow/.local/lib/python3.12/site-packages/airflow/example_dags/example_bash_operator.py
[2024-10-04T00:19:15.260+0000] {processor.py:914} INFO - Processing file /home/airflow/.local/lib/python3.12/site-packages/airflow/example_dags/example_bash_operator.py for tasks to queue
[2024-10-04T00:19:15.263+0000] {logging_mixin.py:190} INFO - [2024-10-04T00:19:15.263+0000] {dagbag.py:588} INFO - Filling up the DagBag from /home/airflow/.local/lib/python3.12/site-packages/airflow/example_dags/example_bash_operator.py
[2024-10-04T00:19:15.276+0000] {processor.py:925} INFO - DAG(s) 'example_bash_operator' retrieved from /home/airflow/.local/lib/python3.12/site-packages/airflow/example_dags/example_bash_operator.py
[2024-10-04T00:19:15.297+0000] {logging_mixin.py:190} INFO - [2024-10-04T00:19:15.297+0000] {dag.py:3239} INFO - Sync 1 DAGs
[2024-10-04T00:19:15.316+0000] {logging_mixin.py:190} INFO - [2024-10-04T00:19:15.316+0000] {dag.py:4180} INFO - Setting next_dagrun for example_bash_operator to 2024-10-03 00:00:00+00:00, run_after=2024-10-04 00:00:00+00:00
[2024-10-04T00:19:15.329+0000] {processor.py:208} INFO - Processing /home/airflow/.local/lib/python3.12/site-packages/airflow/example_dags/example_bash_operator.py took 0.077 seconds
[2024-10-04T00:19:45.549+0000] {processor.py:186} INFO - Started process (PID=4409) to work on /home/airflow/.local/lib/python3.12/site-packages/airflow/example_dags/example_bash_operator.py
[2024-10-04T00:19:45.550+0000] {processor.py:914} INFO - Processing file /home/airflow/.local/lib/python3.12/site-packages/airflow/example_dags/example_bash_operator.py for tasks to queue
[2024-10-04T00:19:45.552+0000] {logging_mixin.py:190} INFO - [2024-10-04T00:19:45.552+0000] {dagbag.py:588} INFO - Filling up the DagBag from /home/airflow/.local/lib/python3.12/site-packages/airflow/example_dags/example_bash_operator.py
[2024-10-04T00:19:45.563+0000] {processor.py:925} INFO - DAG(s) 'example_bash_operator' retrieved from /home/airflow/.local/lib/python3.12/site-packages/airflow/example_dags/example_bash_operator.py
[2024-10-04T00:19:45.583+0000] {logging_mixin.py:190} INFO - [2024-10-04T00:19:45.582+0000] {dag.py:3239} INFO - Sync 1 DAGs
[2024-10-04T00:19:45.600+0000] {logging_mixin.py:190} INFO - [2024-10-04T00:19:45.600+0000] {dag.py:4180} INFO - Setting next_dagrun for example_bash_operator to 2024-10-03 00:00:00+00:00, run_after=2024-10-04 00:00:00+00:00
[2024-10-04T00:19:45.613+0000] {processor.py:208} INFO - Processing /home/airflow/.local/lib/python3.12/site-packages/airflow/example_dags/example_bash_operator.py took 0.070 seconds
[2024-10-04T00:20:16.674+0000] {processor.py:186} INFO - Started process (PID=4695) to work on /home/airflow/.local/lib/python3.12/site-packages/airflow/example_dags/example_bash_operator.py
[2024-10-04T00:20:16.676+0000] {processor.py:914} INFO - Processing file /home/airflow/.local/lib/python3.12/site-packages/airflow/example_dags/example_bash_operator.py for tasks to queue
[2024-10-04T00:20:16.679+0000] {logging_mixin.py:190} INFO - [2024-10-04T00:20:16.679+0000] {dagbag.py:588} INFO - Filling up the DagBag from /home/airflow/.local/lib/python3.12/site-packages/airflow/example_dags/example_bash_operator.py
[2024-10-04T00:20:16.695+0000] {processor.py:925} INFO - DAG(s) 'example_bash_operator' retrieved from /home/airflow/.local/lib/python3.12/site-packages/airflow/example_dags/example_bash_operator.py
[2024-10-04T00:20:16.727+0000] {logging_mixin.py:190} INFO - [2024-10-04T00:20:16.726+0000] {dag.py:3239} INFO - Sync 1 DAGs
[2024-10-04T00:20:16.757+0000] {logging_mixin.py:190} INFO - [2024-10-04T00:20:16.757+0000] {dag.py:4180} INFO - Setting next_dagrun for example_bash_operator to 2024-10-03 00:00:00+00:00, run_after=2024-10-04 00:00:00+00:00
[2024-10-04T00:20:16.777+0000] {processor.py:208} INFO - Processing /home/airflow/.local/lib/python3.12/site-packages/airflow/example_dags/example_bash_operator.py took 0.111 seconds
[2024-10-04T00:20:46.974+0000] {processor.py:186} INFO - Started process (PID=4983) to work on /home/airflow/.local/lib/python3.12/site-packages/airflow/example_dags/example_bash_operator.py
[2024-10-04T00:20:46.975+0000] {processor.py:914} INFO - Processing file /home/airflow/.local/lib/python3.12/site-packages/airflow/example_dags/example_bash_operator.py for tasks to queue
[2024-10-04T00:20:46.977+0000] {logging_mixin.py:190} INFO - [2024-10-04T00:20:46.977+0000] {dagbag.py:588} INFO - Filling up the DagBag from /home/airflow/.local/lib/python3.12/site-packages/airflow/example_dags/example_bash_operator.py
[2024-10-04T00:20:46.988+0000] {processor.py:925} INFO - DAG(s) 'example_bash_operator' retrieved from /home/airflow/.local/lib/python3.12/site-packages/airflow/example_dags/example_bash_operator.py
[2024-10-04T00:20:47.008+0000] {logging_mixin.py:190} INFO - [2024-10-04T00:20:47.008+0000] {dag.py:3239} INFO - Sync 1 DAGs
[2024-10-04T00:20:47.025+0000] {logging_mixin.py:190} INFO - [2024-10-04T00:20:47.025+0000] {dag.py:4180} INFO - Setting next_dagrun for example_bash_operator to 2024-10-03 00:00:00+00:00, run_after=2024-10-04 00:00:00+00:00
[2024-10-04T00:20:47.036+0000] {processor.py:208} INFO - Processing /home/airflow/.local/lib/python3.12/site-packages/airflow/example_dags/example_bash_operator.py took 0.068 seconds
[2024-10-04T00:21:17.421+0000] {processor.py:186} INFO - Started process (PID=5267) to work on /home/airflow/.local/lib/python3.12/site-packages/airflow/example_dags/example_bash_operator.py
[2024-10-04T00:21:17.422+0000] {processor.py:914} INFO - Processing file /home/airflow/.local/lib/python3.12/site-packages/airflow/example_dags/example_bash_operator.py for tasks to queue
[2024-10-04T00:21:17.424+0000] {logging_mixin.py:190} INFO - [2024-10-04T00:21:17.424+0000] {dagbag.py:588} INFO - Filling up the DagBag from /home/airflow/.local/lib/python3.12/site-packages/airflow/example_dags/example_bash_operator.py
[2024-10-04T00:21:17.434+0000] {processor.py:925} INFO - DAG(s) 'example_bash_operator' retrieved from /home/airflow/.local/lib/python3.12/site-packages/airflow/example_dags/example_bash_operator.py
[2024-10-04T00:21:17.455+0000] {logging_mixin.py:190} INFO - [2024-10-04T00:21:17.454+0000] {dag.py:3239} INFO - Sync 1 DAGs
[2024-10-04T00:21:17.472+0000] {logging_mixin.py:190} INFO - [2024-10-04T00:21:17.472+0000] {dag.py:4180} INFO - Setting next_dagrun for example_bash_operator to 2024-10-03 00:00:00+00:00, run_after=2024-10-04 00:00:00+00:00
[2024-10-04T00:21:17.485+0000] {processor.py:208} INFO - Processing /home/airflow/.local/lib/python3.12/site-packages/airflow/example_dags/example_bash_operator.py took 0.069 seconds
[2024-10-04T00:21:47.680+0000] {processor.py:186} INFO - Started process (PID=5553) to work on /home/airflow/.local/lib/python3.12/site-packages/airflow/example_dags/example_bash_operator.py
[2024-10-04T00:21:47.681+0000] {processor.py:914} INFO - Processing file /home/airflow/.local/lib/python3.12/site-packages/airflow/example_dags/example_bash_operator.py for tasks to queue
[2024-10-04T00:21:47.683+0000] {logging_mixin.py:190} INFO - [2024-10-04T00:21:47.682+0000] {dagbag.py:588} INFO - Filling up the DagBag from /home/airflow/.local/lib/python3.12/site-packages/airflow/example_dags/example_bash_operator.py
[2024-10-04T00:21:47.693+0000] {processor.py:925} INFO - DAG(s) 'example_bash_operator' retrieved from /home/airflow/.local/lib/python3.12/site-packages/airflow/example_dags/example_bash_operator.py
[2024-10-04T00:21:47.713+0000] {logging_mixin.py:190} INFO - [2024-10-04T00:21:47.713+0000] {dag.py:3239} INFO - Sync 1 DAGs
[2024-10-04T00:21:47.730+0000] {logging_mixin.py:190} INFO - [2024-10-04T00:21:47.730+0000] {dag.py:4180} INFO - Setting next_dagrun for example_bash_operator to 2024-10-03 00:00:00+00:00, run_after=2024-10-04 00:00:00+00:00
[2024-10-04T00:21:47.744+0000] {processor.py:208} INFO - Processing /home/airflow/.local/lib/python3.12/site-packages/airflow/example_dags/example_bash_operator.py took 0.070 seconds
[2024-10-04T00:22:17.844+0000] {processor.py:186} INFO - Started process (PID=5839) to work on /home/airflow/.local/lib/python3.12/site-packages/airflow/example_dags/example_bash_operator.py
[2024-10-04T00:22:17.845+0000] {processor.py:914} INFO - Processing file /home/airflow/.local/lib/python3.12/site-packages/airflow/example_dags/example_bash_operator.py for tasks to queue
[2024-10-04T00:22:17.848+0000] {logging_mixin.py:190} INFO - [2024-10-04T00:22:17.847+0000] {dagbag.py:588} INFO - Filling up the DagBag from /home/airflow/.local/lib/python3.12/site-packages/airflow/example_dags/example_bash_operator.py
[2024-10-04T00:22:17.858+0000] {processor.py:925} INFO - DAG(s) 'example_bash_operator' retrieved from /home/airflow/.local/lib/python3.12/site-packages/airflow/example_dags/example_bash_operator.py
[2024-10-04T00:22:17.877+0000] {logging_mixin.py:190} INFO - [2024-10-04T00:22:17.877+0000] {dag.py:3239} INFO - Sync 1 DAGs
[2024-10-04T00:22:17.895+0000] {logging_mixin.py:190} INFO - [2024-10-04T00:22:17.894+0000] {dag.py:4180} INFO - Setting next_dagrun for example_bash_operator to 2024-10-03 00:00:00+00:00, run_after=2024-10-04 00:00:00+00:00
[2024-10-04T00:22:17.908+0000] {processor.py:208} INFO - Processing /home/airflow/.local/lib/python3.12/site-packages/airflow/example_dags/example_bash_operator.py took 0.069 seconds
[2024-10-04T00:22:53.665+0000] {processor.py:186} INFO - Started process (PID=6125) to work on /home/airflow/.local/lib/python3.12/site-packages/airflow/example_dags/example_bash_operator.py
[2024-10-04T00:22:53.667+0000] {processor.py:914} INFO - Processing file /home/airflow/.local/lib/python3.12/site-packages/airflow/example_dags/example_bash_operator.py for tasks to queue
[2024-10-04T00:22:53.669+0000] {logging_mixin.py:190} INFO - [2024-10-04T00:22:53.669+0000] {dagbag.py:588} INFO - Filling up the DagBag from /home/airflow/.local/lib/python3.12/site-packages/airflow/example_dags/example_bash_operator.py
[2024-10-04T00:22:53.682+0000] {processor.py:925} INFO - DAG(s) 'example_bash_operator' retrieved from /home/airflow/.local/lib/python3.12/site-packages/airflow/example_dags/example_bash_operator.py
[2024-10-04T00:22:53.710+0000] {logging_mixin.py:190} INFO - [2024-10-04T00:22:53.710+0000] {dag.py:3239} INFO - Sync 1 DAGs
[2024-10-04T00:22:53.737+0000] {logging_mixin.py:190} INFO - [2024-10-04T00:22:53.737+0000] {dag.py:4180} INFO - Setting next_dagrun for example_bash_operator to 2024-10-03 00:00:00+00:00, run_after=2024-10-04 00:00:00+00:00
[2024-10-04T00:22:53.752+0000] {processor.py:208} INFO - Processing /home/airflow/.local/lib/python3.12/site-packages/airflow/example_dags/example_bash_operator.py took 0.093 seconds
[2024-10-04T00:23:23.963+0000] {processor.py:186} INFO - Started process (PID=6413) to work on /home/airflow/.local/lib/python3.12/site-packages/airflow/example_dags/example_bash_operator.py
[2024-10-04T00:23:23.965+0000] {processor.py:914} INFO - Processing file /home/airflow/.local/lib/python3.12/site-packages/airflow/example_dags/example_bash_operator.py for tasks to queue
[2024-10-04T00:23:23.968+0000] {logging_mixin.py:190} INFO - [2024-10-04T00:23:23.967+0000] {dagbag.py:588} INFO - Filling up the DagBag from /home/airflow/.local/lib/python3.12/site-packages/airflow/example_dags/example_bash_operator.py
[2024-10-04T00:23:23.983+0000] {processor.py:925} INFO - DAG(s) 'example_bash_operator' retrieved from /home/airflow/.local/lib/python3.12/site-packages/airflow/example_dags/example_bash_operator.py
[2024-10-04T00:23:24.009+0000] {logging_mixin.py:190} INFO - [2024-10-04T00:23:24.009+0000] {dag.py:3239} INFO - Sync 1 DAGs
[2024-10-04T00:23:24.029+0000] {logging_mixin.py:190} INFO - [2024-10-04T00:23:24.029+0000] {dag.py:4180} INFO - Setting next_dagrun for example_bash_operator to 2024-10-03 00:00:00+00:00, run_after=2024-10-04 00:00:00+00:00
[2024-10-04T00:23:24.042+0000] {processor.py:208} INFO - Processing /home/airflow/.local/lib/python3.12/site-packages/airflow/example_dags/example_bash_operator.py took 0.088 seconds
[2024-10-04T00:23:54.842+0000] {processor.py:186} INFO - Started process (PID=6697) to work on /home/airflow/.local/lib/python3.12/site-packages/airflow/example_dags/example_bash_operator.py
[2024-10-04T00:23:54.843+0000] {processor.py:914} INFO - Processing file /home/airflow/.local/lib/python3.12/site-packages/airflow/example_dags/example_bash_operator.py for tasks to queue
[2024-10-04T00:23:54.847+0000] {logging_mixin.py:190} INFO - [2024-10-04T00:23:54.847+0000] {dagbag.py:588} INFO - Filling up the DagBag from /home/airflow/.local/lib/python3.12/site-packages/airflow/example_dags/example_bash_operator.py
[2024-10-04T00:23:54.866+0000] {processor.py:925} INFO - DAG(s) 'example_bash_operator' retrieved from /home/airflow/.local/lib/python3.12/site-packages/airflow/example_dags/example_bash_operator.py
[2024-10-04T00:23:54.902+0000] {logging_mixin.py:190} INFO - [2024-10-04T00:23:54.902+0000] {dag.py:3239} INFO - Sync 1 DAGs
[2024-10-04T00:23:54.936+0000] {logging_mixin.py:190} INFO - [2024-10-04T00:23:54.936+0000] {dag.py:4180} INFO - Setting next_dagrun for example_bash_operator to 2024-10-03 00:00:00+00:00, run_after=2024-10-04 00:00:00+00:00
[2024-10-04T00:23:54.949+0000] {processor.py:208} INFO - Processing /home/airflow/.local/lib/python3.12/site-packages/airflow/example_dags/example_bash_operator.py took 0.114 seconds
[2024-10-04T00:24:25.603+0000] {processor.py:186} INFO - Started process (PID=6983) to work on /home/airflow/.local/lib/python3.12/site-packages/airflow/example_dags/example_bash_operator.py
[2024-10-04T00:24:25.604+0000] {processor.py:914} INFO - Processing file /home/airflow/.local/lib/python3.12/site-packages/airflow/example_dags/example_bash_operator.py for tasks to queue
[2024-10-04T00:24:25.609+0000] {logging_mixin.py:190} INFO - [2024-10-04T00:24:25.608+0000] {dagbag.py:588} INFO - Filling up the DagBag from /home/airflow/.local/lib/python3.12/site-packages/airflow/example_dags/example_bash_operator.py
[2024-10-04T00:24:25.631+0000] {processor.py:925} INFO - DAG(s) 'example_bash_operator' retrieved from /home/airflow/.local/lib/python3.12/site-packages/airflow/example_dags/example_bash_operator.py
[2024-10-04T00:24:25.671+0000] {logging_mixin.py:190} INFO - [2024-10-04T00:24:25.671+0000] {dag.py:3239} INFO - Sync 1 DAGs
[2024-10-04T00:24:25.700+0000] {logging_mixin.py:190} INFO - [2024-10-04T00:24:25.700+0000] {dag.py:4180} INFO - Setting next_dagrun for example_bash_operator to 2024-10-03 00:00:00+00:00, run_after=2024-10-04 00:00:00+00:00
[2024-10-04T00:24:25.718+0000] {processor.py:208} INFO - Processing /home/airflow/.local/lib/python3.12/site-packages/airflow/example_dags/example_bash_operator.py took 0.125 seconds
[2024-10-04T00:24:56.204+0000] {processor.py:186} INFO - Started process (PID=7269) to work on /home/airflow/.local/lib/python3.12/site-packages/airflow/example_dags/example_bash_operator.py
[2024-10-04T00:24:56.206+0000] {processor.py:914} INFO - Processing file /home/airflow/.local/lib/python3.12/site-packages/airflow/example_dags/example_bash_operator.py for tasks to queue
[2024-10-04T00:24:56.210+0000] {logging_mixin.py:190} INFO - [2024-10-04T00:24:56.209+0000] {dagbag.py:588} INFO - Filling up the DagBag from /home/airflow/.local/lib/python3.12/site-packages/airflow/example_dags/example_bash_operator.py
[2024-10-04T00:24:56.228+0000] {processor.py:925} INFO - DAG(s) 'example_bash_operator' retrieved from /home/airflow/.local/lib/python3.12/site-packages/airflow/example_dags/example_bash_operator.py
[2024-10-04T00:24:56.262+0000] {logging_mixin.py:190} INFO - [2024-10-04T00:24:56.262+0000] {dag.py:3239} INFO - Sync 1 DAGs
[2024-10-04T00:24:56.299+0000] {logging_mixin.py:190} INFO - [2024-10-04T00:24:56.299+0000] {dag.py:4180} INFO - Setting next_dagrun for example_bash_operator to 2024-10-03 00:00:00+00:00, run_after=2024-10-04 00:00:00+00:00
[2024-10-04T00:24:56.320+0000] {processor.py:208} INFO - Processing /home/airflow/.local/lib/python3.12/site-packages/airflow/example_dags/example_bash_operator.py took 0.128 seconds
[2024-10-04T00:25:27.133+0000] {processor.py:186} INFO - Started process (PID=7555) to work on /home/airflow/.local/lib/python3.12/site-packages/airflow/example_dags/example_bash_operator.py
[2024-10-04T00:25:27.135+0000] {processor.py:914} INFO - Processing file /home/airflow/.local/lib/python3.12/site-packages/airflow/example_dags/example_bash_operator.py for tasks to queue
[2024-10-04T00:25:27.138+0000] {logging_mixin.py:190} INFO - [2024-10-04T00:25:27.138+0000] {dagbag.py:588} INFO - Filling up the DagBag from /home/airflow/.local/lib/python3.12/site-packages/airflow/example_dags/example_bash_operator.py
[2024-10-04T00:25:27.156+0000] {processor.py:925} INFO - DAG(s) 'example_bash_operator' retrieved from /home/airflow/.local/lib/python3.12/site-packages/airflow/example_dags/example_bash_operator.py
[2024-10-04T00:25:27.183+0000] {logging_mixin.py:190} INFO - [2024-10-04T00:25:27.182+0000] {dag.py:3239} INFO - Sync 1 DAGs
[2024-10-04T00:25:27.227+0000] {logging_mixin.py:190} INFO - [2024-10-04T00:25:27.227+0000] {dag.py:4180} INFO - Setting next_dagrun for example_bash_operator to 2024-10-03 00:00:00+00:00, run_after=2024-10-04 00:00:00+00:00
[2024-10-04T00:25:27.249+0000] {processor.py:208} INFO - Processing /home/airflow/.local/lib/python3.12/site-packages/airflow/example_dags/example_bash_operator.py took 0.124 seconds
[2024-10-04T00:25:57.708+0000] {processor.py:186} INFO - Started process (PID=7841) to work on /home/airflow/.local/lib/python3.12/site-packages/airflow/example_dags/example_bash_operator.py
[2024-10-04T00:25:57.709+0000] {processor.py:914} INFO - Processing file /home/airflow/.local/lib/python3.12/site-packages/airflow/example_dags/example_bash_operator.py for tasks to queue
[2024-10-04T00:25:57.713+0000] {logging_mixin.py:190} INFO - [2024-10-04T00:25:57.713+0000] {dagbag.py:588} INFO - Filling up the DagBag from /home/airflow/.local/lib/python3.12/site-packages/airflow/example_dags/example_bash_operator.py
[2024-10-04T00:25:57.728+0000] {processor.py:925} INFO - DAG(s) 'example_bash_operator' retrieved from /home/airflow/.local/lib/python3.12/site-packages/airflow/example_dags/example_bash_operator.py
[2024-10-04T00:25:57.753+0000] {logging_mixin.py:190} INFO - [2024-10-04T00:25:57.753+0000] {dag.py:3239} INFO - Sync 1 DAGs
[2024-10-04T00:25:57.776+0000] {logging_mixin.py:190} INFO - [2024-10-04T00:25:57.776+0000] {dag.py:4180} INFO - Setting next_dagrun for example_bash_operator to 2024-10-03 00:00:00+00:00, run_after=2024-10-04 00:00:00+00:00
[2024-10-04T00:25:57.792+0000] {processor.py:208} INFO - Processing /home/airflow/.local/lib/python3.12/site-packages/airflow/example_dags/example_bash_operator.py took 0.091 seconds
[2024-10-04T00:26:27.894+0000] {processor.py:186} INFO - Started process (PID=8124) to work on /home/airflow/.local/lib/python3.12/site-packages/airflow/example_dags/example_bash_operator.py
[2024-10-04T00:26:27.895+0000] {processor.py:914} INFO - Processing file /home/airflow/.local/lib/python3.12/site-packages/airflow/example_dags/example_bash_operator.py for tasks to queue
[2024-10-04T00:26:27.899+0000] {logging_mixin.py:190} INFO - [2024-10-04T00:26:27.898+0000] {dagbag.py:588} INFO - Filling up the DagBag from /home/airflow/.local/lib/python3.12/site-packages/airflow/example_dags/example_bash_operator.py
[2024-10-04T00:26:27.913+0000] {processor.py:925} INFO - DAG(s) 'example_bash_operator' retrieved from /home/airflow/.local/lib/python3.12/site-packages/airflow/example_dags/example_bash_operator.py
[2024-10-04T00:26:27.936+0000] {logging_mixin.py:190} INFO - [2024-10-04T00:26:27.936+0000] {dag.py:3239} INFO - Sync 1 DAGs
[2024-10-04T00:26:27.958+0000] {logging_mixin.py:190} INFO - [2024-10-04T00:26:27.958+0000] {dag.py:4180} INFO - Setting next_dagrun for example_bash_operator to 2024-10-03 00:00:00+00:00, run_after=2024-10-04 00:00:00+00:00
[2024-10-04T00:26:27.974+0000] {processor.py:208} INFO - Processing /home/airflow/.local/lib/python3.12/site-packages/airflow/example_dags/example_bash_operator.py took 0.089 seconds
[2024-10-04T00:26:58.178+0000] {processor.py:186} INFO - Started process (PID=8410) to work on /home/airflow/.local/lib/python3.12/site-packages/airflow/example_dags/example_bash_operator.py
[2024-10-04T00:26:58.180+0000] {processor.py:914} INFO - Processing file /home/airflow/.local/lib/python3.12/site-packages/airflow/example_dags/example_bash_operator.py for tasks to queue
[2024-10-04T00:26:58.183+0000] {logging_mixin.py:190} INFO - [2024-10-04T00:26:58.183+0000] {dagbag.py:588} INFO - Filling up the DagBag from /home/airflow/.local/lib/python3.12/site-packages/airflow/example_dags/example_bash_operator.py
[2024-10-04T00:26:58.197+0000] {processor.py:925} INFO - DAG(s) 'example_bash_operator' retrieved from /home/airflow/.local/lib/python3.12/site-packages/airflow/example_dags/example_bash_operator.py
[2024-10-04T00:26:58.219+0000] {logging_mixin.py:190} INFO - [2024-10-04T00:26:58.219+0000] {dag.py:3239} INFO - Sync 1 DAGs
[2024-10-04T00:26:58.238+0000] {logging_mixin.py:190} INFO - [2024-10-04T00:26:58.237+0000] {dag.py:4180} INFO - Setting next_dagrun for example_bash_operator to 2024-10-03 00:00:00+00:00, run_after=2024-10-04 00:00:00+00:00
[2024-10-04T00:26:58.249+0000] {processor.py:208} INFO - Processing /home/airflow/.local/lib/python3.12/site-packages/airflow/example_dags/example_bash_operator.py took 0.080 seconds
[2024-10-04T00:27:28.358+0000] {processor.py:186} INFO - Started process (PID=8696) to work on /home/airflow/.local/lib/python3.12/site-packages/airflow/example_dags/example_bash_operator.py
[2024-10-04T00:27:28.360+0000] {processor.py:914} INFO - Processing file /home/airflow/.local/lib/python3.12/site-packages/airflow/example_dags/example_bash_operator.py for tasks to queue
[2024-10-04T00:27:28.363+0000] {logging_mixin.py:190} INFO - [2024-10-04T00:27:28.363+0000] {dagbag.py:588} INFO - Filling up the DagBag from /home/airflow/.local/lib/python3.12/site-packages/airflow/example_dags/example_bash_operator.py
[2024-10-04T00:27:28.377+0000] {processor.py:925} INFO - DAG(s) 'example_bash_operator' retrieved from /home/airflow/.local/lib/python3.12/site-packages/airflow/example_dags/example_bash_operator.py
[2024-10-04T00:27:28.397+0000] {logging_mixin.py:190} INFO - [2024-10-04T00:27:28.397+0000] {dag.py:3239} INFO - Sync 1 DAGs
[2024-10-04T00:27:28.414+0000] {logging_mixin.py:190} INFO - [2024-10-04T00:27:28.414+0000] {dag.py:4180} INFO - Setting next_dagrun for example_bash_operator to 2024-10-03 00:00:00+00:00, run_after=2024-10-04 00:00:00+00:00
[2024-10-04T00:27:28.427+0000] {processor.py:208} INFO - Processing /home/airflow/.local/lib/python3.12/site-packages/airflow/example_dags/example_bash_operator.py took 0.078 seconds
[2024-10-04T00:27:58.965+0000] {processor.py:186} INFO - Started process (PID=8985) to work on /home/airflow/.local/lib/python3.12/site-packages/airflow/example_dags/example_bash_operator.py
[2024-10-04T00:27:58.966+0000] {processor.py:914} INFO - Processing file /home/airflow/.local/lib/python3.12/site-packages/airflow/example_dags/example_bash_operator.py for tasks to queue
[2024-10-04T00:27:58.968+0000] {logging_mixin.py:190} INFO - [2024-10-04T00:27:58.968+0000] {dagbag.py:588} INFO - Filling up the DagBag from /home/airflow/.local/lib/python3.12/site-packages/airflow/example_dags/example_bash_operator.py
[2024-10-04T00:27:58.981+0000] {processor.py:925} INFO - DAG(s) 'example_bash_operator' retrieved from /home/airflow/.local/lib/python3.12/site-packages/airflow/example_dags/example_bash_operator.py
[2024-10-04T00:27:59.003+0000] {logging_mixin.py:190} INFO - [2024-10-04T00:27:59.003+0000] {dag.py:3239} INFO - Sync 1 DAGs
[2024-10-04T00:27:59.022+0000] {logging_mixin.py:190} INFO - [2024-10-04T00:27:59.022+0000] {dag.py:4180} INFO - Setting next_dagrun for example_bash_operator to 2024-10-03 00:00:00+00:00, run_after=2024-10-04 00:00:00+00:00
[2024-10-04T00:27:59.037+0000] {processor.py:208} INFO - Processing /home/airflow/.local/lib/python3.12/site-packages/airflow/example_dags/example_bash_operator.py took 0.080 seconds
[2024-10-04T00:28:29.120+0000] {processor.py:186} INFO - Started process (PID=9268) to work on /home/airflow/.local/lib/python3.12/site-packages/airflow/example_dags/example_bash_operator.py
[2024-10-04T00:28:29.122+0000] {processor.py:914} INFO - Processing file /home/airflow/.local/lib/python3.12/site-packages/airflow/example_dags/example_bash_operator.py for tasks to queue
[2024-10-04T00:28:29.126+0000] {logging_mixin.py:190} INFO - [2024-10-04T00:28:29.125+0000] {dagbag.py:588} INFO - Filling up the DagBag from /home/airflow/.local/lib/python3.12/site-packages/airflow/example_dags/example_bash_operator.py
[2024-10-04T00:28:29.139+0000] {processor.py:925} INFO - DAG(s) 'example_bash_operator' retrieved from /home/airflow/.local/lib/python3.12/site-packages/airflow/example_dags/example_bash_operator.py
[2024-10-04T00:28:29.160+0000] {logging_mixin.py:190} INFO - [2024-10-04T00:28:29.160+0000] {dag.py:3239} INFO - Sync 1 DAGs
[2024-10-04T00:28:29.177+0000] {logging_mixin.py:190} INFO - [2024-10-04T00:28:29.177+0000] {dag.py:4180} INFO - Setting next_dagrun for example_bash_operator to 2024-10-03 00:00:00+00:00, run_after=2024-10-04 00:00:00+00:00
[2024-10-04T00:28:29.191+0000] {processor.py:208} INFO - Processing /home/airflow/.local/lib/python3.12/site-packages/airflow/example_dags/example_bash_operator.py took 0.079 seconds
