[2024-10-04T00:12:35.875+0000] {processor.py:186} INFO - Started process (PID=354) to work on /home/airflow/.local/lib/python3.12/site-packages/airflow/example_dags/example_bash_decorator.py
[2024-10-04T00:12:35.876+0000] {processor.py:914} INFO - Processing file /home/airflow/.local/lib/python3.12/site-packages/airflow/example_dags/example_bash_decorator.py for tasks to queue
[2024-10-04T00:12:35.879+0000] {logging_mixin.py:190} INFO - [2024-10-04T00:12:35.878+0000] {dagbag.py:588} INFO - Filling up the DagBag from /home/airflow/.local/lib/python3.12/site-packages/airflow/example_dags/example_bash_decorator.py
[2024-10-04T00:12:35.896+0000] {processor.py:925} INFO - DAG(s) 'example_bash_decorator' retrieved from /home/airflow/.local/lib/python3.12/site-packages/airflow/example_dags/example_bash_decorator.py
[2024-10-04T00:12:36.002+0000] {logging_mixin.py:190} INFO - [2024-10-04T00:12:36.002+0000] {override.py:1900} INFO - Created Permission View: can read on DAG:example_bash_decorator
[2024-10-04T00:12:36.010+0000] {logging_mixin.py:190} INFO - [2024-10-04T00:12:36.010+0000] {override.py:1900} INFO - Created Permission View: can delete on DAG:example_bash_decorator
[2024-10-04T00:12:36.016+0000] {logging_mixin.py:190} INFO - [2024-10-04T00:12:36.016+0000] {override.py:1900} INFO - Created Permission View: can edit on DAG:example_bash_decorator
[2024-10-04T00:12:36.022+0000] {logging_mixin.py:190} INFO - [2024-10-04T00:12:36.022+0000] {override.py:1900} INFO - Created Permission View: menu access on DAG Run:example_bash_decorator
[2024-10-04T00:12:36.028+0000] {logging_mixin.py:190} INFO - [2024-10-04T00:12:36.027+0000] {override.py:1900} INFO - Created Permission View: can read on DAG Run:example_bash_decorator
[2024-10-04T00:12:36.041+0000] {logging_mixin.py:190} INFO - [2024-10-04T00:12:36.040+0000] {override.py:1900} INFO - Created Permission View: can delete on DAG Run:example_bash_decorator
[2024-10-04T00:12:36.057+0000] {logging_mixin.py:190} INFO - [2024-10-04T00:12:36.056+0000] {override.py:1900} INFO - Created Permission View: can create on DAG Run:example_bash_decorator
[2024-10-04T00:12:36.058+0000] {logging_mixin.py:190} INFO - [2024-10-04T00:12:36.058+0000] {dag.py:3239} INFO - Sync 1 DAGs
[2024-10-04T00:12:36.119+0000] {logging_mixin.py:190} INFO - [2024-10-04T00:12:36.119+0000] {dag.py:3262} INFO - Creating ORM DAG for example_bash_decorator
[2024-10-04T00:12:36.121+0000] {logging_mixin.py:190} INFO - [2024-10-04T00:12:36.121+0000] {dag.py:4180} INFO - Setting next_dagrun for example_bash_decorator to None, run_after=None
[2024-10-04T00:12:36.137+0000] {processor.py:208} INFO - Processing /home/airflow/.local/lib/python3.12/site-packages/airflow/example_dags/example_bash_decorator.py took 0.269 seconds
[2024-10-04T00:13:06.502+0000] {processor.py:186} INFO - Started process (PID=640) to work on /home/airflow/.local/lib/python3.12/site-packages/airflow/example_dags/example_bash_decorator.py
[2024-10-04T00:13:06.504+0000] {processor.py:914} INFO - Processing file /home/airflow/.local/lib/python3.12/site-packages/airflow/example_dags/example_bash_decorator.py for tasks to queue
[2024-10-04T00:13:06.507+0000] {logging_mixin.py:190} INFO - [2024-10-04T00:13:06.507+0000] {dagbag.py:588} INFO - Filling up the DagBag from /home/airflow/.local/lib/python3.12/site-packages/airflow/example_dags/example_bash_decorator.py
[2024-10-04T00:13:06.524+0000] {processor.py:925} INFO - DAG(s) 'example_bash_decorator' retrieved from /home/airflow/.local/lib/python3.12/site-packages/airflow/example_dags/example_bash_decorator.py
[2024-10-04T00:13:06.546+0000] {logging_mixin.py:190} INFO - [2024-10-04T00:13:06.545+0000] {dag.py:3239} INFO - Sync 1 DAGs
[2024-10-04T00:13:06.557+0000] {logging_mixin.py:190} INFO - [2024-10-04T00:13:06.557+0000] {dag.py:4180} INFO - Setting next_dagrun for example_bash_decorator to None, run_after=None
[2024-10-04T00:13:06.571+0000] {processor.py:208} INFO - Processing /home/airflow/.local/lib/python3.12/site-packages/airflow/example_dags/example_bash_decorator.py took 0.078 seconds
[2024-10-04T00:13:37.084+0000] {processor.py:186} INFO - Started process (PID=926) to work on /home/airflow/.local/lib/python3.12/site-packages/airflow/example_dags/example_bash_decorator.py
[2024-10-04T00:13:37.085+0000] {processor.py:914} INFO - Processing file /home/airflow/.local/lib/python3.12/site-packages/airflow/example_dags/example_bash_decorator.py for tasks to queue
[2024-10-04T00:13:37.087+0000] {logging_mixin.py:190} INFO - [2024-10-04T00:13:37.087+0000] {dagbag.py:588} INFO - Filling up the DagBag from /home/airflow/.local/lib/python3.12/site-packages/airflow/example_dags/example_bash_decorator.py
[2024-10-04T00:13:37.100+0000] {processor.py:925} INFO - DAG(s) 'example_bash_decorator' retrieved from /home/airflow/.local/lib/python3.12/site-packages/airflow/example_dags/example_bash_decorator.py
[2024-10-04T00:13:37.118+0000] {logging_mixin.py:190} INFO - [2024-10-04T00:13:37.118+0000] {dag.py:3239} INFO - Sync 1 DAGs
[2024-10-04T00:13:37.129+0000] {logging_mixin.py:190} INFO - [2024-10-04T00:13:37.129+0000] {dag.py:4180} INFO - Setting next_dagrun for example_bash_decorator to None, run_after=None
[2024-10-04T00:13:37.142+0000] {processor.py:208} INFO - Processing /home/airflow/.local/lib/python3.12/site-packages/airflow/example_dags/example_bash_decorator.py took 0.063 seconds
[2024-10-04T00:14:07.807+0000] {processor.py:186} INFO - Started process (PID=1212) to work on /home/airflow/.local/lib/python3.12/site-packages/airflow/example_dags/example_bash_decorator.py
[2024-10-04T00:14:07.808+0000] {processor.py:914} INFO - Processing file /home/airflow/.local/lib/python3.12/site-packages/airflow/example_dags/example_bash_decorator.py for tasks to queue
[2024-10-04T00:14:07.810+0000] {logging_mixin.py:190} INFO - [2024-10-04T00:14:07.809+0000] {dagbag.py:588} INFO - Filling up the DagBag from /home/airflow/.local/lib/python3.12/site-packages/airflow/example_dags/example_bash_decorator.py
[2024-10-04T00:14:07.821+0000] {processor.py:925} INFO - DAG(s) 'example_bash_decorator' retrieved from /home/airflow/.local/lib/python3.12/site-packages/airflow/example_dags/example_bash_decorator.py
[2024-10-04T00:14:07.841+0000] {logging_mixin.py:190} INFO - [2024-10-04T00:14:07.841+0000] {dag.py:3239} INFO - Sync 1 DAGs
[2024-10-04T00:14:07.852+0000] {logging_mixin.py:190} INFO - [2024-10-04T00:14:07.852+0000] {dag.py:4180} INFO - Setting next_dagrun for example_bash_decorator to None, run_after=None
[2024-10-04T00:14:07.865+0000] {processor.py:208} INFO - Processing /home/airflow/.local/lib/python3.12/site-packages/airflow/example_dags/example_bash_decorator.py took 0.064 seconds
[2024-10-04T00:14:38.259+0000] {processor.py:186} INFO - Started process (PID=1498) to work on /home/airflow/.local/lib/python3.12/site-packages/airflow/example_dags/example_bash_decorator.py
[2024-10-04T00:14:38.260+0000] {processor.py:914} INFO - Processing file /home/airflow/.local/lib/python3.12/site-packages/airflow/example_dags/example_bash_decorator.py for tasks to queue
[2024-10-04T00:14:38.262+0000] {logging_mixin.py:190} INFO - [2024-10-04T00:14:38.262+0000] {dagbag.py:588} INFO - Filling up the DagBag from /home/airflow/.local/lib/python3.12/site-packages/airflow/example_dags/example_bash_decorator.py
[2024-10-04T00:14:38.274+0000] {processor.py:925} INFO - DAG(s) 'example_bash_decorator' retrieved from /home/airflow/.local/lib/python3.12/site-packages/airflow/example_dags/example_bash_decorator.py
[2024-10-04T00:14:38.293+0000] {logging_mixin.py:190} INFO - [2024-10-04T00:14:38.293+0000] {dag.py:3239} INFO - Sync 1 DAGs
[2024-10-04T00:14:38.304+0000] {logging_mixin.py:190} INFO - [2024-10-04T00:14:38.304+0000] {dag.py:4180} INFO - Setting next_dagrun for example_bash_decorator to None, run_after=None
[2024-10-04T00:14:38.317+0000] {processor.py:208} INFO - Processing /home/airflow/.local/lib/python3.12/site-packages/airflow/example_dags/example_bash_decorator.py took 0.063 seconds
[2024-10-04T00:15:08.760+0000] {processor.py:186} INFO - Started process (PID=1784) to work on /home/airflow/.local/lib/python3.12/site-packages/airflow/example_dags/example_bash_decorator.py
[2024-10-04T00:15:08.761+0000] {processor.py:914} INFO - Processing file /home/airflow/.local/lib/python3.12/site-packages/airflow/example_dags/example_bash_decorator.py for tasks to queue
[2024-10-04T00:15:08.763+0000] {logging_mixin.py:190} INFO - [2024-10-04T00:15:08.763+0000] {dagbag.py:588} INFO - Filling up the DagBag from /home/airflow/.local/lib/python3.12/site-packages/airflow/example_dags/example_bash_decorator.py
[2024-10-04T00:15:08.776+0000] {processor.py:925} INFO - DAG(s) 'example_bash_decorator' retrieved from /home/airflow/.local/lib/python3.12/site-packages/airflow/example_dags/example_bash_decorator.py
[2024-10-04T00:15:08.796+0000] {logging_mixin.py:190} INFO - [2024-10-04T00:15:08.796+0000] {dag.py:3239} INFO - Sync 1 DAGs
[2024-10-04T00:15:08.807+0000] {logging_mixin.py:190} INFO - [2024-10-04T00:15:08.807+0000] {dag.py:4180} INFO - Setting next_dagrun for example_bash_decorator to None, run_after=None
[2024-10-04T00:15:08.820+0000] {processor.py:208} INFO - Processing /home/airflow/.local/lib/python3.12/site-packages/airflow/example_dags/example_bash_decorator.py took 0.066 seconds
[2024-10-04T00:15:39.776+0000] {processor.py:186} INFO - Started process (PID=2070) to work on /home/airflow/.local/lib/python3.12/site-packages/airflow/example_dags/example_bash_decorator.py
[2024-10-04T00:15:39.778+0000] {processor.py:914} INFO - Processing file /home/airflow/.local/lib/python3.12/site-packages/airflow/example_dags/example_bash_decorator.py for tasks to queue
[2024-10-04T00:15:39.782+0000] {logging_mixin.py:190} INFO - [2024-10-04T00:15:39.781+0000] {dagbag.py:588} INFO - Filling up the DagBag from /home/airflow/.local/lib/python3.12/site-packages/airflow/example_dags/example_bash_decorator.py
[2024-10-04T00:15:39.800+0000] {processor.py:925} INFO - DAG(s) 'example_bash_decorator' retrieved from /home/airflow/.local/lib/python3.12/site-packages/airflow/example_dags/example_bash_decorator.py
[2024-10-04T00:15:39.827+0000] {logging_mixin.py:190} INFO - [2024-10-04T00:15:39.827+0000] {dag.py:3239} INFO - Sync 1 DAGs
[2024-10-04T00:15:39.841+0000] {logging_mixin.py:190} INFO - [2024-10-04T00:15:39.841+0000] {dag.py:4180} INFO - Setting next_dagrun for example_bash_decorator to None, run_after=None
[2024-10-04T00:15:39.858+0000] {processor.py:208} INFO - Processing /home/airflow/.local/lib/python3.12/site-packages/airflow/example_dags/example_bash_decorator.py took 0.093 seconds
[2024-10-04T00:16:10.123+0000] {processor.py:186} INFO - Started process (PID=2356) to work on /home/airflow/.local/lib/python3.12/site-packages/airflow/example_dags/example_bash_decorator.py
[2024-10-04T00:16:10.125+0000] {processor.py:914} INFO - Processing file /home/airflow/.local/lib/python3.12/site-packages/airflow/example_dags/example_bash_decorator.py for tasks to queue
[2024-10-04T00:16:10.127+0000] {logging_mixin.py:190} INFO - [2024-10-04T00:16:10.127+0000] {dagbag.py:588} INFO - Filling up the DagBag from /home/airflow/.local/lib/python3.12/site-packages/airflow/example_dags/example_bash_decorator.py
[2024-10-04T00:16:10.141+0000] {processor.py:925} INFO - DAG(s) 'example_bash_decorator' retrieved from /home/airflow/.local/lib/python3.12/site-packages/airflow/example_dags/example_bash_decorator.py
[2024-10-04T00:16:10.164+0000] {logging_mixin.py:190} INFO - [2024-10-04T00:16:10.164+0000] {dag.py:3239} INFO - Sync 1 DAGs
[2024-10-04T00:16:10.177+0000] {logging_mixin.py:190} INFO - [2024-10-04T00:16:10.176+0000] {dag.py:4180} INFO - Setting next_dagrun for example_bash_decorator to None, run_after=None
[2024-10-04T00:16:10.192+0000] {processor.py:208} INFO - Processing /home/airflow/.local/lib/python3.12/site-packages/airflow/example_dags/example_bash_decorator.py took 0.077 seconds
[2024-10-04T00:16:40.833+0000] {processor.py:186} INFO - Started process (PID=2642) to work on /home/airflow/.local/lib/python3.12/site-packages/airflow/example_dags/example_bash_decorator.py
[2024-10-04T00:16:40.834+0000] {processor.py:914} INFO - Processing file /home/airflow/.local/lib/python3.12/site-packages/airflow/example_dags/example_bash_decorator.py for tasks to queue
[2024-10-04T00:16:40.836+0000] {logging_mixin.py:190} INFO - [2024-10-04T00:16:40.836+0000] {dagbag.py:588} INFO - Filling up the DagBag from /home/airflow/.local/lib/python3.12/site-packages/airflow/example_dags/example_bash_decorator.py
[2024-10-04T00:16:40.850+0000] {processor.py:925} INFO - DAG(s) 'example_bash_decorator' retrieved from /home/airflow/.local/lib/python3.12/site-packages/airflow/example_dags/example_bash_decorator.py
[2024-10-04T00:16:40.874+0000] {logging_mixin.py:190} INFO - [2024-10-04T00:16:40.874+0000] {dag.py:3239} INFO - Sync 1 DAGs
[2024-10-04T00:16:40.885+0000] {logging_mixin.py:190} INFO - [2024-10-04T00:16:40.885+0000] {dag.py:4180} INFO - Setting next_dagrun for example_bash_decorator to None, run_after=None
[2024-10-04T00:16:40.899+0000] {processor.py:208} INFO - Processing /home/airflow/.local/lib/python3.12/site-packages/airflow/example_dags/example_bash_decorator.py took 0.072 seconds
[2024-10-04T00:17:11.154+0000] {processor.py:186} INFO - Started process (PID=2928) to work on /home/airflow/.local/lib/python3.12/site-packages/airflow/example_dags/example_bash_decorator.py
[2024-10-04T00:17:11.155+0000] {processor.py:914} INFO - Processing file /home/airflow/.local/lib/python3.12/site-packages/airflow/example_dags/example_bash_decorator.py for tasks to queue
[2024-10-04T00:17:11.159+0000] {logging_mixin.py:190} INFO - [2024-10-04T00:17:11.158+0000] {dagbag.py:588} INFO - Filling up the DagBag from /home/airflow/.local/lib/python3.12/site-packages/airflow/example_dags/example_bash_decorator.py
[2024-10-04T00:17:11.176+0000] {processor.py:925} INFO - DAG(s) 'example_bash_decorator' retrieved from /home/airflow/.local/lib/python3.12/site-packages/airflow/example_dags/example_bash_decorator.py
[2024-10-04T00:17:11.208+0000] {logging_mixin.py:190} INFO - [2024-10-04T00:17:11.208+0000] {dag.py:3239} INFO - Sync 1 DAGs
[2024-10-04T00:17:11.229+0000] {logging_mixin.py:190} INFO - [2024-10-04T00:17:11.229+0000] {dag.py:4180} INFO - Setting next_dagrun for example_bash_decorator to None, run_after=None
[2024-10-04T00:17:11.247+0000] {processor.py:208} INFO - Processing /home/airflow/.local/lib/python3.12/site-packages/airflow/example_dags/example_bash_decorator.py took 0.101 seconds
[2024-10-04T00:17:42.707+0000] {processor.py:186} INFO - Started process (PID=3222) to work on /home/airflow/.local/lib/python3.12/site-packages/airflow/example_dags/example_bash_decorator.py
[2024-10-04T00:17:42.709+0000] {processor.py:914} INFO - Processing file /home/airflow/.local/lib/python3.12/site-packages/airflow/example_dags/example_bash_decorator.py for tasks to queue
[2024-10-04T00:17:42.714+0000] {logging_mixin.py:190} INFO - [2024-10-04T00:17:42.713+0000] {dagbag.py:588} INFO - Filling up the DagBag from /home/airflow/.local/lib/python3.12/site-packages/airflow/example_dags/example_bash_decorator.py
[2024-10-04T00:17:42.741+0000] {processor.py:925} INFO - DAG(s) 'example_bash_decorator' retrieved from /home/airflow/.local/lib/python3.12/site-packages/airflow/example_dags/example_bash_decorator.py
[2024-10-04T00:17:42.780+0000] {logging_mixin.py:190} INFO - [2024-10-04T00:17:42.780+0000] {dag.py:3239} INFO - Sync 1 DAGs
[2024-10-04T00:17:42.800+0000] {logging_mixin.py:190} INFO - [2024-10-04T00:17:42.800+0000] {dag.py:4180} INFO - Setting next_dagrun for example_bash_decorator to None, run_after=None
[2024-10-04T00:17:42.826+0000] {processor.py:208} INFO - Processing /home/airflow/.local/lib/python3.12/site-packages/airflow/example_dags/example_bash_decorator.py took 0.131 seconds
[2024-10-04T00:18:13.347+0000] {processor.py:186} INFO - Started process (PID=3506) to work on /home/airflow/.local/lib/python3.12/site-packages/airflow/example_dags/example_bash_decorator.py
[2024-10-04T00:18:13.349+0000] {processor.py:914} INFO - Processing file /home/airflow/.local/lib/python3.12/site-packages/airflow/example_dags/example_bash_decorator.py for tasks to queue
[2024-10-04T00:18:13.351+0000] {logging_mixin.py:190} INFO - [2024-10-04T00:18:13.351+0000] {dagbag.py:588} INFO - Filling up the DagBag from /home/airflow/.local/lib/python3.12/site-packages/airflow/example_dags/example_bash_decorator.py
[2024-10-04T00:18:13.366+0000] {processor.py:925} INFO - DAG(s) 'example_bash_decorator' retrieved from /home/airflow/.local/lib/python3.12/site-packages/airflow/example_dags/example_bash_decorator.py
[2024-10-04T00:18:13.386+0000] {logging_mixin.py:190} INFO - [2024-10-04T00:18:13.385+0000] {dag.py:3239} INFO - Sync 1 DAGs
[2024-10-04T00:18:13.397+0000] {logging_mixin.py:190} INFO - [2024-10-04T00:18:13.397+0000] {dag.py:4180} INFO - Setting next_dagrun for example_bash_decorator to None, run_after=None
[2024-10-04T00:18:13.411+0000] {processor.py:208} INFO - Processing /home/airflow/.local/lib/python3.12/site-packages/airflow/example_dags/example_bash_decorator.py took 0.071 seconds
[2024-10-04T00:18:44.042+0000] {processor.py:186} INFO - Started process (PID=3792) to work on /home/airflow/.local/lib/python3.12/site-packages/airflow/example_dags/example_bash_decorator.py
[2024-10-04T00:18:44.043+0000] {processor.py:914} INFO - Processing file /home/airflow/.local/lib/python3.12/site-packages/airflow/example_dags/example_bash_decorator.py for tasks to queue
[2024-10-04T00:18:44.047+0000] {logging_mixin.py:190} INFO - [2024-10-04T00:18:44.047+0000] {dagbag.py:588} INFO - Filling up the DagBag from /home/airflow/.local/lib/python3.12/site-packages/airflow/example_dags/example_bash_decorator.py
[2024-10-04T00:18:44.064+0000] {processor.py:925} INFO - DAG(s) 'example_bash_decorator' retrieved from /home/airflow/.local/lib/python3.12/site-packages/airflow/example_dags/example_bash_decorator.py
[2024-10-04T00:18:44.088+0000] {logging_mixin.py:190} INFO - [2024-10-04T00:18:44.087+0000] {dag.py:3239} INFO - Sync 1 DAGs
[2024-10-04T00:18:44.100+0000] {logging_mixin.py:190} INFO - [2024-10-04T00:18:44.100+0000] {dag.py:4180} INFO - Setting next_dagrun for example_bash_decorator to None, run_after=None
[2024-10-04T00:18:44.118+0000] {processor.py:208} INFO - Processing /home/airflow/.local/lib/python3.12/site-packages/airflow/example_dags/example_bash_decorator.py took 0.084 seconds
[2024-10-04T00:19:14.769+0000] {processor.py:186} INFO - Started process (PID=4078) to work on /home/airflow/.local/lib/python3.12/site-packages/airflow/example_dags/example_bash_decorator.py
[2024-10-04T00:19:14.770+0000] {processor.py:914} INFO - Processing file /home/airflow/.local/lib/python3.12/site-packages/airflow/example_dags/example_bash_decorator.py for tasks to queue
[2024-10-04T00:19:14.773+0000] {logging_mixin.py:190} INFO - [2024-10-04T00:19:14.772+0000] {dagbag.py:588} INFO - Filling up the DagBag from /home/airflow/.local/lib/python3.12/site-packages/airflow/example_dags/example_bash_decorator.py
[2024-10-04T00:19:14.786+0000] {processor.py:925} INFO - DAG(s) 'example_bash_decorator' retrieved from /home/airflow/.local/lib/python3.12/site-packages/airflow/example_dags/example_bash_decorator.py
[2024-10-04T00:19:14.806+0000] {logging_mixin.py:190} INFO - [2024-10-04T00:19:14.806+0000] {dag.py:3239} INFO - Sync 1 DAGs
[2024-10-04T00:19:14.817+0000] {logging_mixin.py:190} INFO - [2024-10-04T00:19:14.817+0000] {dag.py:4180} INFO - Setting next_dagrun for example_bash_decorator to None, run_after=None
[2024-10-04T00:19:14.831+0000] {processor.py:208} INFO - Processing /home/airflow/.local/lib/python3.12/site-packages/airflow/example_dags/example_bash_decorator.py took 0.067 seconds
[2024-10-04T00:19:45.020+0000] {processor.py:186} INFO - Started process (PID=4364) to work on /home/airflow/.local/lib/python3.12/site-packages/airflow/example_dags/example_bash_decorator.py
[2024-10-04T00:19:45.021+0000] {processor.py:914} INFO - Processing file /home/airflow/.local/lib/python3.12/site-packages/airflow/example_dags/example_bash_decorator.py for tasks to queue
[2024-10-04T00:19:45.023+0000] {logging_mixin.py:190} INFO - [2024-10-04T00:19:45.023+0000] {dagbag.py:588} INFO - Filling up the DagBag from /home/airflow/.local/lib/python3.12/site-packages/airflow/example_dags/example_bash_decorator.py
[2024-10-04T00:19:45.035+0000] {processor.py:925} INFO - DAG(s) 'example_bash_decorator' retrieved from /home/airflow/.local/lib/python3.12/site-packages/airflow/example_dags/example_bash_decorator.py
[2024-10-04T00:19:45.055+0000] {logging_mixin.py:190} INFO - [2024-10-04T00:19:45.054+0000] {dag.py:3239} INFO - Sync 1 DAGs
[2024-10-04T00:19:45.066+0000] {logging_mixin.py:190} INFO - [2024-10-04T00:19:45.066+0000] {dag.py:4180} INFO - Setting next_dagrun for example_bash_decorator to None, run_after=None
[2024-10-04T00:19:45.082+0000] {processor.py:208} INFO - Processing /home/airflow/.local/lib/python3.12/site-packages/airflow/example_dags/example_bash_decorator.py took 0.067 seconds
[2024-10-04T00:20:16.086+0000] {processor.py:186} INFO - Started process (PID=4650) to work on /home/airflow/.local/lib/python3.12/site-packages/airflow/example_dags/example_bash_decorator.py
[2024-10-04T00:20:16.087+0000] {processor.py:914} INFO - Processing file /home/airflow/.local/lib/python3.12/site-packages/airflow/example_dags/example_bash_decorator.py for tasks to queue
[2024-10-04T00:20:16.090+0000] {logging_mixin.py:190} INFO - [2024-10-04T00:20:16.089+0000] {dagbag.py:588} INFO - Filling up the DagBag from /home/airflow/.local/lib/python3.12/site-packages/airflow/example_dags/example_bash_decorator.py
[2024-10-04T00:20:16.102+0000] {processor.py:925} INFO - DAG(s) 'example_bash_decorator' retrieved from /home/airflow/.local/lib/python3.12/site-packages/airflow/example_dags/example_bash_decorator.py
[2024-10-04T00:20:16.122+0000] {logging_mixin.py:190} INFO - [2024-10-04T00:20:16.122+0000] {dag.py:3239} INFO - Sync 1 DAGs
[2024-10-04T00:20:16.139+0000] {logging_mixin.py:190} INFO - [2024-10-04T00:20:16.138+0000] {dag.py:4180} INFO - Setting next_dagrun for example_bash_decorator to None, run_after=None
[2024-10-04T00:20:16.167+0000] {processor.py:208} INFO - Processing /home/airflow/.local/lib/python3.12/site-packages/airflow/example_dags/example_bash_decorator.py took 0.087 seconds
[2024-10-04T00:20:46.380+0000] {processor.py:186} INFO - Started process (PID=4936) to work on /home/airflow/.local/lib/python3.12/site-packages/airflow/example_dags/example_bash_decorator.py
[2024-10-04T00:20:46.382+0000] {processor.py:914} INFO - Processing file /home/airflow/.local/lib/python3.12/site-packages/airflow/example_dags/example_bash_decorator.py for tasks to queue
[2024-10-04T00:20:46.385+0000] {logging_mixin.py:190} INFO - [2024-10-04T00:20:46.384+0000] {dagbag.py:588} INFO - Filling up the DagBag from /home/airflow/.local/lib/python3.12/site-packages/airflow/example_dags/example_bash_decorator.py
[2024-10-04T00:20:46.398+0000] {processor.py:925} INFO - DAG(s) 'example_bash_decorator' retrieved from /home/airflow/.local/lib/python3.12/site-packages/airflow/example_dags/example_bash_decorator.py
[2024-10-04T00:20:46.417+0000] {logging_mixin.py:190} INFO - [2024-10-04T00:20:46.417+0000] {dag.py:3239} INFO - Sync 1 DAGs
[2024-10-04T00:20:46.429+0000] {logging_mixin.py:190} INFO - [2024-10-04T00:20:46.428+0000] {dag.py:4180} INFO - Setting next_dagrun for example_bash_decorator to None, run_after=None
[2024-10-04T00:20:46.441+0000] {processor.py:208} INFO - Processing /home/airflow/.local/lib/python3.12/site-packages/airflow/example_dags/example_bash_decorator.py took 0.066 seconds
[2024-10-04T00:21:16.913+0000] {processor.py:186} INFO - Started process (PID=5222) to work on /home/airflow/.local/lib/python3.12/site-packages/airflow/example_dags/example_bash_decorator.py
[2024-10-04T00:21:16.914+0000] {processor.py:914} INFO - Processing file /home/airflow/.local/lib/python3.12/site-packages/airflow/example_dags/example_bash_decorator.py for tasks to queue
[2024-10-04T00:21:16.916+0000] {logging_mixin.py:190} INFO - [2024-10-04T00:21:16.916+0000] {dagbag.py:588} INFO - Filling up the DagBag from /home/airflow/.local/lib/python3.12/site-packages/airflow/example_dags/example_bash_decorator.py
[2024-10-04T00:21:16.929+0000] {processor.py:925} INFO - DAG(s) 'example_bash_decorator' retrieved from /home/airflow/.local/lib/python3.12/site-packages/airflow/example_dags/example_bash_decorator.py
[2024-10-04T00:21:16.947+0000] {logging_mixin.py:190} INFO - [2024-10-04T00:21:16.947+0000] {dag.py:3239} INFO - Sync 1 DAGs
[2024-10-04T00:21:16.958+0000] {logging_mixin.py:190} INFO - [2024-10-04T00:21:16.958+0000] {dag.py:4180} INFO - Setting next_dagrun for example_bash_decorator to None, run_after=None
[2024-10-04T00:21:16.971+0000] {processor.py:208} INFO - Processing /home/airflow/.local/lib/python3.12/site-packages/airflow/example_dags/example_bash_decorator.py took 0.063 seconds
[2024-10-04T00:21:47.170+0000] {processor.py:186} INFO - Started process (PID=5508) to work on /home/airflow/.local/lib/python3.12/site-packages/airflow/example_dags/example_bash_decorator.py
[2024-10-04T00:21:47.171+0000] {processor.py:914} INFO - Processing file /home/airflow/.local/lib/python3.12/site-packages/airflow/example_dags/example_bash_decorator.py for tasks to queue
[2024-10-04T00:21:47.173+0000] {logging_mixin.py:190} INFO - [2024-10-04T00:21:47.173+0000] {dagbag.py:588} INFO - Filling up the DagBag from /home/airflow/.local/lib/python3.12/site-packages/airflow/example_dags/example_bash_decorator.py
[2024-10-04T00:21:47.185+0000] {processor.py:925} INFO - DAG(s) 'example_bash_decorator' retrieved from /home/airflow/.local/lib/python3.12/site-packages/airflow/example_dags/example_bash_decorator.py
[2024-10-04T00:21:47.204+0000] {logging_mixin.py:190} INFO - [2024-10-04T00:21:47.204+0000] {dag.py:3239} INFO - Sync 1 DAGs
[2024-10-04T00:21:47.215+0000] {logging_mixin.py:190} INFO - [2024-10-04T00:21:47.215+0000] {dag.py:4180} INFO - Setting next_dagrun for example_bash_decorator to None, run_after=None
[2024-10-04T00:21:47.226+0000] {processor.py:208} INFO - Processing /home/airflow/.local/lib/python3.12/site-packages/airflow/example_dags/example_bash_decorator.py took 0.062 seconds
[2024-10-04T00:22:17.428+0000] {processor.py:186} INFO - Started process (PID=5794) to work on /home/airflow/.local/lib/python3.12/site-packages/airflow/example_dags/example_bash_decorator.py
[2024-10-04T00:22:17.429+0000] {processor.py:914} INFO - Processing file /home/airflow/.local/lib/python3.12/site-packages/airflow/example_dags/example_bash_decorator.py for tasks to queue
[2024-10-04T00:22:17.433+0000] {logging_mixin.py:190} INFO - [2024-10-04T00:22:17.432+0000] {dagbag.py:588} INFO - Filling up the DagBag from /home/airflow/.local/lib/python3.12/site-packages/airflow/example_dags/example_bash_decorator.py
[2024-10-04T00:22:17.446+0000] {processor.py:925} INFO - DAG(s) 'example_bash_decorator' retrieved from /home/airflow/.local/lib/python3.12/site-packages/airflow/example_dags/example_bash_decorator.py
[2024-10-04T00:22:17.465+0000] {logging_mixin.py:190} INFO - [2024-10-04T00:22:17.464+0000] {dag.py:3239} INFO - Sync 1 DAGs
[2024-10-04T00:22:17.475+0000] {logging_mixin.py:190} INFO - [2024-10-04T00:22:17.475+0000] {dag.py:4180} INFO - Setting next_dagrun for example_bash_decorator to None, run_after=None
[2024-10-04T00:22:17.488+0000] {processor.py:208} INFO - Processing /home/airflow/.local/lib/python3.12/site-packages/airflow/example_dags/example_bash_decorator.py took 0.065 seconds
[2024-10-04T00:22:52.725+0000] {processor.py:186} INFO - Started process (PID=6080) to work on /home/airflow/.local/lib/python3.12/site-packages/airflow/example_dags/example_bash_decorator.py
[2024-10-04T00:22:52.726+0000] {processor.py:914} INFO - Processing file /home/airflow/.local/lib/python3.12/site-packages/airflow/example_dags/example_bash_decorator.py for tasks to queue
[2024-10-04T00:22:52.729+0000] {logging_mixin.py:190} INFO - [2024-10-04T00:22:52.729+0000] {dagbag.py:588} INFO - Filling up the DagBag from /home/airflow/.local/lib/python3.12/site-packages/airflow/example_dags/example_bash_decorator.py
[2024-10-04T00:22:52.746+0000] {processor.py:925} INFO - DAG(s) 'example_bash_decorator' retrieved from /home/airflow/.local/lib/python3.12/site-packages/airflow/example_dags/example_bash_decorator.py
[2024-10-04T00:22:52.772+0000] {logging_mixin.py:190} INFO - [2024-10-04T00:22:52.771+0000] {dag.py:3239} INFO - Sync 1 DAGs
[2024-10-04T00:22:52.786+0000] {logging_mixin.py:190} INFO - [2024-10-04T00:22:52.786+0000] {dag.py:4180} INFO - Setting next_dagrun for example_bash_decorator to None, run_after=None
[2024-10-04T00:22:52.806+0000] {processor.py:208} INFO - Processing /home/airflow/.local/lib/python3.12/site-packages/airflow/example_dags/example_bash_decorator.py took 0.088 seconds
[2024-10-04T00:23:23.235+0000] {processor.py:186} INFO - Started process (PID=6366) to work on /home/airflow/.local/lib/python3.12/site-packages/airflow/example_dags/example_bash_decorator.py
[2024-10-04T00:23:23.236+0000] {processor.py:914} INFO - Processing file /home/airflow/.local/lib/python3.12/site-packages/airflow/example_dags/example_bash_decorator.py for tasks to queue
[2024-10-04T00:23:23.238+0000] {logging_mixin.py:190} INFO - [2024-10-04T00:23:23.238+0000] {dagbag.py:588} INFO - Filling up the DagBag from /home/airflow/.local/lib/python3.12/site-packages/airflow/example_dags/example_bash_decorator.py
[2024-10-04T00:23:23.254+0000] {processor.py:925} INFO - DAG(s) 'example_bash_decorator' retrieved from /home/airflow/.local/lib/python3.12/site-packages/airflow/example_dags/example_bash_decorator.py
[2024-10-04T00:23:23.273+0000] {logging_mixin.py:190} INFO - [2024-10-04T00:23:23.273+0000] {dag.py:3239} INFO - Sync 1 DAGs
[2024-10-04T00:23:23.284+0000] {logging_mixin.py:190} INFO - [2024-10-04T00:23:23.284+0000] {dag.py:4180} INFO - Setting next_dagrun for example_bash_decorator to None, run_after=None
[2024-10-04T00:23:23.297+0000] {processor.py:208} INFO - Processing /home/airflow/.local/lib/python3.12/site-packages/airflow/example_dags/example_bash_decorator.py took 0.068 seconds
[2024-10-04T00:23:53.430+0000] {processor.py:186} INFO - Started process (PID=6652) to work on /home/airflow/.local/lib/python3.12/site-packages/airflow/example_dags/example_bash_decorator.py
[2024-10-04T00:23:53.432+0000] {processor.py:914} INFO - Processing file /home/airflow/.local/lib/python3.12/site-packages/airflow/example_dags/example_bash_decorator.py for tasks to queue
[2024-10-04T00:23:53.434+0000] {logging_mixin.py:190} INFO - [2024-10-04T00:23:53.434+0000] {dagbag.py:588} INFO - Filling up the DagBag from /home/airflow/.local/lib/python3.12/site-packages/airflow/example_dags/example_bash_decorator.py
[2024-10-04T00:23:53.450+0000] {processor.py:925} INFO - DAG(s) 'example_bash_decorator' retrieved from /home/airflow/.local/lib/python3.12/site-packages/airflow/example_dags/example_bash_decorator.py
[2024-10-04T00:23:53.474+0000] {logging_mixin.py:190} INFO - [2024-10-04T00:23:53.474+0000] {dag.py:3239} INFO - Sync 1 DAGs
[2024-10-04T00:23:53.491+0000] {logging_mixin.py:190} INFO - [2024-10-04T00:23:53.491+0000] {dag.py:4180} INFO - Setting next_dagrun for example_bash_decorator to None, run_after=None
[2024-10-04T00:23:53.508+0000] {processor.py:208} INFO - Processing /home/airflow/.local/lib/python3.12/site-packages/airflow/example_dags/example_bash_decorator.py took 0.085 seconds
[2024-10-04T00:24:24.164+0000] {processor.py:186} INFO - Started process (PID=6938) to work on /home/airflow/.local/lib/python3.12/site-packages/airflow/example_dags/example_bash_decorator.py
[2024-10-04T00:24:24.165+0000] {processor.py:914} INFO - Processing file /home/airflow/.local/lib/python3.12/site-packages/airflow/example_dags/example_bash_decorator.py for tasks to queue
[2024-10-04T00:24:24.168+0000] {logging_mixin.py:190} INFO - [2024-10-04T00:24:24.168+0000] {dagbag.py:588} INFO - Filling up the DagBag from /home/airflow/.local/lib/python3.12/site-packages/airflow/example_dags/example_bash_decorator.py
[2024-10-04T00:24:24.182+0000] {processor.py:925} INFO - DAG(s) 'example_bash_decorator' retrieved from /home/airflow/.local/lib/python3.12/site-packages/airflow/example_dags/example_bash_decorator.py
[2024-10-04T00:24:24.202+0000] {logging_mixin.py:190} INFO - [2024-10-04T00:24:24.201+0000] {dag.py:3239} INFO - Sync 1 DAGs
[2024-10-04T00:24:24.212+0000] {logging_mixin.py:190} INFO - [2024-10-04T00:24:24.212+0000] {dag.py:4180} INFO - Setting next_dagrun for example_bash_decorator to None, run_after=None
[2024-10-04T00:24:24.226+0000] {processor.py:208} INFO - Processing /home/airflow/.local/lib/python3.12/site-packages/airflow/example_dags/example_bash_decorator.py took 0.067 seconds
[2024-10-04T00:24:54.618+0000] {processor.py:186} INFO - Started process (PID=7224) to work on /home/airflow/.local/lib/python3.12/site-packages/airflow/example_dags/example_bash_decorator.py
[2024-10-04T00:24:54.620+0000] {processor.py:914} INFO - Processing file /home/airflow/.local/lib/python3.12/site-packages/airflow/example_dags/example_bash_decorator.py for tasks to queue
[2024-10-04T00:24:54.623+0000] {logging_mixin.py:190} INFO - [2024-10-04T00:24:54.622+0000] {dagbag.py:588} INFO - Filling up the DagBag from /home/airflow/.local/lib/python3.12/site-packages/airflow/example_dags/example_bash_decorator.py
[2024-10-04T00:24:54.641+0000] {processor.py:925} INFO - DAG(s) 'example_bash_decorator' retrieved from /home/airflow/.local/lib/python3.12/site-packages/airflow/example_dags/example_bash_decorator.py
[2024-10-04T00:24:54.672+0000] {logging_mixin.py:190} INFO - [2024-10-04T00:24:54.672+0000] {dag.py:3239} INFO - Sync 1 DAGs
[2024-10-04T00:24:54.698+0000] {logging_mixin.py:190} INFO - [2024-10-04T00:24:54.698+0000] {dag.py:4180} INFO - Setting next_dagrun for example_bash_decorator to None, run_after=None
[2024-10-04T00:24:54.723+0000] {processor.py:208} INFO - Processing /home/airflow/.local/lib/python3.12/site-packages/airflow/example_dags/example_bash_decorator.py took 0.115 seconds
[2024-10-04T00:25:25.590+0000] {processor.py:186} INFO - Started process (PID=7510) to work on /home/airflow/.local/lib/python3.12/site-packages/airflow/example_dags/example_bash_decorator.py
[2024-10-04T00:25:25.592+0000] {processor.py:914} INFO - Processing file /home/airflow/.local/lib/python3.12/site-packages/airflow/example_dags/example_bash_decorator.py for tasks to queue
[2024-10-04T00:25:25.594+0000] {logging_mixin.py:190} INFO - [2024-10-04T00:25:25.594+0000] {dagbag.py:588} INFO - Filling up the DagBag from /home/airflow/.local/lib/python3.12/site-packages/airflow/example_dags/example_bash_decorator.py
[2024-10-04T00:25:25.609+0000] {processor.py:925} INFO - DAG(s) 'example_bash_decorator' retrieved from /home/airflow/.local/lib/python3.12/site-packages/airflow/example_dags/example_bash_decorator.py
[2024-10-04T00:25:25.632+0000] {logging_mixin.py:190} INFO - [2024-10-04T00:25:25.632+0000] {dag.py:3239} INFO - Sync 1 DAGs
[2024-10-04T00:25:25.644+0000] {logging_mixin.py:190} INFO - [2024-10-04T00:25:25.644+0000] {dag.py:4180} INFO - Setting next_dagrun for example_bash_decorator to None, run_after=None
[2024-10-04T00:25:25.656+0000] {processor.py:208} INFO - Processing /home/airflow/.local/lib/python3.12/site-packages/airflow/example_dags/example_bash_decorator.py took 0.073 seconds
[2024-10-04T00:25:56.221+0000] {processor.py:186} INFO - Started process (PID=7796) to work on /home/airflow/.local/lib/python3.12/site-packages/airflow/example_dags/example_bash_decorator.py
[2024-10-04T00:25:56.222+0000] {processor.py:914} INFO - Processing file /home/airflow/.local/lib/python3.12/site-packages/airflow/example_dags/example_bash_decorator.py for tasks to queue
[2024-10-04T00:25:56.225+0000] {logging_mixin.py:190} INFO - [2024-10-04T00:25:56.225+0000] {dagbag.py:588} INFO - Filling up the DagBag from /home/airflow/.local/lib/python3.12/site-packages/airflow/example_dags/example_bash_decorator.py
[2024-10-04T00:25:56.240+0000] {processor.py:925} INFO - DAG(s) 'example_bash_decorator' retrieved from /home/airflow/.local/lib/python3.12/site-packages/airflow/example_dags/example_bash_decorator.py
[2024-10-04T00:25:56.267+0000] {logging_mixin.py:190} INFO - [2024-10-04T00:25:56.267+0000] {dag.py:3239} INFO - Sync 1 DAGs
[2024-10-04T00:25:56.283+0000] {logging_mixin.py:190} INFO - [2024-10-04T00:25:56.283+0000] {dag.py:4180} INFO - Setting next_dagrun for example_bash_decorator to None, run_after=None
[2024-10-04T00:25:56.297+0000] {processor.py:208} INFO - Processing /home/airflow/.local/lib/python3.12/site-packages/airflow/example_dags/example_bash_decorator.py took 0.084 seconds
[2024-10-04T00:26:26.523+0000] {processor.py:186} INFO - Started process (PID=8082) to work on /home/airflow/.local/lib/python3.12/site-packages/airflow/example_dags/example_bash_decorator.py
[2024-10-04T00:26:26.524+0000] {processor.py:914} INFO - Processing file /home/airflow/.local/lib/python3.12/site-packages/airflow/example_dags/example_bash_decorator.py for tasks to queue
[2024-10-04T00:26:26.526+0000] {logging_mixin.py:190} INFO - [2024-10-04T00:26:26.526+0000] {dagbag.py:588} INFO - Filling up the DagBag from /home/airflow/.local/lib/python3.12/site-packages/airflow/example_dags/example_bash_decorator.py
[2024-10-04T00:26:26.539+0000] {processor.py:925} INFO - DAG(s) 'example_bash_decorator' retrieved from /home/airflow/.local/lib/python3.12/site-packages/airflow/example_dags/example_bash_decorator.py
[2024-10-04T00:26:26.559+0000] {logging_mixin.py:190} INFO - [2024-10-04T00:26:26.559+0000] {dag.py:3239} INFO - Sync 1 DAGs
[2024-10-04T00:26:26.570+0000] {logging_mixin.py:190} INFO - [2024-10-04T00:26:26.570+0000] {dag.py:4180} INFO - Setting next_dagrun for example_bash_decorator to None, run_after=None
[2024-10-04T00:26:26.583+0000] {processor.py:208} INFO - Processing /home/airflow/.local/lib/python3.12/site-packages/airflow/example_dags/example_bash_decorator.py took 0.067 seconds
[2024-10-04T00:26:56.777+0000] {processor.py:186} INFO - Started process (PID=8368) to work on /home/airflow/.local/lib/python3.12/site-packages/airflow/example_dags/example_bash_decorator.py
[2024-10-04T00:26:56.779+0000] {processor.py:914} INFO - Processing file /home/airflow/.local/lib/python3.12/site-packages/airflow/example_dags/example_bash_decorator.py for tasks to queue
[2024-10-04T00:26:56.782+0000] {logging_mixin.py:190} INFO - [2024-10-04T00:26:56.781+0000] {dagbag.py:588} INFO - Filling up the DagBag from /home/airflow/.local/lib/python3.12/site-packages/airflow/example_dags/example_bash_decorator.py
[2024-10-04T00:26:56.797+0000] {processor.py:925} INFO - DAG(s) 'example_bash_decorator' retrieved from /home/airflow/.local/lib/python3.12/site-packages/airflow/example_dags/example_bash_decorator.py
[2024-10-04T00:26:56.818+0000] {logging_mixin.py:190} INFO - [2024-10-04T00:26:56.818+0000] {dag.py:3239} INFO - Sync 1 DAGs
[2024-10-04T00:26:56.829+0000] {logging_mixin.py:190} INFO - [2024-10-04T00:26:56.829+0000] {dag.py:4180} INFO - Setting next_dagrun for example_bash_decorator to None, run_after=None
[2024-10-04T00:26:56.843+0000] {processor.py:208} INFO - Processing /home/airflow/.local/lib/python3.12/site-packages/airflow/example_dags/example_bash_decorator.py took 0.076 seconds
[2024-10-04T00:27:26.948+0000] {processor.py:186} INFO - Started process (PID=8654) to work on /home/airflow/.local/lib/python3.12/site-packages/airflow/example_dags/example_bash_decorator.py
[2024-10-04T00:27:26.949+0000] {processor.py:914} INFO - Processing file /home/airflow/.local/lib/python3.12/site-packages/airflow/example_dags/example_bash_decorator.py for tasks to queue
[2024-10-04T00:27:26.951+0000] {logging_mixin.py:190} INFO - [2024-10-04T00:27:26.950+0000] {dagbag.py:588} INFO - Filling up the DagBag from /home/airflow/.local/lib/python3.12/site-packages/airflow/example_dags/example_bash_decorator.py
[2024-10-04T00:27:26.964+0000] {processor.py:925} INFO - DAG(s) 'example_bash_decorator' retrieved from /home/airflow/.local/lib/python3.12/site-packages/airflow/example_dags/example_bash_decorator.py
[2024-10-04T00:27:26.982+0000] {logging_mixin.py:190} INFO - [2024-10-04T00:27:26.982+0000] {dag.py:3239} INFO - Sync 1 DAGs
[2024-10-04T00:27:26.993+0000] {logging_mixin.py:190} INFO - [2024-10-04T00:27:26.993+0000] {dag.py:4180} INFO - Setting next_dagrun for example_bash_decorator to None, run_after=None
[2024-10-04T00:27:27.007+0000] {processor.py:208} INFO - Processing /home/airflow/.local/lib/python3.12/site-packages/airflow/example_dags/example_bash_decorator.py took 0.065 seconds
[2024-10-04T00:27:57.483+0000] {processor.py:186} INFO - Started process (PID=8940) to work on /home/airflow/.local/lib/python3.12/site-packages/airflow/example_dags/example_bash_decorator.py
[2024-10-04T00:27:57.485+0000] {processor.py:914} INFO - Processing file /home/airflow/.local/lib/python3.12/site-packages/airflow/example_dags/example_bash_decorator.py for tasks to queue
[2024-10-04T00:27:57.487+0000] {logging_mixin.py:190} INFO - [2024-10-04T00:27:57.487+0000] {dagbag.py:588} INFO - Filling up the DagBag from /home/airflow/.local/lib/python3.12/site-packages/airflow/example_dags/example_bash_decorator.py
[2024-10-04T00:27:57.503+0000] {processor.py:925} INFO - DAG(s) 'example_bash_decorator' retrieved from /home/airflow/.local/lib/python3.12/site-packages/airflow/example_dags/example_bash_decorator.py
[2024-10-04T00:27:57.527+0000] {logging_mixin.py:190} INFO - [2024-10-04T00:27:57.526+0000] {dag.py:3239} INFO - Sync 1 DAGs
[2024-10-04T00:27:57.540+0000] {logging_mixin.py:190} INFO - [2024-10-04T00:27:57.539+0000] {dag.py:4180} INFO - Setting next_dagrun for example_bash_decorator to None, run_after=None
[2024-10-04T00:27:57.554+0000] {processor.py:208} INFO - Processing /home/airflow/.local/lib/python3.12/site-packages/airflow/example_dags/example_bash_decorator.py took 0.076 seconds
[2024-10-04T00:28:27.737+0000] {processor.py:186} INFO - Started process (PID=9226) to work on /home/airflow/.local/lib/python3.12/site-packages/airflow/example_dags/example_bash_decorator.py
[2024-10-04T00:28:27.739+0000] {processor.py:914} INFO - Processing file /home/airflow/.local/lib/python3.12/site-packages/airflow/example_dags/example_bash_decorator.py for tasks to queue
[2024-10-04T00:28:27.741+0000] {logging_mixin.py:190} INFO - [2024-10-04T00:28:27.741+0000] {dagbag.py:588} INFO - Filling up the DagBag from /home/airflow/.local/lib/python3.12/site-packages/airflow/example_dags/example_bash_decorator.py
[2024-10-04T00:28:27.754+0000] {processor.py:925} INFO - DAG(s) 'example_bash_decorator' retrieved from /home/airflow/.local/lib/python3.12/site-packages/airflow/example_dags/example_bash_decorator.py
[2024-10-04T00:28:27.772+0000] {logging_mixin.py:190} INFO - [2024-10-04T00:28:27.772+0000] {dag.py:3239} INFO - Sync 1 DAGs
[2024-10-04T00:28:27.783+0000] {logging_mixin.py:190} INFO - [2024-10-04T00:28:27.783+0000] {dag.py:4180} INFO - Setting next_dagrun for example_bash_decorator to None, run_after=None
[2024-10-04T00:28:27.795+0000] {processor.py:208} INFO - Processing /home/airflow/.local/lib/python3.12/site-packages/airflow/example_dags/example_bash_decorator.py took 0.063 seconds
