[2024-10-04T00:12:33.337+0000] {processor.py:186} INFO - Started process (PID=259) to work on /home/airflow/.local/lib/python3.12/site-packages/airflow/example_dags/tutorial.py
[2024-10-04T00:12:33.339+0000] {processor.py:914} INFO - Processing file /home/airflow/.local/lib/python3.12/site-packages/airflow/example_dags/tutorial.py for tasks to queue
[2024-10-04T00:12:33.341+0000] {logging_mixin.py:190} INFO - [2024-10-04T00:12:33.341+0000] {dagbag.py:588} INFO - Filling up the DagBag from /home/airflow/.local/lib/python3.12/site-packages/airflow/example_dags/tutorial.py
[2024-10-04T00:12:33.356+0000] {processor.py:925} INFO - DAG(s) 'tutorial' retrieved from /home/airflow/.local/lib/python3.12/site-packages/airflow/example_dags/tutorial.py
[2024-10-04T00:12:33.455+0000] {logging_mixin.py:190} INFO - [2024-10-04T00:12:33.454+0000] {override.py:1900} INFO - Created Permission View: can read on DAG:tutorial
[2024-10-04T00:12:33.462+0000] {logging_mixin.py:190} INFO - [2024-10-04T00:12:33.462+0000] {override.py:1900} INFO - Created Permission View: can delete on DAG:tutorial
[2024-10-04T00:12:33.467+0000] {logging_mixin.py:190} INFO - [2024-10-04T00:12:33.467+0000] {override.py:1900} INFO - Created Permission View: can edit on DAG:tutorial
[2024-10-04T00:12:33.472+0000] {logging_mixin.py:190} INFO - [2024-10-04T00:12:33.471+0000] {override.py:1900} INFO - Created Permission View: menu access on DAG Run:tutorial
[2024-10-04T00:12:33.476+0000] {logging_mixin.py:190} INFO - [2024-10-04T00:12:33.476+0000] {override.py:1900} INFO - Created Permission View: can read on DAG Run:tutorial
[2024-10-04T00:12:33.481+0000] {logging_mixin.py:190} INFO - [2024-10-04T00:12:33.481+0000] {override.py:1900} INFO - Created Permission View: can delete on DAG Run:tutorial
[2024-10-04T00:12:33.485+0000] {logging_mixin.py:190} INFO - [2024-10-04T00:12:33.485+0000] {override.py:1900} INFO - Created Permission View: can create on DAG Run:tutorial
[2024-10-04T00:12:33.486+0000] {logging_mixin.py:190} INFO - [2024-10-04T00:12:33.486+0000] {dag.py:3239} INFO - Sync 1 DAGs
[2024-10-04T00:12:33.495+0000] {logging_mixin.py:190} INFO - [2024-10-04T00:12:33.495+0000] {dag.py:3262} INFO - Creating ORM DAG for tutorial
[2024-10-04T00:12:33.503+0000] {logging_mixin.py:190} INFO - [2024-10-04T00:12:33.503+0000] {dag.py:4180} INFO - Setting next_dagrun for tutorial to 2024-10-03 00:00:00+00:00, run_after=2024-10-04 00:00:00+00:00
[2024-10-04T00:12:33.515+0000] {processor.py:208} INFO - Processing /home/airflow/.local/lib/python3.12/site-packages/airflow/example_dags/tutorial.py took 0.184 seconds
[2024-10-04T00:13:04.317+0000] {processor.py:186} INFO - Started process (PID=545) to work on /home/airflow/.local/lib/python3.12/site-packages/airflow/example_dags/tutorial.py
[2024-10-04T00:13:04.319+0000] {processor.py:914} INFO - Processing file /home/airflow/.local/lib/python3.12/site-packages/airflow/example_dags/tutorial.py for tasks to queue
[2024-10-04T00:13:04.324+0000] {logging_mixin.py:190} INFO - [2024-10-04T00:13:04.324+0000] {dagbag.py:588} INFO - Filling up the DagBag from /home/airflow/.local/lib/python3.12/site-packages/airflow/example_dags/tutorial.py
[2024-10-04T00:13:04.332+0000] {processor.py:925} INFO - DAG(s) 'tutorial' retrieved from /home/airflow/.local/lib/python3.12/site-packages/airflow/example_dags/tutorial.py
[2024-10-04T00:13:04.352+0000] {logging_mixin.py:190} INFO - [2024-10-04T00:13:04.352+0000] {dag.py:3239} INFO - Sync 1 DAGs
[2024-10-04T00:13:04.372+0000] {logging_mixin.py:190} INFO - [2024-10-04T00:13:04.372+0000] {dag.py:4180} INFO - Setting next_dagrun for tutorial to 2024-10-03 00:00:00+00:00, run_after=2024-10-04 00:00:00+00:00
[2024-10-04T00:13:04.385+0000] {processor.py:208} INFO - Processing /home/airflow/.local/lib/python3.12/site-packages/airflow/example_dags/tutorial.py took 0.078 seconds
[2024-10-04T00:13:34.944+0000] {processor.py:186} INFO - Started process (PID=831) to work on /home/airflow/.local/lib/python3.12/site-packages/airflow/example_dags/tutorial.py
[2024-10-04T00:13:34.945+0000] {processor.py:914} INFO - Processing file /home/airflow/.local/lib/python3.12/site-packages/airflow/example_dags/tutorial.py for tasks to queue
[2024-10-04T00:13:34.947+0000] {logging_mixin.py:190} INFO - [2024-10-04T00:13:34.947+0000] {dagbag.py:588} INFO - Filling up the DagBag from /home/airflow/.local/lib/python3.12/site-packages/airflow/example_dags/tutorial.py
[2024-10-04T00:13:34.954+0000] {processor.py:925} INFO - DAG(s) 'tutorial' retrieved from /home/airflow/.local/lib/python3.12/site-packages/airflow/example_dags/tutorial.py
[2024-10-04T00:13:34.974+0000] {logging_mixin.py:190} INFO - [2024-10-04T00:13:34.974+0000] {dag.py:3239} INFO - Sync 1 DAGs
[2024-10-04T00:13:34.992+0000] {logging_mixin.py:190} INFO - [2024-10-04T00:13:34.992+0000] {dag.py:4180} INFO - Setting next_dagrun for tutorial to 2024-10-03 00:00:00+00:00, run_after=2024-10-04 00:00:00+00:00
[2024-10-04T00:13:35.005+0000] {processor.py:208} INFO - Processing /home/airflow/.local/lib/python3.12/site-packages/airflow/example_dags/tutorial.py took 0.067 seconds
[2024-10-04T00:14:05.468+0000] {processor.py:186} INFO - Started process (PID=1117) to work on /home/airflow/.local/lib/python3.12/site-packages/airflow/example_dags/tutorial.py
[2024-10-04T00:14:05.470+0000] {processor.py:914} INFO - Processing file /home/airflow/.local/lib/python3.12/site-packages/airflow/example_dags/tutorial.py for tasks to queue
[2024-10-04T00:14:05.472+0000] {logging_mixin.py:190} INFO - [2024-10-04T00:14:05.471+0000] {dagbag.py:588} INFO - Filling up the DagBag from /home/airflow/.local/lib/python3.12/site-packages/airflow/example_dags/tutorial.py
[2024-10-04T00:14:05.480+0000] {processor.py:925} INFO - DAG(s) 'tutorial' retrieved from /home/airflow/.local/lib/python3.12/site-packages/airflow/example_dags/tutorial.py
[2024-10-04T00:14:05.500+0000] {logging_mixin.py:190} INFO - [2024-10-04T00:14:05.500+0000] {dag.py:3239} INFO - Sync 1 DAGs
[2024-10-04T00:14:05.520+0000] {logging_mixin.py:190} INFO - [2024-10-04T00:14:05.520+0000] {dag.py:4180} INFO - Setting next_dagrun for tutorial to 2024-10-03 00:00:00+00:00, run_after=2024-10-04 00:00:00+00:00
[2024-10-04T00:14:05.534+0000] {processor.py:208} INFO - Processing /home/airflow/.local/lib/python3.12/site-packages/airflow/example_dags/tutorial.py took 0.072 seconds
[2024-10-04T00:14:36.222+0000] {processor.py:186} INFO - Started process (PID=1403) to work on /home/airflow/.local/lib/python3.12/site-packages/airflow/example_dags/tutorial.py
[2024-10-04T00:14:36.223+0000] {processor.py:914} INFO - Processing file /home/airflow/.local/lib/python3.12/site-packages/airflow/example_dags/tutorial.py for tasks to queue
[2024-10-04T00:14:36.225+0000] {logging_mixin.py:190} INFO - [2024-10-04T00:14:36.225+0000] {dagbag.py:588} INFO - Filling up the DagBag from /home/airflow/.local/lib/python3.12/site-packages/airflow/example_dags/tutorial.py
[2024-10-04T00:14:36.231+0000] {processor.py:925} INFO - DAG(s) 'tutorial' retrieved from /home/airflow/.local/lib/python3.12/site-packages/airflow/example_dags/tutorial.py
[2024-10-04T00:14:36.248+0000] {logging_mixin.py:190} INFO - [2024-10-04T00:14:36.248+0000] {dag.py:3239} INFO - Sync 1 DAGs
[2024-10-04T00:14:36.265+0000] {logging_mixin.py:190} INFO - [2024-10-04T00:14:36.265+0000] {dag.py:4180} INFO - Setting next_dagrun for tutorial to 2024-10-03 00:00:00+00:00, run_after=2024-10-04 00:00:00+00:00
[2024-10-04T00:14:36.278+0000] {processor.py:208} INFO - Processing /home/airflow/.local/lib/python3.12/site-packages/airflow/example_dags/tutorial.py took 0.061 seconds
[2024-10-04T00:15:06.675+0000] {processor.py:186} INFO - Started process (PID=1689) to work on /home/airflow/.local/lib/python3.12/site-packages/airflow/example_dags/tutorial.py
[2024-10-04T00:15:06.677+0000] {processor.py:914} INFO - Processing file /home/airflow/.local/lib/python3.12/site-packages/airflow/example_dags/tutorial.py for tasks to queue
[2024-10-04T00:15:06.679+0000] {logging_mixin.py:190} INFO - [2024-10-04T00:15:06.678+0000] {dagbag.py:588} INFO - Filling up the DagBag from /home/airflow/.local/lib/python3.12/site-packages/airflow/example_dags/tutorial.py
[2024-10-04T00:15:06.686+0000] {processor.py:925} INFO - DAG(s) 'tutorial' retrieved from /home/airflow/.local/lib/python3.12/site-packages/airflow/example_dags/tutorial.py
[2024-10-04T00:15:06.706+0000] {logging_mixin.py:190} INFO - [2024-10-04T00:15:06.706+0000] {dag.py:3239} INFO - Sync 1 DAGs
[2024-10-04T00:15:06.725+0000] {logging_mixin.py:190} INFO - [2024-10-04T00:15:06.724+0000] {dag.py:4180} INFO - Setting next_dagrun for tutorial to 2024-10-03 00:00:00+00:00, run_after=2024-10-04 00:00:00+00:00
[2024-10-04T00:15:06.738+0000] {processor.py:208} INFO - Processing /home/airflow/.local/lib/python3.12/site-packages/airflow/example_dags/tutorial.py took 0.068 seconds
[2024-10-04T00:15:37.556+0000] {processor.py:186} INFO - Started process (PID=1975) to work on /home/airflow/.local/lib/python3.12/site-packages/airflow/example_dags/tutorial.py
[2024-10-04T00:15:37.558+0000] {processor.py:914} INFO - Processing file /home/airflow/.local/lib/python3.12/site-packages/airflow/example_dags/tutorial.py for tasks to queue
[2024-10-04T00:15:37.560+0000] {logging_mixin.py:190} INFO - [2024-10-04T00:15:37.559+0000] {dagbag.py:588} INFO - Filling up the DagBag from /home/airflow/.local/lib/python3.12/site-packages/airflow/example_dags/tutorial.py
[2024-10-04T00:15:37.567+0000] {processor.py:925} INFO - DAG(s) 'tutorial' retrieved from /home/airflow/.local/lib/python3.12/site-packages/airflow/example_dags/tutorial.py
[2024-10-04T00:15:37.585+0000] {logging_mixin.py:190} INFO - [2024-10-04T00:15:37.585+0000] {dag.py:3239} INFO - Sync 1 DAGs
[2024-10-04T00:15:37.602+0000] {logging_mixin.py:190} INFO - [2024-10-04T00:15:37.602+0000] {dag.py:4180} INFO - Setting next_dagrun for tutorial to 2024-10-03 00:00:00+00:00, run_after=2024-10-04 00:00:00+00:00
[2024-10-04T00:15:37.615+0000] {processor.py:208} INFO - Processing /home/airflow/.local/lib/python3.12/site-packages/airflow/example_dags/tutorial.py took 0.064 seconds
[2024-10-04T00:16:07.909+0000] {processor.py:186} INFO - Started process (PID=2261) to work on /home/airflow/.local/lib/python3.12/site-packages/airflow/example_dags/tutorial.py
[2024-10-04T00:16:07.911+0000] {processor.py:914} INFO - Processing file /home/airflow/.local/lib/python3.12/site-packages/airflow/example_dags/tutorial.py for tasks to queue
[2024-10-04T00:16:07.913+0000] {logging_mixin.py:190} INFO - [2024-10-04T00:16:07.912+0000] {dagbag.py:588} INFO - Filling up the DagBag from /home/airflow/.local/lib/python3.12/site-packages/airflow/example_dags/tutorial.py
[2024-10-04T00:16:07.920+0000] {processor.py:925} INFO - DAG(s) 'tutorial' retrieved from /home/airflow/.local/lib/python3.12/site-packages/airflow/example_dags/tutorial.py
[2024-10-04T00:16:07.944+0000] {logging_mixin.py:190} INFO - [2024-10-04T00:16:07.944+0000] {dag.py:3239} INFO - Sync 1 DAGs
[2024-10-04T00:16:07.966+0000] {logging_mixin.py:190} INFO - [2024-10-04T00:16:07.966+0000] {dag.py:4180} INFO - Setting next_dagrun for tutorial to 2024-10-03 00:00:00+00:00, run_after=2024-10-04 00:00:00+00:00
[2024-10-04T00:16:07.981+0000] {processor.py:208} INFO - Processing /home/airflow/.local/lib/python3.12/site-packages/airflow/example_dags/tutorial.py took 0.077 seconds
[2024-10-04T00:16:38.725+0000] {processor.py:186} INFO - Started process (PID=2547) to work on /home/airflow/.local/lib/python3.12/site-packages/airflow/example_dags/tutorial.py
[2024-10-04T00:16:38.726+0000] {processor.py:914} INFO - Processing file /home/airflow/.local/lib/python3.12/site-packages/airflow/example_dags/tutorial.py for tasks to queue
[2024-10-04T00:16:38.728+0000] {logging_mixin.py:190} INFO - [2024-10-04T00:16:38.728+0000] {dagbag.py:588} INFO - Filling up the DagBag from /home/airflow/.local/lib/python3.12/site-packages/airflow/example_dags/tutorial.py
[2024-10-04T00:16:38.736+0000] {processor.py:925} INFO - DAG(s) 'tutorial' retrieved from /home/airflow/.local/lib/python3.12/site-packages/airflow/example_dags/tutorial.py
[2024-10-04T00:16:38.753+0000] {logging_mixin.py:190} INFO - [2024-10-04T00:16:38.753+0000] {dag.py:3239} INFO - Sync 1 DAGs
[2024-10-04T00:16:38.771+0000] {logging_mixin.py:190} INFO - [2024-10-04T00:16:38.771+0000] {dag.py:4180} INFO - Setting next_dagrun for tutorial to 2024-10-03 00:00:00+00:00, run_after=2024-10-04 00:00:00+00:00
[2024-10-04T00:16:38.783+0000] {processor.py:208} INFO - Processing /home/airflow/.local/lib/python3.12/site-packages/airflow/example_dags/tutorial.py took 0.064 seconds
[2024-10-04T00:17:09.400+0000] {processor.py:186} INFO - Started process (PID=2833) to work on /home/airflow/.local/lib/python3.12/site-packages/airflow/example_dags/tutorial.py
[2024-10-04T00:17:09.402+0000] {processor.py:914} INFO - Processing file /home/airflow/.local/lib/python3.12/site-packages/airflow/example_dags/tutorial.py for tasks to queue
[2024-10-04T00:17:09.405+0000] {logging_mixin.py:190} INFO - [2024-10-04T00:17:09.405+0000] {dagbag.py:588} INFO - Filling up the DagBag from /home/airflow/.local/lib/python3.12/site-packages/airflow/example_dags/tutorial.py
[2024-10-04T00:17:09.415+0000] {processor.py:925} INFO - DAG(s) 'tutorial' retrieved from /home/airflow/.local/lib/python3.12/site-packages/airflow/example_dags/tutorial.py
[2024-10-04T00:17:09.457+0000] {logging_mixin.py:190} INFO - [2024-10-04T00:17:09.456+0000] {dag.py:3239} INFO - Sync 1 DAGs
[2024-10-04T00:17:09.519+0000] {logging_mixin.py:190} INFO - [2024-10-04T00:17:09.519+0000] {dag.py:4180} INFO - Setting next_dagrun for tutorial to 2024-10-03 00:00:00+00:00, run_after=2024-10-04 00:00:00+00:00
[2024-10-04T00:17:09.573+0000] {processor.py:208} INFO - Processing /home/airflow/.local/lib/python3.12/site-packages/airflow/example_dags/tutorial.py took 0.180 seconds
[2024-10-04T00:17:40.147+0000] {processor.py:186} INFO - Started process (PID=3119) to work on /home/airflow/.local/lib/python3.12/site-packages/airflow/example_dags/tutorial.py
[2024-10-04T00:17:40.149+0000] {processor.py:914} INFO - Processing file /home/airflow/.local/lib/python3.12/site-packages/airflow/example_dags/tutorial.py for tasks to queue
[2024-10-04T00:17:40.152+0000] {logging_mixin.py:190} INFO - [2024-10-04T00:17:40.152+0000] {dagbag.py:588} INFO - Filling up the DagBag from /home/airflow/.local/lib/python3.12/site-packages/airflow/example_dags/tutorial.py
[2024-10-04T00:17:40.162+0000] {processor.py:925} INFO - DAG(s) 'tutorial' retrieved from /home/airflow/.local/lib/python3.12/site-packages/airflow/example_dags/tutorial.py
[2024-10-04T00:17:40.203+0000] {logging_mixin.py:190} INFO - [2024-10-04T00:17:40.202+0000] {dag.py:3239} INFO - Sync 1 DAGs
[2024-10-04T00:17:40.259+0000] {logging_mixin.py:190} INFO - [2024-10-04T00:17:40.254+0000] {dag.py:4180} INFO - Setting next_dagrun for tutorial to 2024-10-03 00:00:00+00:00, run_after=2024-10-04 00:00:00+00:00
[2024-10-04T00:17:40.415+0000] {processor.py:208} INFO - Processing /home/airflow/.local/lib/python3.12/site-packages/airflow/example_dags/tutorial.py took 0.276 seconds
[2024-10-04T00:18:11.321+0000] {processor.py:186} INFO - Started process (PID=3400) to work on /home/airflow/.local/lib/python3.12/site-packages/airflow/example_dags/tutorial.py
[2024-10-04T00:18:11.322+0000] {processor.py:914} INFO - Processing file /home/airflow/.local/lib/python3.12/site-packages/airflow/example_dags/tutorial.py for tasks to queue
[2024-10-04T00:18:11.324+0000] {logging_mixin.py:190} INFO - [2024-10-04T00:18:11.324+0000] {dagbag.py:588} INFO - Filling up the DagBag from /home/airflow/.local/lib/python3.12/site-packages/airflow/example_dags/tutorial.py
[2024-10-04T00:18:11.331+0000] {processor.py:925} INFO - DAG(s) 'tutorial' retrieved from /home/airflow/.local/lib/python3.12/site-packages/airflow/example_dags/tutorial.py
[2024-10-04T00:18:11.350+0000] {logging_mixin.py:190} INFO - [2024-10-04T00:18:11.350+0000] {dag.py:3239} INFO - Sync 1 DAGs
[2024-10-04T00:18:11.370+0000] {logging_mixin.py:190} INFO - [2024-10-04T00:18:11.370+0000] {dag.py:4180} INFO - Setting next_dagrun for tutorial to 2024-10-03 00:00:00+00:00, run_after=2024-10-04 00:00:00+00:00
[2024-10-04T00:18:11.385+0000] {processor.py:208} INFO - Processing /home/airflow/.local/lib/python3.12/site-packages/airflow/example_dags/tutorial.py took 0.072 seconds
[2024-10-04T00:18:42.330+0000] {processor.py:186} INFO - Started process (PID=3686) to work on /home/airflow/.local/lib/python3.12/site-packages/airflow/example_dags/tutorial.py
[2024-10-04T00:18:42.334+0000] {processor.py:914} INFO - Processing file /home/airflow/.local/lib/python3.12/site-packages/airflow/example_dags/tutorial.py for tasks to queue
[2024-10-04T00:18:42.342+0000] {logging_mixin.py:190} INFO - [2024-10-04T00:18:42.341+0000] {dagbag.py:588} INFO - Filling up the DagBag from /home/airflow/.local/lib/python3.12/site-packages/airflow/example_dags/tutorial.py
[2024-10-04T00:18:42.411+0000] {processor.py:925} INFO - DAG(s) 'tutorial' retrieved from /home/airflow/.local/lib/python3.12/site-packages/airflow/example_dags/tutorial.py
[2024-10-04T00:18:42.492+0000] {logging_mixin.py:190} INFO - [2024-10-04T00:18:42.490+0000] {dag.py:3239} INFO - Sync 1 DAGs
[2024-10-04T00:18:42.555+0000] {logging_mixin.py:190} INFO - [2024-10-04T00:18:42.555+0000] {dag.py:4180} INFO - Setting next_dagrun for tutorial to 2024-10-03 00:00:00+00:00, run_after=2024-10-04 00:00:00+00:00
[2024-10-04T00:18:42.582+0000] {processor.py:208} INFO - Processing /home/airflow/.local/lib/python3.12/site-packages/airflow/example_dags/tutorial.py took 0.318 seconds
[2024-10-04T00:19:12.623+0000] {processor.py:186} INFO - Started process (PID=3974) to work on /home/airflow/.local/lib/python3.12/site-packages/airflow/example_dags/tutorial.py
[2024-10-04T00:19:12.624+0000] {processor.py:914} INFO - Processing file /home/airflow/.local/lib/python3.12/site-packages/airflow/example_dags/tutorial.py for tasks to queue
[2024-10-04T00:19:12.627+0000] {logging_mixin.py:190} INFO - [2024-10-04T00:19:12.626+0000] {dagbag.py:588} INFO - Filling up the DagBag from /home/airflow/.local/lib/python3.12/site-packages/airflow/example_dags/tutorial.py
[2024-10-04T00:19:12.634+0000] {processor.py:925} INFO - DAG(s) 'tutorial' retrieved from /home/airflow/.local/lib/python3.12/site-packages/airflow/example_dags/tutorial.py
[2024-10-04T00:19:12.650+0000] {logging_mixin.py:190} INFO - [2024-10-04T00:19:12.650+0000] {dag.py:3239} INFO - Sync 1 DAGs
[2024-10-04T00:19:12.668+0000] {logging_mixin.py:190} INFO - [2024-10-04T00:19:12.668+0000] {dag.py:4180} INFO - Setting next_dagrun for tutorial to 2024-10-03 00:00:00+00:00, run_after=2024-10-04 00:00:00+00:00
[2024-10-04T00:19:12.681+0000] {processor.py:208} INFO - Processing /home/airflow/.local/lib/python3.12/site-packages/airflow/example_dags/tutorial.py took 0.063 seconds
[2024-10-04T00:19:42.908+0000] {processor.py:186} INFO - Started process (PID=4258) to work on /home/airflow/.local/lib/python3.12/site-packages/airflow/example_dags/tutorial.py
[2024-10-04T00:19:42.909+0000] {processor.py:914} INFO - Processing file /home/airflow/.local/lib/python3.12/site-packages/airflow/example_dags/tutorial.py for tasks to queue
[2024-10-04T00:19:42.911+0000] {logging_mixin.py:190} INFO - [2024-10-04T00:19:42.911+0000] {dagbag.py:588} INFO - Filling up the DagBag from /home/airflow/.local/lib/python3.12/site-packages/airflow/example_dags/tutorial.py
[2024-10-04T00:19:42.920+0000] {processor.py:925} INFO - DAG(s) 'tutorial' retrieved from /home/airflow/.local/lib/python3.12/site-packages/airflow/example_dags/tutorial.py
[2024-10-04T00:19:42.945+0000] {logging_mixin.py:190} INFO - [2024-10-04T00:19:42.945+0000] {dag.py:3239} INFO - Sync 1 DAGs
[2024-10-04T00:19:42.967+0000] {logging_mixin.py:190} INFO - [2024-10-04T00:19:42.967+0000] {dag.py:4180} INFO - Setting next_dagrun for tutorial to 2024-10-03 00:00:00+00:00, run_after=2024-10-04 00:00:00+00:00
[2024-10-04T00:19:42.981+0000] {processor.py:208} INFO - Processing /home/airflow/.local/lib/python3.12/site-packages/airflow/example_dags/tutorial.py took 0.078 seconds
[2024-10-04T00:20:13.875+0000] {processor.py:186} INFO - Started process (PID=4550) to work on /home/airflow/.local/lib/python3.12/site-packages/airflow/example_dags/tutorial.py
[2024-10-04T00:20:13.876+0000] {processor.py:914} INFO - Processing file /home/airflow/.local/lib/python3.12/site-packages/airflow/example_dags/tutorial.py for tasks to queue
[2024-10-04T00:20:13.879+0000] {logging_mixin.py:190} INFO - [2024-10-04T00:20:13.879+0000] {dagbag.py:588} INFO - Filling up the DagBag from /home/airflow/.local/lib/python3.12/site-packages/airflow/example_dags/tutorial.py
[2024-10-04T00:20:13.887+0000] {processor.py:925} INFO - DAG(s) 'tutorial' retrieved from /home/airflow/.local/lib/python3.12/site-packages/airflow/example_dags/tutorial.py
[2024-10-04T00:20:13.907+0000] {logging_mixin.py:190} INFO - [2024-10-04T00:20:13.907+0000] {dag.py:3239} INFO - Sync 1 DAGs
[2024-10-04T00:20:13.928+0000] {logging_mixin.py:190} INFO - [2024-10-04T00:20:13.928+0000] {dag.py:4180} INFO - Setting next_dagrun for tutorial to 2024-10-03 00:00:00+00:00, run_after=2024-10-04 00:00:00+00:00
[2024-10-04T00:20:13.944+0000] {processor.py:208} INFO - Processing /home/airflow/.local/lib/python3.12/site-packages/airflow/example_dags/tutorial.py took 0.076 seconds
[2024-10-04T00:20:44.336+0000] {processor.py:186} INFO - Started process (PID=4836) to work on /home/airflow/.local/lib/python3.12/site-packages/airflow/example_dags/tutorial.py
[2024-10-04T00:20:44.337+0000] {processor.py:914} INFO - Processing file /home/airflow/.local/lib/python3.12/site-packages/airflow/example_dags/tutorial.py for tasks to queue
[2024-10-04T00:20:44.339+0000] {logging_mixin.py:190} INFO - [2024-10-04T00:20:44.339+0000] {dagbag.py:588} INFO - Filling up the DagBag from /home/airflow/.local/lib/python3.12/site-packages/airflow/example_dags/tutorial.py
[2024-10-04T00:20:44.346+0000] {processor.py:925} INFO - DAG(s) 'tutorial' retrieved from /home/airflow/.local/lib/python3.12/site-packages/airflow/example_dags/tutorial.py
[2024-10-04T00:20:44.362+0000] {logging_mixin.py:190} INFO - [2024-10-04T00:20:44.362+0000] {dag.py:3239} INFO - Sync 1 DAGs
[2024-10-04T00:20:44.379+0000] {logging_mixin.py:190} INFO - [2024-10-04T00:20:44.379+0000] {dag.py:4180} INFO - Setting next_dagrun for tutorial to 2024-10-03 00:00:00+00:00, run_after=2024-10-04 00:00:00+00:00
[2024-10-04T00:20:44.392+0000] {processor.py:208} INFO - Processing /home/airflow/.local/lib/python3.12/site-packages/airflow/example_dags/tutorial.py took 0.061 seconds
[2024-10-04T00:21:14.797+0000] {processor.py:186} INFO - Started process (PID=5122) to work on /home/airflow/.local/lib/python3.12/site-packages/airflow/example_dags/tutorial.py
[2024-10-04T00:21:14.798+0000] {processor.py:914} INFO - Processing file /home/airflow/.local/lib/python3.12/site-packages/airflow/example_dags/tutorial.py for tasks to queue
[2024-10-04T00:21:14.800+0000] {logging_mixin.py:190} INFO - [2024-10-04T00:21:14.800+0000] {dagbag.py:588} INFO - Filling up the DagBag from /home/airflow/.local/lib/python3.12/site-packages/airflow/example_dags/tutorial.py
[2024-10-04T00:21:14.809+0000] {processor.py:925} INFO - DAG(s) 'tutorial' retrieved from /home/airflow/.local/lib/python3.12/site-packages/airflow/example_dags/tutorial.py
[2024-10-04T00:21:14.829+0000] {logging_mixin.py:190} INFO - [2024-10-04T00:21:14.829+0000] {dag.py:3239} INFO - Sync 1 DAGs
[2024-10-04T00:21:14.852+0000] {logging_mixin.py:190} INFO - [2024-10-04T00:21:14.852+0000] {dag.py:4180} INFO - Setting next_dagrun for tutorial to 2024-10-03 00:00:00+00:00, run_after=2024-10-04 00:00:00+00:00
[2024-10-04T00:21:14.871+0000] {processor.py:208} INFO - Processing /home/airflow/.local/lib/python3.12/site-packages/airflow/example_dags/tutorial.py took 0.081 seconds
[2024-10-04T00:21:45.100+0000] {processor.py:186} INFO - Started process (PID=5408) to work on /home/airflow/.local/lib/python3.12/site-packages/airflow/example_dags/tutorial.py
[2024-10-04T00:21:45.101+0000] {processor.py:914} INFO - Processing file /home/airflow/.local/lib/python3.12/site-packages/airflow/example_dags/tutorial.py for tasks to queue
[2024-10-04T00:21:45.103+0000] {logging_mixin.py:190} INFO - [2024-10-04T00:21:45.103+0000] {dagbag.py:588} INFO - Filling up the DagBag from /home/airflow/.local/lib/python3.12/site-packages/airflow/example_dags/tutorial.py
[2024-10-04T00:21:45.109+0000] {processor.py:925} INFO - DAG(s) 'tutorial' retrieved from /home/airflow/.local/lib/python3.12/site-packages/airflow/example_dags/tutorial.py
[2024-10-04T00:21:45.125+0000] {logging_mixin.py:190} INFO - [2024-10-04T00:21:45.125+0000] {dag.py:3239} INFO - Sync 1 DAGs
[2024-10-04T00:21:45.142+0000] {logging_mixin.py:190} INFO - [2024-10-04T00:21:45.142+0000] {dag.py:4180} INFO - Setting next_dagrun for tutorial to 2024-10-03 00:00:00+00:00, run_after=2024-10-04 00:00:00+00:00
[2024-10-04T00:21:45.155+0000] {processor.py:208} INFO - Processing /home/airflow/.local/lib/python3.12/site-packages/airflow/example_dags/tutorial.py took 0.060 seconds
[2024-10-04T00:22:15.334+0000] {processor.py:186} INFO - Started process (PID=5694) to work on /home/airflow/.local/lib/python3.12/site-packages/airflow/example_dags/tutorial.py
[2024-10-04T00:22:15.335+0000] {processor.py:914} INFO - Processing file /home/airflow/.local/lib/python3.12/site-packages/airflow/example_dags/tutorial.py for tasks to queue
[2024-10-04T00:22:15.337+0000] {logging_mixin.py:190} INFO - [2024-10-04T00:22:15.337+0000] {dagbag.py:588} INFO - Filling up the DagBag from /home/airflow/.local/lib/python3.12/site-packages/airflow/example_dags/tutorial.py
[2024-10-04T00:22:15.344+0000] {processor.py:925} INFO - DAG(s) 'tutorial' retrieved from /home/airflow/.local/lib/python3.12/site-packages/airflow/example_dags/tutorial.py
[2024-10-04T00:22:15.360+0000] {logging_mixin.py:190} INFO - [2024-10-04T00:22:15.360+0000] {dag.py:3239} INFO - Sync 1 DAGs
[2024-10-04T00:22:15.378+0000] {logging_mixin.py:190} INFO - [2024-10-04T00:22:15.377+0000] {dag.py:4180} INFO - Setting next_dagrun for tutorial to 2024-10-03 00:00:00+00:00, run_after=2024-10-04 00:00:00+00:00
[2024-10-04T00:22:15.391+0000] {processor.py:208} INFO - Processing /home/airflow/.local/lib/python3.12/site-packages/airflow/example_dags/tutorial.py took 0.062 seconds
[2024-10-04T00:22:47.578+0000] {processor.py:186} INFO - Started process (PID=5982) to work on /home/airflow/.local/lib/python3.12/site-packages/airflow/example_dags/tutorial.py
[2024-10-04T00:22:47.581+0000] {processor.py:914} INFO - Processing file /home/airflow/.local/lib/python3.12/site-packages/airflow/example_dags/tutorial.py for tasks to queue
[2024-10-04T00:22:47.586+0000] {logging_mixin.py:190} INFO - [2024-10-04T00:22:47.586+0000] {dagbag.py:588} INFO - Filling up the DagBag from /home/airflow/.local/lib/python3.12/site-packages/airflow/example_dags/tutorial.py
[2024-10-04T00:22:47.609+0000] {processor.py:925} INFO - DAG(s) 'tutorial' retrieved from /home/airflow/.local/lib/python3.12/site-packages/airflow/example_dags/tutorial.py
[2024-10-04T00:22:47.650+0000] {logging_mixin.py:190} INFO - [2024-10-04T00:22:47.650+0000] {dag.py:3239} INFO - Sync 1 DAGs
[2024-10-04T00:22:47.711+0000] {logging_mixin.py:190} INFO - [2024-10-04T00:22:47.711+0000] {dag.py:4180} INFO - Setting next_dagrun for tutorial to 2024-10-03 00:00:00+00:00, run_after=2024-10-04 00:00:00+00:00
[2024-10-04T00:22:47.740+0000] {processor.py:208} INFO - Processing /home/airflow/.local/lib/python3.12/site-packages/airflow/example_dags/tutorial.py took 0.183 seconds
[2024-10-04T00:23:17.791+0000] {processor.py:186} INFO - Started process (PID=6268) to work on /home/airflow/.local/lib/python3.12/site-packages/airflow/example_dags/tutorial.py
[2024-10-04T00:23:17.792+0000] {processor.py:914} INFO - Processing file /home/airflow/.local/lib/python3.12/site-packages/airflow/example_dags/tutorial.py for tasks to queue
[2024-10-04T00:23:17.795+0000] {logging_mixin.py:190} INFO - [2024-10-04T00:23:17.794+0000] {dagbag.py:588} INFO - Filling up the DagBag from /home/airflow/.local/lib/python3.12/site-packages/airflow/example_dags/tutorial.py
[2024-10-04T00:23:17.806+0000] {processor.py:925} INFO - DAG(s) 'tutorial' retrieved from /home/airflow/.local/lib/python3.12/site-packages/airflow/example_dags/tutorial.py
[2024-10-04T00:23:17.838+0000] {logging_mixin.py:190} INFO - [2024-10-04T00:23:17.837+0000] {dag.py:3239} INFO - Sync 1 DAGs
[2024-10-04T00:23:17.860+0000] {logging_mixin.py:190} INFO - [2024-10-04T00:23:17.859+0000] {dag.py:4180} INFO - Setting next_dagrun for tutorial to 2024-10-03 00:00:00+00:00, run_after=2024-10-04 00:00:00+00:00
[2024-10-04T00:23:17.874+0000] {processor.py:208} INFO - Processing /home/airflow/.local/lib/python3.12/site-packages/airflow/example_dags/tutorial.py took 0.088 seconds
[2024-10-04T00:23:49.207+0000] {processor.py:186} INFO - Started process (PID=6554) to work on /home/airflow/.local/lib/python3.12/site-packages/airflow/example_dags/tutorial.py
[2024-10-04T00:23:49.209+0000] {processor.py:914} INFO - Processing file /home/airflow/.local/lib/python3.12/site-packages/airflow/example_dags/tutorial.py for tasks to queue
[2024-10-04T00:23:49.211+0000] {logging_mixin.py:190} INFO - [2024-10-04T00:23:49.211+0000] {dagbag.py:588} INFO - Filling up the DagBag from /home/airflow/.local/lib/python3.12/site-packages/airflow/example_dags/tutorial.py
[2024-10-04T00:23:49.220+0000] {processor.py:925} INFO - DAG(s) 'tutorial' retrieved from /home/airflow/.local/lib/python3.12/site-packages/airflow/example_dags/tutorial.py
[2024-10-04T00:23:49.239+0000] {logging_mixin.py:190} INFO - [2024-10-04T00:23:49.239+0000] {dag.py:3239} INFO - Sync 1 DAGs
[2024-10-04T00:23:49.261+0000] {logging_mixin.py:190} INFO - [2024-10-04T00:23:49.261+0000] {dag.py:4180} INFO - Setting next_dagrun for tutorial to 2024-10-03 00:00:00+00:00, run_after=2024-10-04 00:00:00+00:00
[2024-10-04T00:23:49.277+0000] {processor.py:208} INFO - Processing /home/airflow/.local/lib/python3.12/site-packages/airflow/example_dags/tutorial.py took 0.076 seconds
[2024-10-04T00:24:19.771+0000] {processor.py:186} INFO - Started process (PID=6838) to work on /home/airflow/.local/lib/python3.12/site-packages/airflow/example_dags/tutorial.py
[2024-10-04T00:24:19.773+0000] {processor.py:914} INFO - Processing file /home/airflow/.local/lib/python3.12/site-packages/airflow/example_dags/tutorial.py for tasks to queue
[2024-10-04T00:24:19.775+0000] {logging_mixin.py:190} INFO - [2024-10-04T00:24:19.774+0000] {dagbag.py:588} INFO - Filling up the DagBag from /home/airflow/.local/lib/python3.12/site-packages/airflow/example_dags/tutorial.py
[2024-10-04T00:24:19.781+0000] {processor.py:925} INFO - DAG(s) 'tutorial' retrieved from /home/airflow/.local/lib/python3.12/site-packages/airflow/example_dags/tutorial.py
[2024-10-04T00:24:19.798+0000] {logging_mixin.py:190} INFO - [2024-10-04T00:24:19.798+0000] {dag.py:3239} INFO - Sync 1 DAGs
[2024-10-04T00:24:19.817+0000] {logging_mixin.py:190} INFO - [2024-10-04T00:24:19.817+0000] {dag.py:4180} INFO - Setting next_dagrun for tutorial to 2024-10-03 00:00:00+00:00, run_after=2024-10-04 00:00:00+00:00
[2024-10-04T00:24:19.831+0000] {processor.py:208} INFO - Processing /home/airflow/.local/lib/python3.12/site-packages/airflow/example_dags/tutorial.py took 0.064 seconds
[2024-10-04T00:24:50.430+0000] {processor.py:186} INFO - Started process (PID=7124) to work on /home/airflow/.local/lib/python3.12/site-packages/airflow/example_dags/tutorial.py
[2024-10-04T00:24:50.431+0000] {processor.py:914} INFO - Processing file /home/airflow/.local/lib/python3.12/site-packages/airflow/example_dags/tutorial.py for tasks to queue
[2024-10-04T00:24:50.433+0000] {logging_mixin.py:190} INFO - [2024-10-04T00:24:50.433+0000] {dagbag.py:588} INFO - Filling up the DagBag from /home/airflow/.local/lib/python3.12/site-packages/airflow/example_dags/tutorial.py
[2024-10-04T00:24:50.442+0000] {processor.py:925} INFO - DAG(s) 'tutorial' retrieved from /home/airflow/.local/lib/python3.12/site-packages/airflow/example_dags/tutorial.py
[2024-10-04T00:24:50.461+0000] {logging_mixin.py:190} INFO - [2024-10-04T00:24:50.460+0000] {dag.py:3239} INFO - Sync 1 DAGs
[2024-10-04T00:24:50.484+0000] {logging_mixin.py:190} INFO - [2024-10-04T00:24:50.484+0000] {dag.py:4180} INFO - Setting next_dagrun for tutorial to 2024-10-03 00:00:00+00:00, run_after=2024-10-04 00:00:00+00:00
[2024-10-04T00:24:50.498+0000] {processor.py:208} INFO - Processing /home/airflow/.local/lib/python3.12/site-packages/airflow/example_dags/tutorial.py took 0.073 seconds
[2024-10-04T00:25:21.219+0000] {processor.py:186} INFO - Started process (PID=7410) to work on /home/airflow/.local/lib/python3.12/site-packages/airflow/example_dags/tutorial.py
[2024-10-04T00:25:21.220+0000] {processor.py:914} INFO - Processing file /home/airflow/.local/lib/python3.12/site-packages/airflow/example_dags/tutorial.py for tasks to queue
[2024-10-04T00:25:21.222+0000] {logging_mixin.py:190} INFO - [2024-10-04T00:25:21.222+0000] {dagbag.py:588} INFO - Filling up the DagBag from /home/airflow/.local/lib/python3.12/site-packages/airflow/example_dags/tutorial.py
[2024-10-04T00:25:21.231+0000] {processor.py:925} INFO - DAG(s) 'tutorial' retrieved from /home/airflow/.local/lib/python3.12/site-packages/airflow/example_dags/tutorial.py
[2024-10-04T00:25:21.250+0000] {logging_mixin.py:190} INFO - [2024-10-04T00:25:21.250+0000] {dag.py:3239} INFO - Sync 1 DAGs
[2024-10-04T00:25:21.272+0000] {logging_mixin.py:190} INFO - [2024-10-04T00:25:21.271+0000] {dag.py:4180} INFO - Setting next_dagrun for tutorial to 2024-10-03 00:00:00+00:00, run_after=2024-10-04 00:00:00+00:00
[2024-10-04T00:25:21.286+0000] {processor.py:208} INFO - Processing /home/airflow/.local/lib/python3.12/site-packages/airflow/example_dags/tutorial.py took 0.073 seconds
[2024-10-04T00:25:52.118+0000] {processor.py:186} INFO - Started process (PID=7696) to work on /home/airflow/.local/lib/python3.12/site-packages/airflow/example_dags/tutorial.py
[2024-10-04T00:25:52.119+0000] {processor.py:914} INFO - Processing file /home/airflow/.local/lib/python3.12/site-packages/airflow/example_dags/tutorial.py for tasks to queue
[2024-10-04T00:25:52.123+0000] {logging_mixin.py:190} INFO - [2024-10-04T00:25:52.122+0000] {dagbag.py:588} INFO - Filling up the DagBag from /home/airflow/.local/lib/python3.12/site-packages/airflow/example_dags/tutorial.py
[2024-10-04T00:25:52.136+0000] {processor.py:925} INFO - DAG(s) 'tutorial' retrieved from /home/airflow/.local/lib/python3.12/site-packages/airflow/example_dags/tutorial.py
[2024-10-04T00:25:52.166+0000] {logging_mixin.py:190} INFO - [2024-10-04T00:25:52.165+0000] {dag.py:3239} INFO - Sync 1 DAGs
[2024-10-04T00:25:52.187+0000] {logging_mixin.py:190} INFO - [2024-10-04T00:25:52.186+0000] {dag.py:4180} INFO - Setting next_dagrun for tutorial to 2024-10-03 00:00:00+00:00, run_after=2024-10-04 00:00:00+00:00
[2024-10-04T00:25:52.200+0000] {processor.py:208} INFO - Processing /home/airflow/.local/lib/python3.12/site-packages/airflow/example_dags/tutorial.py took 0.088 seconds
[2024-10-04T00:26:22.471+0000] {processor.py:186} INFO - Started process (PID=7982) to work on /home/airflow/.local/lib/python3.12/site-packages/airflow/example_dags/tutorial.py
[2024-10-04T00:26:22.472+0000] {processor.py:914} INFO - Processing file /home/airflow/.local/lib/python3.12/site-packages/airflow/example_dags/tutorial.py for tasks to queue
[2024-10-04T00:26:22.474+0000] {logging_mixin.py:190} INFO - [2024-10-04T00:26:22.474+0000] {dagbag.py:588} INFO - Filling up the DagBag from /home/airflow/.local/lib/python3.12/site-packages/airflow/example_dags/tutorial.py
[2024-10-04T00:26:22.481+0000] {processor.py:925} INFO - DAG(s) 'tutorial' retrieved from /home/airflow/.local/lib/python3.12/site-packages/airflow/example_dags/tutorial.py
[2024-10-04T00:26:22.502+0000] {logging_mixin.py:190} INFO - [2024-10-04T00:26:22.502+0000] {dag.py:3239} INFO - Sync 1 DAGs
[2024-10-04T00:26:22.523+0000] {logging_mixin.py:190} INFO - [2024-10-04T00:26:22.523+0000] {dag.py:4180} INFO - Setting next_dagrun for tutorial to 2024-10-03 00:00:00+00:00, run_after=2024-10-04 00:00:00+00:00
[2024-10-04T00:26:22.535+0000] {processor.py:208} INFO - Processing /home/airflow/.local/lib/python3.12/site-packages/airflow/example_dags/tutorial.py took 0.069 seconds
[2024-10-04T00:26:52.782+0000] {processor.py:186} INFO - Started process (PID=8268) to work on /home/airflow/.local/lib/python3.12/site-packages/airflow/example_dags/tutorial.py
[2024-10-04T00:26:52.783+0000] {processor.py:914} INFO - Processing file /home/airflow/.local/lib/python3.12/site-packages/airflow/example_dags/tutorial.py for tasks to queue
[2024-10-04T00:26:52.785+0000] {logging_mixin.py:190} INFO - [2024-10-04T00:26:52.785+0000] {dagbag.py:588} INFO - Filling up the DagBag from /home/airflow/.local/lib/python3.12/site-packages/airflow/example_dags/tutorial.py
[2024-10-04T00:26:52.793+0000] {processor.py:925} INFO - DAG(s) 'tutorial' retrieved from /home/airflow/.local/lib/python3.12/site-packages/airflow/example_dags/tutorial.py
[2024-10-04T00:26:52.809+0000] {logging_mixin.py:190} INFO - [2024-10-04T00:26:52.809+0000] {dag.py:3239} INFO - Sync 1 DAGs
[2024-10-04T00:26:52.830+0000] {logging_mixin.py:190} INFO - [2024-10-04T00:26:52.829+0000] {dag.py:4180} INFO - Setting next_dagrun for tutorial to 2024-10-03 00:00:00+00:00, run_after=2024-10-04 00:00:00+00:00
[2024-10-04T00:26:52.842+0000] {processor.py:208} INFO - Processing /home/airflow/.local/lib/python3.12/site-packages/airflow/example_dags/tutorial.py took 0.065 seconds
[2024-10-04T00:27:22.874+0000] {processor.py:186} INFO - Started process (PID=8554) to work on /home/airflow/.local/lib/python3.12/site-packages/airflow/example_dags/tutorial.py
[2024-10-04T00:27:22.875+0000] {processor.py:914} INFO - Processing file /home/airflow/.local/lib/python3.12/site-packages/airflow/example_dags/tutorial.py for tasks to queue
[2024-10-04T00:27:22.877+0000] {logging_mixin.py:190} INFO - [2024-10-04T00:27:22.877+0000] {dagbag.py:588} INFO - Filling up the DagBag from /home/airflow/.local/lib/python3.12/site-packages/airflow/example_dags/tutorial.py
[2024-10-04T00:27:22.884+0000] {processor.py:925} INFO - DAG(s) 'tutorial' retrieved from /home/airflow/.local/lib/python3.12/site-packages/airflow/example_dags/tutorial.py
[2024-10-04T00:27:22.900+0000] {logging_mixin.py:190} INFO - [2024-10-04T00:27:22.900+0000] {dag.py:3239} INFO - Sync 1 DAGs
[2024-10-04T00:27:22.918+0000] {logging_mixin.py:190} INFO - [2024-10-04T00:27:22.918+0000] {dag.py:4180} INFO - Setting next_dagrun for tutorial to 2024-10-03 00:00:00+00:00, run_after=2024-10-04 00:00:00+00:00
[2024-10-04T00:27:22.930+0000] {processor.py:208} INFO - Processing /home/airflow/.local/lib/python3.12/site-packages/airflow/example_dags/tutorial.py took 0.062 seconds
[2024-10-04T00:27:53.239+0000] {processor.py:186} INFO - Started process (PID=8840) to work on /home/airflow/.local/lib/python3.12/site-packages/airflow/example_dags/tutorial.py
[2024-10-04T00:27:53.241+0000] {processor.py:914} INFO - Processing file /home/airflow/.local/lib/python3.12/site-packages/airflow/example_dags/tutorial.py for tasks to queue
[2024-10-04T00:27:53.245+0000] {logging_mixin.py:190} INFO - [2024-10-04T00:27:53.245+0000] {dagbag.py:588} INFO - Filling up the DagBag from /home/airflow/.local/lib/python3.12/site-packages/airflow/example_dags/tutorial.py
[2024-10-04T00:27:53.256+0000] {processor.py:925} INFO - DAG(s) 'tutorial' retrieved from /home/airflow/.local/lib/python3.12/site-packages/airflow/example_dags/tutorial.py
[2024-10-04T00:27:53.274+0000] {logging_mixin.py:190} INFO - [2024-10-04T00:27:53.273+0000] {dag.py:3239} INFO - Sync 1 DAGs
[2024-10-04T00:27:53.291+0000] {logging_mixin.py:190} INFO - [2024-10-04T00:27:53.291+0000] {dag.py:4180} INFO - Setting next_dagrun for tutorial to 2024-10-03 00:00:00+00:00, run_after=2024-10-04 00:00:00+00:00
[2024-10-04T00:27:53.305+0000] {processor.py:208} INFO - Processing /home/airflow/.local/lib/python3.12/site-packages/airflow/example_dags/tutorial.py took 0.075 seconds
[2024-10-04T00:28:23.665+0000] {processor.py:186} INFO - Started process (PID=9126) to work on /home/airflow/.local/lib/python3.12/site-packages/airflow/example_dags/tutorial.py
[2024-10-04T00:28:23.666+0000] {processor.py:914} INFO - Processing file /home/airflow/.local/lib/python3.12/site-packages/airflow/example_dags/tutorial.py for tasks to queue
[2024-10-04T00:28:23.668+0000] {logging_mixin.py:190} INFO - [2024-10-04T00:28:23.668+0000] {dagbag.py:588} INFO - Filling up the DagBag from /home/airflow/.local/lib/python3.12/site-packages/airflow/example_dags/tutorial.py
[2024-10-04T00:28:23.675+0000] {processor.py:925} INFO - DAG(s) 'tutorial' retrieved from /home/airflow/.local/lib/python3.12/site-packages/airflow/example_dags/tutorial.py
[2024-10-04T00:28:23.691+0000] {logging_mixin.py:190} INFO - [2024-10-04T00:28:23.691+0000] {dag.py:3239} INFO - Sync 1 DAGs
[2024-10-04T00:28:23.710+0000] {logging_mixin.py:190} INFO - [2024-10-04T00:28:23.709+0000] {dag.py:4180} INFO - Setting next_dagrun for tutorial to 2024-10-03 00:00:00+00:00, run_after=2024-10-04 00:00:00+00:00
[2024-10-04T00:28:23.722+0000] {processor.py:208} INFO - Processing /home/airflow/.local/lib/python3.12/site-packages/airflow/example_dags/tutorial.py took 0.062 seconds
