[2024-10-04T00:12:36.636+0000] {processor.py:186} INFO - Started process (PID=379) to work on /home/airflow/.local/lib/python3.12/site-packages/airflow/example_dags/tutorial_dag.py
[2024-10-04T00:12:36.637+0000] {processor.py:914} INFO - Processing file /home/airflow/.local/lib/python3.12/site-packages/airflow/example_dags/tutorial_dag.py for tasks to queue
[2024-10-04T00:12:36.642+0000] {logging_mixin.py:190} INFO - [2024-10-04T00:12:36.641+0000] {dagbag.py:588} INFO - Filling up the DagBag from /home/airflow/.local/lib/python3.12/site-packages/airflow/example_dags/tutorial_dag.py
[2024-10-04T00:12:36.654+0000] {processor.py:925} INFO - DAG(s) 'tutorial_dag' retrieved from /home/airflow/.local/lib/python3.12/site-packages/airflow/example_dags/tutorial_dag.py
[2024-10-04T00:12:36.758+0000] {logging_mixin.py:190} INFO - [2024-10-04T00:12:36.757+0000] {override.py:1900} INFO - Created Permission View: can read on DAG:tutorial_dag
[2024-10-04T00:12:36.766+0000] {logging_mixin.py:190} INFO - [2024-10-04T00:12:36.766+0000] {override.py:1900} INFO - Created Permission View: can delete on DAG:tutorial_dag
[2024-10-04T00:12:36.771+0000] {logging_mixin.py:190} INFO - [2024-10-04T00:12:36.771+0000] {override.py:1900} INFO - Created Permission View: can edit on DAG:tutorial_dag
[2024-10-04T00:12:36.776+0000] {logging_mixin.py:190} INFO - [2024-10-04T00:12:36.776+0000] {override.py:1900} INFO - Created Permission View: menu access on DAG Run:tutorial_dag
[2024-10-04T00:12:36.781+0000] {logging_mixin.py:190} INFO - [2024-10-04T00:12:36.781+0000] {override.py:1900} INFO - Created Permission View: can read on DAG Run:tutorial_dag
[2024-10-04T00:12:36.786+0000] {logging_mixin.py:190} INFO - [2024-10-04T00:12:36.785+0000] {override.py:1900} INFO - Created Permission View: can delete on DAG Run:tutorial_dag
[2024-10-04T00:12:36.790+0000] {logging_mixin.py:190} INFO - [2024-10-04T00:12:36.790+0000] {override.py:1900} INFO - Created Permission View: can create on DAG Run:tutorial_dag
[2024-10-04T00:12:36.791+0000] {logging_mixin.py:190} INFO - [2024-10-04T00:12:36.791+0000] {dag.py:3239} INFO - Sync 1 DAGs
[2024-10-04T00:12:36.801+0000] {logging_mixin.py:190} INFO - [2024-10-04T00:12:36.801+0000] {dag.py:3262} INFO - Creating ORM DAG for tutorial_dag
[2024-10-04T00:12:36.802+0000] {logging_mixin.py:190} INFO - [2024-10-04T00:12:36.802+0000] {dag.py:4180} INFO - Setting next_dagrun for tutorial_dag to None, run_after=None
[2024-10-04T00:12:36.816+0000] {processor.py:208} INFO - Processing /home/airflow/.local/lib/python3.12/site-packages/airflow/example_dags/tutorial_dag.py took 0.187 seconds
[2024-10-04T00:13:07.823+0000] {processor.py:186} INFO - Started process (PID=665) to work on /home/airflow/.local/lib/python3.12/site-packages/airflow/example_dags/tutorial_dag.py
[2024-10-04T00:13:07.826+0000] {processor.py:914} INFO - Processing file /home/airflow/.local/lib/python3.12/site-packages/airflow/example_dags/tutorial_dag.py for tasks to queue
[2024-10-04T00:13:07.840+0000] {logging_mixin.py:190} INFO - [2024-10-04T00:13:07.839+0000] {dagbag.py:588} INFO - Filling up the DagBag from /home/airflow/.local/lib/python3.12/site-packages/airflow/example_dags/tutorial_dag.py
[2024-10-04T00:13:07.862+0000] {processor.py:925} INFO - DAG(s) 'tutorial_dag' retrieved from /home/airflow/.local/lib/python3.12/site-packages/airflow/example_dags/tutorial_dag.py
[2024-10-04T00:13:07.899+0000] {logging_mixin.py:190} INFO - [2024-10-04T00:13:07.898+0000] {dag.py:3239} INFO - Sync 1 DAGs
[2024-10-04T00:13:07.926+0000] {logging_mixin.py:190} INFO - [2024-10-04T00:13:07.925+0000] {dag.py:4180} INFO - Setting next_dagrun for tutorial_dag to None, run_after=None
[2024-10-04T00:13:07.952+0000] {processor.py:208} INFO - Processing /home/airflow/.local/lib/python3.12/site-packages/airflow/example_dags/tutorial_dag.py took 0.141 seconds
[2024-10-04T00:13:38.295+0000] {processor.py:186} INFO - Started process (PID=951) to work on /home/airflow/.local/lib/python3.12/site-packages/airflow/example_dags/tutorial_dag.py
[2024-10-04T00:13:38.297+0000] {processor.py:914} INFO - Processing file /home/airflow/.local/lib/python3.12/site-packages/airflow/example_dags/tutorial_dag.py for tasks to queue
[2024-10-04T00:13:38.300+0000] {logging_mixin.py:190} INFO - [2024-10-04T00:13:38.299+0000] {dagbag.py:588} INFO - Filling up the DagBag from /home/airflow/.local/lib/python3.12/site-packages/airflow/example_dags/tutorial_dag.py
[2024-10-04T00:13:38.307+0000] {processor.py:925} INFO - DAG(s) 'tutorial_dag' retrieved from /home/airflow/.local/lib/python3.12/site-packages/airflow/example_dags/tutorial_dag.py
[2024-10-04T00:13:38.323+0000] {logging_mixin.py:190} INFO - [2024-10-04T00:13:38.323+0000] {dag.py:3239} INFO - Sync 1 DAGs
[2024-10-04T00:13:38.334+0000] {logging_mixin.py:190} INFO - [2024-10-04T00:13:38.334+0000] {dag.py:4180} INFO - Setting next_dagrun for tutorial_dag to None, run_after=None
[2024-10-04T00:13:38.347+0000] {processor.py:208} INFO - Processing /home/airflow/.local/lib/python3.12/site-packages/airflow/example_dags/tutorial_dag.py took 0.059 seconds
[2024-10-04T00:14:09.034+0000] {processor.py:186} INFO - Started process (PID=1237) to work on /home/airflow/.local/lib/python3.12/site-packages/airflow/example_dags/tutorial_dag.py
[2024-10-04T00:14:09.036+0000] {processor.py:914} INFO - Processing file /home/airflow/.local/lib/python3.12/site-packages/airflow/example_dags/tutorial_dag.py for tasks to queue
[2024-10-04T00:14:09.038+0000] {logging_mixin.py:190} INFO - [2024-10-04T00:14:09.038+0000] {dagbag.py:588} INFO - Filling up the DagBag from /home/airflow/.local/lib/python3.12/site-packages/airflow/example_dags/tutorial_dag.py
[2024-10-04T00:14:09.047+0000] {processor.py:925} INFO - DAG(s) 'tutorial_dag' retrieved from /home/airflow/.local/lib/python3.12/site-packages/airflow/example_dags/tutorial_dag.py
[2024-10-04T00:14:09.063+0000] {logging_mixin.py:190} INFO - [2024-10-04T00:14:09.063+0000] {dag.py:3239} INFO - Sync 1 DAGs
[2024-10-04T00:14:09.074+0000] {logging_mixin.py:190} INFO - [2024-10-04T00:14:09.074+0000] {dag.py:4180} INFO - Setting next_dagrun for tutorial_dag to None, run_after=None
[2024-10-04T00:14:09.088+0000] {processor.py:208} INFO - Processing /home/airflow/.local/lib/python3.12/site-packages/airflow/example_dags/tutorial_dag.py took 0.060 seconds
[2024-10-04T00:14:39.473+0000] {processor.py:186} INFO - Started process (PID=1523) to work on /home/airflow/.local/lib/python3.12/site-packages/airflow/example_dags/tutorial_dag.py
[2024-10-04T00:14:39.474+0000] {processor.py:914} INFO - Processing file /home/airflow/.local/lib/python3.12/site-packages/airflow/example_dags/tutorial_dag.py for tasks to queue
[2024-10-04T00:14:39.476+0000] {logging_mixin.py:190} INFO - [2024-10-04T00:14:39.476+0000] {dagbag.py:588} INFO - Filling up the DagBag from /home/airflow/.local/lib/python3.12/site-packages/airflow/example_dags/tutorial_dag.py
[2024-10-04T00:14:39.483+0000] {processor.py:925} INFO - DAG(s) 'tutorial_dag' retrieved from /home/airflow/.local/lib/python3.12/site-packages/airflow/example_dags/tutorial_dag.py
[2024-10-04T00:14:39.498+0000] {logging_mixin.py:190} INFO - [2024-10-04T00:14:39.497+0000] {dag.py:3239} INFO - Sync 1 DAGs
[2024-10-04T00:14:39.508+0000] {logging_mixin.py:190} INFO - [2024-10-04T00:14:39.508+0000] {dag.py:4180} INFO - Setting next_dagrun for tutorial_dag to None, run_after=None
[2024-10-04T00:14:39.521+0000] {processor.py:208} INFO - Processing /home/airflow/.local/lib/python3.12/site-packages/airflow/example_dags/tutorial_dag.py took 0.055 seconds
[2024-10-04T00:15:10.007+0000] {processor.py:186} INFO - Started process (PID=1809) to work on /home/airflow/.local/lib/python3.12/site-packages/airflow/example_dags/tutorial_dag.py
[2024-10-04T00:15:10.008+0000] {processor.py:914} INFO - Processing file /home/airflow/.local/lib/python3.12/site-packages/airflow/example_dags/tutorial_dag.py for tasks to queue
[2024-10-04T00:15:10.013+0000] {logging_mixin.py:190} INFO - [2024-10-04T00:15:10.013+0000] {dagbag.py:588} INFO - Filling up the DagBag from /home/airflow/.local/lib/python3.12/site-packages/airflow/example_dags/tutorial_dag.py
[2024-10-04T00:15:10.026+0000] {processor.py:925} INFO - DAG(s) 'tutorial_dag' retrieved from /home/airflow/.local/lib/python3.12/site-packages/airflow/example_dags/tutorial_dag.py
[2024-10-04T00:15:10.058+0000] {logging_mixin.py:190} INFO - [2024-10-04T00:15:10.058+0000] {dag.py:3239} INFO - Sync 1 DAGs
[2024-10-04T00:15:10.075+0000] {logging_mixin.py:190} INFO - [2024-10-04T00:15:10.075+0000] {dag.py:4180} INFO - Setting next_dagrun for tutorial_dag to None, run_after=None
[2024-10-04T00:15:10.098+0000] {processor.py:208} INFO - Processing /home/airflow/.local/lib/python3.12/site-packages/airflow/example_dags/tutorial_dag.py took 0.099 seconds
[2024-10-04T00:15:41.046+0000] {processor.py:186} INFO - Started process (PID=2095) to work on /home/airflow/.local/lib/python3.12/site-packages/airflow/example_dags/tutorial_dag.py
[2024-10-04T00:15:41.047+0000] {processor.py:914} INFO - Processing file /home/airflow/.local/lib/python3.12/site-packages/airflow/example_dags/tutorial_dag.py for tasks to queue
[2024-10-04T00:15:41.050+0000] {logging_mixin.py:190} INFO - [2024-10-04T00:15:41.049+0000] {dagbag.py:588} INFO - Filling up the DagBag from /home/airflow/.local/lib/python3.12/site-packages/airflow/example_dags/tutorial_dag.py
[2024-10-04T00:15:41.057+0000] {processor.py:925} INFO - DAG(s) 'tutorial_dag' retrieved from /home/airflow/.local/lib/python3.12/site-packages/airflow/example_dags/tutorial_dag.py
[2024-10-04T00:15:41.074+0000] {logging_mixin.py:190} INFO - [2024-10-04T00:15:41.074+0000] {dag.py:3239} INFO - Sync 1 DAGs
[2024-10-04T00:15:41.086+0000] {logging_mixin.py:190} INFO - [2024-10-04T00:15:41.085+0000] {dag.py:4180} INFO - Setting next_dagrun for tutorial_dag to None, run_after=None
[2024-10-04T00:15:41.100+0000] {processor.py:208} INFO - Processing /home/airflow/.local/lib/python3.12/site-packages/airflow/example_dags/tutorial_dag.py took 0.061 seconds
[2024-10-04T00:16:11.368+0000] {processor.py:186} INFO - Started process (PID=2381) to work on /home/airflow/.local/lib/python3.12/site-packages/airflow/example_dags/tutorial_dag.py
[2024-10-04T00:16:11.370+0000] {processor.py:914} INFO - Processing file /home/airflow/.local/lib/python3.12/site-packages/airflow/example_dags/tutorial_dag.py for tasks to queue
[2024-10-04T00:16:11.374+0000] {logging_mixin.py:190} INFO - [2024-10-04T00:16:11.374+0000] {dagbag.py:588} INFO - Filling up the DagBag from /home/airflow/.local/lib/python3.12/site-packages/airflow/example_dags/tutorial_dag.py
[2024-10-04T00:16:11.387+0000] {processor.py:925} INFO - DAG(s) 'tutorial_dag' retrieved from /home/airflow/.local/lib/python3.12/site-packages/airflow/example_dags/tutorial_dag.py
[2024-10-04T00:16:11.415+0000] {logging_mixin.py:190} INFO - [2024-10-04T00:16:11.415+0000] {dag.py:3239} INFO - Sync 1 DAGs
[2024-10-04T00:16:11.429+0000] {logging_mixin.py:190} INFO - [2024-10-04T00:16:11.429+0000] {dag.py:4180} INFO - Setting next_dagrun for tutorial_dag to None, run_after=None
[2024-10-04T00:16:11.445+0000] {processor.py:208} INFO - Processing /home/airflow/.local/lib/python3.12/site-packages/airflow/example_dags/tutorial_dag.py took 0.088 seconds
[2024-10-04T00:16:42.051+0000] {processor.py:186} INFO - Started process (PID=2667) to work on /home/airflow/.local/lib/python3.12/site-packages/airflow/example_dags/tutorial_dag.py
[2024-10-04T00:16:42.053+0000] {processor.py:914} INFO - Processing file /home/airflow/.local/lib/python3.12/site-packages/airflow/example_dags/tutorial_dag.py for tasks to queue
[2024-10-04T00:16:42.055+0000] {logging_mixin.py:190} INFO - [2024-10-04T00:16:42.054+0000] {dagbag.py:588} INFO - Filling up the DagBag from /home/airflow/.local/lib/python3.12/site-packages/airflow/example_dags/tutorial_dag.py
[2024-10-04T00:16:42.061+0000] {processor.py:925} INFO - DAG(s) 'tutorial_dag' retrieved from /home/airflow/.local/lib/python3.12/site-packages/airflow/example_dags/tutorial_dag.py
[2024-10-04T00:16:42.077+0000] {logging_mixin.py:190} INFO - [2024-10-04T00:16:42.077+0000] {dag.py:3239} INFO - Sync 1 DAGs
[2024-10-04T00:16:42.088+0000] {logging_mixin.py:190} INFO - [2024-10-04T00:16:42.088+0000] {dag.py:4180} INFO - Setting next_dagrun for tutorial_dag to None, run_after=None
[2024-10-04T00:16:42.101+0000] {processor.py:208} INFO - Processing /home/airflow/.local/lib/python3.12/site-packages/airflow/example_dags/tutorial_dag.py took 0.055 seconds
[2024-10-04T00:17:12.464+0000] {processor.py:186} INFO - Started process (PID=2953) to work on /home/airflow/.local/lib/python3.12/site-packages/airflow/example_dags/tutorial_dag.py
[2024-10-04T00:17:12.466+0000] {processor.py:914} INFO - Processing file /home/airflow/.local/lib/python3.12/site-packages/airflow/example_dags/tutorial_dag.py for tasks to queue
[2024-10-04T00:17:12.470+0000] {logging_mixin.py:190} INFO - [2024-10-04T00:17:12.470+0000] {dagbag.py:588} INFO - Filling up the DagBag from /home/airflow/.local/lib/python3.12/site-packages/airflow/example_dags/tutorial_dag.py
[2024-10-04T00:17:12.500+0000] {processor.py:925} INFO - DAG(s) 'tutorial_dag' retrieved from /home/airflow/.local/lib/python3.12/site-packages/airflow/example_dags/tutorial_dag.py
[2024-10-04T00:17:12.546+0000] {logging_mixin.py:190} INFO - [2024-10-04T00:17:12.545+0000] {dag.py:3239} INFO - Sync 1 DAGs
[2024-10-04T00:17:12.565+0000] {logging_mixin.py:190} INFO - [2024-10-04T00:17:12.565+0000] {dag.py:4180} INFO - Setting next_dagrun for tutorial_dag to None, run_after=None
[2024-10-04T00:17:12.588+0000] {processor.py:208} INFO - Processing /home/airflow/.local/lib/python3.12/site-packages/airflow/example_dags/tutorial_dag.py took 0.135 seconds
[2024-10-04T00:17:43.113+0000] {processor.py:186} INFO - Started process (PID=3245) to work on /home/airflow/.local/lib/python3.12/site-packages/airflow/example_dags/tutorial_dag.py
[2024-10-04T00:17:43.114+0000] {processor.py:914} INFO - Processing file /home/airflow/.local/lib/python3.12/site-packages/airflow/example_dags/tutorial_dag.py for tasks to queue
[2024-10-04T00:17:43.117+0000] {logging_mixin.py:190} INFO - [2024-10-04T00:17:43.116+0000] {dagbag.py:588} INFO - Filling up the DagBag from /home/airflow/.local/lib/python3.12/site-packages/airflow/example_dags/tutorial_dag.py
[2024-10-04T00:17:43.126+0000] {processor.py:925} INFO - DAG(s) 'tutorial_dag' retrieved from /home/airflow/.local/lib/python3.12/site-packages/airflow/example_dags/tutorial_dag.py
[2024-10-04T00:17:43.152+0000] {logging_mixin.py:190} INFO - [2024-10-04T00:17:43.152+0000] {dag.py:3239} INFO - Sync 1 DAGs
[2024-10-04T00:17:43.168+0000] {logging_mixin.py:190} INFO - [2024-10-04T00:17:43.168+0000] {dag.py:4180} INFO - Setting next_dagrun for tutorial_dag to None, run_after=None
[2024-10-04T00:17:43.184+0000] {processor.py:208} INFO - Processing /home/airflow/.local/lib/python3.12/site-packages/airflow/example_dags/tutorial_dag.py took 0.078 seconds
[2024-10-04T00:18:13.674+0000] {processor.py:186} INFO - Started process (PID=3533) to work on /home/airflow/.local/lib/python3.12/site-packages/airflow/example_dags/tutorial_dag.py
[2024-10-04T00:18:13.676+0000] {processor.py:914} INFO - Processing file /home/airflow/.local/lib/python3.12/site-packages/airflow/example_dags/tutorial_dag.py for tasks to queue
[2024-10-04T00:18:13.680+0000] {logging_mixin.py:190} INFO - [2024-10-04T00:18:13.679+0000] {dagbag.py:588} INFO - Filling up the DagBag from /home/airflow/.local/lib/python3.12/site-packages/airflow/example_dags/tutorial_dag.py
[2024-10-04T00:18:13.691+0000] {processor.py:925} INFO - DAG(s) 'tutorial_dag' retrieved from /home/airflow/.local/lib/python3.12/site-packages/airflow/example_dags/tutorial_dag.py
[2024-10-04T00:18:13.711+0000] {logging_mixin.py:190} INFO - [2024-10-04T00:18:13.711+0000] {dag.py:3239} INFO - Sync 1 DAGs
[2024-10-04T00:18:13.722+0000] {logging_mixin.py:190} INFO - [2024-10-04T00:18:13.722+0000] {dag.py:4180} INFO - Setting next_dagrun for tutorial_dag to None, run_after=None
[2024-10-04T00:18:13.735+0000] {processor.py:208} INFO - Processing /home/airflow/.local/lib/python3.12/site-packages/airflow/example_dags/tutorial_dag.py took 0.069 seconds
[2024-10-04T00:18:44.419+0000] {processor.py:186} INFO - Started process (PID=3819) to work on /home/airflow/.local/lib/python3.12/site-packages/airflow/example_dags/tutorial_dag.py
[2024-10-04T00:18:44.420+0000] {processor.py:914} INFO - Processing file /home/airflow/.local/lib/python3.12/site-packages/airflow/example_dags/tutorial_dag.py for tasks to queue
[2024-10-04T00:18:44.422+0000] {logging_mixin.py:190} INFO - [2024-10-04T00:18:44.422+0000] {dagbag.py:588} INFO - Filling up the DagBag from /home/airflow/.local/lib/python3.12/site-packages/airflow/example_dags/tutorial_dag.py
[2024-10-04T00:18:44.429+0000] {processor.py:925} INFO - DAG(s) 'tutorial_dag' retrieved from /home/airflow/.local/lib/python3.12/site-packages/airflow/example_dags/tutorial_dag.py
[2024-10-04T00:18:44.446+0000] {logging_mixin.py:190} INFO - [2024-10-04T00:18:44.445+0000] {dag.py:3239} INFO - Sync 1 DAGs
[2024-10-04T00:18:44.458+0000] {logging_mixin.py:190} INFO - [2024-10-04T00:18:44.458+0000] {dag.py:4180} INFO - Setting next_dagrun for tutorial_dag to None, run_after=None
[2024-10-04T00:18:44.471+0000] {processor.py:208} INFO - Processing /home/airflow/.local/lib/python3.12/site-packages/airflow/example_dags/tutorial_dag.py took 0.058 seconds
[2024-10-04T00:19:15.031+0000] {processor.py:186} INFO - Started process (PID=4103) to work on /home/airflow/.local/lib/python3.12/site-packages/airflow/example_dags/tutorial_dag.py
[2024-10-04T00:19:15.032+0000] {processor.py:914} INFO - Processing file /home/airflow/.local/lib/python3.12/site-packages/airflow/example_dags/tutorial_dag.py for tasks to queue
[2024-10-04T00:19:15.034+0000] {logging_mixin.py:190} INFO - [2024-10-04T00:19:15.034+0000] {dagbag.py:588} INFO - Filling up the DagBag from /home/airflow/.local/lib/python3.12/site-packages/airflow/example_dags/tutorial_dag.py
[2024-10-04T00:19:15.041+0000] {processor.py:925} INFO - DAG(s) 'tutorial_dag' retrieved from /home/airflow/.local/lib/python3.12/site-packages/airflow/example_dags/tutorial_dag.py
[2024-10-04T00:19:15.058+0000] {logging_mixin.py:190} INFO - [2024-10-04T00:19:15.058+0000] {dag.py:3239} INFO - Sync 1 DAGs
[2024-10-04T00:19:15.069+0000] {logging_mixin.py:190} INFO - [2024-10-04T00:19:15.069+0000] {dag.py:4180} INFO - Setting next_dagrun for tutorial_dag to None, run_after=None
[2024-10-04T00:19:15.081+0000] {processor.py:208} INFO - Processing /home/airflow/.local/lib/python3.12/site-packages/airflow/example_dags/tutorial_dag.py took 0.056 seconds
[2024-10-04T00:19:45.288+0000] {processor.py:186} INFO - Started process (PID=4389) to work on /home/airflow/.local/lib/python3.12/site-packages/airflow/example_dags/tutorial_dag.py
[2024-10-04T00:19:45.289+0000] {processor.py:914} INFO - Processing file /home/airflow/.local/lib/python3.12/site-packages/airflow/example_dags/tutorial_dag.py for tasks to queue
[2024-10-04T00:19:45.291+0000] {logging_mixin.py:190} INFO - [2024-10-04T00:19:45.290+0000] {dagbag.py:588} INFO - Filling up the DagBag from /home/airflow/.local/lib/python3.12/site-packages/airflow/example_dags/tutorial_dag.py
[2024-10-04T00:19:45.297+0000] {processor.py:925} INFO - DAG(s) 'tutorial_dag' retrieved from /home/airflow/.local/lib/python3.12/site-packages/airflow/example_dags/tutorial_dag.py
[2024-10-04T00:19:45.312+0000] {logging_mixin.py:190} INFO - [2024-10-04T00:19:45.312+0000] {dag.py:3239} INFO - Sync 1 DAGs
[2024-10-04T00:19:45.324+0000] {logging_mixin.py:190} INFO - [2024-10-04T00:19:45.323+0000] {dag.py:4180} INFO - Setting next_dagrun for tutorial_dag to None, run_after=None
[2024-10-04T00:19:45.336+0000] {processor.py:208} INFO - Processing /home/airflow/.local/lib/python3.12/site-packages/airflow/example_dags/tutorial_dag.py took 0.054 seconds
[2024-10-04T00:20:16.397+0000] {processor.py:186} INFO - Started process (PID=4675) to work on /home/airflow/.local/lib/python3.12/site-packages/airflow/example_dags/tutorial_dag.py
[2024-10-04T00:20:16.398+0000] {processor.py:914} INFO - Processing file /home/airflow/.local/lib/python3.12/site-packages/airflow/example_dags/tutorial_dag.py for tasks to queue
[2024-10-04T00:20:16.401+0000] {logging_mixin.py:190} INFO - [2024-10-04T00:20:16.400+0000] {dagbag.py:588} INFO - Filling up the DagBag from /home/airflow/.local/lib/python3.12/site-packages/airflow/example_dags/tutorial_dag.py
[2024-10-04T00:20:16.409+0000] {processor.py:925} INFO - DAG(s) 'tutorial_dag' retrieved from /home/airflow/.local/lib/python3.12/site-packages/airflow/example_dags/tutorial_dag.py
[2024-10-04T00:20:16.429+0000] {logging_mixin.py:190} INFO - [2024-10-04T00:20:16.428+0000] {dag.py:3239} INFO - Sync 1 DAGs
[2024-10-04T00:20:16.442+0000] {logging_mixin.py:190} INFO - [2024-10-04T00:20:16.441+0000] {dag.py:4180} INFO - Setting next_dagrun for tutorial_dag to None, run_after=None
[2024-10-04T00:20:16.456+0000] {processor.py:208} INFO - Processing /home/airflow/.local/lib/python3.12/site-packages/airflow/example_dags/tutorial_dag.py took 0.066 seconds
[2024-10-04T00:20:46.621+0000] {processor.py:186} INFO - Started process (PID=4961) to work on /home/airflow/.local/lib/python3.12/site-packages/airflow/example_dags/tutorial_dag.py
[2024-10-04T00:20:46.622+0000] {processor.py:914} INFO - Processing file /home/airflow/.local/lib/python3.12/site-packages/airflow/example_dags/tutorial_dag.py for tasks to queue
[2024-10-04T00:20:46.624+0000] {logging_mixin.py:190} INFO - [2024-10-04T00:20:46.624+0000] {dagbag.py:588} INFO - Filling up the DagBag from /home/airflow/.local/lib/python3.12/site-packages/airflow/example_dags/tutorial_dag.py
[2024-10-04T00:20:46.631+0000] {processor.py:925} INFO - DAG(s) 'tutorial_dag' retrieved from /home/airflow/.local/lib/python3.12/site-packages/airflow/example_dags/tutorial_dag.py
[2024-10-04T00:20:46.647+0000] {logging_mixin.py:190} INFO - [2024-10-04T00:20:46.647+0000] {dag.py:3239} INFO - Sync 1 DAGs
[2024-10-04T00:20:46.658+0000] {logging_mixin.py:190} INFO - [2024-10-04T00:20:46.658+0000] {dag.py:4180} INFO - Setting next_dagrun for tutorial_dag to None, run_after=None
[2024-10-04T00:20:46.671+0000] {processor.py:208} INFO - Processing /home/airflow/.local/lib/python3.12/site-packages/airflow/example_dags/tutorial_dag.py took 0.055 seconds
[2024-10-04T00:21:17.159+0000] {processor.py:186} INFO - Started process (PID=5247) to work on /home/airflow/.local/lib/python3.12/site-packages/airflow/example_dags/tutorial_dag.py
[2024-10-04T00:21:17.160+0000] {processor.py:914} INFO - Processing file /home/airflow/.local/lib/python3.12/site-packages/airflow/example_dags/tutorial_dag.py for tasks to queue
[2024-10-04T00:21:17.162+0000] {logging_mixin.py:190} INFO - [2024-10-04T00:21:17.162+0000] {dagbag.py:588} INFO - Filling up the DagBag from /home/airflow/.local/lib/python3.12/site-packages/airflow/example_dags/tutorial_dag.py
[2024-10-04T00:21:17.168+0000] {processor.py:925} INFO - DAG(s) 'tutorial_dag' retrieved from /home/airflow/.local/lib/python3.12/site-packages/airflow/example_dags/tutorial_dag.py
[2024-10-04T00:21:17.183+0000] {logging_mixin.py:190} INFO - [2024-10-04T00:21:17.183+0000] {dag.py:3239} INFO - Sync 1 DAGs
[2024-10-04T00:21:17.194+0000] {logging_mixin.py:190} INFO - [2024-10-04T00:21:17.194+0000] {dag.py:4180} INFO - Setting next_dagrun for tutorial_dag to None, run_after=None
[2024-10-04T00:21:17.206+0000] {processor.py:208} INFO - Processing /home/airflow/.local/lib/python3.12/site-packages/airflow/example_dags/tutorial_dag.py took 0.053 seconds
[2024-10-04T00:21:47.499+0000] {processor.py:186} INFO - Started process (PID=5535) to work on /home/airflow/.local/lib/python3.12/site-packages/airflow/example_dags/tutorial_dag.py
[2024-10-04T00:21:47.500+0000] {processor.py:914} INFO - Processing file /home/airflow/.local/lib/python3.12/site-packages/airflow/example_dags/tutorial_dag.py for tasks to queue
[2024-10-04T00:21:47.502+0000] {logging_mixin.py:190} INFO - [2024-10-04T00:21:47.502+0000] {dagbag.py:588} INFO - Filling up the DagBag from /home/airflow/.local/lib/python3.12/site-packages/airflow/example_dags/tutorial_dag.py
[2024-10-04T00:21:47.508+0000] {processor.py:925} INFO - DAG(s) 'tutorial_dag' retrieved from /home/airflow/.local/lib/python3.12/site-packages/airflow/example_dags/tutorial_dag.py
[2024-10-04T00:21:47.524+0000] {logging_mixin.py:190} INFO - [2024-10-04T00:21:47.524+0000] {dag.py:3239} INFO - Sync 1 DAGs
[2024-10-04T00:21:47.534+0000] {logging_mixin.py:190} INFO - [2024-10-04T00:21:47.534+0000] {dag.py:4180} INFO - Setting next_dagrun for tutorial_dag to None, run_after=None
[2024-10-04T00:21:47.546+0000] {processor.py:208} INFO - Processing /home/airflow/.local/lib/python3.12/site-packages/airflow/example_dags/tutorial_dag.py took 0.053 seconds
[2024-10-04T00:22:17.666+0000] {processor.py:186} INFO - Started process (PID=5819) to work on /home/airflow/.local/lib/python3.12/site-packages/airflow/example_dags/tutorial_dag.py
[2024-10-04T00:22:17.667+0000] {processor.py:914} INFO - Processing file /home/airflow/.local/lib/python3.12/site-packages/airflow/example_dags/tutorial_dag.py for tasks to queue
[2024-10-04T00:22:17.669+0000] {logging_mixin.py:190} INFO - [2024-10-04T00:22:17.669+0000] {dagbag.py:588} INFO - Filling up the DagBag from /home/airflow/.local/lib/python3.12/site-packages/airflow/example_dags/tutorial_dag.py
[2024-10-04T00:22:17.676+0000] {processor.py:925} INFO - DAG(s) 'tutorial_dag' retrieved from /home/airflow/.local/lib/python3.12/site-packages/airflow/example_dags/tutorial_dag.py
[2024-10-04T00:22:17.692+0000] {logging_mixin.py:190} INFO - [2024-10-04T00:22:17.692+0000] {dag.py:3239} INFO - Sync 1 DAGs
[2024-10-04T00:22:17.703+0000] {logging_mixin.py:190} INFO - [2024-10-04T00:22:17.702+0000] {dag.py:4180} INFO - Setting next_dagrun for tutorial_dag to None, run_after=None
[2024-10-04T00:22:17.715+0000] {processor.py:208} INFO - Processing /home/airflow/.local/lib/python3.12/site-packages/airflow/example_dags/tutorial_dag.py took 0.054 seconds
[2024-10-04T00:22:53.359+0000] {processor.py:186} INFO - Started process (PID=6107) to work on /home/airflow/.local/lib/python3.12/site-packages/airflow/example_dags/tutorial_dag.py
[2024-10-04T00:22:53.363+0000] {processor.py:914} INFO - Processing file /home/airflow/.local/lib/python3.12/site-packages/airflow/example_dags/tutorial_dag.py for tasks to queue
[2024-10-04T00:22:53.369+0000] {logging_mixin.py:190} INFO - [2024-10-04T00:22:53.368+0000] {dagbag.py:588} INFO - Filling up the DagBag from /home/airflow/.local/lib/python3.12/site-packages/airflow/example_dags/tutorial_dag.py
[2024-10-04T00:22:53.385+0000] {processor.py:925} INFO - DAG(s) 'tutorial_dag' retrieved from /home/airflow/.local/lib/python3.12/site-packages/airflow/example_dags/tutorial_dag.py
[2024-10-04T00:22:53.423+0000] {logging_mixin.py:190} INFO - [2024-10-04T00:22:53.423+0000] {dag.py:3239} INFO - Sync 1 DAGs
[2024-10-04T00:22:53.441+0000] {logging_mixin.py:190} INFO - [2024-10-04T00:22:53.440+0000] {dag.py:4180} INFO - Setting next_dagrun for tutorial_dag to None, run_after=None
[2024-10-04T00:22:53.461+0000] {processor.py:208} INFO - Processing /home/airflow/.local/lib/python3.12/site-packages/airflow/example_dags/tutorial_dag.py took 0.117 seconds
[2024-10-04T00:23:23.498+0000] {processor.py:186} INFO - Started process (PID=6391) to work on /home/airflow/.local/lib/python3.12/site-packages/airflow/example_dags/tutorial_dag.py
[2024-10-04T00:23:23.500+0000] {processor.py:914} INFO - Processing file /home/airflow/.local/lib/python3.12/site-packages/airflow/example_dags/tutorial_dag.py for tasks to queue
[2024-10-04T00:23:23.502+0000] {logging_mixin.py:190} INFO - [2024-10-04T00:23:23.502+0000] {dagbag.py:588} INFO - Filling up the DagBag from /home/airflow/.local/lib/python3.12/site-packages/airflow/example_dags/tutorial_dag.py
[2024-10-04T00:23:23.509+0000] {processor.py:925} INFO - DAG(s) 'tutorial_dag' retrieved from /home/airflow/.local/lib/python3.12/site-packages/airflow/example_dags/tutorial_dag.py
[2024-10-04T00:23:23.529+0000] {logging_mixin.py:190} INFO - [2024-10-04T00:23:23.528+0000] {dag.py:3239} INFO - Sync 1 DAGs
[2024-10-04T00:23:23.543+0000] {logging_mixin.py:190} INFO - [2024-10-04T00:23:23.543+0000] {dag.py:4180} INFO - Setting next_dagrun for tutorial_dag to None, run_after=None
[2024-10-04T00:23:23.559+0000] {processor.py:208} INFO - Processing /home/airflow/.local/lib/python3.12/site-packages/airflow/example_dags/tutorial_dag.py took 0.066 seconds
[2024-10-04T00:23:53.704+0000] {processor.py:186} INFO - Started process (PID=6677) to work on /home/airflow/.local/lib/python3.12/site-packages/airflow/example_dags/tutorial_dag.py
[2024-10-04T00:23:53.705+0000] {processor.py:914} INFO - Processing file /home/airflow/.local/lib/python3.12/site-packages/airflow/example_dags/tutorial_dag.py for tasks to queue
[2024-10-04T00:23:53.707+0000] {logging_mixin.py:190} INFO - [2024-10-04T00:23:53.707+0000] {dagbag.py:588} INFO - Filling up the DagBag from /home/airflow/.local/lib/python3.12/site-packages/airflow/example_dags/tutorial_dag.py
[2024-10-04T00:23:53.715+0000] {processor.py:925} INFO - DAG(s) 'tutorial_dag' retrieved from /home/airflow/.local/lib/python3.12/site-packages/airflow/example_dags/tutorial_dag.py
[2024-10-04T00:23:53.733+0000] {logging_mixin.py:190} INFO - [2024-10-04T00:23:53.732+0000] {dag.py:3239} INFO - Sync 1 DAGs
[2024-10-04T00:23:53.745+0000] {logging_mixin.py:190} INFO - [2024-10-04T00:23:53.744+0000] {dag.py:4180} INFO - Setting next_dagrun for tutorial_dag to None, run_after=None
[2024-10-04T00:23:53.759+0000] {processor.py:208} INFO - Processing /home/airflow/.local/lib/python3.12/site-packages/airflow/example_dags/tutorial_dag.py took 0.061 seconds
[2024-10-04T00:24:24.410+0000] {processor.py:186} INFO - Started process (PID=6964) to work on /home/airflow/.local/lib/python3.12/site-packages/airflow/example_dags/tutorial_dag.py
[2024-10-04T00:24:24.411+0000] {processor.py:914} INFO - Processing file /home/airflow/.local/lib/python3.12/site-packages/airflow/example_dags/tutorial_dag.py for tasks to queue
[2024-10-04T00:24:24.413+0000] {logging_mixin.py:190} INFO - [2024-10-04T00:24:24.413+0000] {dagbag.py:588} INFO - Filling up the DagBag from /home/airflow/.local/lib/python3.12/site-packages/airflow/example_dags/tutorial_dag.py
[2024-10-04T00:24:24.422+0000] {processor.py:925} INFO - DAG(s) 'tutorial_dag' retrieved from /home/airflow/.local/lib/python3.12/site-packages/airflow/example_dags/tutorial_dag.py
[2024-10-04T00:24:24.440+0000] {logging_mixin.py:190} INFO - [2024-10-04T00:24:24.440+0000] {dag.py:3239} INFO - Sync 1 DAGs
[2024-10-04T00:24:24.450+0000] {logging_mixin.py:190} INFO - [2024-10-04T00:24:24.450+0000] {dag.py:4180} INFO - Setting next_dagrun for tutorial_dag to None, run_after=None
[2024-10-04T00:24:24.463+0000] {processor.py:208} INFO - Processing /home/airflow/.local/lib/python3.12/site-packages/airflow/example_dags/tutorial_dag.py took 0.058 seconds
[2024-10-04T00:24:55.017+0000] {processor.py:186} INFO - Started process (PID=7249) to work on /home/airflow/.local/lib/python3.12/site-packages/airflow/example_dags/tutorial_dag.py
[2024-10-04T00:24:55.019+0000] {processor.py:914} INFO - Processing file /home/airflow/.local/lib/python3.12/site-packages/airflow/example_dags/tutorial_dag.py for tasks to queue
[2024-10-04T00:24:55.021+0000] {logging_mixin.py:190} INFO - [2024-10-04T00:24:55.021+0000] {dagbag.py:588} INFO - Filling up the DagBag from /home/airflow/.local/lib/python3.12/site-packages/airflow/example_dags/tutorial_dag.py
[2024-10-04T00:24:55.032+0000] {processor.py:925} INFO - DAG(s) 'tutorial_dag' retrieved from /home/airflow/.local/lib/python3.12/site-packages/airflow/example_dags/tutorial_dag.py
[2024-10-04T00:24:55.053+0000] {logging_mixin.py:190} INFO - [2024-10-04T00:24:55.053+0000] {dag.py:3239} INFO - Sync 1 DAGs
[2024-10-04T00:24:55.068+0000] {logging_mixin.py:190} INFO - [2024-10-04T00:24:55.068+0000] {dag.py:4180} INFO - Setting next_dagrun for tutorial_dag to None, run_after=None
[2024-10-04T00:24:55.089+0000] {processor.py:208} INFO - Processing /home/airflow/.local/lib/python3.12/site-packages/airflow/example_dags/tutorial_dag.py took 0.084 seconds
[2024-10-04T00:25:25.886+0000] {processor.py:186} INFO - Started process (PID=7535) to work on /home/airflow/.local/lib/python3.12/site-packages/airflow/example_dags/tutorial_dag.py
[2024-10-04T00:25:25.887+0000] {processor.py:914} INFO - Processing file /home/airflow/.local/lib/python3.12/site-packages/airflow/example_dags/tutorial_dag.py for tasks to queue
[2024-10-04T00:25:25.889+0000] {logging_mixin.py:190} INFO - [2024-10-04T00:25:25.889+0000] {dagbag.py:588} INFO - Filling up the DagBag from /home/airflow/.local/lib/python3.12/site-packages/airflow/example_dags/tutorial_dag.py
[2024-10-04T00:25:25.897+0000] {processor.py:925} INFO - DAG(s) 'tutorial_dag' retrieved from /home/airflow/.local/lib/python3.12/site-packages/airflow/example_dags/tutorial_dag.py
[2024-10-04T00:25:25.916+0000] {logging_mixin.py:190} INFO - [2024-10-04T00:25:25.916+0000] {dag.py:3239} INFO - Sync 1 DAGs
[2024-10-04T00:25:25.928+0000] {logging_mixin.py:190} INFO - [2024-10-04T00:25:25.928+0000] {dag.py:4180} INFO - Setting next_dagrun for tutorial_dag to None, run_after=None
[2024-10-04T00:25:25.943+0000] {processor.py:208} INFO - Processing /home/airflow/.local/lib/python3.12/site-packages/airflow/example_dags/tutorial_dag.py took 0.062 seconds
[2024-10-04T00:25:56.552+0000] {processor.py:186} INFO - Started process (PID=7823) to work on /home/airflow/.local/lib/python3.12/site-packages/airflow/example_dags/tutorial_dag.py
[2024-10-04T00:25:56.554+0000] {processor.py:914} INFO - Processing file /home/airflow/.local/lib/python3.12/site-packages/airflow/example_dags/tutorial_dag.py for tasks to queue
[2024-10-04T00:25:56.556+0000] {logging_mixin.py:190} INFO - [2024-10-04T00:25:56.556+0000] {dagbag.py:588} INFO - Filling up the DagBag from /home/airflow/.local/lib/python3.12/site-packages/airflow/example_dags/tutorial_dag.py
[2024-10-04T00:25:56.565+0000] {processor.py:925} INFO - DAG(s) 'tutorial_dag' retrieved from /home/airflow/.local/lib/python3.12/site-packages/airflow/example_dags/tutorial_dag.py
[2024-10-04T00:25:56.584+0000] {logging_mixin.py:190} INFO - [2024-10-04T00:25:56.584+0000] {dag.py:3239} INFO - Sync 1 DAGs
[2024-10-04T00:25:56.598+0000] {logging_mixin.py:190} INFO - [2024-10-04T00:25:56.598+0000] {dag.py:4180} INFO - Setting next_dagrun for tutorial_dag to None, run_after=None
[2024-10-04T00:25:56.612+0000] {processor.py:208} INFO - Processing /home/airflow/.local/lib/python3.12/site-packages/airflow/example_dags/tutorial_dag.py took 0.067 seconds
[2024-10-04T00:26:26.767+0000] {processor.py:186} INFO - Started process (PID=8109) to work on /home/airflow/.local/lib/python3.12/site-packages/airflow/example_dags/tutorial_dag.py
[2024-10-04T00:26:26.768+0000] {processor.py:914} INFO - Processing file /home/airflow/.local/lib/python3.12/site-packages/airflow/example_dags/tutorial_dag.py for tasks to queue
[2024-10-04T00:26:26.770+0000] {logging_mixin.py:190} INFO - [2024-10-04T00:26:26.769+0000] {dagbag.py:588} INFO - Filling up the DagBag from /home/airflow/.local/lib/python3.12/site-packages/airflow/example_dags/tutorial_dag.py
[2024-10-04T00:26:26.777+0000] {processor.py:925} INFO - DAG(s) 'tutorial_dag' retrieved from /home/airflow/.local/lib/python3.12/site-packages/airflow/example_dags/tutorial_dag.py
[2024-10-04T00:26:26.792+0000] {logging_mixin.py:190} INFO - [2024-10-04T00:26:26.792+0000] {dag.py:3239} INFO - Sync 1 DAGs
[2024-10-04T00:26:26.803+0000] {logging_mixin.py:190} INFO - [2024-10-04T00:26:26.803+0000] {dag.py:4180} INFO - Setting next_dagrun for tutorial_dag to None, run_after=None
[2024-10-04T00:26:26.816+0000] {processor.py:208} INFO - Processing /home/airflow/.local/lib/python3.12/site-packages/airflow/example_dags/tutorial_dag.py took 0.054 seconds
[2024-10-04T00:26:57.035+0000] {processor.py:186} INFO - Started process (PID=8393) to work on /home/airflow/.local/lib/python3.12/site-packages/airflow/example_dags/tutorial_dag.py
[2024-10-04T00:26:57.036+0000] {processor.py:914} INFO - Processing file /home/airflow/.local/lib/python3.12/site-packages/airflow/example_dags/tutorial_dag.py for tasks to queue
[2024-10-04T00:26:57.038+0000] {logging_mixin.py:190} INFO - [2024-10-04T00:26:57.038+0000] {dagbag.py:588} INFO - Filling up the DagBag from /home/airflow/.local/lib/python3.12/site-packages/airflow/example_dags/tutorial_dag.py
[2024-10-04T00:26:57.046+0000] {processor.py:925} INFO - DAG(s) 'tutorial_dag' retrieved from /home/airflow/.local/lib/python3.12/site-packages/airflow/example_dags/tutorial_dag.py
[2024-10-04T00:26:57.064+0000] {logging_mixin.py:190} INFO - [2024-10-04T00:26:57.064+0000] {dag.py:3239} INFO - Sync 1 DAGs
[2024-10-04T00:26:57.076+0000] {logging_mixin.py:190} INFO - [2024-10-04T00:26:57.076+0000] {dag.py:4180} INFO - Setting next_dagrun for tutorial_dag to None, run_after=None
[2024-10-04T00:26:57.090+0000] {processor.py:208} INFO - Processing /home/airflow/.local/lib/python3.12/site-packages/airflow/example_dags/tutorial_dag.py took 0.063 seconds
[2024-10-04T00:27:27.204+0000] {processor.py:186} INFO - Started process (PID=8679) to work on /home/airflow/.local/lib/python3.12/site-packages/airflow/example_dags/tutorial_dag.py
[2024-10-04T00:27:27.205+0000] {processor.py:914} INFO - Processing file /home/airflow/.local/lib/python3.12/site-packages/airflow/example_dags/tutorial_dag.py for tasks to queue
[2024-10-04T00:27:27.208+0000] {logging_mixin.py:190} INFO - [2024-10-04T00:27:27.207+0000] {dagbag.py:588} INFO - Filling up the DagBag from /home/airflow/.local/lib/python3.12/site-packages/airflow/example_dags/tutorial_dag.py
[2024-10-04T00:27:27.215+0000] {processor.py:925} INFO - DAG(s) 'tutorial_dag' retrieved from /home/airflow/.local/lib/python3.12/site-packages/airflow/example_dags/tutorial_dag.py
[2024-10-04T00:27:27.232+0000] {logging_mixin.py:190} INFO - [2024-10-04T00:27:27.232+0000] {dag.py:3239} INFO - Sync 1 DAGs
[2024-10-04T00:27:27.243+0000] {logging_mixin.py:190} INFO - [2024-10-04T00:27:27.243+0000] {dag.py:4180} INFO - Setting next_dagrun for tutorial_dag to None, run_after=None
[2024-10-04T00:27:27.256+0000] {processor.py:208} INFO - Processing /home/airflow/.local/lib/python3.12/site-packages/airflow/example_dags/tutorial_dag.py took 0.058 seconds
[2024-10-04T00:27:57.759+0000] {processor.py:186} INFO - Started process (PID=8965) to work on /home/airflow/.local/lib/python3.12/site-packages/airflow/example_dags/tutorial_dag.py
[2024-10-04T00:27:57.760+0000] {processor.py:914} INFO - Processing file /home/airflow/.local/lib/python3.12/site-packages/airflow/example_dags/tutorial_dag.py for tasks to queue
[2024-10-04T00:27:57.762+0000] {logging_mixin.py:190} INFO - [2024-10-04T00:27:57.762+0000] {dagbag.py:588} INFO - Filling up the DagBag from /home/airflow/.local/lib/python3.12/site-packages/airflow/example_dags/tutorial_dag.py
[2024-10-04T00:27:57.769+0000] {processor.py:925} INFO - DAG(s) 'tutorial_dag' retrieved from /home/airflow/.local/lib/python3.12/site-packages/airflow/example_dags/tutorial_dag.py
[2024-10-04T00:27:57.784+0000] {logging_mixin.py:190} INFO - [2024-10-04T00:27:57.784+0000] {dag.py:3239} INFO - Sync 1 DAGs
[2024-10-04T00:27:57.795+0000] {logging_mixin.py:190} INFO - [2024-10-04T00:27:57.795+0000] {dag.py:4180} INFO - Setting next_dagrun for tutorial_dag to None, run_after=None
[2024-10-04T00:27:57.808+0000] {processor.py:208} INFO - Processing /home/airflow/.local/lib/python3.12/site-packages/airflow/example_dags/tutorial_dag.py took 0.053 seconds
[2024-10-04T00:28:27.977+0000] {processor.py:186} INFO - Started process (PID=9252) to work on /home/airflow/.local/lib/python3.12/site-packages/airflow/example_dags/tutorial_dag.py
[2024-10-04T00:28:27.978+0000] {processor.py:914} INFO - Processing file /home/airflow/.local/lib/python3.12/site-packages/airflow/example_dags/tutorial_dag.py for tasks to queue
[2024-10-04T00:28:27.980+0000] {logging_mixin.py:190} INFO - [2024-10-04T00:28:27.980+0000] {dagbag.py:588} INFO - Filling up the DagBag from /home/airflow/.local/lib/python3.12/site-packages/airflow/example_dags/tutorial_dag.py
[2024-10-04T00:28:27.993+0000] {processor.py:925} INFO - DAG(s) 'tutorial_dag' retrieved from /home/airflow/.local/lib/python3.12/site-packages/airflow/example_dags/tutorial_dag.py
[2024-10-04T00:28:28.009+0000] {logging_mixin.py:190} INFO - [2024-10-04T00:28:28.009+0000] {dag.py:3239} INFO - Sync 1 DAGs
[2024-10-04T00:28:28.020+0000] {logging_mixin.py:190} INFO - [2024-10-04T00:28:28.020+0000] {dag.py:4180} INFO - Setting next_dagrun for tutorial_dag to None, run_after=None
[2024-10-04T00:28:28.032+0000] {processor.py:208} INFO - Processing /home/airflow/.local/lib/python3.12/site-packages/airflow/example_dags/tutorial_dag.py took 0.060 seconds
